ARM GAS  C:\Users\Robert\AppData\Local\Temp\ccKM49Pe.s 			page 1


   1              		.syntax unified
   2              		.cpu cortex-m3
   3              		.fpu softvfp
   4              		.eabi_attribute 20, 1
   5              		.eabi_attribute 21, 1
   6              		.eabi_attribute 23, 3
   7              		.eabi_attribute 24, 1
   8              		.eabi_attribute 25, 1
   9              		.eabi_attribute 26, 1
  10              		.eabi_attribute 30, 1
  11              		.eabi_attribute 34, 1
  12              		.eabi_attribute 18, 4
  13              		.thumb
  14              		.file	"Bootloadable_1.c"
  15              		.text
  16              	.Ltext0:
  17              		.cfi_sections	.debug_frame
  18              		.section	.text.Bootloadable_1_Load,"ax",%progbits
  19              		.align	2
  20              		.global	Bootloadable_1_Load
  21              		.thumb
  22              		.thumb_func
  23              		.type	Bootloadable_1_Load, %function
  24              	Bootloadable_1_Load:
  25              	.LFB0:
  26              		.file 1 ".\\Generated_Source\\PSoC5\\Bootloadable_1.c"
   1:.\Generated_Source\PSoC5/Bootloadable_1.c **** /****************************************************************************//**
   2:.\Generated_Source\PSoC5/Bootloadable_1.c **** * \file Bootloadable_1.c
   3:.\Generated_Source\PSoC5/Bootloadable_1.c **** * \version 1.50
   4:.\Generated_Source\PSoC5/Bootloadable_1.c **** *
   5:.\Generated_Source\PSoC5/Bootloadable_1.c **** * \brief
   6:.\Generated_Source\PSoC5/Bootloadable_1.c **** *   Provides an API for the Bootloadable application.
   7:.\Generated_Source\PSoC5/Bootloadable_1.c **** *
   8:.\Generated_Source\PSoC5/Bootloadable_1.c **** ********************************************************************************
   9:.\Generated_Source\PSoC5/Bootloadable_1.c **** * \copyright
  10:.\Generated_Source\PSoC5/Bootloadable_1.c **** * Copyright 2008-2015, Cypress Semiconductor Corporation.  All rights reserved.
  11:.\Generated_Source\PSoC5/Bootloadable_1.c **** * You may use this file only in accordance with the license, terms, conditions,
  12:.\Generated_Source\PSoC5/Bootloadable_1.c **** * disclaimers, and limitations in the end user license agreement accompanying
  13:.\Generated_Source\PSoC5/Bootloadable_1.c **** * the software package with which this file was provided.
  14:.\Generated_Source\PSoC5/Bootloadable_1.c **** *******************************************************************************/
  15:.\Generated_Source\PSoC5/Bootloadable_1.c **** 
  16:.\Generated_Source\PSoC5/Bootloadable_1.c **** #include "Bootloadable_1.h"
  17:.\Generated_Source\PSoC5/Bootloadable_1.c **** 
  18:.\Generated_Source\PSoC5/Bootloadable_1.c **** /**
  19:.\Generated_Source\PSoC5/Bootloadable_1.c ****  \defgroup functions_group Functions
  20:.\Generated_Source\PSoC5/Bootloadable_1.c ****  @{
  21:.\Generated_Source\PSoC5/Bootloadable_1.c **** */
  22:.\Generated_Source\PSoC5/Bootloadable_1.c **** 
  23:.\Generated_Source\PSoC5/Bootloadable_1.c **** #if (CYDEV_PROJ_TYPE == CYDEV_PROJ_TYPE_LOADABLEANDBOOTLOADER)
  24:.\Generated_Source\PSoC5/Bootloadable_1.c **** static cystatus Bootloadable_1_WriteFlashByte(const uint32 address, const uint8 inputValue) CYLARGE
  25:.\Generated_Source\PSoC5/Bootloadable_1.c ****                                ;
  26:.\Generated_Source\PSoC5/Bootloadable_1.c **** #endif /*(CYDEV_PROJ_TYPE == CYDEV_PROJ_TYPE_LOADABLEANDBOOTLOADER)*/
  27:.\Generated_Source\PSoC5/Bootloadable_1.c **** 
  28:.\Generated_Source\PSoC5/Bootloadable_1.c **** /*******************************************************************************
  29:.\Generated_Source\PSoC5/Bootloadable_1.c **** * Function Name: Bootloadable_1_Load
  30:.\Generated_Source\PSoC5/Bootloadable_1.c **** ****************************************************************************//**
  31:.\Generated_Source\PSoC5/Bootloadable_1.c **** *
ARM GAS  C:\Users\Robert\AppData\Local\Temp\ccKM49Pe.s 			page 2


  32:.\Generated_Source\PSoC5/Bootloadable_1.c **** * \brief
  33:.\Generated_Source\PSoC5/Bootloadable_1.c **** *  Schedules the Bootloader/Launcher to be launched and then performs
  34:.\Generated_Source\PSoC5/Bootloadable_1.c **** *  a software reset to launch it
  35:.\Generated_Source\PSoC5/Bootloadable_1.c **** *
  36:.\Generated_Source\PSoC5/Bootloadable_1.c **** * \return
  37:.\Generated_Source\PSoC5/Bootloadable_1.c **** *  This method will never return. It will load a new application and reset
  38:.\Generated_Source\PSoC5/Bootloadable_1.c **** *  the device.
  39:.\Generated_Source\PSoC5/Bootloadable_1.c **** *
  40:.\Generated_Source\PSoC5/Bootloadable_1.c **** *******************************************************************************/
  41:.\Generated_Source\PSoC5/Bootloadable_1.c **** void Bootloadable_1_Load(void) 
  42:.\Generated_Source\PSoC5/Bootloadable_1.c **** {
  27              		.loc 1 42 0
  28              		.cfi_startproc
  29              		@ args = 0, pretend = 0, frame = 0
  30              		@ frame_needed = 0, uses_anonymous_args = 0
  31 0000 08B5     		push	{r3, lr}
  32              		.cfi_def_cfa_offset 8
  33              		.cfi_offset 3, -8
  34              		.cfi_offset 14, -4
  43:.\Generated_Source\PSoC5/Bootloadable_1.c ****     /* Schedule Bootloader to start after reset */
  44:.\Generated_Source\PSoC5/Bootloadable_1.c ****     Bootloadable_1_SET_RUN_TYPE(Bootloadable_1_SCHEDULE_BTLDR);
  35              		.loc 1 44 0
  36 0002 4022     		movs	r2, #64
  37 0004 024B     		ldr	r3, .L3
  38 0006 1A70     		strb	r2, [r3]
  45:.\Generated_Source\PSoC5/Bootloadable_1.c **** 
  46:.\Generated_Source\PSoC5/Bootloadable_1.c ****     CySoftwareReset();
  39              		.loc 1 46 0
  40 0008 FFF7FEFF 		bl	CySoftwareReset
  41              	.LVL0:
  42 000c 08BD     		pop	{r3, pc}
  43              	.L4:
  44 000e 00BF     		.align	2
  45              	.L3:
  46 0010 FA460040 		.word	1073759994
  47              		.cfi_endproc
  48              	.LFE0:
  49              		.size	Bootloadable_1_Load, .-Bootloadable_1_Load
  50              		.section	.text.Bootloadable_1_SetFlashByte,"ax",%progbits
  51              		.align	2
  52              		.global	Bootloadable_1_SetFlashByte
  53              		.thumb
  54              		.thumb_func
  55              		.type	Bootloadable_1_SetFlashByte, %function
  56              	Bootloadable_1_SetFlashByte:
  57              	.LFB1:
  47:.\Generated_Source\PSoC5/Bootloadable_1.c **** }
  48:.\Generated_Source\PSoC5/Bootloadable_1.c **** 
  49:.\Generated_Source\PSoC5/Bootloadable_1.c **** #if (CYDEV_PROJ_TYPE == CYDEV_PROJ_TYPE_LOADABLEANDBOOTLOADER)
  50:.\Generated_Source\PSoC5/Bootloadable_1.c **** /*******************************************************************************
  51:.\Generated_Source\PSoC5/Bootloadable_1.c **** * Function Name: Bootloadable_1_GetActiveApplication
  52:.\Generated_Source\PSoC5/Bootloadable_1.c **** ****************************************************************************//**
  53:.\Generated_Source\PSoC5/Bootloadable_1.c **** *
  54:.\Generated_Source\PSoC5/Bootloadable_1.c **** * \brief
  55:.\Generated_Source\PSoC5/Bootloadable_1.c **** *   Gets the application which will be loaded after a next reset event.
  56:.\Generated_Source\PSoC5/Bootloadable_1.c **** *   NOTE Intended for the combination project type ONLY!
  57:.\Generated_Source\PSoC5/Bootloadable_1.c **** *
ARM GAS  C:\Users\Robert\AppData\Local\Temp\ccKM49Pe.s 			page 3


  58:.\Generated_Source\PSoC5/Bootloadable_1.c **** * \return 
  59:.\Generated_Source\PSoC5/Bootloadable_1.c **** *  A number of the current active application set in the metadata section.
  60:.\Generated_Source\PSoC5/Bootloadable_1.c **** *  \n  0 - app#0 is set as active.
  61:.\Generated_Source\PSoC5/Bootloadable_1.c **** *  \n  1 - app#1 is set as active.
  62:.\Generated_Source\PSoC5/Bootloadable_1.c **** *
  63:.\Generated_Source\PSoC5/Bootloadable_1.c **** * \note If neither of the applications is set active, then the API returns 0x02.
  64:.\Generated_Source\PSoC5/Bootloadable_1.c **** *
  65:.\Generated_Source\PSoC5/Bootloadable_1.c **** *******************************************************************************/
  66:.\Generated_Source\PSoC5/Bootloadable_1.c **** uint8 Bootloadable_1_GetActiveApplication(void) CYSMALL \
  67:.\Generated_Source\PSoC5/Bootloadable_1.c ****                           
  68:.\Generated_Source\PSoC5/Bootloadable_1.c **** {   
  69:.\Generated_Source\PSoC5/Bootloadable_1.c ****     uint8 result = Bootloadable_1_MD_BTLDB_ACTIVE_NONE;
  70:.\Generated_Source\PSoC5/Bootloadable_1.c ****     
  71:.\Generated_Source\PSoC5/Bootloadable_1.c ****     if (0u != Bootloadable_1_GET_CODE_DATA( \
  72:.\Generated_Source\PSoC5/Bootloadable_1.c ****               Bootloadable_1_MD_BTLDB_ACTIVE_OFFSET(Bootloadable_1_MD_BTLDB_ACTIVE_0))) 
  73:.\Generated_Source\PSoC5/Bootloadable_1.c ****     {
  74:.\Generated_Source\PSoC5/Bootloadable_1.c ****         result = Bootloadable_1_MD_BTLDB_ACTIVE_0;
  75:.\Generated_Source\PSoC5/Bootloadable_1.c ****     }
  76:.\Generated_Source\PSoC5/Bootloadable_1.c ****     else if (0u != Bootloadable_1_GET_CODE_DATA( \
  77:.\Generated_Source\PSoC5/Bootloadable_1.c ****                    Bootloadable_1_MD_BTLDB_ACTIVE_OFFSET(Bootloadable_1_MD_BTLDB_ACTIVE_1)))
  78:.\Generated_Source\PSoC5/Bootloadable_1.c ****     {
  79:.\Generated_Source\PSoC5/Bootloadable_1.c ****         result = Bootloadable_1_MD_BTLDB_ACTIVE_1;    
  80:.\Generated_Source\PSoC5/Bootloadable_1.c ****     }
  81:.\Generated_Source\PSoC5/Bootloadable_1.c ****     else
  82:.\Generated_Source\PSoC5/Bootloadable_1.c ****     {
  83:.\Generated_Source\PSoC5/Bootloadable_1.c ****         /*Do nothing, result is none*/
  84:.\Generated_Source\PSoC5/Bootloadable_1.c ****     }
  85:.\Generated_Source\PSoC5/Bootloadable_1.c ****     
  86:.\Generated_Source\PSoC5/Bootloadable_1.c ****     return (result);
  87:.\Generated_Source\PSoC5/Bootloadable_1.c **** }
  88:.\Generated_Source\PSoC5/Bootloadable_1.c **** 
  89:.\Generated_Source\PSoC5/Bootloadable_1.c **** /*******************************************************************************
  90:.\Generated_Source\PSoC5/Bootloadable_1.c **** * Function Name: Bootloadable_1_SetActiveApplication
  91:.\Generated_Source\PSoC5/Bootloadable_1.c **** ****************************************************************************//**
  92:.\Generated_Source\PSoC5/Bootloadable_1.c **** *
  93:.\Generated_Source\PSoC5/Bootloadable_1.c **** * \brief 
  94:.\Generated_Source\PSoC5/Bootloadable_1.c **** *   Sets the application which will be loaded after a next reset event.          
  95:.\Generated_Source\PSoC5/Bootloadable_1.c **** *   
  96:.\Generated_Source\PSoC5/Bootloadable_1.c **** * \details
  97:.\Generated_Source\PSoC5/Bootloadable_1.c **** * Theory: 
  98:.\Generated_Source\PSoC5/Bootloadable_1.c **** *   This API sets in the Flash (metadata section) the given active application 
  99:.\Generated_Source\PSoC5/Bootloadable_1.c **** *   number.
 100:.\Generated_Source\PSoC5/Bootloadable_1.c **** *          
 101:.\Generated_Source\PSoC5/Bootloadable_1.c **** *   NOTE The active application number is not set directly, but the boolean 
 102:.\Generated_Source\PSoC5/Bootloadable_1.c **** *   mark instead means that the application is active or not for the relative 
 103:.\Generated_Source\PSoC5/Bootloadable_1.c **** *   metadata. Both metadata sections are updated. For example, if the second 
 104:.\Generated_Source\PSoC5/Bootloadable_1.c **** *   application is to be set active, then in the metadata section for the first 
 105:.\Generated_Source\PSoC5/Bootloadable_1.c **** *   application there will be a "0" written, which means that it is not active, and 
 106:.\Generated_Source\PSoC5/Bootloadable_1.c **** *   for the second metadata section there will be a "1" written, which means that it is 
 107:.\Generated_Source\PSoC5/Bootloadable_1.c **** *   active. 
 108:.\Generated_Source\PSoC5/Bootloadable_1.c **** *
 109:.\Generated_Source\PSoC5/Bootloadable_1.c **** *   NOTE Intended for the combination project type ONLY!
 110:.\Generated_Source\PSoC5/Bootloadable_1.c **** *
 111:.\Generated_Source\PSoC5/Bootloadable_1.c **** * \param appId  
 112:.\Generated_Source\PSoC5/Bootloadable_1.c **** *   The active application number to be written to flash (metadata section) 
 113:.\Generated_Source\PSoC5/Bootloadable_1.c **** *   NOTE Possible values are:
 114:.\Generated_Source\PSoC5/Bootloadable_1.c **** *   0 - for the first application
ARM GAS  C:\Users\Robert\AppData\Local\Temp\ccKM49Pe.s 			page 4


 115:.\Generated_Source\PSoC5/Bootloadable_1.c **** *   1 - for the second application.
 116:.\Generated_Source\PSoC5/Bootloadable_1.c **** *   Any other number is considered invalid. 
 117:.\Generated_Source\PSoC5/Bootloadable_1.c **** *
 118:.\Generated_Source\PSoC5/Bootloadable_1.c **** * \return 
 119:.\Generated_Source\PSoC5/Bootloadable_1.c **** *   A status of writing to flash operation.
 120:.\Generated_Source\PSoC5/Bootloadable_1.c **** *   \n CYRET_SUCCESS - Returned if appId was successfully changed. 
 121:.\Generated_Source\PSoC5/Bootloadable_1.c **** *   \n CYRET_BAD_PARAM - Returned if the parameter appID passed to the function has the 
 122:.\Generated_Source\PSoC5/Bootloadable_1.c **** *                       same value as the active application ID. 
 123:.\Generated_Source\PSoC5/Bootloadable_1.c **** *   \note - The other non-zero value is considered as a failure during writing to flash.  
 124:.\Generated_Source\PSoC5/Bootloadable_1.c **** *
 125:.\Generated_Source\PSoC5/Bootloadable_1.c **** *   \note - This API does not update Bootloader_activeApp variable.
 126:.\Generated_Source\PSoC5/Bootloadable_1.c **** *
 127:.\Generated_Source\PSoC5/Bootloadable_1.c **** *******************************************************************************/
 128:.\Generated_Source\PSoC5/Bootloadable_1.c **** cystatus Bootloadable_1_SetActiveApplication(uint8 appId) CYSMALL \
 129:.\Generated_Source\PSoC5/Bootloadable_1.c ****                 
 130:.\Generated_Source\PSoC5/Bootloadable_1.c **** {
 131:.\Generated_Source\PSoC5/Bootloadable_1.c ****     cystatus result = CYRET_SUCCESS;
 132:.\Generated_Source\PSoC5/Bootloadable_1.c **** 
 133:.\Generated_Source\PSoC5/Bootloadable_1.c ****     uint8 CYDATA idx;
 134:.\Generated_Source\PSoC5/Bootloadable_1.c ****     
 135:.\Generated_Source\PSoC5/Bootloadable_1.c ****     /* If invalid application number */
 136:.\Generated_Source\PSoC5/Bootloadable_1.c ****     if (appId > Bootloadable_1_MD_BTLDB_ACTIVE_1)
 137:.\Generated_Source\PSoC5/Bootloadable_1.c ****     {
 138:.\Generated_Source\PSoC5/Bootloadable_1.c ****         result = CYRET_BAD_PARAM;
 139:.\Generated_Source\PSoC5/Bootloadable_1.c ****     }
 140:.\Generated_Source\PSoC5/Bootloadable_1.c ****     else
 141:.\Generated_Source\PSoC5/Bootloadable_1.c ****     {
 142:.\Generated_Source\PSoC5/Bootloadable_1.c ****         /* If appID has same value as active application ID */
 143:.\Generated_Source\PSoC5/Bootloadable_1.c ****         if (1u == Bootloadable_1_GET_CODE_DATA(Bootloadable_1_MD_BTLDB_ACTIVE_OFFSET(appId)))
 144:.\Generated_Source\PSoC5/Bootloadable_1.c ****         {
 145:.\Generated_Source\PSoC5/Bootloadable_1.c ****             result = CYRET_BAD_PARAM;
 146:.\Generated_Source\PSoC5/Bootloadable_1.c ****         }
 147:.\Generated_Source\PSoC5/Bootloadable_1.c ****         else
 148:.\Generated_Source\PSoC5/Bootloadable_1.c ****         {
 149:.\Generated_Source\PSoC5/Bootloadable_1.c ****             /* Updating metadata section */
 150:.\Generated_Source\PSoC5/Bootloadable_1.c ****             for(idx = 0u; idx < Bootloadable_1_MAX_NUM_OF_BTLDB; idx++)
 151:.\Generated_Source\PSoC5/Bootloadable_1.c ****             {
 152:.\Generated_Source\PSoC5/Bootloadable_1.c ****                 result |= Bootloadable_1_WriteFlashByte((uint32) Bootloadable_1_MD_BTLDB_ACTIVE_OFF
 153:.\Generated_Source\PSoC5/Bootloadable_1.c ****                                                                                             (uint8)
 154:.\Generated_Source\PSoC5/Bootloadable_1.c ****             }
 155:.\Generated_Source\PSoC5/Bootloadable_1.c ****         }
 156:.\Generated_Source\PSoC5/Bootloadable_1.c ****     }
 157:.\Generated_Source\PSoC5/Bootloadable_1.c ****     
 158:.\Generated_Source\PSoC5/Bootloadable_1.c ****     return (result);
 159:.\Generated_Source\PSoC5/Bootloadable_1.c **** }
 160:.\Generated_Source\PSoC5/Bootloadable_1.c **** 
 161:.\Generated_Source\PSoC5/Bootloadable_1.c **** /*******************************************************************************
 162:.\Generated_Source\PSoC5/Bootloadable_1.c **** * Function Name: Bootloadable_1_WriteFlashByte
 163:.\Generated_Source\PSoC5/Bootloadable_1.c **** ****************************************************************************//**
 164:.\Generated_Source\PSoC5/Bootloadable_1.c **** *
 165:.\Generated_Source\PSoC5/Bootloadable_1.c **** * \brief 
 166:.\Generated_Source\PSoC5/Bootloadable_1.c **** *   This API writes to flash the specified data.
 167:.\Generated_Source\PSoC5/Bootloadable_1.c **** *
 168:.\Generated_Source\PSoC5/Bootloadable_1.c **** * \param address 
 169:.\Generated_Source\PSoC5/Bootloadable_1.c **** *   The address in flash.
 170:.\Generated_Source\PSoC5/Bootloadable_1.c **** *
 171:.\Generated_Source\PSoC5/Bootloadable_1.c **** * \param inputValue 
ARM GAS  C:\Users\Robert\AppData\Local\Temp\ccKM49Pe.s 			page 5


 172:.\Generated_Source\PSoC5/Bootloadable_1.c **** *   One-byte data.
 173:.\Generated_Source\PSoC5/Bootloadable_1.c **** *
 174:.\Generated_Source\PSoC5/Bootloadable_1.c **** * \return 
 175:.\Generated_Source\PSoC5/Bootloadable_1.c **** *   A status of the writing to flash procedure.
 176:.\Generated_Source\PSoC5/Bootloadable_1.c **** *
 177:.\Generated_Source\PSoC5/Bootloadable_1.c **** *******************************************************************************/
 178:.\Generated_Source\PSoC5/Bootloadable_1.c **** static cystatus Bootloadable_1_WriteFlashByte(const uint32 address, const uint8 inputValue) CYLARGE
 179:.\Generated_Source\PSoC5/Bootloadable_1.c ****                                
 180:.\Generated_Source\PSoC5/Bootloadable_1.c **** {
 181:.\Generated_Source\PSoC5/Bootloadable_1.c ****     cystatus result = CYRET_SUCCESS;
 182:.\Generated_Source\PSoC5/Bootloadable_1.c ****     uint32 flsAddr = address - CYDEV_FLASH_BASE;
 183:.\Generated_Source\PSoC5/Bootloadable_1.c ****     uint8  rowData[CYDEV_FLS_ROW_SIZE];
 184:.\Generated_Source\PSoC5/Bootloadable_1.c **** 
 185:.\Generated_Source\PSoC5/Bootloadable_1.c ****     #if !(CY_PSOC4)
 186:.\Generated_Source\PSoC5/Bootloadable_1.c ****         uint8 arrayId = ( uint8 )(flsAddr / CYDEV_FLS_SECTOR_SIZE);
 187:.\Generated_Source\PSoC5/Bootloadable_1.c ****     #endif  /* !(CY_PSOC4) */
 188:.\Generated_Source\PSoC5/Bootloadable_1.c **** 
 189:.\Generated_Source\PSoC5/Bootloadable_1.c ****     #if (CY_PSOC4)
 190:.\Generated_Source\PSoC5/Bootloadable_1.c ****         uint16 rowNum = ( uint16 )(flsAddr / CYDEV_FLS_ROW_SIZE);
 191:.\Generated_Source\PSoC5/Bootloadable_1.c ****     #else
 192:.\Generated_Source\PSoC5/Bootloadable_1.c ****         uint16 rowNum = ( uint16 )((flsAddr % CYDEV_FLS_SECTOR_SIZE) / CYDEV_FLS_ROW_SIZE);
 193:.\Generated_Source\PSoC5/Bootloadable_1.c ****     #endif  /* (CY_PSOC4) */
 194:.\Generated_Source\PSoC5/Bootloadable_1.c **** 
 195:.\Generated_Source\PSoC5/Bootloadable_1.c ****     uint32 baseAddr = address - (address % CYDEV_FLS_ROW_SIZE);
 196:.\Generated_Source\PSoC5/Bootloadable_1.c ****     uint16 idx;
 197:.\Generated_Source\PSoC5/Bootloadable_1.c **** 
 198:.\Generated_Source\PSoC5/Bootloadable_1.c ****     for(idx = 0u; idx < CYDEV_FLS_ROW_SIZE; idx++)
 199:.\Generated_Source\PSoC5/Bootloadable_1.c ****     {
 200:.\Generated_Source\PSoC5/Bootloadable_1.c ****         rowData[idx] = (uint8)Bootloadable_1_GET_CODE_DATA(baseAddr + idx);
 201:.\Generated_Source\PSoC5/Bootloadable_1.c ****     }
 202:.\Generated_Source\PSoC5/Bootloadable_1.c **** 
 203:.\Generated_Source\PSoC5/Bootloadable_1.c ****     rowData[address % CYDEV_FLS_ROW_SIZE] = inputValue;
 204:.\Generated_Source\PSoC5/Bootloadable_1.c **** 
 205:.\Generated_Source\PSoC5/Bootloadable_1.c ****     #if(CY_PSOC4)
 206:.\Generated_Source\PSoC5/Bootloadable_1.c ****         result = CySysFlashWriteRow((uint32) rowNum, rowData);
 207:.\Generated_Source\PSoC5/Bootloadable_1.c ****     #else
 208:.\Generated_Source\PSoC5/Bootloadable_1.c ****         result = CyWriteRowData(arrayId, rowNum, rowData);
 209:.\Generated_Source\PSoC5/Bootloadable_1.c ****     #endif  /* (CY_PSOC4) */
 210:.\Generated_Source\PSoC5/Bootloadable_1.c **** 
 211:.\Generated_Source\PSoC5/Bootloadable_1.c ****     #if(CY_PSOC5)
 212:.\Generated_Source\PSoC5/Bootloadable_1.c ****         /***************************************************************************
 213:.\Generated_Source\PSoC5/Bootloadable_1.c ****         * When writing to flash, data in the instruction cache can become stale.
 214:.\Generated_Source\PSoC5/Bootloadable_1.c ****         * Therefore, the cache data does not correlate to the data just written to
 215:.\Generated_Source\PSoC5/Bootloadable_1.c ****         * flash. A call to CyFlushCache() is required to invalidate the data in the
 216:.\Generated_Source\PSoC5/Bootloadable_1.c ****         * cache and force fresh information to be loaded from flash.
 217:.\Generated_Source\PSoC5/Bootloadable_1.c ****         ***************************************************************************/
 218:.\Generated_Source\PSoC5/Bootloadable_1.c ****         CyFlushCache();
 219:.\Generated_Source\PSoC5/Bootloadable_1.c ****     #endif /* (CY_PSOC5) */
 220:.\Generated_Source\PSoC5/Bootloadable_1.c ****     return (result);
 221:.\Generated_Source\PSoC5/Bootloadable_1.c **** }
 222:.\Generated_Source\PSoC5/Bootloadable_1.c **** #endif /*(CYDEV_PROJ_TYPE == CYDEV_PROJ_TYPE_LOADABLEANDBOOTLOADER)*/
 223:.\Generated_Source\PSoC5/Bootloadable_1.c **** /** @} functions_group */
 224:.\Generated_Source\PSoC5/Bootloadable_1.c **** 
 225:.\Generated_Source\PSoC5/Bootloadable_1.c **** /*******************************************************************************
 226:.\Generated_Source\PSoC5/Bootloadable_1.c **** * The following code is OBSOLETE and must not be used.
 227:.\Generated_Source\PSoC5/Bootloadable_1.c **** *******************************************************************************/
 228:.\Generated_Source\PSoC5/Bootloadable_1.c **** void Bootloadable_1_SetFlashByte(uint32 address, uint8 runType) 
ARM GAS  C:\Users\Robert\AppData\Local\Temp\ccKM49Pe.s 			page 6


 229:.\Generated_Source\PSoC5/Bootloadable_1.c **** {
  58              		.loc 1 229 0
  59              		.cfi_startproc
  60              		@ args = 0, pretend = 0, frame = 256
  61              		@ frame_needed = 0, uses_anonymous_args = 0
  62              	.LVL1:
  63 0000 70B5     		push	{r4, r5, r6, lr}
  64              		.cfi_def_cfa_offset 16
  65              		.cfi_offset 4, -16
  66              		.cfi_offset 5, -12
  67              		.cfi_offset 6, -8
  68              		.cfi_offset 14, -4
  69 0002 C0B0     		sub	sp, sp, #256
  70              		.cfi_def_cfa_offset 272
  71 0004 0E46     		mov	r6, r1
  72              	.LVL2:
 230:.\Generated_Source\PSoC5/Bootloadable_1.c ****     uint32 flsAddr = address - CYDEV_FLASH_BASE;
 231:.\Generated_Source\PSoC5/Bootloadable_1.c ****     uint8  rowData[CYDEV_FLS_ROW_SIZE];
 232:.\Generated_Source\PSoC5/Bootloadable_1.c **** 
 233:.\Generated_Source\PSoC5/Bootloadable_1.c ****     #if !(CY_PSOC4)
 234:.\Generated_Source\PSoC5/Bootloadable_1.c ****         uint8 arrayId = ( uint8 )(flsAddr / CYDEV_FLS_SECTOR_SIZE);
  73              		.loc 1 234 0
  74 0006 C0F30745 		ubfx	r5, r0, #16, #8
  75              	.LVL3:
 235:.\Generated_Source\PSoC5/Bootloadable_1.c ****     #endif  /* !(CY_PSOC4) */
 236:.\Generated_Source\PSoC5/Bootloadable_1.c **** 
 237:.\Generated_Source\PSoC5/Bootloadable_1.c ****     #if (CY_PSOC4)
 238:.\Generated_Source\PSoC5/Bootloadable_1.c ****         uint16 rowNum = ( uint16 )(flsAddr / CYDEV_FLS_ROW_SIZE);
 239:.\Generated_Source\PSoC5/Bootloadable_1.c ****     #else
 240:.\Generated_Source\PSoC5/Bootloadable_1.c ****         uint16 rowNum = ( uint16 )((flsAddr % CYDEV_FLS_SECTOR_SIZE) / CYDEV_FLS_ROW_SIZE);
  76              		.loc 1 240 0
  77 000a C0F30721 		ubfx	r1, r0, #8, #8
  78              	.LVL4:
 241:.\Generated_Source\PSoC5/Bootloadable_1.c ****     #endif  /* (CY_PSOC4) */
 242:.\Generated_Source\PSoC5/Bootloadable_1.c **** 
 243:.\Generated_Source\PSoC5/Bootloadable_1.c ****     uint32 baseAddr = address - (address % CYDEV_FLS_ROW_SIZE);
  79              		.loc 1 243 0
  80 000e 20F0FF04 		bic	r4, r0, #255
  81              	.LVL5:
 244:.\Generated_Source\PSoC5/Bootloadable_1.c ****     uint16 idx;
 245:.\Generated_Source\PSoC5/Bootloadable_1.c **** 
 246:.\Generated_Source\PSoC5/Bootloadable_1.c **** 
 247:.\Generated_Source\PSoC5/Bootloadable_1.c ****     for (idx = 0u; idx < CYDEV_FLS_ROW_SIZE; idx++)
  82              		.loc 1 247 0
  83 0012 0023     		movs	r3, #0
  84 0014 04E0     		b	.L6
  85              	.LVL6:
  86              	.L7:
 248:.\Generated_Source\PSoC5/Bootloadable_1.c ****     {
 249:.\Generated_Source\PSoC5/Bootloadable_1.c ****         rowData[idx] = Bootloadable_1_GET_CODE_DATA(baseAddr + idx);
  87              		.loc 1 249 0 discriminator 3
  88 0016 1A5D     		ldrb	r2, [r3, r4]	@ zero_extendqisi2
  89 0018 0DF80320 		strb	r2, [sp, r3]
 247:.\Generated_Source\PSoC5/Bootloadable_1.c ****     {
  90              		.loc 1 247 0 discriminator 3
  91 001c 0133     		adds	r3, r3, #1
  92              	.LVL7:
ARM GAS  C:\Users\Robert\AppData\Local\Temp\ccKM49Pe.s 			page 7


  93 001e 9BB2     		uxth	r3, r3
  94              	.LVL8:
  95              	.L6:
 247:.\Generated_Source\PSoC5/Bootloadable_1.c ****     {
  96              		.loc 1 247 0 is_stmt 0 discriminator 1
  97 0020 FF2B     		cmp	r3, #255
  98 0022 F8D9     		bls	.L7
 250:.\Generated_Source\PSoC5/Bootloadable_1.c ****     }
 251:.\Generated_Source\PSoC5/Bootloadable_1.c ****     rowData[address % CYDEV_FLS_ROW_SIZE] = runType;
  99              		.loc 1 251 0 is_stmt 1
 100 0024 C3B2     		uxtb	r3, r0
 101              	.LVL9:
 102 0026 0DF80360 		strb	r6, [sp, r3]
 252:.\Generated_Source\PSoC5/Bootloadable_1.c **** 
 253:.\Generated_Source\PSoC5/Bootloadable_1.c ****     #if(CY_PSOC4)
 254:.\Generated_Source\PSoC5/Bootloadable_1.c ****         (void) CySysFlashWriteRow((uint32) rowNum, rowData);
 255:.\Generated_Source\PSoC5/Bootloadable_1.c ****     #else
 256:.\Generated_Source\PSoC5/Bootloadable_1.c ****         (void) CyWriteRowData(arrayId, rowNum, rowData);
 103              		.loc 1 256 0
 104 002a 2846     		mov	r0, r5
 105              	.LVL10:
 106 002c 6A46     		mov	r2, sp
 107 002e FFF7FEFF 		bl	CyWriteRowData
 108              	.LVL11:
 257:.\Generated_Source\PSoC5/Bootloadable_1.c ****     #endif  /* (CY_PSOC4) */
 258:.\Generated_Source\PSoC5/Bootloadable_1.c **** 
 259:.\Generated_Source\PSoC5/Bootloadable_1.c ****     #if(CY_PSOC5)
 260:.\Generated_Source\PSoC5/Bootloadable_1.c ****         /***************************************************************************
 261:.\Generated_Source\PSoC5/Bootloadable_1.c ****         * When writing to flash, data in the instruction cache can become obsolete.
 262:.\Generated_Source\PSoC5/Bootloadable_1.c ****         * Therefore, the cache data does not correlate to the data just written to
 263:.\Generated_Source\PSoC5/Bootloadable_1.c ****         * flash. A call to CyFlushCache() is required to invalidate the data in the
 264:.\Generated_Source\PSoC5/Bootloadable_1.c ****         * cache and force fresh information to be loaded from flash.
 265:.\Generated_Source\PSoC5/Bootloadable_1.c ****         ***************************************************************************/
 266:.\Generated_Source\PSoC5/Bootloadable_1.c ****         CyFlushCache();
 109              		.loc 1 266 0
 110 0032 FFF7FEFF 		bl	CyFlushCache
 111              	.LVL12:
 267:.\Generated_Source\PSoC5/Bootloadable_1.c ****     #endif /* (CY_PSOC5) */
 268:.\Generated_Source\PSoC5/Bootloadable_1.c **** }
 112              		.loc 1 268 0
 113 0036 40B0     		add	sp, sp, #256
 114              		.cfi_def_cfa_offset 16
 115              		@ sp needed
 116 0038 70BD     		pop	{r4, r5, r6, pc}
 117              		.cfi_endproc
 118              	.LFE1:
 119              		.size	Bootloadable_1_SetFlashByte, .-Bootloadable_1_SetFlashByte
 120 003a 00BF     		.text
 121              	.Letext0:
 122              		.file 2 ".\\Generated_Source\\PSoC5\\cytypes.h"
 123              		.file 3 ".\\Generated_Source\\PSoC5\\CyLib.h"
 124              		.file 4 ".\\Generated_Source\\PSoC5\\CyFlash.h"
 125              		.section	.debug_info,"",%progbits
 126              	.Ldebug_info0:
 127 0000 D9010000 		.4byte	0x1d9
 128 0004 0400     		.2byte	0x4
 129 0006 00000000 		.4byte	.Ldebug_abbrev0
ARM GAS  C:\Users\Robert\AppData\Local\Temp\ccKM49Pe.s 			page 8


 130 000a 04       		.byte	0x4
 131 000b 01       		.uleb128 0x1
 132 000c 81000000 		.4byte	.LASF29
 133 0010 01       		.byte	0x1
 134 0011 F7010000 		.4byte	.LASF30
 135 0015 57010000 		.4byte	.LASF31
 136 0019 00000000 		.4byte	.Ldebug_ranges0+0
 137 001d 00000000 		.4byte	0
 138 0021 00000000 		.4byte	.Ldebug_line0
 139 0025 02       		.uleb128 0x2
 140 0026 01       		.byte	0x1
 141 0027 06       		.byte	0x6
 142 0028 3A020000 		.4byte	.LASF0
 143 002c 02       		.uleb128 0x2
 144 002d 01       		.byte	0x1
 145 002e 08       		.byte	0x8
 146 002f 29000000 		.4byte	.LASF1
 147 0033 02       		.uleb128 0x2
 148 0034 02       		.byte	0x2
 149 0035 05       		.byte	0x5
 150 0036 ED010000 		.4byte	.LASF2
 151 003a 02       		.uleb128 0x2
 152 003b 02       		.byte	0x2
 153 003c 07       		.byte	0x7
 154 003d 10000000 		.4byte	.LASF3
 155 0041 02       		.uleb128 0x2
 156 0042 04       		.byte	0x4
 157 0043 05       		.byte	0x5
 158 0044 31020000 		.4byte	.LASF4
 159 0048 02       		.uleb128 0x2
 160 0049 04       		.byte	0x4
 161 004a 07       		.byte	0x7
 162 004b 44000000 		.4byte	.LASF5
 163 004f 02       		.uleb128 0x2
 164 0050 08       		.byte	0x8
 165 0051 05       		.byte	0x5
 166 0052 DA010000 		.4byte	.LASF6
 167 0056 02       		.uleb128 0x2
 168 0057 08       		.byte	0x8
 169 0058 07       		.byte	0x7
 170 0059 40010000 		.4byte	.LASF7
 171 005d 03       		.uleb128 0x3
 172 005e 04       		.byte	0x4
 173 005f 05       		.byte	0x5
 174 0060 696E7400 		.ascii	"int\000"
 175 0064 02       		.uleb128 0x2
 176 0065 04       		.byte	0x4
 177 0066 07       		.byte	0x7
 178 0067 0F010000 		.4byte	.LASF8
 179 006b 04       		.uleb128 0x4
 180 006c 56000000 		.4byte	.LASF9
 181 0070 02       		.byte	0x2
 182 0071 3801     		.2byte	0x138
 183 0073 2C000000 		.4byte	0x2c
 184 0077 04       		.uleb128 0x4
 185 0078 73000000 		.4byte	.LASF10
 186 007c 02       		.byte	0x2
ARM GAS  C:\Users\Robert\AppData\Local\Temp\ccKM49Pe.s 			page 9


 187 007d 3901     		.2byte	0x139
 188 007f 3A000000 		.4byte	0x3a
 189 0083 04       		.uleb128 0x4
 190 0084 7A000000 		.4byte	.LASF11
 191 0088 02       		.byte	0x2
 192 0089 3A01     		.2byte	0x13a
 193 008b 48000000 		.4byte	0x48
 194 008f 02       		.uleb128 0x2
 195 0090 04       		.byte	0x4
 196 0091 04       		.byte	0x4
 197 0092 23000000 		.4byte	.LASF12
 198 0096 02       		.uleb128 0x2
 199 0097 08       		.byte	0x8
 200 0098 04       		.byte	0x4
 201 0099 64000000 		.4byte	.LASF13
 202 009d 02       		.uleb128 0x2
 203 009e 01       		.byte	0x1
 204 009f 08       		.byte	0x8
 205 00a0 E8010000 		.4byte	.LASF14
 206 00a4 04       		.uleb128 0x4
 207 00a5 00000000 		.4byte	.LASF15
 208 00a9 02       		.byte	0x2
 209 00aa DA01     		.2byte	0x1da
 210 00ac 48000000 		.4byte	0x48
 211 00b0 04       		.uleb128 0x4
 212 00b1 3F000000 		.4byte	.LASF16
 213 00b5 02       		.byte	0x2
 214 00b6 E201     		.2byte	0x1e2
 215 00b8 BC000000 		.4byte	0xbc
 216 00bc 05       		.uleb128 0x5
 217 00bd 6B000000 		.4byte	0x6b
 218 00c1 02       		.uleb128 0x2
 219 00c2 04       		.byte	0x4
 220 00c3 07       		.byte	0x7
 221 00c4 D1010000 		.4byte	.LASF17
 222 00c8 06       		.uleb128 0x6
 223 00c9 62020000 		.4byte	.LASF18
 224 00cd 01       		.byte	0x1
 225 00ce 29       		.byte	0x29
 226 00cf 00000000 		.4byte	.LFB0
 227 00d3 14000000 		.4byte	.LFE0-.LFB0
 228 00d7 01       		.uleb128 0x1
 229 00d8 9C       		.byte	0x9c
 230 00d9 E7000000 		.4byte	0xe7
 231 00dd 07       		.uleb128 0x7
 232 00de 0C000000 		.4byte	.LVL0
 233 00e2 A4010000 		.4byte	0x1a4
 234 00e6 00       		.byte	0
 235 00e7 06       		.uleb128 0x6
 236 00e8 1C010000 		.4byte	.LASF19
 237 00ec 01       		.byte	0x1
 238 00ed E4       		.byte	0xe4
 239 00ee 00000000 		.4byte	.LFB1
 240 00f2 3A000000 		.4byte	.LFE1-.LFB1
 241 00f6 01       		.uleb128 0x1
 242 00f7 9C       		.byte	0x9c
 243 00f8 94010000 		.4byte	0x194
ARM GAS  C:\Users\Robert\AppData\Local\Temp\ccKM49Pe.s 			page 10


 244 00fc 08       		.uleb128 0x8
 245 00fd 38010000 		.4byte	.LASF20
 246 0101 01       		.byte	0x1
 247 0102 E4       		.byte	0xe4
 248 0103 83000000 		.4byte	0x83
 249 0107 00000000 		.4byte	.LLST0
 250 010b 08       		.uleb128 0x8
 251 010c C0010000 		.4byte	.LASF21
 252 0110 01       		.byte	0x1
 253 0111 E4       		.byte	0xe4
 254 0112 6B000000 		.4byte	0x6b
 255 0116 21000000 		.4byte	.LLST1
 256 011a 09       		.uleb128 0x9
 257 011b 6B000000 		.4byte	.LASF22
 258 011f 01       		.byte	0x1
 259 0120 E6       		.byte	0xe6
 260 0121 83000000 		.4byte	0x83
 261 0125 42000000 		.4byte	.LLST2
 262 0129 0A       		.uleb128 0xa
 263 012a 37000000 		.4byte	.LASF23
 264 012e 01       		.byte	0x1
 265 012f E7       		.byte	0xe7
 266 0130 94010000 		.4byte	0x194
 267 0134 03       		.uleb128 0x3
 268 0135 91       		.byte	0x91
 269 0136 F07D     		.sleb128 -272
 270 0138 0A       		.uleb128 0xa
 271 0139 5C000000 		.4byte	.LASF24
 272 013d 01       		.byte	0x1
 273 013e EA       		.byte	0xea
 274 013f 6B000000 		.4byte	0x6b
 275 0143 01       		.uleb128 0x1
 276 0144 55       		.byte	0x55
 277 0145 09       		.uleb128 0x9
 278 0146 09000000 		.4byte	.LASF25
 279 014a 01       		.byte	0x1
 280 014b F0       		.byte	0xf0
 281 014c 77000000 		.4byte	0x77
 282 0150 63000000 		.4byte	.LLST3
 283 0154 0A       		.uleb128 0xa
 284 0155 C8010000 		.4byte	.LASF26
 285 0159 01       		.byte	0x1
 286 015a F3       		.byte	0xf3
 287 015b 83000000 		.4byte	0x83
 288 015f 01       		.uleb128 0x1
 289 0160 54       		.byte	0x54
 290 0161 0B       		.uleb128 0xb
 291 0162 69647800 		.ascii	"idx\000"
 292 0166 01       		.byte	0x1
 293 0167 F4       		.byte	0xf4
 294 0168 77000000 		.4byte	0x77
 295 016c 8A000000 		.4byte	.LLST4
 296 0170 0C       		.uleb128 0xc
 297 0171 32000000 		.4byte	.LVL11
 298 0175 AB010000 		.4byte	0x1ab
 299 0179 8A010000 		.4byte	0x18a
 300 017d 0D       		.uleb128 0xd
ARM GAS  C:\Users\Robert\AppData\Local\Temp\ccKM49Pe.s 			page 11


 301 017e 01       		.uleb128 0x1
 302 017f 52       		.byte	0x52
 303 0180 02       		.uleb128 0x2
 304 0181 7D       		.byte	0x7d
 305 0182 00       		.sleb128 0
 306 0183 0D       		.uleb128 0xd
 307 0184 01       		.uleb128 0x1
 308 0185 50       		.byte	0x50
 309 0186 02       		.uleb128 0x2
 310 0187 75       		.byte	0x75
 311 0188 00       		.sleb128 0
 312 0189 00       		.byte	0
 313 018a 07       		.uleb128 0x7
 314 018b 36000000 		.4byte	.LVL12
 315 018f D5010000 		.4byte	0x1d5
 316 0193 00       		.byte	0
 317 0194 0E       		.uleb128 0xe
 318 0195 6B000000 		.4byte	0x6b
 319 0199 A4010000 		.4byte	0x1a4
 320 019d 0F       		.uleb128 0xf
 321 019e C1000000 		.4byte	0xc1
 322 01a2 FF       		.byte	0xff
 323 01a3 00       		.byte	0
 324 01a4 10       		.uleb128 0x10
 325 01a5 21020000 		.4byte	.LASF27
 326 01a9 03       		.byte	0x3
 327 01aa 7C       		.byte	0x7c
 328 01ab 11       		.uleb128 0x11
 329 01ac 53020000 		.4byte	.LASF32
 330 01b0 04       		.byte	0x4
 331 01b1 4A       		.byte	0x4a
 332 01b2 A4000000 		.4byte	0xa4
 333 01b6 CA010000 		.4byte	0x1ca
 334 01ba 12       		.uleb128 0x12
 335 01bb 6B000000 		.4byte	0x6b
 336 01bf 12       		.uleb128 0x12
 337 01c0 77000000 		.4byte	0x77
 338 01c4 12       		.uleb128 0x12
 339 01c5 CA010000 		.4byte	0x1ca
 340 01c9 00       		.byte	0
 341 01ca 13       		.uleb128 0x13
 342 01cb 04       		.byte	0x4
 343 01cc D0010000 		.4byte	0x1d0
 344 01d0 14       		.uleb128 0x14
 345 01d1 6B000000 		.4byte	0x6b
 346 01d5 10       		.uleb128 0x10
 347 01d6 46020000 		.4byte	.LASF28
 348 01da 03       		.byte	0x3
 349 01db 96       		.byte	0x96
 350 01dc 00       		.byte	0
 351              		.section	.debug_abbrev,"",%progbits
 352              	.Ldebug_abbrev0:
 353 0000 01       		.uleb128 0x1
 354 0001 11       		.uleb128 0x11
 355 0002 01       		.byte	0x1
 356 0003 25       		.uleb128 0x25
 357 0004 0E       		.uleb128 0xe
ARM GAS  C:\Users\Robert\AppData\Local\Temp\ccKM49Pe.s 			page 12


 358 0005 13       		.uleb128 0x13
 359 0006 0B       		.uleb128 0xb
 360 0007 03       		.uleb128 0x3
 361 0008 0E       		.uleb128 0xe
 362 0009 1B       		.uleb128 0x1b
 363 000a 0E       		.uleb128 0xe
 364 000b 55       		.uleb128 0x55
 365 000c 17       		.uleb128 0x17
 366 000d 11       		.uleb128 0x11
 367 000e 01       		.uleb128 0x1
 368 000f 10       		.uleb128 0x10
 369 0010 17       		.uleb128 0x17
 370 0011 00       		.byte	0
 371 0012 00       		.byte	0
 372 0013 02       		.uleb128 0x2
 373 0014 24       		.uleb128 0x24
 374 0015 00       		.byte	0
 375 0016 0B       		.uleb128 0xb
 376 0017 0B       		.uleb128 0xb
 377 0018 3E       		.uleb128 0x3e
 378 0019 0B       		.uleb128 0xb
 379 001a 03       		.uleb128 0x3
 380 001b 0E       		.uleb128 0xe
 381 001c 00       		.byte	0
 382 001d 00       		.byte	0
 383 001e 03       		.uleb128 0x3
 384 001f 24       		.uleb128 0x24
 385 0020 00       		.byte	0
 386 0021 0B       		.uleb128 0xb
 387 0022 0B       		.uleb128 0xb
 388 0023 3E       		.uleb128 0x3e
 389 0024 0B       		.uleb128 0xb
 390 0025 03       		.uleb128 0x3
 391 0026 08       		.uleb128 0x8
 392 0027 00       		.byte	0
 393 0028 00       		.byte	0
 394 0029 04       		.uleb128 0x4
 395 002a 16       		.uleb128 0x16
 396 002b 00       		.byte	0
 397 002c 03       		.uleb128 0x3
 398 002d 0E       		.uleb128 0xe
 399 002e 3A       		.uleb128 0x3a
 400 002f 0B       		.uleb128 0xb
 401 0030 3B       		.uleb128 0x3b
 402 0031 05       		.uleb128 0x5
 403 0032 49       		.uleb128 0x49
 404 0033 13       		.uleb128 0x13
 405 0034 00       		.byte	0
 406 0035 00       		.byte	0
 407 0036 05       		.uleb128 0x5
 408 0037 35       		.uleb128 0x35
 409 0038 00       		.byte	0
 410 0039 49       		.uleb128 0x49
 411 003a 13       		.uleb128 0x13
 412 003b 00       		.byte	0
 413 003c 00       		.byte	0
 414 003d 06       		.uleb128 0x6
ARM GAS  C:\Users\Robert\AppData\Local\Temp\ccKM49Pe.s 			page 13


 415 003e 2E       		.uleb128 0x2e
 416 003f 01       		.byte	0x1
 417 0040 3F       		.uleb128 0x3f
 418 0041 19       		.uleb128 0x19
 419 0042 03       		.uleb128 0x3
 420 0043 0E       		.uleb128 0xe
 421 0044 3A       		.uleb128 0x3a
 422 0045 0B       		.uleb128 0xb
 423 0046 3B       		.uleb128 0x3b
 424 0047 0B       		.uleb128 0xb
 425 0048 27       		.uleb128 0x27
 426 0049 19       		.uleb128 0x19
 427 004a 11       		.uleb128 0x11
 428 004b 01       		.uleb128 0x1
 429 004c 12       		.uleb128 0x12
 430 004d 06       		.uleb128 0x6
 431 004e 40       		.uleb128 0x40
 432 004f 18       		.uleb128 0x18
 433 0050 9742     		.uleb128 0x2117
 434 0052 19       		.uleb128 0x19
 435 0053 01       		.uleb128 0x1
 436 0054 13       		.uleb128 0x13
 437 0055 00       		.byte	0
 438 0056 00       		.byte	0
 439 0057 07       		.uleb128 0x7
 440 0058 898201   		.uleb128 0x4109
 441 005b 00       		.byte	0
 442 005c 11       		.uleb128 0x11
 443 005d 01       		.uleb128 0x1
 444 005e 31       		.uleb128 0x31
 445 005f 13       		.uleb128 0x13
 446 0060 00       		.byte	0
 447 0061 00       		.byte	0
 448 0062 08       		.uleb128 0x8
 449 0063 05       		.uleb128 0x5
 450 0064 00       		.byte	0
 451 0065 03       		.uleb128 0x3
 452 0066 0E       		.uleb128 0xe
 453 0067 3A       		.uleb128 0x3a
 454 0068 0B       		.uleb128 0xb
 455 0069 3B       		.uleb128 0x3b
 456 006a 0B       		.uleb128 0xb
 457 006b 49       		.uleb128 0x49
 458 006c 13       		.uleb128 0x13
 459 006d 02       		.uleb128 0x2
 460 006e 17       		.uleb128 0x17
 461 006f 00       		.byte	0
 462 0070 00       		.byte	0
 463 0071 09       		.uleb128 0x9
 464 0072 34       		.uleb128 0x34
 465 0073 00       		.byte	0
 466 0074 03       		.uleb128 0x3
 467 0075 0E       		.uleb128 0xe
 468 0076 3A       		.uleb128 0x3a
 469 0077 0B       		.uleb128 0xb
 470 0078 3B       		.uleb128 0x3b
 471 0079 0B       		.uleb128 0xb
ARM GAS  C:\Users\Robert\AppData\Local\Temp\ccKM49Pe.s 			page 14


 472 007a 49       		.uleb128 0x49
 473 007b 13       		.uleb128 0x13
 474 007c 02       		.uleb128 0x2
 475 007d 17       		.uleb128 0x17
 476 007e 00       		.byte	0
 477 007f 00       		.byte	0
 478 0080 0A       		.uleb128 0xa
 479 0081 34       		.uleb128 0x34
 480 0082 00       		.byte	0
 481 0083 03       		.uleb128 0x3
 482 0084 0E       		.uleb128 0xe
 483 0085 3A       		.uleb128 0x3a
 484 0086 0B       		.uleb128 0xb
 485 0087 3B       		.uleb128 0x3b
 486 0088 0B       		.uleb128 0xb
 487 0089 49       		.uleb128 0x49
 488 008a 13       		.uleb128 0x13
 489 008b 02       		.uleb128 0x2
 490 008c 18       		.uleb128 0x18
 491 008d 00       		.byte	0
 492 008e 00       		.byte	0
 493 008f 0B       		.uleb128 0xb
 494 0090 34       		.uleb128 0x34
 495 0091 00       		.byte	0
 496 0092 03       		.uleb128 0x3
 497 0093 08       		.uleb128 0x8
 498 0094 3A       		.uleb128 0x3a
 499 0095 0B       		.uleb128 0xb
 500 0096 3B       		.uleb128 0x3b
 501 0097 0B       		.uleb128 0xb
 502 0098 49       		.uleb128 0x49
 503 0099 13       		.uleb128 0x13
 504 009a 02       		.uleb128 0x2
 505 009b 17       		.uleb128 0x17
 506 009c 00       		.byte	0
 507 009d 00       		.byte	0
 508 009e 0C       		.uleb128 0xc
 509 009f 898201   		.uleb128 0x4109
 510 00a2 01       		.byte	0x1
 511 00a3 11       		.uleb128 0x11
 512 00a4 01       		.uleb128 0x1
 513 00a5 31       		.uleb128 0x31
 514 00a6 13       		.uleb128 0x13
 515 00a7 01       		.uleb128 0x1
 516 00a8 13       		.uleb128 0x13
 517 00a9 00       		.byte	0
 518 00aa 00       		.byte	0
 519 00ab 0D       		.uleb128 0xd
 520 00ac 8A8201   		.uleb128 0x410a
 521 00af 00       		.byte	0
 522 00b0 02       		.uleb128 0x2
 523 00b1 18       		.uleb128 0x18
 524 00b2 9142     		.uleb128 0x2111
 525 00b4 18       		.uleb128 0x18
 526 00b5 00       		.byte	0
 527 00b6 00       		.byte	0
 528 00b7 0E       		.uleb128 0xe
ARM GAS  C:\Users\Robert\AppData\Local\Temp\ccKM49Pe.s 			page 15


 529 00b8 01       		.uleb128 0x1
 530 00b9 01       		.byte	0x1
 531 00ba 49       		.uleb128 0x49
 532 00bb 13       		.uleb128 0x13
 533 00bc 01       		.uleb128 0x1
 534 00bd 13       		.uleb128 0x13
 535 00be 00       		.byte	0
 536 00bf 00       		.byte	0
 537 00c0 0F       		.uleb128 0xf
 538 00c1 21       		.uleb128 0x21
 539 00c2 00       		.byte	0
 540 00c3 49       		.uleb128 0x49
 541 00c4 13       		.uleb128 0x13
 542 00c5 2F       		.uleb128 0x2f
 543 00c6 0B       		.uleb128 0xb
 544 00c7 00       		.byte	0
 545 00c8 00       		.byte	0
 546 00c9 10       		.uleb128 0x10
 547 00ca 2E       		.uleb128 0x2e
 548 00cb 00       		.byte	0
 549 00cc 3F       		.uleb128 0x3f
 550 00cd 19       		.uleb128 0x19
 551 00ce 03       		.uleb128 0x3
 552 00cf 0E       		.uleb128 0xe
 553 00d0 3A       		.uleb128 0x3a
 554 00d1 0B       		.uleb128 0xb
 555 00d2 3B       		.uleb128 0x3b
 556 00d3 0B       		.uleb128 0xb
 557 00d4 27       		.uleb128 0x27
 558 00d5 19       		.uleb128 0x19
 559 00d6 3C       		.uleb128 0x3c
 560 00d7 19       		.uleb128 0x19
 561 00d8 00       		.byte	0
 562 00d9 00       		.byte	0
 563 00da 11       		.uleb128 0x11
 564 00db 2E       		.uleb128 0x2e
 565 00dc 01       		.byte	0x1
 566 00dd 3F       		.uleb128 0x3f
 567 00de 19       		.uleb128 0x19
 568 00df 03       		.uleb128 0x3
 569 00e0 0E       		.uleb128 0xe
 570 00e1 3A       		.uleb128 0x3a
 571 00e2 0B       		.uleb128 0xb
 572 00e3 3B       		.uleb128 0x3b
 573 00e4 0B       		.uleb128 0xb
 574 00e5 27       		.uleb128 0x27
 575 00e6 19       		.uleb128 0x19
 576 00e7 49       		.uleb128 0x49
 577 00e8 13       		.uleb128 0x13
 578 00e9 3C       		.uleb128 0x3c
 579 00ea 19       		.uleb128 0x19
 580 00eb 01       		.uleb128 0x1
 581 00ec 13       		.uleb128 0x13
 582 00ed 00       		.byte	0
 583 00ee 00       		.byte	0
 584 00ef 12       		.uleb128 0x12
 585 00f0 05       		.uleb128 0x5
ARM GAS  C:\Users\Robert\AppData\Local\Temp\ccKM49Pe.s 			page 16


 586 00f1 00       		.byte	0
 587 00f2 49       		.uleb128 0x49
 588 00f3 13       		.uleb128 0x13
 589 00f4 00       		.byte	0
 590 00f5 00       		.byte	0
 591 00f6 13       		.uleb128 0x13
 592 00f7 0F       		.uleb128 0xf
 593 00f8 00       		.byte	0
 594 00f9 0B       		.uleb128 0xb
 595 00fa 0B       		.uleb128 0xb
 596 00fb 49       		.uleb128 0x49
 597 00fc 13       		.uleb128 0x13
 598 00fd 00       		.byte	0
 599 00fe 00       		.byte	0
 600 00ff 14       		.uleb128 0x14
 601 0100 26       		.uleb128 0x26
 602 0101 00       		.byte	0
 603 0102 49       		.uleb128 0x49
 604 0103 13       		.uleb128 0x13
 605 0104 00       		.byte	0
 606 0105 00       		.byte	0
 607 0106 00       		.byte	0
 608              		.section	.debug_loc,"",%progbits
 609              	.Ldebug_loc0:
 610              	.LLST0:
 611 0000 00000000 		.4byte	.LVL1
 612 0004 2C000000 		.4byte	.LVL10
 613 0008 0100     		.2byte	0x1
 614 000a 50       		.byte	0x50
 615 000b 2C000000 		.4byte	.LVL10
 616 000f 3A000000 		.4byte	.LFE1
 617 0013 0400     		.2byte	0x4
 618 0015 F3       		.byte	0xf3
 619 0016 01       		.uleb128 0x1
 620 0017 50       		.byte	0x50
 621 0018 9F       		.byte	0x9f
 622 0019 00000000 		.4byte	0
 623 001d 00000000 		.4byte	0
 624              	.LLST1:
 625 0021 00000000 		.4byte	.LVL1
 626 0025 0E000000 		.4byte	.LVL4
 627 0029 0100     		.2byte	0x1
 628 002b 51       		.byte	0x51
 629 002c 0E000000 		.4byte	.LVL4
 630 0030 3A000000 		.4byte	.LFE1
 631 0034 0400     		.2byte	0x4
 632 0036 F3       		.byte	0xf3
 633 0037 01       		.uleb128 0x1
 634 0038 51       		.byte	0x51
 635 0039 9F       		.byte	0x9f
 636 003a 00000000 		.4byte	0
 637 003e 00000000 		.4byte	0
 638              	.LLST2:
 639 0042 06000000 		.4byte	.LVL2
 640 0046 2C000000 		.4byte	.LVL10
 641 004a 0100     		.2byte	0x1
 642 004c 50       		.byte	0x50
ARM GAS  C:\Users\Robert\AppData\Local\Temp\ccKM49Pe.s 			page 17


 643 004d 2C000000 		.4byte	.LVL10
 644 0051 3A000000 		.4byte	.LFE1
 645 0055 0400     		.2byte	0x4
 646 0057 F3       		.byte	0xf3
 647 0058 01       		.uleb128 0x1
 648 0059 50       		.byte	0x50
 649 005a 9F       		.byte	0x9f
 650 005b 00000000 		.4byte	0
 651 005f 00000000 		.4byte	0
 652              	.LLST3:
 653 0063 0E000000 		.4byte	.LVL4
 654 0067 31000000 		.4byte	.LVL11-1
 655 006b 0100     		.2byte	0x1
 656 006d 51       		.byte	0x51
 657 006e 31000000 		.4byte	.LVL11-1
 658 0072 3A000000 		.4byte	.LFE1
 659 0076 0A00     		.2byte	0xa
 660 0078 F3       		.byte	0xf3
 661 0079 01       		.uleb128 0x1
 662 007a 50       		.byte	0x50
 663 007b 09       		.byte	0x9
 664 007c F4       		.byte	0xf4
 665 007d 24       		.byte	0x24
 666 007e 09       		.byte	0x9
 667 007f FC       		.byte	0xfc
 668 0080 25       		.byte	0x25
 669 0081 9F       		.byte	0x9f
 670 0082 00000000 		.4byte	0
 671 0086 00000000 		.4byte	0
 672              	.LLST4:
 673 008a 12000000 		.4byte	.LVL5
 674 008e 16000000 		.4byte	.LVL6
 675 0092 0200     		.2byte	0x2
 676 0094 30       		.byte	0x30
 677 0095 9F       		.byte	0x9f
 678 0096 16000000 		.4byte	.LVL6
 679 009a 1E000000 		.4byte	.LVL7
 680 009e 0100     		.2byte	0x1
 681 00a0 53       		.byte	0x53
 682 00a1 20000000 		.4byte	.LVL8
 683 00a5 26000000 		.4byte	.LVL9
 684 00a9 0100     		.2byte	0x1
 685 00ab 53       		.byte	0x53
 686 00ac 00000000 		.4byte	0
 687 00b0 00000000 		.4byte	0
 688              		.section	.debug_aranges,"",%progbits
 689 0000 24000000 		.4byte	0x24
 690 0004 0200     		.2byte	0x2
 691 0006 00000000 		.4byte	.Ldebug_info0
 692 000a 04       		.byte	0x4
 693 000b 00       		.byte	0
 694 000c 0000     		.2byte	0
 695 000e 0000     		.2byte	0
 696 0010 00000000 		.4byte	.LFB0
 697 0014 14000000 		.4byte	.LFE0-.LFB0
 698 0018 00000000 		.4byte	.LFB1
 699 001c 3A000000 		.4byte	.LFE1-.LFB1
ARM GAS  C:\Users\Robert\AppData\Local\Temp\ccKM49Pe.s 			page 18


 700 0020 00000000 		.4byte	0
 701 0024 00000000 		.4byte	0
 702              		.section	.debug_ranges,"",%progbits
 703              	.Ldebug_ranges0:
 704 0000 00000000 		.4byte	.LFB0
 705 0004 14000000 		.4byte	.LFE0
 706 0008 00000000 		.4byte	.LFB1
 707 000c 3A000000 		.4byte	.LFE1
 708 0010 00000000 		.4byte	0
 709 0014 00000000 		.4byte	0
 710              		.section	.debug_line,"",%progbits
 711              	.Ldebug_line0:
 712 0000 A7000000 		.section	.debug_str,"MS",%progbits,1
 712      02006500 
 712      00000201 
 712      FB0E0D00 
 712      01010101 
 713              	.LASF15:
 714 0000 63797374 		.ascii	"cystatus\000"
 714      61747573 
 714      00
 715              	.LASF25:
 716 0009 726F774E 		.ascii	"rowNum\000"
 716      756D00
 717              	.LASF3:
 718 0010 73686F72 		.ascii	"short unsigned int\000"
 718      7420756E 
 718      7369676E 
 718      65642069 
 718      6E7400
 719              	.LASF12:
 720 0023 666C6F61 		.ascii	"float\000"
 720      7400
 721              	.LASF1:
 722 0029 756E7369 		.ascii	"unsigned char\000"
 722      676E6564 
 722      20636861 
 722      7200
 723              	.LASF23:
 724 0037 726F7744 		.ascii	"rowData\000"
 724      61746100 
 725              	.LASF16:
 726 003f 72656738 		.ascii	"reg8\000"
 726      00
 727              	.LASF5:
 728 0044 6C6F6E67 		.ascii	"long unsigned int\000"
 728      20756E73 
 728      69676E65 
 728      6420696E 
 728      7400
 729              	.LASF9:
 730 0056 75696E74 		.ascii	"uint8\000"
 730      3800
 731              	.LASF24:
 732 005c 61727261 		.ascii	"arrayId\000"
 732      79496400 
 733              	.LASF13:
ARM GAS  C:\Users\Robert\AppData\Local\Temp\ccKM49Pe.s 			page 19


 734 0064 646F7562 		.ascii	"double\000"
 734      6C6500
 735              	.LASF22:
 736 006b 666C7341 		.ascii	"flsAddr\000"
 736      64647200 
 737              	.LASF10:
 738 0073 75696E74 		.ascii	"uint16\000"
 738      313600
 739              	.LASF11:
 740 007a 75696E74 		.ascii	"uint32\000"
 740      333200
 741              	.LASF29:
 742 0081 474E5520 		.ascii	"GNU C 4.9.3 20150303 (release) [ARM/embedded-4_9-br"
 742      4320342E 
 742      392E3320 
 742      32303135 
 742      30333033 
 743 00b4 616E6368 		.ascii	"anch revision 221220] -mcpu=cortex-m3 -mthumb -g -O"
 743      20726576 
 743      6973696F 
 743      6E203232 
 743      31323230 
 744 00e7 67202D66 		.ascii	"g -ffunction-sections -ffat-lto-objects\000"
 744      66756E63 
 744      74696F6E 
 744      2D736563 
 744      74696F6E 
 745              	.LASF8:
 746 010f 756E7369 		.ascii	"unsigned int\000"
 746      676E6564 
 746      20696E74 
 746      00
 747              	.LASF19:
 748 011c 426F6F74 		.ascii	"Bootloadable_1_SetFlashByte\000"
 748      6C6F6164 
 748      61626C65 
 748      5F315F53 
 748      6574466C 
 749              	.LASF20:
 750 0138 61646472 		.ascii	"address\000"
 750      65737300 
 751              	.LASF7:
 752 0140 6C6F6E67 		.ascii	"long long unsigned int\000"
 752      206C6F6E 
 752      6720756E 
 752      7369676E 
 752      65642069 
 753              	.LASF31:
 754 0157 433A5C55 		.ascii	"C:\\Users\\Robert\\Documents\\git\\bootloader\\piso"
 754      73657273 
 754      5C526F62 
 754      6572745C 
 754      446F6375 
 755 0184 632B5F62 		.ascii	"c+_bootloader\\PSoC Creator\\pisoc_bootloadable_exa"
 755      6F6F746C 
 755      6F616465 
 755      725C5053 
ARM GAS  C:\Users\Robert\AppData\Local\Temp\ccKM49Pe.s 			page 20


 755      6F432043 
 756 01b5 6D706C65 		.ascii	"mple.cydsn\000"
 756      2E637964 
 756      736E00
 757              	.LASF21:
 758 01c0 72756E54 		.ascii	"runType\000"
 758      79706500 
 759              	.LASF26:
 760 01c8 62617365 		.ascii	"baseAddr\000"
 760      41646472 
 760      00
 761              	.LASF17:
 762 01d1 73697A65 		.ascii	"sizetype\000"
 762      74797065 
 762      00
 763              	.LASF6:
 764 01da 6C6F6E67 		.ascii	"long long int\000"
 764      206C6F6E 
 764      6720696E 
 764      7400
 765              	.LASF14:
 766 01e8 63686172 		.ascii	"char\000"
 766      00
 767              	.LASF2:
 768 01ed 73686F72 		.ascii	"short int\000"
 768      7420696E 
 768      7400
 769              	.LASF30:
 770 01f7 2E5C4765 		.ascii	".\\Generated_Source\\PSoC5\\Bootloadable_1.c\000"
 770      6E657261 
 770      7465645F 
 770      536F7572 
 770      63655C50 
 771              	.LASF27:
 772 0221 4379536F 		.ascii	"CySoftwareReset\000"
 772      66747761 
 772      72655265 
 772      73657400 
 773              	.LASF4:
 774 0231 6C6F6E67 		.ascii	"long int\000"
 774      20696E74 
 774      00
 775              	.LASF0:
 776 023a 7369676E 		.ascii	"signed char\000"
 776      65642063 
 776      68617200 
 777              	.LASF28:
 778 0246 4379466C 		.ascii	"CyFlushCache\000"
 778      75736843 
 778      61636865 
 778      00
 779              	.LASF32:
 780 0253 43795772 		.ascii	"CyWriteRowData\000"
 780      69746552 
 780      6F774461 
 780      746100
 781              	.LASF18:
ARM GAS  C:\Users\Robert\AppData\Local\Temp\ccKM49Pe.s 			page 21


 782 0262 426F6F74 		.ascii	"Bootloadable_1_Load\000"
 782      6C6F6164 
 782      61626C65 
 782      5F315F4C 
 782      6F616400 
 783              		.ident	"GCC: (GNU Tools for ARM Embedded Processors) 4.9.3 20150303 (release) [ARM/embedded-4_9-br
