ARM GAS  C:\Users\Robert\AppData\Local\Temp\ccOTBQdc.s 			page 1


   1              		.syntax unified
   2              		.cpu cortex-m3
   3              		.fpu softvfp
   4              		.eabi_attribute 20, 1
   5              		.eabi_attribute 21, 1
   6              		.eabi_attribute 23, 3
   7              		.eabi_attribute 24, 1
   8              		.eabi_attribute 25, 1
   9              		.eabi_attribute 26, 1
  10              		.eabi_attribute 30, 1
  11              		.eabi_attribute 34, 1
  12              		.eabi_attribute 18, 4
  13              		.thumb
  14              		.file	"main.c"
  15              		.text
  16              	.Ltext0:
  17              		.cfi_sections	.debug_frame
  18              		.section	.text.main,"ax",%progbits
  19              		.align	2
  20              		.global	main
  21              		.thumb
  22              		.thumb_func
  23              		.type	main, %function
  24              	main:
  25              	.LFB63:
  26              		.file 1 ".\\main.c"
   1:.\main.c      **** /* ========================================
   2:.\main.c      ****  *
   3:.\main.c      ****  * Copyright YOUR COMPANY, THE YEAR
   4:.\main.c      ****  * All Rights Reserved
   5:.\main.c      ****  * UNPUBLISHED, LICENSED SOFTWARE.
   6:.\main.c      ****  *
   7:.\main.c      ****  * CONFIDENTIAL AND PROPRIETARY INFORMATION
   8:.\main.c      ****  * WHICH IS THE PROPERTY OF your company.
   9:.\main.c      ****  *
  10:.\main.c      ****  * ========================================
  11:.\main.c      **** */
  12:.\main.c      **** #include <project.h>
  13:.\main.c      **** 
  14:.\main.c      **** int main()
  15:.\main.c      **** {
  27              		.loc 1 15 0
  28              		.cfi_startproc
  29              		@ Volatile: function does not return.
  30              		@ args = 0, pretend = 0, frame = 0
  31              		@ frame_needed = 0, uses_anonymous_args = 0
  32 0000 08B5     		push	{r3, lr}
  33              		.cfi_def_cfa_offset 8
  34              		.cfi_offset 3, -8
  35              		.cfi_offset 14, -4
  16:.\main.c      ****     CyGlobalIntEnable; /* Enable global interrupts. */
  36              		.loc 1 16 0
  37              	@ 16 ".\main.c" 1
  38 0002 62B6     		CPSIE   i
  39              	@ 0 "" 2
  17:.\main.c      **** 
  18:.\main.c      ****     /* Place your initialization/startup code here (e.g. MyInst_Start()) */
ARM GAS  C:\Users\Robert\AppData\Local\Temp\ccOTBQdc.s 			page 2


  19:.\main.c      ****     PWM_1_Start();
  40              		.loc 1 19 0
  41              		.thumb
  42 0004 FFF7FEFF 		bl	PWM_1_Start
  43              	.LVL0:
  44              	.L2:
  20:.\main.c      ****     for(;;)
  21:.\main.c      ****     {
  22:.\main.c      ****         /* Place your application code here. */
  23:.\main.c      ****         CyDelay(2);
  45              		.loc 1 23 0 discriminator 1
  46 0008 0220     		movs	r0, #2
  47 000a FFF7FEFF 		bl	CyDelay
  48              	.LVL1:
  24:.\main.c      ****     }
  49              		.loc 1 24 0 discriminator 1
  50 000e FBE7     		b	.L2
  51              		.cfi_endproc
  52              	.LFE63:
  53              		.size	main, .-main
  54              		.text
  55              	.Letext0:
  56              		.file 2 "c:\\program files (x86)\\cypress\\psoc creator\\3.3\\psoc creator\\import\\gnu\\arm\\4.9.
  57              		.file 3 "c:\\program files (x86)\\cypress\\psoc creator\\3.3\\psoc creator\\import\\gnu\\arm\\4.9.
  58              		.file 4 "Generated_Source\\PSoC5/cytypes.h"
  59              		.file 5 "Generated_Source\\PSoC5/core_cm3.h"
  60              		.file 6 "Generated_Source\\PSoC5/PWM_1.h"
  61              		.file 7 "Generated_Source\\PSoC5/CyLib.h"
  62              		.section	.debug_info,"",%progbits
  63              	.Ldebug_info0:
  64 0000 FD000000 		.4byte	0xfd
  65 0004 0400     		.2byte	0x4
  66 0006 00000000 		.4byte	.Ldebug_abbrev0
  67 000a 04       		.byte	0x4
  68 000b 01       		.uleb128 0x1
  69 000c 77000000 		.4byte	.LASF16
  70 0010 01       		.byte	0x1
  71 0011 21010000 		.4byte	.LASF17
  72 0015 75010000 		.4byte	.LASF18
  73 0019 00000000 		.4byte	.Ldebug_ranges0+0
  74 001d 00000000 		.4byte	0
  75 0021 00000000 		.4byte	.Ldebug_line0
  76 0025 02       		.uleb128 0x2
  77 0026 01       		.byte	0x1
  78 0027 06       		.byte	0x6
  79 0028 3E010000 		.4byte	.LASF0
  80 002c 02       		.uleb128 0x2
  81 002d 01       		.byte	0x1
  82 002e 08       		.byte	0x8
  83 002f 05010000 		.4byte	.LASF1
  84 0033 02       		.uleb128 0x2
  85 0034 02       		.byte	0x2
  86 0035 05       		.byte	0x5
  87 0036 5A010000 		.4byte	.LASF2
  88 003a 02       		.uleb128 0x2
  89 003b 02       		.byte	0x2
  90 003c 07       		.byte	0x7
ARM GAS  C:\Users\Robert\AppData\Local\Temp\ccOTBQdc.s 			page 3


  91 003d 64000000 		.4byte	.LASF3
  92 0041 03       		.uleb128 0x3
  93 0042 4A010000 		.4byte	.LASF9
  94 0046 02       		.byte	0x2
  95 0047 3F       		.byte	0x3f
  96 0048 4C000000 		.4byte	0x4c
  97 004c 02       		.uleb128 0x2
  98 004d 04       		.byte	0x4
  99 004e 05       		.byte	0x5
 100 004f 18010000 		.4byte	.LASF4
 101 0053 02       		.uleb128 0x2
 102 0054 04       		.byte	0x4
 103 0055 07       		.byte	0x7
 104 0056 3B000000 		.4byte	.LASF5
 105 005a 02       		.uleb128 0x2
 106 005b 08       		.byte	0x8
 107 005c 05       		.byte	0x5
 108 005d 00000000 		.4byte	.LASF6
 109 0061 02       		.uleb128 0x2
 110 0062 08       		.byte	0x8
 111 0063 07       		.byte	0x7
 112 0064 4D000000 		.4byte	.LASF7
 113 0068 04       		.uleb128 0x4
 114 0069 04       		.byte	0x4
 115 006a 05       		.byte	0x5
 116 006b 696E7400 		.ascii	"int\000"
 117 006f 02       		.uleb128 0x2
 118 0070 04       		.byte	0x4
 119 0071 07       		.byte	0x7
 120 0072 15000000 		.4byte	.LASF8
 121 0076 03       		.uleb128 0x3
 122 0077 64010000 		.4byte	.LASF10
 123 007b 03       		.byte	0x3
 124 007c 2C       		.byte	0x2c
 125 007d 41000000 		.4byte	0x41
 126 0081 05       		.uleb128 0x5
 127 0082 0E000000 		.4byte	.LASF11
 128 0086 04       		.byte	0x4
 129 0087 3A01     		.2byte	0x13a
 130 0089 53000000 		.4byte	0x53
 131 008d 02       		.uleb128 0x2
 132 008e 04       		.byte	0x4
 133 008f 04       		.byte	0x4
 134 0090 54010000 		.4byte	.LASF12
 135 0094 02       		.uleb128 0x2
 136 0095 08       		.byte	0x8
 137 0096 04       		.byte	0x4
 138 0097 2A010000 		.4byte	.LASF13
 139 009b 02       		.uleb128 0x2
 140 009c 01       		.byte	0x1
 141 009d 08       		.byte	0x8
 142 009e 13010000 		.4byte	.LASF14
 143 00a2 02       		.uleb128 0x2
 144 00a3 04       		.byte	0x4
 145 00a4 07       		.byte	0x7
 146 00a5 6C010000 		.4byte	.LASF15
 147 00a9 06       		.uleb128 0x6
ARM GAS  C:\Users\Robert\AppData\Local\Temp\ccOTBQdc.s 			page 4


 148 00aa 22000000 		.4byte	.LASF19
 149 00ae 01       		.byte	0x1
 150 00af 0E       		.byte	0xe
 151 00b0 68000000 		.4byte	0x68
 152 00b4 00000000 		.4byte	.LFB63
 153 00b8 10000000 		.4byte	.LFE63-.LFB63
 154 00bc 01       		.uleb128 0x1
 155 00bd 9C       		.byte	0x9c
 156 00be DB000000 		.4byte	0xdb
 157 00c2 07       		.uleb128 0x7
 158 00c3 08000000 		.4byte	.LVL0
 159 00c7 EC000000 		.4byte	0xec
 160 00cb 08       		.uleb128 0x8
 161 00cc 0E000000 		.4byte	.LVL1
 162 00d0 F3000000 		.4byte	0xf3
 163 00d4 09       		.uleb128 0x9
 164 00d5 01       		.uleb128 0x1
 165 00d6 50       		.byte	0x50
 166 00d7 01       		.uleb128 0x1
 167 00d8 32       		.byte	0x32
 168 00d9 00       		.byte	0
 169 00da 00       		.byte	0
 170 00db 0A       		.uleb128 0xa
 171 00dc 31010000 		.4byte	.LASF20
 172 00e0 05       		.byte	0x5
 173 00e1 5506     		.2byte	0x655
 174 00e3 E7000000 		.4byte	0xe7
 175 00e7 0B       		.uleb128 0xb
 176 00e8 76000000 		.4byte	0x76
 177 00ec 0C       		.uleb128 0xc
 178 00ed 27000000 		.4byte	.LASF21
 179 00f1 06       		.byte	0x6
 180 00f2 92       		.byte	0x92
 181 00f3 0D       		.uleb128 0xd
 182 00f4 33000000 		.4byte	.LASF22
 183 00f8 07       		.byte	0x7
 184 00f9 77       		.byte	0x77
 185 00fa 0E       		.uleb128 0xe
 186 00fb 81000000 		.4byte	0x81
 187 00ff 00       		.byte	0
 188 0100 00       		.byte	0
 189              		.section	.debug_abbrev,"",%progbits
 190              	.Ldebug_abbrev0:
 191 0000 01       		.uleb128 0x1
 192 0001 11       		.uleb128 0x11
 193 0002 01       		.byte	0x1
 194 0003 25       		.uleb128 0x25
 195 0004 0E       		.uleb128 0xe
 196 0005 13       		.uleb128 0x13
 197 0006 0B       		.uleb128 0xb
 198 0007 03       		.uleb128 0x3
 199 0008 0E       		.uleb128 0xe
 200 0009 1B       		.uleb128 0x1b
 201 000a 0E       		.uleb128 0xe
 202 000b 55       		.uleb128 0x55
 203 000c 17       		.uleb128 0x17
 204 000d 11       		.uleb128 0x11
ARM GAS  C:\Users\Robert\AppData\Local\Temp\ccOTBQdc.s 			page 5


 205 000e 01       		.uleb128 0x1
 206 000f 10       		.uleb128 0x10
 207 0010 17       		.uleb128 0x17
 208 0011 00       		.byte	0
 209 0012 00       		.byte	0
 210 0013 02       		.uleb128 0x2
 211 0014 24       		.uleb128 0x24
 212 0015 00       		.byte	0
 213 0016 0B       		.uleb128 0xb
 214 0017 0B       		.uleb128 0xb
 215 0018 3E       		.uleb128 0x3e
 216 0019 0B       		.uleb128 0xb
 217 001a 03       		.uleb128 0x3
 218 001b 0E       		.uleb128 0xe
 219 001c 00       		.byte	0
 220 001d 00       		.byte	0
 221 001e 03       		.uleb128 0x3
 222 001f 16       		.uleb128 0x16
 223 0020 00       		.byte	0
 224 0021 03       		.uleb128 0x3
 225 0022 0E       		.uleb128 0xe
 226 0023 3A       		.uleb128 0x3a
 227 0024 0B       		.uleb128 0xb
 228 0025 3B       		.uleb128 0x3b
 229 0026 0B       		.uleb128 0xb
 230 0027 49       		.uleb128 0x49
 231 0028 13       		.uleb128 0x13
 232 0029 00       		.byte	0
 233 002a 00       		.byte	0
 234 002b 04       		.uleb128 0x4
 235 002c 24       		.uleb128 0x24
 236 002d 00       		.byte	0
 237 002e 0B       		.uleb128 0xb
 238 002f 0B       		.uleb128 0xb
 239 0030 3E       		.uleb128 0x3e
 240 0031 0B       		.uleb128 0xb
 241 0032 03       		.uleb128 0x3
 242 0033 08       		.uleb128 0x8
 243 0034 00       		.byte	0
 244 0035 00       		.byte	0
 245 0036 05       		.uleb128 0x5
 246 0037 16       		.uleb128 0x16
 247 0038 00       		.byte	0
 248 0039 03       		.uleb128 0x3
 249 003a 0E       		.uleb128 0xe
 250 003b 3A       		.uleb128 0x3a
 251 003c 0B       		.uleb128 0xb
 252 003d 3B       		.uleb128 0x3b
 253 003e 05       		.uleb128 0x5
 254 003f 49       		.uleb128 0x49
 255 0040 13       		.uleb128 0x13
 256 0041 00       		.byte	0
 257 0042 00       		.byte	0
 258 0043 06       		.uleb128 0x6
 259 0044 2E       		.uleb128 0x2e
 260 0045 01       		.byte	0x1
 261 0046 3F       		.uleb128 0x3f
ARM GAS  C:\Users\Robert\AppData\Local\Temp\ccOTBQdc.s 			page 6


 262 0047 19       		.uleb128 0x19
 263 0048 03       		.uleb128 0x3
 264 0049 0E       		.uleb128 0xe
 265 004a 3A       		.uleb128 0x3a
 266 004b 0B       		.uleb128 0xb
 267 004c 3B       		.uleb128 0x3b
 268 004d 0B       		.uleb128 0xb
 269 004e 49       		.uleb128 0x49
 270 004f 13       		.uleb128 0x13
 271 0050 11       		.uleb128 0x11
 272 0051 01       		.uleb128 0x1
 273 0052 12       		.uleb128 0x12
 274 0053 06       		.uleb128 0x6
 275 0054 40       		.uleb128 0x40
 276 0055 18       		.uleb128 0x18
 277 0056 9742     		.uleb128 0x2117
 278 0058 19       		.uleb128 0x19
 279 0059 01       		.uleb128 0x1
 280 005a 13       		.uleb128 0x13
 281 005b 00       		.byte	0
 282 005c 00       		.byte	0
 283 005d 07       		.uleb128 0x7
 284 005e 898201   		.uleb128 0x4109
 285 0061 00       		.byte	0
 286 0062 11       		.uleb128 0x11
 287 0063 01       		.uleb128 0x1
 288 0064 31       		.uleb128 0x31
 289 0065 13       		.uleb128 0x13
 290 0066 00       		.byte	0
 291 0067 00       		.byte	0
 292 0068 08       		.uleb128 0x8
 293 0069 898201   		.uleb128 0x4109
 294 006c 01       		.byte	0x1
 295 006d 11       		.uleb128 0x11
 296 006e 01       		.uleb128 0x1
 297 006f 31       		.uleb128 0x31
 298 0070 13       		.uleb128 0x13
 299 0071 00       		.byte	0
 300 0072 00       		.byte	0
 301 0073 09       		.uleb128 0x9
 302 0074 8A8201   		.uleb128 0x410a
 303 0077 00       		.byte	0
 304 0078 02       		.uleb128 0x2
 305 0079 18       		.uleb128 0x18
 306 007a 9142     		.uleb128 0x2111
 307 007c 18       		.uleb128 0x18
 308 007d 00       		.byte	0
 309 007e 00       		.byte	0
 310 007f 0A       		.uleb128 0xa
 311 0080 34       		.uleb128 0x34
 312 0081 00       		.byte	0
 313 0082 03       		.uleb128 0x3
 314 0083 0E       		.uleb128 0xe
 315 0084 3A       		.uleb128 0x3a
 316 0085 0B       		.uleb128 0xb
 317 0086 3B       		.uleb128 0x3b
 318 0087 05       		.uleb128 0x5
ARM GAS  C:\Users\Robert\AppData\Local\Temp\ccOTBQdc.s 			page 7


 319 0088 49       		.uleb128 0x49
 320 0089 13       		.uleb128 0x13
 321 008a 3F       		.uleb128 0x3f
 322 008b 19       		.uleb128 0x19
 323 008c 3C       		.uleb128 0x3c
 324 008d 19       		.uleb128 0x19
 325 008e 00       		.byte	0
 326 008f 00       		.byte	0
 327 0090 0B       		.uleb128 0xb
 328 0091 35       		.uleb128 0x35
 329 0092 00       		.byte	0
 330 0093 49       		.uleb128 0x49
 331 0094 13       		.uleb128 0x13
 332 0095 00       		.byte	0
 333 0096 00       		.byte	0
 334 0097 0C       		.uleb128 0xc
 335 0098 2E       		.uleb128 0x2e
 336 0099 00       		.byte	0
 337 009a 3F       		.uleb128 0x3f
 338 009b 19       		.uleb128 0x19
 339 009c 03       		.uleb128 0x3
 340 009d 0E       		.uleb128 0xe
 341 009e 3A       		.uleb128 0x3a
 342 009f 0B       		.uleb128 0xb
 343 00a0 3B       		.uleb128 0x3b
 344 00a1 0B       		.uleb128 0xb
 345 00a2 27       		.uleb128 0x27
 346 00a3 19       		.uleb128 0x19
 347 00a4 3C       		.uleb128 0x3c
 348 00a5 19       		.uleb128 0x19
 349 00a6 00       		.byte	0
 350 00a7 00       		.byte	0
 351 00a8 0D       		.uleb128 0xd
 352 00a9 2E       		.uleb128 0x2e
 353 00aa 01       		.byte	0x1
 354 00ab 3F       		.uleb128 0x3f
 355 00ac 19       		.uleb128 0x19
 356 00ad 03       		.uleb128 0x3
 357 00ae 0E       		.uleb128 0xe
 358 00af 3A       		.uleb128 0x3a
 359 00b0 0B       		.uleb128 0xb
 360 00b1 3B       		.uleb128 0x3b
 361 00b2 0B       		.uleb128 0xb
 362 00b3 27       		.uleb128 0x27
 363 00b4 19       		.uleb128 0x19
 364 00b5 3C       		.uleb128 0x3c
 365 00b6 19       		.uleb128 0x19
 366 00b7 00       		.byte	0
 367 00b8 00       		.byte	0
 368 00b9 0E       		.uleb128 0xe
 369 00ba 05       		.uleb128 0x5
 370 00bb 00       		.byte	0
 371 00bc 49       		.uleb128 0x49
 372 00bd 13       		.uleb128 0x13
 373 00be 00       		.byte	0
 374 00bf 00       		.byte	0
 375 00c0 00       		.byte	0
ARM GAS  C:\Users\Robert\AppData\Local\Temp\ccOTBQdc.s 			page 8


 376              		.section	.debug_aranges,"",%progbits
 377 0000 1C000000 		.4byte	0x1c
 378 0004 0200     		.2byte	0x2
 379 0006 00000000 		.4byte	.Ldebug_info0
 380 000a 04       		.byte	0x4
 381 000b 00       		.byte	0
 382 000c 0000     		.2byte	0
 383 000e 0000     		.2byte	0
 384 0010 00000000 		.4byte	.LFB63
 385 0014 10000000 		.4byte	.LFE63-.LFB63
 386 0018 00000000 		.4byte	0
 387 001c 00000000 		.4byte	0
 388              		.section	.debug_ranges,"",%progbits
 389              	.Ldebug_ranges0:
 390 0000 00000000 		.4byte	.LFB63
 391 0004 10000000 		.4byte	.LFE63
 392 0008 00000000 		.4byte	0
 393 000c 00000000 		.4byte	0
 394              		.section	.debug_line,"",%progbits
 395              	.Ldebug_line0:
 396 0000 80010000 		.section	.debug_str,"MS",%progbits,1
 396      02005F01 
 396      00000201 
 396      FB0E0D00 
 396      01010101 
 397              	.LASF6:
 398 0000 6C6F6E67 		.ascii	"long long int\000"
 398      206C6F6E 
 398      6720696E 
 398      7400
 399              	.LASF11:
 400 000e 75696E74 		.ascii	"uint32\000"
 400      333200
 401              	.LASF8:
 402 0015 756E7369 		.ascii	"unsigned int\000"
 402      676E6564 
 402      20696E74 
 402      00
 403              	.LASF19:
 404 0022 6D61696E 		.ascii	"main\000"
 404      00
 405              	.LASF21:
 406 0027 50574D5F 		.ascii	"PWM_1_Start\000"
 406      315F5374 
 406      61727400 
 407              	.LASF22:
 408 0033 43794465 		.ascii	"CyDelay\000"
 408      6C617900 
 409              	.LASF5:
 410 003b 6C6F6E67 		.ascii	"long unsigned int\000"
 410      20756E73 
 410      69676E65 
 410      6420696E 
 410      7400
 411              	.LASF7:
 412 004d 6C6F6E67 		.ascii	"long long unsigned int\000"
 412      206C6F6E 
ARM GAS  C:\Users\Robert\AppData\Local\Temp\ccOTBQdc.s 			page 9


 412      6720756E 
 412      7369676E 
 412      65642069 
 413              	.LASF3:
 414 0064 73686F72 		.ascii	"short unsigned int\000"
 414      7420756E 
 414      7369676E 
 414      65642069 
 414      6E7400
 415              	.LASF16:
 416 0077 474E5520 		.ascii	"GNU C 4.9.3 20150303 (release) [ARM/embedded-4_9-br"
 416      4320342E 
 416      392E3320 
 416      32303135 
 416      30333033 
 417 00aa 616E6368 		.ascii	"anch revision 221220] -mcpu=cortex-m3 -mthumb -g -O"
 417      20726576 
 417      6973696F 
 417      6E203232 
 417      31323230 
 418 00dd 67202D66 		.ascii	"g -ffunction-sections -ffat-lto-objects\000"
 418      66756E63 
 418      74696F6E 
 418      2D736563 
 418      74696F6E 
 419              	.LASF1:
 420 0105 756E7369 		.ascii	"unsigned char\000"
 420      676E6564 
 420      20636861 
 420      7200
 421              	.LASF14:
 422 0113 63686172 		.ascii	"char\000"
 422      00
 423              	.LASF4:
 424 0118 6C6F6E67 		.ascii	"long int\000"
 424      20696E74 
 424      00
 425              	.LASF17:
 426 0121 2E5C6D61 		.ascii	".\\main.c\000"
 426      696E2E63 
 426      00
 427              	.LASF13:
 428 012a 646F7562 		.ascii	"double\000"
 428      6C6500
 429              	.LASF20:
 430 0131 49544D5F 		.ascii	"ITM_RxBuffer\000"
 430      52784275 
 430      66666572 
 430      00
 431              	.LASF0:
 432 013e 7369676E 		.ascii	"signed char\000"
 432      65642063 
 432      68617200 
 433              	.LASF9:
 434 014a 5F5F696E 		.ascii	"__int32_t\000"
 434      7433325F 
 434      7400
ARM GAS  C:\Users\Robert\AppData\Local\Temp\ccOTBQdc.s 			page 10


 435              	.LASF12:
 436 0154 666C6F61 		.ascii	"float\000"
 436      7400
 437              	.LASF2:
 438 015a 73686F72 		.ascii	"short int\000"
 438      7420696E 
 438      7400
 439              	.LASF10:
 440 0164 696E7433 		.ascii	"int32_t\000"
 440      325F7400 
 441              	.LASF15:
 442 016c 73697A65 		.ascii	"sizetype\000"
 442      74797065 
 442      00
 443              	.LASF18:
 444 0175 433A5C55 		.ascii	"C:\\Users\\Robert\\Documents\\git\\bootloader\\piso"
 444      73657273 
 444      5C526F62 
 444      6572745C 
 444      446F6375 
 445 01a2 632B5F62 		.ascii	"c+_bootloader\\PSoC Creator\\pisoc_bootloadable_exa"
 445      6F6F746C 
 445      6F616465 
 445      725C5053 
 445      6F432043 
 446 01d3 6D706C65 		.ascii	"mple.cydsn\000"
 446      2E637964 
 446      736E00
 447              		.ident	"GCC: (GNU Tools for ARM Embedded Processors) 4.9.3 20150303 (release) [ARM/embedded-4_9-br
