ARM GAS  C:\Users\Robert\AppData\Local\Temp\ccxSvQH5.s 			page 1


   1              		.syntax unified
   2              		.cpu cortex-m3
   3              		.fpu softvfp
   4              		.eabi_attribute 20, 1
   5              		.eabi_attribute 21, 1
   6              		.eabi_attribute 23, 3
   7              		.eabi_attribute 24, 1
   8              		.eabi_attribute 25, 1
   9              		.eabi_attribute 26, 1
  10              		.eabi_attribute 30, 6
  11              		.eabi_attribute 34, 1
  12              		.eabi_attribute 18, 4
  13              		.thumb
  14              		.file	"Cm3Start.c"
  15              		.text
  16              	.Ltext0:
  17              		.cfi_sections	.debug_frame
  18              		.section	.noinit,"aw",%progbits
  19              		.align	2
  20              		.type	cySysNoInitDataValid, %object
  21              		.size	cySysNoInitDataValid, 4
  22              	cySysNoInitDataValid:
  23 0000 00000000 		.space	4
  24              		.global	CyRamVectors
  25              		.section	.ramvectors,"aw",%progbits
  26              		.align	8
  27              		.type	CyRamVectors, %object
  28              		.size	CyRamVectors, 192
  29              	CyRamVectors:
  30 0000 00000000 		.space	192
  30      00000000 
  30      00000000 
  30      00000000 
  30      00000000 
  31 00c0 00000000 		.section	.text.IntDefaultHandler,"ax",%progbits
  31      00000000 
  31      00000000 
  31      00000000 
  31      00000000 
  32              		.align	2
  33              		.global	IntDefaultHandler
  34              		.thumb
  35              		.thumb_func
  36              		.type	IntDefaultHandler, %function
  37              	IntDefaultHandler:
  38              	.LFB0:
  39              		.file 1 ".\\Generated_Source\\PSoC5\\Cm3Start.c"
   1:.\Generated_Source\PSoC5/Cm3Start.c **** /*******************************************************************************
   2:.\Generated_Source\PSoC5/Cm3Start.c **** * File Name: Cm3Start.c
   3:.\Generated_Source\PSoC5/Cm3Start.c **** * Version 4.10
   4:.\Generated_Source\PSoC5/Cm3Start.c **** *
   5:.\Generated_Source\PSoC5/Cm3Start.c **** *  Description:
   6:.\Generated_Source\PSoC5/Cm3Start.c **** *  Startup code for the ARM CM3.
   7:.\Generated_Source\PSoC5/Cm3Start.c **** *
   8:.\Generated_Source\PSoC5/Cm3Start.c **** ********************************************************************************
   9:.\Generated_Source\PSoC5/Cm3Start.c **** * Copyright 2008-2014, Cypress Semiconductor Corporation. All rights reserved.
  10:.\Generated_Source\PSoC5/Cm3Start.c **** * You may use this file only in accordance with the license, terms, conditions,
ARM GAS  C:\Users\Robert\AppData\Local\Temp\ccxSvQH5.s 			page 2


  11:.\Generated_Source\PSoC5/Cm3Start.c **** * disclaimers, and limitations in the end user license agreement accompanying
  12:.\Generated_Source\PSoC5/Cm3Start.c **** * the software package with which this file was provided.
  13:.\Generated_Source\PSoC5/Cm3Start.c **** *******************************************************************************/
  14:.\Generated_Source\PSoC5/Cm3Start.c **** 
  15:.\Generated_Source\PSoC5/Cm3Start.c **** #include <limits.h>
  16:.\Generated_Source\PSoC5/Cm3Start.c **** #include "cydevice_trm.h"
  17:.\Generated_Source\PSoC5/Cm3Start.c **** #include "cytypes.h"
  18:.\Generated_Source\PSoC5/Cm3Start.c **** #include "cyfitter_cfg.h"
  19:.\Generated_Source\PSoC5/Cm3Start.c **** #include "CyLib.h"
  20:.\Generated_Source\PSoC5/Cm3Start.c **** #include "CyDmac.h"
  21:.\Generated_Source\PSoC5/Cm3Start.c **** #include "cyfitter.h"
  22:.\Generated_Source\PSoC5/Cm3Start.c **** 
  23:.\Generated_Source\PSoC5/Cm3Start.c **** #define CY_NUM_INTERRUPTS           (32u)
  24:.\Generated_Source\PSoC5/Cm3Start.c **** #define CY_NUM_VECTORS              (CYINT_IRQ_BASE + CY_NUM_INTERRUPTS)
  25:.\Generated_Source\PSoC5/Cm3Start.c **** #define CY_NUM_ROM_VECTORS          (4u)
  26:.\Generated_Source\PSoC5/Cm3Start.c **** #define CY_NVIC_APINT_PTR           ((reg32 *) CYREG_NVIC_APPLN_INTR)
  27:.\Generated_Source\PSoC5/Cm3Start.c **** #define CY_NVIC_CFG_CTRL_PTR        ((reg32 *) CYREG_NVIC_CFG_CONTROL)
  28:.\Generated_Source\PSoC5/Cm3Start.c **** #define CY_NVIC_APINT_PRIGROUP_3_5  (0x00000400u)  /* Priority group 3.5 split */
  29:.\Generated_Source\PSoC5/Cm3Start.c **** #define CY_NVIC_APINT_VECTKEY       (0x05FA0000u)  /* This key is required in order to write the NV
  30:.\Generated_Source\PSoC5/Cm3Start.c **** #define CY_NVIC_CFG_STACKALIGN      (0x00000200u)  /* This specifies that the exception stack must 
  31:.\Generated_Source\PSoC5/Cm3Start.c **** 
  32:.\Generated_Source\PSoC5/Cm3Start.c **** 
  33:.\Generated_Source\PSoC5/Cm3Start.c **** /* Extern functions */
  34:.\Generated_Source\PSoC5/Cm3Start.c **** extern void CyBtldr_CheckLaunch(void);
  35:.\Generated_Source\PSoC5/Cm3Start.c **** 
  36:.\Generated_Source\PSoC5/Cm3Start.c **** /* Function prototypes */
  37:.\Generated_Source\PSoC5/Cm3Start.c **** void initialize_psoc(void);
  38:.\Generated_Source\PSoC5/Cm3Start.c **** CY_ISR(IntDefaultHandler);
  39:.\Generated_Source\PSoC5/Cm3Start.c **** void Reset(void);
  40:.\Generated_Source\PSoC5/Cm3Start.c **** CY_ISR(IntDefaultHandler);
  41:.\Generated_Source\PSoC5/Cm3Start.c **** 
  42:.\Generated_Source\PSoC5/Cm3Start.c **** #if defined(__ARMCC_VERSION)
  43:.\Generated_Source\PSoC5/Cm3Start.c ****     #define INITIAL_STACK_POINTER ((cyisraddress)(uint32)&Image$$ARM_LIB_STACK$$ZI$$Limit)
  44:.\Generated_Source\PSoC5/Cm3Start.c **** #elif defined (__GNUC__)
  45:.\Generated_Source\PSoC5/Cm3Start.c ****     #define INITIAL_STACK_POINTER (&__cy_stack)
  46:.\Generated_Source\PSoC5/Cm3Start.c **** #elif defined (__ICCARM__)
  47:.\Generated_Source\PSoC5/Cm3Start.c ****     #pragma language=extended
  48:.\Generated_Source\PSoC5/Cm3Start.c ****     #pragma segment="CSTACK"
  49:.\Generated_Source\PSoC5/Cm3Start.c ****     #define INITIAL_STACK_POINTER  { .__ptr = __sfe( "CSTACK" ) }
  50:.\Generated_Source\PSoC5/Cm3Start.c **** 
  51:.\Generated_Source\PSoC5/Cm3Start.c ****     extern void __iar_program_start( void );
  52:.\Generated_Source\PSoC5/Cm3Start.c ****     extern void __iar_data_init3 (void);
  53:.\Generated_Source\PSoC5/Cm3Start.c **** #endif  /* (__ARMCC_VERSION) */
  54:.\Generated_Source\PSoC5/Cm3Start.c **** 
  55:.\Generated_Source\PSoC5/Cm3Start.c **** /* Global variables */
  56:.\Generated_Source\PSoC5/Cm3Start.c **** #if !defined (__ICCARM__)
  57:.\Generated_Source\PSoC5/Cm3Start.c ****     CY_NOINIT static uint32 cySysNoInitDataValid;
  58:.\Generated_Source\PSoC5/Cm3Start.c **** #endif  /* !defined (__ICCARM__) */
  59:.\Generated_Source\PSoC5/Cm3Start.c **** 
  60:.\Generated_Source\PSoC5/Cm3Start.c **** 
  61:.\Generated_Source\PSoC5/Cm3Start.c **** /*******************************************************************************
  62:.\Generated_Source\PSoC5/Cm3Start.c **** * Default Ram Interrupt Vector table storage area. Must be 256-byte aligned.
  63:.\Generated_Source\PSoC5/Cm3Start.c **** *******************************************************************************/
  64:.\Generated_Source\PSoC5/Cm3Start.c **** #if defined (__ICCARM__)
  65:.\Generated_Source\PSoC5/Cm3Start.c ****     #pragma location=".ramvectors"
  66:.\Generated_Source\PSoC5/Cm3Start.c ****     #pragma data_alignment=256
  67:.\Generated_Source\PSoC5/Cm3Start.c **** #else
ARM GAS  C:\Users\Robert\AppData\Local\Temp\ccxSvQH5.s 			page 3


  68:.\Generated_Source\PSoC5/Cm3Start.c ****     CY_SECTION(".ramvectors")
  69:.\Generated_Source\PSoC5/Cm3Start.c ****     CY_ALIGN(256)
  70:.\Generated_Source\PSoC5/Cm3Start.c **** #endif  /* defined (__ICCARM__) */
  71:.\Generated_Source\PSoC5/Cm3Start.c **** cyisraddress CyRamVectors[CY_NUM_VECTORS];
  72:.\Generated_Source\PSoC5/Cm3Start.c **** 
  73:.\Generated_Source\PSoC5/Cm3Start.c **** 
  74:.\Generated_Source\PSoC5/Cm3Start.c **** /*******************************************************************************
  75:.\Generated_Source\PSoC5/Cm3Start.c **** * Function Name: IntDefaultHandler
  76:.\Generated_Source\PSoC5/Cm3Start.c **** ********************************************************************************
  77:.\Generated_Source\PSoC5/Cm3Start.c **** *
  78:.\Generated_Source\PSoC5/Cm3Start.c **** * Summary:
  79:.\Generated_Source\PSoC5/Cm3Start.c **** *  This function is called for all interrupts, other than a reset that gets
  80:.\Generated_Source\PSoC5/Cm3Start.c **** *  called before the system is setup.
  81:.\Generated_Source\PSoC5/Cm3Start.c **** *
  82:.\Generated_Source\PSoC5/Cm3Start.c **** * Parameters:
  83:.\Generated_Source\PSoC5/Cm3Start.c **** *  None
  84:.\Generated_Source\PSoC5/Cm3Start.c **** *
  85:.\Generated_Source\PSoC5/Cm3Start.c **** * Return:
  86:.\Generated_Source\PSoC5/Cm3Start.c **** *  None
  87:.\Generated_Source\PSoC5/Cm3Start.c **** *
  88:.\Generated_Source\PSoC5/Cm3Start.c **** * Theory:
  89:.\Generated_Source\PSoC5/Cm3Start.c **** *  Any value other than zero is acceptable.
  90:.\Generated_Source\PSoC5/Cm3Start.c **** *
  91:.\Generated_Source\PSoC5/Cm3Start.c **** *******************************************************************************/
  92:.\Generated_Source\PSoC5/Cm3Start.c **** CY_ISR(IntDefaultHandler)
  93:.\Generated_Source\PSoC5/Cm3Start.c **** {
  40              		.loc 1 93 0
  41              		.cfi_startproc
  42              		@ args = 0, pretend = 0, frame = 0
  43              		@ frame_needed = 1, uses_anonymous_args = 0
  44              		@ link register save eliminated.
  45 0000 80B4     		push	{r7}
  46              	.LCFI0:
  47              		.cfi_def_cfa_offset 4
  48              		.cfi_offset 7, -4
  49 0002 00AF     		add	r7, sp, #0
  50              	.LCFI1:
  51              		.cfi_def_cfa_register 7
  52              	.L2:
  94:.\Generated_Source\PSoC5/Cm3Start.c **** 
  95:.\Generated_Source\PSoC5/Cm3Start.c ****     while(1)
  96:.\Generated_Source\PSoC5/Cm3Start.c ****     {
  97:.\Generated_Source\PSoC5/Cm3Start.c ****         /***********************************************************************
  98:.\Generated_Source\PSoC5/Cm3Start.c ****         * We must not get here. If we do, a serious problem occurs, so go
  99:.\Generated_Source\PSoC5/Cm3Start.c ****         * into an infinite loop.
 100:.\Generated_Source\PSoC5/Cm3Start.c ****         ***********************************************************************/
 101:.\Generated_Source\PSoC5/Cm3Start.c ****     }
  53              		.loc 1 101 0 discriminator 1
  54 0004 FEE7     		b	.L2
  55              		.cfi_endproc
  56              	.LFE0:
  57              		.size	IntDefaultHandler, .-IntDefaultHandler
  58 0006 00BF     		.section	.text.Reset,"ax",%progbits
  59              		.align	2
  60              		.global	Reset
  61              		.thumb
  62              		.thumb_func
ARM GAS  C:\Users\Robert\AppData\Local\Temp\ccxSvQH5.s 			page 4


  63              		.type	Reset, %function
  64              	Reset:
  65              	.LFB1:
 102:.\Generated_Source\PSoC5/Cm3Start.c **** }
 103:.\Generated_Source\PSoC5/Cm3Start.c **** 
 104:.\Generated_Source\PSoC5/Cm3Start.c **** 
 105:.\Generated_Source\PSoC5/Cm3Start.c **** #if defined(__ARMCC_VERSION)
 106:.\Generated_Source\PSoC5/Cm3Start.c **** 
 107:.\Generated_Source\PSoC5/Cm3Start.c **** /* Local function for device reset. */
 108:.\Generated_Source\PSoC5/Cm3Start.c **** extern void Reset(void);
 109:.\Generated_Source\PSoC5/Cm3Start.c **** 
 110:.\Generated_Source\PSoC5/Cm3Start.c **** /* Application entry point. */
 111:.\Generated_Source\PSoC5/Cm3Start.c **** extern void $Super$$main(void);
 112:.\Generated_Source\PSoC5/Cm3Start.c **** 
 113:.\Generated_Source\PSoC5/Cm3Start.c **** /* Linker-generated Stack Base addresses, Two Region and One Region */
 114:.\Generated_Source\PSoC5/Cm3Start.c **** extern uint32 Image$$ARM_LIB_STACK$$ZI$$Limit;
 115:.\Generated_Source\PSoC5/Cm3Start.c **** 
 116:.\Generated_Source\PSoC5/Cm3Start.c **** /* RealView C Library initialization. */
 117:.\Generated_Source\PSoC5/Cm3Start.c **** extern int __main(void);
 118:.\Generated_Source\PSoC5/Cm3Start.c **** 
 119:.\Generated_Source\PSoC5/Cm3Start.c **** 
 120:.\Generated_Source\PSoC5/Cm3Start.c **** /*******************************************************************************
 121:.\Generated_Source\PSoC5/Cm3Start.c **** * Function Name: Reset
 122:.\Generated_Source\PSoC5/Cm3Start.c **** ********************************************************************************
 123:.\Generated_Source\PSoC5/Cm3Start.c **** *
 124:.\Generated_Source\PSoC5/Cm3Start.c **** * Summary:
 125:.\Generated_Source\PSoC5/Cm3Start.c **** *  This function handles the reset interrupt for the RVDS/MDK toolchains.
 126:.\Generated_Source\PSoC5/Cm3Start.c **** *  This is the first bit of code that is executed at startup.
 127:.\Generated_Source\PSoC5/Cm3Start.c **** *
 128:.\Generated_Source\PSoC5/Cm3Start.c **** * Parameters:
 129:.\Generated_Source\PSoC5/Cm3Start.c **** *  None
 130:.\Generated_Source\PSoC5/Cm3Start.c **** *
 131:.\Generated_Source\PSoC5/Cm3Start.c **** * Return:
 132:.\Generated_Source\PSoC5/Cm3Start.c **** *  None
 133:.\Generated_Source\PSoC5/Cm3Start.c **** *
 134:.\Generated_Source\PSoC5/Cm3Start.c **** *******************************************************************************/
 135:.\Generated_Source\PSoC5/Cm3Start.c **** void Reset(void)
 136:.\Generated_Source\PSoC5/Cm3Start.c **** {
 137:.\Generated_Source\PSoC5/Cm3Start.c ****     #if(CYDEV_PROJ_TYPE != CYDEV_PROJ_TYPE_LOADABLE)
 138:.\Generated_Source\PSoC5/Cm3Start.c **** 
 139:.\Generated_Source\PSoC5/Cm3Start.c ****         /* For PSoC 5LP, debugging is enabled by default */
 140:.\Generated_Source\PSoC5/Cm3Start.c ****         #if(CYDEV_DEBUGGING_ENABLE == 0)
 141:.\Generated_Source\PSoC5/Cm3Start.c ****             *(reg32 *)(CYDEV_DEBUG_ENABLE_REGISTER) |= CYDEV_DEBUG_ENABLE_MASK;
 142:.\Generated_Source\PSoC5/Cm3Start.c ****         #endif /* (CYDEV_DEBUGGING_ENABLE) */
 143:.\Generated_Source\PSoC5/Cm3Start.c **** 
 144:.\Generated_Source\PSoC5/Cm3Start.c ****         /* Reset Status Register has Read-to-clear SW access mode.
 145:.\Generated_Source\PSoC5/Cm3Start.c ****         * Preserve current RESET_SR0 state to make it available for next reading.
 146:.\Generated_Source\PSoC5/Cm3Start.c ****         */
 147:.\Generated_Source\PSoC5/Cm3Start.c ****         *(reg32 *)(CYREG_PHUB_CFGMEM23_CFG1) = *(reg32 *)(CYREG_RESET_SR0);
 148:.\Generated_Source\PSoC5/Cm3Start.c **** 
 149:.\Generated_Source\PSoC5/Cm3Start.c ****     #endif  /* (CYDEV_PROJ_TYPE != CYDEV_PROJ_TYPE_LOADABLE) */
 150:.\Generated_Source\PSoC5/Cm3Start.c **** 
 151:.\Generated_Source\PSoC5/Cm3Start.c ****     #if(CYDEV_BOOTLOADER_ENABLE)
 152:.\Generated_Source\PSoC5/Cm3Start.c ****         CyBtldr_CheckLaunch();
 153:.\Generated_Source\PSoC5/Cm3Start.c ****     #endif /* (CYDEV_BOOTLOADER_ENABLE) */
 154:.\Generated_Source\PSoC5/Cm3Start.c **** 
 155:.\Generated_Source\PSoC5/Cm3Start.c ****     __main();
ARM GAS  C:\Users\Robert\AppData\Local\Temp\ccxSvQH5.s 			page 5


 156:.\Generated_Source\PSoC5/Cm3Start.c **** }
 157:.\Generated_Source\PSoC5/Cm3Start.c **** 
 158:.\Generated_Source\PSoC5/Cm3Start.c **** 
 159:.\Generated_Source\PSoC5/Cm3Start.c **** /*******************************************************************************
 160:.\Generated_Source\PSoC5/Cm3Start.c **** * Function Name: $Sub$$main
 161:.\Generated_Source\PSoC5/Cm3Start.c **** ********************************************************************************
 162:.\Generated_Source\PSoC5/Cm3Start.c **** *
 163:.\Generated_Source\PSoC5/Cm3Start.c **** * Summary:
 164:.\Generated_Source\PSoC5/Cm3Start.c **** *  This function is called immediately before the users main
 165:.\Generated_Source\PSoC5/Cm3Start.c **** *
 166:.\Generated_Source\PSoC5/Cm3Start.c **** * Parameters:
 167:.\Generated_Source\PSoC5/Cm3Start.c **** *  None
 168:.\Generated_Source\PSoC5/Cm3Start.c **** *
 169:.\Generated_Source\PSoC5/Cm3Start.c **** * Return:
 170:.\Generated_Source\PSoC5/Cm3Start.c **** *  None
 171:.\Generated_Source\PSoC5/Cm3Start.c **** *
 172:.\Generated_Source\PSoC5/Cm3Start.c **** *******************************************************************************/
 173:.\Generated_Source\PSoC5/Cm3Start.c **** void $Sub$$main(void)
 174:.\Generated_Source\PSoC5/Cm3Start.c **** {
 175:.\Generated_Source\PSoC5/Cm3Start.c ****     initialize_psoc();
 176:.\Generated_Source\PSoC5/Cm3Start.c **** 
 177:.\Generated_Source\PSoC5/Cm3Start.c ****     /* Call original main */
 178:.\Generated_Source\PSoC5/Cm3Start.c ****     $Super$$main();
 179:.\Generated_Source\PSoC5/Cm3Start.c **** 
 180:.\Generated_Source\PSoC5/Cm3Start.c ****     while (1)
 181:.\Generated_Source\PSoC5/Cm3Start.c ****     {
 182:.\Generated_Source\PSoC5/Cm3Start.c ****         /* If main returns, it is undefined what we should do. */
 183:.\Generated_Source\PSoC5/Cm3Start.c ****     }
 184:.\Generated_Source\PSoC5/Cm3Start.c **** }
 185:.\Generated_Source\PSoC5/Cm3Start.c **** 
 186:.\Generated_Source\PSoC5/Cm3Start.c **** #elif defined(__GNUC__)
 187:.\Generated_Source\PSoC5/Cm3Start.c **** 
 188:.\Generated_Source\PSoC5/Cm3Start.c **** void Start_c(void);
 189:.\Generated_Source\PSoC5/Cm3Start.c **** 
 190:.\Generated_Source\PSoC5/Cm3Start.c **** /* Stack Base address */
 191:.\Generated_Source\PSoC5/Cm3Start.c **** extern void __cy_stack(void);
 192:.\Generated_Source\PSoC5/Cm3Start.c **** 
 193:.\Generated_Source\PSoC5/Cm3Start.c **** /* Application entry point. */
 194:.\Generated_Source\PSoC5/Cm3Start.c **** extern int main(void);
 195:.\Generated_Source\PSoC5/Cm3Start.c **** 
 196:.\Generated_Source\PSoC5/Cm3Start.c **** /* Static objects constructors initializer */
 197:.\Generated_Source\PSoC5/Cm3Start.c **** extern void __libc_init_array(void);
 198:.\Generated_Source\PSoC5/Cm3Start.c **** 
 199:.\Generated_Source\PSoC5/Cm3Start.c **** typedef unsigned char __cy_byte_align8 __attribute ((aligned (8)));
 200:.\Generated_Source\PSoC5/Cm3Start.c **** 
 201:.\Generated_Source\PSoC5/Cm3Start.c **** struct __cy_region
 202:.\Generated_Source\PSoC5/Cm3Start.c **** {
 203:.\Generated_Source\PSoC5/Cm3Start.c ****     __cy_byte_align8 *init; /* Initial contents of this region.  */
 204:.\Generated_Source\PSoC5/Cm3Start.c ****     __cy_byte_align8 *data; /* Start address of region.  */
 205:.\Generated_Source\PSoC5/Cm3Start.c ****     size_t init_size;       /* Size of initial data.  */
 206:.\Generated_Source\PSoC5/Cm3Start.c ****     size_t zero_size;       /* Additional size to be zeroed.  */
 207:.\Generated_Source\PSoC5/Cm3Start.c **** };
 208:.\Generated_Source\PSoC5/Cm3Start.c **** 
 209:.\Generated_Source\PSoC5/Cm3Start.c **** extern const struct __cy_region __cy_regions[];
 210:.\Generated_Source\PSoC5/Cm3Start.c **** extern const char __cy_region_num __attribute__((weak));
 211:.\Generated_Source\PSoC5/Cm3Start.c **** #define __cy_region_num ((size_t)&__cy_region_num)
 212:.\Generated_Source\PSoC5/Cm3Start.c **** 
ARM GAS  C:\Users\Robert\AppData\Local\Temp\ccxSvQH5.s 			page 6


 213:.\Generated_Source\PSoC5/Cm3Start.c **** 
 214:.\Generated_Source\PSoC5/Cm3Start.c **** /*******************************************************************************
 215:.\Generated_Source\PSoC5/Cm3Start.c **** * Function Name: Reset
 216:.\Generated_Source\PSoC5/Cm3Start.c **** ********************************************************************************
 217:.\Generated_Source\PSoC5/Cm3Start.c **** *
 218:.\Generated_Source\PSoC5/Cm3Start.c **** * Summary:
 219:.\Generated_Source\PSoC5/Cm3Start.c **** *  This function handles the reset interrupt for the GCC toolchain. This is the
 220:.\Generated_Source\PSoC5/Cm3Start.c **** *  first bit of code that is executed at startup.
 221:.\Generated_Source\PSoC5/Cm3Start.c **** *
 222:.\Generated_Source\PSoC5/Cm3Start.c **** * Parameters:
 223:.\Generated_Source\PSoC5/Cm3Start.c **** *  None
 224:.\Generated_Source\PSoC5/Cm3Start.c **** *
 225:.\Generated_Source\PSoC5/Cm3Start.c **** * Return:
 226:.\Generated_Source\PSoC5/Cm3Start.c **** *  None
 227:.\Generated_Source\PSoC5/Cm3Start.c **** *
 228:.\Generated_Source\PSoC5/Cm3Start.c **** *******************************************************************************/
 229:.\Generated_Source\PSoC5/Cm3Start.c **** void Reset(void)
 230:.\Generated_Source\PSoC5/Cm3Start.c **** {
  66              		.loc 1 230 0
  67              		.cfi_startproc
  68              		@ args = 0, pretend = 0, frame = 0
  69              		@ frame_needed = 1, uses_anonymous_args = 0
  70 0000 80B5     		push	{r7, lr}
  71              	.LCFI2:
  72              		.cfi_def_cfa_offset 8
  73              		.cfi_offset 7, -8
  74              		.cfi_offset 14, -4
  75 0002 00AF     		add	r7, sp, #0
  76              	.LCFI3:
  77              		.cfi_def_cfa_register 7
 231:.\Generated_Source\PSoC5/Cm3Start.c ****     #if(CYDEV_PROJ_TYPE != CYDEV_PROJ_TYPE_LOADABLE)
 232:.\Generated_Source\PSoC5/Cm3Start.c **** 
 233:.\Generated_Source\PSoC5/Cm3Start.c ****         /* For PSoC 5LP, debugging is enabled by default */
 234:.\Generated_Source\PSoC5/Cm3Start.c ****         #if(CYDEV_DEBUGGING_ENABLE == 0)
 235:.\Generated_Source\PSoC5/Cm3Start.c ****             *(reg32 *)(CYDEV_DEBUG_ENABLE_REGISTER) |= CYDEV_DEBUG_ENABLE_MASK;
 236:.\Generated_Source\PSoC5/Cm3Start.c ****         #endif /* (CYDEV_DEBUGGING_ENABLE) */
 237:.\Generated_Source\PSoC5/Cm3Start.c **** 
 238:.\Generated_Source\PSoC5/Cm3Start.c ****         /* Reset Status Register has Read-to-clear SW access mode.
 239:.\Generated_Source\PSoC5/Cm3Start.c ****         * Preserve current RESET_SR0 state to make it available for next reading.
 240:.\Generated_Source\PSoC5/Cm3Start.c ****         */
 241:.\Generated_Source\PSoC5/Cm3Start.c ****         *(reg32 *)(CYREG_PHUB_CFGMEM23_CFG1) = *(reg32 *)(CYREG_RESET_SR0);
  78              		.loc 1 241 0
  79 0004 47F2BC63 		movw	r3, #30396
  80 0008 C4F20003 		movt	r3, 16384
  81 000c 44F2FA62 		movw	r2, #18170
  82 0010 C4F20002 		movt	r2, 16384
  83 0014 1268     		ldr	r2, [r2, #0]
  84 0016 1A60     		str	r2, [r3, #0]
 242:.\Generated_Source\PSoC5/Cm3Start.c **** 
 243:.\Generated_Source\PSoC5/Cm3Start.c ****     #endif  /* (CYDEV_PROJ_TYPE != CYDEV_PROJ_TYPE_LOADABLE) */
 244:.\Generated_Source\PSoC5/Cm3Start.c **** 
 245:.\Generated_Source\PSoC5/Cm3Start.c ****     #if(CYDEV_BOOTLOADER_ENABLE)
 246:.\Generated_Source\PSoC5/Cm3Start.c ****         CyBtldr_CheckLaunch();
  85              		.loc 1 246 0
  86 0018 FFF7FEFF 		bl	CyBtldr_CheckLaunch
 247:.\Generated_Source\PSoC5/Cm3Start.c ****     #endif /* (CYDEV_BOOTLOADER_ENABLE) */
 248:.\Generated_Source\PSoC5/Cm3Start.c **** 
ARM GAS  C:\Users\Robert\AppData\Local\Temp\ccxSvQH5.s 			page 7


 249:.\Generated_Source\PSoC5/Cm3Start.c ****     Start_c();
  87              		.loc 1 249 0
  88 001c FFF7FEFF 		bl	Start_c
  89              		.cfi_endproc
  90              	.LFE1:
  91              		.size	Reset, .-Reset
  92              		.section	.text._exit,"ax",%progbits
  93              		.align	2
  94              		.weak	_exit
  95              		.thumb
  96              		.thumb_func
  97              		.type	_exit, %function
  98              	_exit:
  99              	.LFB2:
 250:.\Generated_Source\PSoC5/Cm3Start.c **** }
 251:.\Generated_Source\PSoC5/Cm3Start.c **** 
 252:.\Generated_Source\PSoC5/Cm3Start.c **** __attribute__((weak))
 253:.\Generated_Source\PSoC5/Cm3Start.c **** void _exit(int status)
 254:.\Generated_Source\PSoC5/Cm3Start.c **** {
 100              		.loc 1 254 0
 101              		.cfi_startproc
 102              		@ args = 0, pretend = 0, frame = 16
 103              		@ frame_needed = 1, uses_anonymous_args = 0
 104              		@ link register save eliminated.
 105 0000 80B4     		push	{r7}
 106              	.LCFI4:
 107              		.cfi_def_cfa_offset 4
 108              		.cfi_offset 7, -4
 109 0002 85B0     		sub	sp, sp, #20
 110              	.LCFI5:
 111              		.cfi_def_cfa_offset 24
 112 0004 00AF     		add	r7, sp, #0
 113              	.LCFI6:
 114              		.cfi_def_cfa_register 7
 115 0006 7860     		str	r0, [r7, #4]
 255:.\Generated_Source\PSoC5/Cm3Start.c ****     /* Cause divide by 0 exception */
 256:.\Generated_Source\PSoC5/Cm3Start.c ****     int x = status / INT_MAX;
 116              		.loc 1 256 0
 117 0008 7A68     		ldr	r2, [r7, #4]
 118 000a 4FF00103 		mov	r3, #1
 119 000e C4F20003 		movt	r3, 16384
 120 0012 83FB0213 		smull	r1, r3, r3, r2
 121 0016 4FEA6371 		asr	r1, r3, #29
 122 001a 4FEAE273 		asr	r3, r2, #31
 123 001e CB1A     		subs	r3, r1, r3
 124 0020 FB60     		str	r3, [r7, #12]
 257:.\Generated_Source\PSoC5/Cm3Start.c ****     x = 4 / x;
 125              		.loc 1 257 0
 126 0022 4FF00402 		mov	r2, #4
 127 0026 FB68     		ldr	r3, [r7, #12]
 128 0028 92FBF3F3 		sdiv	r3, r2, r3
 129 002c FB60     		str	r3, [r7, #12]
 130              	.L5:
 258:.\Generated_Source\PSoC5/Cm3Start.c **** 
 259:.\Generated_Source\PSoC5/Cm3Start.c ****     while(1)
 260:.\Generated_Source\PSoC5/Cm3Start.c ****     {
 261:.\Generated_Source\PSoC5/Cm3Start.c ****     }
ARM GAS  C:\Users\Robert\AppData\Local\Temp\ccxSvQH5.s 			page 8


 131              		.loc 1 261 0 discriminator 1
 132 002e FEE7     		b	.L5
 133              		.cfi_endproc
 134              	.LFE2:
 135              		.size	_exit, .-_exit
 136              		.section	.text.Start_c,"ax",%progbits
 137              		.align	2
 138              		.global	Start_c
 139              		.thumb
 140              		.thumb_func
 141              		.type	Start_c, %function
 142              	Start_c:
 143              	.LFB3:
 262:.\Generated_Source\PSoC5/Cm3Start.c **** }
 263:.\Generated_Source\PSoC5/Cm3Start.c **** 
 264:.\Generated_Source\PSoC5/Cm3Start.c **** /*******************************************************************************
 265:.\Generated_Source\PSoC5/Cm3Start.c **** * Function Name: Start_c
 266:.\Generated_Source\PSoC5/Cm3Start.c **** ********************************************************************************
 267:.\Generated_Source\PSoC5/Cm3Start.c **** *
 268:.\Generated_Source\PSoC5/Cm3Start.c **** * Summary:
 269:.\Generated_Source\PSoC5/Cm3Start.c **** *  This function handles initializing the .data and .bss sections in
 270:.\Generated_Source\PSoC5/Cm3Start.c **** *  preparation for running the standard C code.  Once initialization is complete
 271:.\Generated_Source\PSoC5/Cm3Start.c **** *  it will call main(). This function will never return.
 272:.\Generated_Source\PSoC5/Cm3Start.c **** *
 273:.\Generated_Source\PSoC5/Cm3Start.c **** * Parameters:
 274:.\Generated_Source\PSoC5/Cm3Start.c **** *  None
 275:.\Generated_Source\PSoC5/Cm3Start.c **** *
 276:.\Generated_Source\PSoC5/Cm3Start.c **** * Return:
 277:.\Generated_Source\PSoC5/Cm3Start.c **** *  None
 278:.\Generated_Source\PSoC5/Cm3Start.c **** *
 279:.\Generated_Source\PSoC5/Cm3Start.c **** *******************************************************************************/
 280:.\Generated_Source\PSoC5/Cm3Start.c **** void Start_c(void)  __attribute__ ((noreturn));
 281:.\Generated_Source\PSoC5/Cm3Start.c **** void Start_c(void)
 282:.\Generated_Source\PSoC5/Cm3Start.c **** {
 144              		.loc 1 282 0
 145              		.cfi_startproc
 146              		@ args = 0, pretend = 0, frame = 24
 147              		@ frame_needed = 1, uses_anonymous_args = 0
 148 0000 80B5     		push	{r7, lr}
 149              	.LCFI7:
 150              		.cfi_def_cfa_offset 8
 151              		.cfi_offset 7, -8
 152              		.cfi_offset 14, -4
 153 0002 86B0     		sub	sp, sp, #24
 154              	.LCFI8:
 155              		.cfi_def_cfa_offset 32
 156 0004 00AF     		add	r7, sp, #0
 157              	.LCFI9:
 158              		.cfi_def_cfa_register 7
 283:.\Generated_Source\PSoC5/Cm3Start.c ****     unsigned regions = __cy_region_num;
 159              		.loc 1 283 0
 160 0006 40F20003 		movw	r3, #:lower16:__cy_region_num
 161 000a C0F20003 		movt	r3, #:upper16:__cy_region_num
 162 000e 7B61     		str	r3, [r7, #20]
 284:.\Generated_Source\PSoC5/Cm3Start.c ****     const struct __cy_region *rptr = __cy_regions;
 163              		.loc 1 284 0
 164 0010 40F20003 		movw	r3, #:lower16:__cy_regions
ARM GAS  C:\Users\Robert\AppData\Local\Temp\ccxSvQH5.s 			page 9


 165 0014 C0F20003 		movt	r3, #:upper16:__cy_regions
 166 0018 3B61     		str	r3, [r7, #16]
 285:.\Generated_Source\PSoC5/Cm3Start.c **** 
 286:.\Generated_Source\PSoC5/Cm3Start.c ****     /* Initialize memory */
 287:.\Generated_Source\PSoC5/Cm3Start.c ****     for (regions = __cy_region_num, rptr = __cy_regions; regions--; rptr++)
 167              		.loc 1 287 0
 168 001a 40F20003 		movw	r3, #:lower16:__cy_region_num
 169 001e C0F20003 		movt	r3, #:upper16:__cy_region_num
 170 0022 7B61     		str	r3, [r7, #20]
 171 0024 40F20003 		movw	r3, #:lower16:__cy_regions
 172 0028 C0F20003 		movt	r3, #:upper16:__cy_regions
 173 002c 3B61     		str	r3, [r7, #16]
 174 002e 3BE0     		b	.L7
 175              	.L12:
 176              	.LBB2:
 288:.\Generated_Source\PSoC5/Cm3Start.c ****     {
 289:.\Generated_Source\PSoC5/Cm3Start.c ****         uint32 *src = (uint32 *)rptr->init;
 177              		.loc 1 289 0
 178 0030 3B69     		ldr	r3, [r7, #16]
 179 0032 1B68     		ldr	r3, [r3, #0]
 180 0034 FB60     		str	r3, [r7, #12]
 290:.\Generated_Source\PSoC5/Cm3Start.c ****         uint32 *dst = (uint32 *)rptr->data;
 181              		.loc 1 290 0
 182 0036 3B69     		ldr	r3, [r7, #16]
 183 0038 5B68     		ldr	r3, [r3, #4]
 184 003a BB60     		str	r3, [r7, #8]
 291:.\Generated_Source\PSoC5/Cm3Start.c ****         unsigned limit = rptr->init_size;
 185              		.loc 1 291 0
 186 003c 3B69     		ldr	r3, [r7, #16]
 187 003e 9B68     		ldr	r3, [r3, #8]
 188 0040 3B60     		str	r3, [r7, #0]
 292:.\Generated_Source\PSoC5/Cm3Start.c ****         unsigned count;
 293:.\Generated_Source\PSoC5/Cm3Start.c **** 
 294:.\Generated_Source\PSoC5/Cm3Start.c ****         for (count = 0u; count != limit; count += sizeof (uint32))
 189              		.loc 1 294 0
 190 0042 4FF00003 		mov	r3, #0
 191 0046 7B60     		str	r3, [r7, #4]
 192 0048 0FE0     		b	.L8
 193              	.L9:
 295:.\Generated_Source\PSoC5/Cm3Start.c ****         {
 296:.\Generated_Source\PSoC5/Cm3Start.c ****             *dst++ = *src++;
 194              		.loc 1 296 0 discriminator 2
 195 004a FB68     		ldr	r3, [r7, #12]
 196 004c 1A68     		ldr	r2, [r3, #0]
 197 004e BB68     		ldr	r3, [r7, #8]
 198 0050 1A60     		str	r2, [r3, #0]
 199 0052 BB68     		ldr	r3, [r7, #8]
 200 0054 03F10403 		add	r3, r3, #4
 201 0058 BB60     		str	r3, [r7, #8]
 202 005a FB68     		ldr	r3, [r7, #12]
 203 005c 03F10403 		add	r3, r3, #4
 204 0060 FB60     		str	r3, [r7, #12]
 294:.\Generated_Source\PSoC5/Cm3Start.c ****         for (count = 0u; count != limit; count += sizeof (uint32))
 205              		.loc 1 294 0 discriminator 2
 206 0062 7B68     		ldr	r3, [r7, #4]
 207 0064 03F10403 		add	r3, r3, #4
 208 0068 7B60     		str	r3, [r7, #4]
ARM GAS  C:\Users\Robert\AppData\Local\Temp\ccxSvQH5.s 			page 10


 209              	.L8:
 294:.\Generated_Source\PSoC5/Cm3Start.c ****         for (count = 0u; count != limit; count += sizeof (uint32))
 210              		.loc 1 294 0 is_stmt 0 discriminator 1
 211 006a 7A68     		ldr	r2, [r7, #4]
 212 006c 3B68     		ldr	r3, [r7, #0]
 213 006e 9A42     		cmp	r2, r3
 214 0070 EBD1     		bne	.L9
 297:.\Generated_Source\PSoC5/Cm3Start.c ****         }
 298:.\Generated_Source\PSoC5/Cm3Start.c ****         limit = rptr->zero_size;
 215              		.loc 1 298 0 is_stmt 1
 216 0072 3B69     		ldr	r3, [r7, #16]
 217 0074 DB68     		ldr	r3, [r3, #12]
 218 0076 3B60     		str	r3, [r7, #0]
 299:.\Generated_Source\PSoC5/Cm3Start.c ****         for (count = 0u; count != limit; count += sizeof (uint32))
 219              		.loc 1 299 0
 220 0078 4FF00003 		mov	r3, #0
 221 007c 7B60     		str	r3, [r7, #4]
 222 007e 0BE0     		b	.L10
 223              	.L11:
 300:.\Generated_Source\PSoC5/Cm3Start.c ****         {
 301:.\Generated_Source\PSoC5/Cm3Start.c ****             *dst++ = 0u;
 224              		.loc 1 301 0 discriminator 2
 225 0080 BB68     		ldr	r3, [r7, #8]
 226 0082 4FF00002 		mov	r2, #0
 227 0086 1A60     		str	r2, [r3, #0]
 228 0088 BB68     		ldr	r3, [r7, #8]
 229 008a 03F10403 		add	r3, r3, #4
 230 008e BB60     		str	r3, [r7, #8]
 299:.\Generated_Source\PSoC5/Cm3Start.c ****         for (count = 0u; count != limit; count += sizeof (uint32))
 231              		.loc 1 299 0 discriminator 2
 232 0090 7B68     		ldr	r3, [r7, #4]
 233 0092 03F10403 		add	r3, r3, #4
 234 0096 7B60     		str	r3, [r7, #4]
 235              	.L10:
 299:.\Generated_Source\PSoC5/Cm3Start.c ****         for (count = 0u; count != limit; count += sizeof (uint32))
 236              		.loc 1 299 0 is_stmt 0 discriminator 1
 237 0098 7A68     		ldr	r2, [r7, #4]
 238 009a 3B68     		ldr	r3, [r7, #0]
 239 009c 9A42     		cmp	r2, r3
 240 009e EFD1     		bne	.L11
 241              	.LBE2:
 287:.\Generated_Source\PSoC5/Cm3Start.c ****     for (regions = __cy_region_num, rptr = __cy_regions; regions--; rptr++)
 242              		.loc 1 287 0 is_stmt 1
 243 00a0 3B69     		ldr	r3, [r7, #16]
 244 00a2 03F11003 		add	r3, r3, #16
 245 00a6 3B61     		str	r3, [r7, #16]
 246              	.L7:
 287:.\Generated_Source\PSoC5/Cm3Start.c ****     for (regions = __cy_region_num, rptr = __cy_regions; regions--; rptr++)
 247              		.loc 1 287 0 is_stmt 0 discriminator 1
 248 00a8 7B69     		ldr	r3, [r7, #20]
 249 00aa 002B     		cmp	r3, #0
 250 00ac 0CBF     		ite	eq
 251 00ae 0023     		moveq	r3, #0
 252 00b0 0123     		movne	r3, #1
 253 00b2 DBB2     		uxtb	r3, r3
 254 00b4 7A69     		ldr	r2, [r7, #20]
 255 00b6 02F1FF32 		add	r2, r2, #-1
ARM GAS  C:\Users\Robert\AppData\Local\Temp\ccxSvQH5.s 			page 11


 256 00ba 7A61     		str	r2, [r7, #20]
 257 00bc 002B     		cmp	r3, #0
 258 00be B7D1     		bne	.L12
 302:.\Generated_Source\PSoC5/Cm3Start.c ****         }
 303:.\Generated_Source\PSoC5/Cm3Start.c ****     }
 304:.\Generated_Source\PSoC5/Cm3Start.c **** 
 305:.\Generated_Source\PSoC5/Cm3Start.c ****     /* Invoke static objects constructors */
 306:.\Generated_Source\PSoC5/Cm3Start.c ****     __libc_init_array();
 259              		.loc 1 306 0 is_stmt 1
 260 00c0 FFF7FEFF 		bl	__libc_init_array
 307:.\Generated_Source\PSoC5/Cm3Start.c ****     (void) main();
 261              		.loc 1 307 0
 262 00c4 FFF7FEFF 		bl	main
 263              	.L13:
 308:.\Generated_Source\PSoC5/Cm3Start.c **** 
 309:.\Generated_Source\PSoC5/Cm3Start.c ****     while (1)
 310:.\Generated_Source\PSoC5/Cm3Start.c ****     {
 311:.\Generated_Source\PSoC5/Cm3Start.c ****         /* If main returns, make sure we don't return. */
 312:.\Generated_Source\PSoC5/Cm3Start.c ****     }
 264              		.loc 1 312 0 discriminator 1
 265 00c8 FEE7     		b	.L13
 266              		.cfi_endproc
 267              	.LFE3:
 268              		.size	Start_c, .-Start_c
 269              		.global	RomVectors
 270 00ca 00BF     		.section	.romvectors,"a",%progbits
 271              		.align	2
 272              		.type	RomVectors, %object
 273              		.size	RomVectors, 16
 274              	RomVectors:
 275 0000 00000000 		.word	__cy_stack
 276 0004 00000000 		.word	Reset
 277 0008 00000000 		.word	IntDefaultHandler
 278 000c 00000000 		.word	IntDefaultHandler
 279              		.section	.text.initialize_psoc,"ax",%progbits
 280              		.align	2
 281              		.global	initialize_psoc
 282              		.thumb
 283              		.thumb_func
 284              		.type	initialize_psoc, %function
 285              	initialize_psoc:
 286              	.LFB4:
 313:.\Generated_Source\PSoC5/Cm3Start.c **** }
 314:.\Generated_Source\PSoC5/Cm3Start.c **** 
 315:.\Generated_Source\PSoC5/Cm3Start.c **** 
 316:.\Generated_Source\PSoC5/Cm3Start.c **** #elif defined (__ICCARM__)
 317:.\Generated_Source\PSoC5/Cm3Start.c **** 
 318:.\Generated_Source\PSoC5/Cm3Start.c **** /*******************************************************************************
 319:.\Generated_Source\PSoC5/Cm3Start.c **** * Function Name: __low_level_init
 320:.\Generated_Source\PSoC5/Cm3Start.c **** ********************************************************************************
 321:.\Generated_Source\PSoC5/Cm3Start.c **** *
 322:.\Generated_Source\PSoC5/Cm3Start.c **** * Summary:
 323:.\Generated_Source\PSoC5/Cm3Start.c **** *  This function performs early initializations for the IAR Embedded
 324:.\Generated_Source\PSoC5/Cm3Start.c **** *  Workbench IDE. It is executed in the context of a reset interrupt handler
 325:.\Generated_Source\PSoC5/Cm3Start.c **** *  before the data sections are initialized.
 326:.\Generated_Source\PSoC5/Cm3Start.c **** *
 327:.\Generated_Source\PSoC5/Cm3Start.c **** * Parameters:
ARM GAS  C:\Users\Robert\AppData\Local\Temp\ccxSvQH5.s 			page 12


 328:.\Generated_Source\PSoC5/Cm3Start.c **** *  None
 329:.\Generated_Source\PSoC5/Cm3Start.c **** *
 330:.\Generated_Source\PSoC5/Cm3Start.c **** * Return:
 331:.\Generated_Source\PSoC5/Cm3Start.c **** *  The value that determines whether or not data sections should be initialized
 332:.\Generated_Source\PSoC5/Cm3Start.c **** *  by the system startup code:
 333:.\Generated_Source\PSoC5/Cm3Start.c **** *    0 - skip data sections initialization;
 334:.\Generated_Source\PSoC5/Cm3Start.c **** *    1 - initialize data sections;
 335:.\Generated_Source\PSoC5/Cm3Start.c **** *
 336:.\Generated_Source\PSoC5/Cm3Start.c **** *******************************************************************************/
 337:.\Generated_Source\PSoC5/Cm3Start.c **** int __low_level_init(void)
 338:.\Generated_Source\PSoC5/Cm3Start.c **** {
 339:.\Generated_Source\PSoC5/Cm3Start.c ****     #if(CYDEV_PROJ_TYPE != CYDEV_PROJ_TYPE_LOADABLE)
 340:.\Generated_Source\PSoC5/Cm3Start.c **** 
 341:.\Generated_Source\PSoC5/Cm3Start.c ****         /* For PSoC 5LP, debugging is enabled by default */
 342:.\Generated_Source\PSoC5/Cm3Start.c ****         #if(CYDEV_DEBUGGING_ENABLE == 0)
 343:.\Generated_Source\PSoC5/Cm3Start.c ****             *(reg32 *)(CYDEV_DEBUG_ENABLE_REGISTER) |= CYDEV_DEBUG_ENABLE_MASK;
 344:.\Generated_Source\PSoC5/Cm3Start.c ****         #endif /* (CYDEV_DEBUGGING_ENABLE) */
 345:.\Generated_Source\PSoC5/Cm3Start.c **** 
 346:.\Generated_Source\PSoC5/Cm3Start.c ****         /* Reset Status Register has Read-to-clear SW access mode.
 347:.\Generated_Source\PSoC5/Cm3Start.c ****         * Preserve current RESET_SR0 state to make it available for next reading.
 348:.\Generated_Source\PSoC5/Cm3Start.c ****         */
 349:.\Generated_Source\PSoC5/Cm3Start.c ****         *(reg32 *)(CYREG_PHUB_CFGMEM23_CFG1) = *(reg32 *)(CYREG_RESET_SR0);
 350:.\Generated_Source\PSoC5/Cm3Start.c **** 
 351:.\Generated_Source\PSoC5/Cm3Start.c ****     #endif  /* (CYDEV_PROJ_TYPE != CYDEV_PROJ_TYPE_LOADABLE) */
 352:.\Generated_Source\PSoC5/Cm3Start.c **** 
 353:.\Generated_Source\PSoC5/Cm3Start.c ****     #if (CYDEV_BOOTLOADER_ENABLE)
 354:.\Generated_Source\PSoC5/Cm3Start.c ****         CyBtldr_CheckLaunch();
 355:.\Generated_Source\PSoC5/Cm3Start.c ****     #endif /* CYDEV_BOOTLOADER_ENABLE */
 356:.\Generated_Source\PSoC5/Cm3Start.c **** 
 357:.\Generated_Source\PSoC5/Cm3Start.c ****     /* Initialize data sections */
 358:.\Generated_Source\PSoC5/Cm3Start.c ****     __iar_data_init3();
 359:.\Generated_Source\PSoC5/Cm3Start.c **** 
 360:.\Generated_Source\PSoC5/Cm3Start.c ****     initialize_psoc();
 361:.\Generated_Source\PSoC5/Cm3Start.c **** 
 362:.\Generated_Source\PSoC5/Cm3Start.c ****     return 0;
 363:.\Generated_Source\PSoC5/Cm3Start.c **** }
 364:.\Generated_Source\PSoC5/Cm3Start.c **** 
 365:.\Generated_Source\PSoC5/Cm3Start.c **** #endif /* __GNUC__ */
 366:.\Generated_Source\PSoC5/Cm3Start.c **** 
 367:.\Generated_Source\PSoC5/Cm3Start.c **** 
 368:.\Generated_Source\PSoC5/Cm3Start.c **** /*******************************************************************************
 369:.\Generated_Source\PSoC5/Cm3Start.c **** *
 370:.\Generated_Source\PSoC5/Cm3Start.c **** * Default Rom Interrupt Vector table.
 371:.\Generated_Source\PSoC5/Cm3Start.c **** *
 372:.\Generated_Source\PSoC5/Cm3Start.c **** *******************************************************************************/
 373:.\Generated_Source\PSoC5/Cm3Start.c **** #if defined(__ARMCC_VERSION)
 374:.\Generated_Source\PSoC5/Cm3Start.c ****     /* Suppress diagnostic message 1296-D: extended constant initialiser used */
 375:.\Generated_Source\PSoC5/Cm3Start.c ****     #pragma diag_suppress 1296
 376:.\Generated_Source\PSoC5/Cm3Start.c **** #endif  /* defined(__ARMCC_VERSION) */
 377:.\Generated_Source\PSoC5/Cm3Start.c **** 
 378:.\Generated_Source\PSoC5/Cm3Start.c **** #if defined (__ICCARM__)
 379:.\Generated_Source\PSoC5/Cm3Start.c ****     #pragma location=".romvectors"
 380:.\Generated_Source\PSoC5/Cm3Start.c ****     const intvec_elem __vector_table[CY_NUM_ROM_VECTORS] =
 381:.\Generated_Source\PSoC5/Cm3Start.c **** #else
 382:.\Generated_Source\PSoC5/Cm3Start.c ****     CY_SECTION(".romvectors")
 383:.\Generated_Source\PSoC5/Cm3Start.c ****     const cyisraddress RomVectors[CY_NUM_ROM_VECTORS] =
 384:.\Generated_Source\PSoC5/Cm3Start.c **** #endif  /* defined (__ICCARM__) */
ARM GAS  C:\Users\Robert\AppData\Local\Temp\ccxSvQH5.s 			page 13


 385:.\Generated_Source\PSoC5/Cm3Start.c **** {
 386:.\Generated_Source\PSoC5/Cm3Start.c ****     INITIAL_STACK_POINTER,   /* Initial stack pointer  0 */
 387:.\Generated_Source\PSoC5/Cm3Start.c ****     #if defined (__ICCARM__) /* Reset handler          1 */
 388:.\Generated_Source\PSoC5/Cm3Start.c ****         __iar_program_start,
 389:.\Generated_Source\PSoC5/Cm3Start.c ****     #else
 390:.\Generated_Source\PSoC5/Cm3Start.c ****         (cyisraddress)&Reset,
 391:.\Generated_Source\PSoC5/Cm3Start.c ****     #endif  /* defined (__ICCARM__) */
 392:.\Generated_Source\PSoC5/Cm3Start.c ****     &IntDefaultHandler,      /* NMI handler            2 */
 393:.\Generated_Source\PSoC5/Cm3Start.c ****     &IntDefaultHandler,      /* Hard fault handler     3 */
 394:.\Generated_Source\PSoC5/Cm3Start.c **** };
 395:.\Generated_Source\PSoC5/Cm3Start.c **** 
 396:.\Generated_Source\PSoC5/Cm3Start.c **** #if defined(__ARMCC_VERSION)
 397:.\Generated_Source\PSoC5/Cm3Start.c ****     #pragma diag_default 1296
 398:.\Generated_Source\PSoC5/Cm3Start.c **** #endif  /* defined(__ARMCC_VERSION) */
 399:.\Generated_Source\PSoC5/Cm3Start.c **** 
 400:.\Generated_Source\PSoC5/Cm3Start.c **** 
 401:.\Generated_Source\PSoC5/Cm3Start.c **** /*******************************************************************************
 402:.\Generated_Source\PSoC5/Cm3Start.c **** * Function Name: initialize_psoc
 403:.\Generated_Source\PSoC5/Cm3Start.c **** ********************************************************************************
 404:.\Generated_Source\PSoC5/Cm3Start.c **** *
 405:.\Generated_Source\PSoC5/Cm3Start.c **** * Summary:
 406:.\Generated_Source\PSoC5/Cm3Start.c **** *  This function used to initialize the PSoC chip before calling main.
 407:.\Generated_Source\PSoC5/Cm3Start.c **** *
 408:.\Generated_Source\PSoC5/Cm3Start.c **** * Parameters:
 409:.\Generated_Source\PSoC5/Cm3Start.c **** *  None
 410:.\Generated_Source\PSoC5/Cm3Start.c **** *
 411:.\Generated_Source\PSoC5/Cm3Start.c **** * Return:
 412:.\Generated_Source\PSoC5/Cm3Start.c **** *  None
 413:.\Generated_Source\PSoC5/Cm3Start.c **** *
 414:.\Generated_Source\PSoC5/Cm3Start.c **** *******************************************************************************/
 415:.\Generated_Source\PSoC5/Cm3Start.c **** #if (defined(__GNUC__) && !defined(__ARMCC_VERSION))
 416:.\Generated_Source\PSoC5/Cm3Start.c **** __attribute__ ((constructor(101)))
 417:.\Generated_Source\PSoC5/Cm3Start.c **** #endif
 418:.\Generated_Source\PSoC5/Cm3Start.c **** void initialize_psoc(void)
 419:.\Generated_Source\PSoC5/Cm3Start.c **** {
 287              		.loc 1 419 0
 288              		.cfi_startproc
 289              		@ args = 0, pretend = 0, frame = 8
 290              		@ frame_needed = 1, uses_anonymous_args = 0
 291 0000 80B5     		push	{r7, lr}
 292              	.LCFI10:
 293              		.cfi_def_cfa_offset 8
 294              		.cfi_offset 7, -8
 295              		.cfi_offset 14, -4
 296 0002 82B0     		sub	sp, sp, #8
 297              	.LCFI11:
 298              		.cfi_def_cfa_offset 16
 299 0004 00AF     		add	r7, sp, #0
 300              	.LCFI12:
 301              		.cfi_def_cfa_register 7
 420:.\Generated_Source\PSoC5/Cm3Start.c ****     uint32 i;
 421:.\Generated_Source\PSoC5/Cm3Start.c **** 
 422:.\Generated_Source\PSoC5/Cm3Start.c ****     /* Set Priority group 5. */
 423:.\Generated_Source\PSoC5/Cm3Start.c **** 
 424:.\Generated_Source\PSoC5/Cm3Start.c ****     /* Writes to NVIC_APINT register require the VECTKEY in the upper half */
 425:.\Generated_Source\PSoC5/Cm3Start.c ****     *CY_NVIC_APINT_PTR = CY_NVIC_APINT_VECTKEY | CY_NVIC_APINT_PRIGROUP_3_5;
 302              		.loc 1 425 0
ARM GAS  C:\Users\Robert\AppData\Local\Temp\ccxSvQH5.s 			page 14


 303 0006 4EF60C53 		movw	r3, #60684
 304 000a CEF20003 		movt	r3, 57344
 305 000e 4FF48062 		mov	r2, #1024
 306 0012 C0F2FA52 		movt	r2, 1530
 307 0016 1A60     		str	r2, [r3, #0]
 426:.\Generated_Source\PSoC5/Cm3Start.c ****     *CY_NVIC_CFG_CTRL_PTR |= CY_NVIC_CFG_STACKALIGN;
 308              		.loc 1 426 0
 309 0018 4EF61453 		movw	r3, #60692
 310 001c CEF20003 		movt	r3, 57344
 311 0020 4EF61452 		movw	r2, #60692
 312 0024 CEF20002 		movt	r2, 57344
 313 0028 1268     		ldr	r2, [r2, #0]
 314 002a 42F40072 		orr	r2, r2, #512
 315 002e 1A60     		str	r2, [r3, #0]
 427:.\Generated_Source\PSoC5/Cm3Start.c **** 
 428:.\Generated_Source\PSoC5/Cm3Start.c ****     /* Set Ram interrupt vectors to default functions. */
 429:.\Generated_Source\PSoC5/Cm3Start.c ****     for (i = 0u; i < CY_NUM_VECTORS; i++)
 316              		.loc 1 429 0
 317 0030 4FF00003 		mov	r3, #0
 318 0034 7B60     		str	r3, [r7, #4]
 319 0036 19E0     		b	.L15
 320              	.L18:
 430:.\Generated_Source\PSoC5/Cm3Start.c ****     {
 431:.\Generated_Source\PSoC5/Cm3Start.c ****         #if defined (__ICCARM__)
 432:.\Generated_Source\PSoC5/Cm3Start.c ****             CyRamVectors[i] = (i < CY_NUM_ROM_VECTORS) ? __vector_table[i].__fun : &IntDefaultHandl
 433:.\Generated_Source\PSoC5/Cm3Start.c ****         #else
 434:.\Generated_Source\PSoC5/Cm3Start.c ****             CyRamVectors[i] = (i < CY_NUM_ROM_VECTORS) ? RomVectors[i] : &IntDefaultHandler;
 321              		.loc 1 434 0
 322 0038 7B68     		ldr	r3, [r7, #4]
 323 003a 032B     		cmp	r3, #3
 324 003c 07D8     		bhi	.L16
 325              		.loc 1 434 0 is_stmt 0 discriminator 1
 326 003e 40F20003 		movw	r3, #:lower16:RomVectors
 327 0042 C0F20003 		movt	r3, #:upper16:RomVectors
 328 0046 7A68     		ldr	r2, [r7, #4]
 329 0048 53F82230 		ldr	r3, [r3, r2, lsl #2]
 330 004c 03E0     		b	.L17
 331              	.L16:
 332              		.loc 1 434 0 discriminator 2
 333 004e 40F20003 		movw	r3, #:lower16:IntDefaultHandler
 334 0052 C0F20003 		movt	r3, #:upper16:IntDefaultHandler
 335              	.L17:
 336              		.loc 1 434 0 discriminator 3
 337 0056 40F20002 		movw	r2, #:lower16:CyRamVectors
 338 005a C0F20002 		movt	r2, #:upper16:CyRamVectors
 339 005e 7968     		ldr	r1, [r7, #4]
 340 0060 42F82130 		str	r3, [r2, r1, lsl #2]
 429:.\Generated_Source\PSoC5/Cm3Start.c ****     for (i = 0u; i < CY_NUM_VECTORS; i++)
 341              		.loc 1 429 0 is_stmt 1 discriminator 3
 342 0064 7B68     		ldr	r3, [r7, #4]
 343 0066 03F10103 		add	r3, r3, #1
 344 006a 7B60     		str	r3, [r7, #4]
 345              	.L15:
 429:.\Generated_Source\PSoC5/Cm3Start.c ****     for (i = 0u; i < CY_NUM_VECTORS; i++)
 346              		.loc 1 429 0 is_stmt 0 discriminator 1
 347 006c 7B68     		ldr	r3, [r7, #4]
 348 006e 2F2B     		cmp	r3, #47
ARM GAS  C:\Users\Robert\AppData\Local\Temp\ccxSvQH5.s 			page 15


 349 0070 E2D9     		bls	.L18
 435:.\Generated_Source\PSoC5/Cm3Start.c ****         #endif  /* defined (__ICCARM__) */
 436:.\Generated_Source\PSoC5/Cm3Start.c ****     }
 437:.\Generated_Source\PSoC5/Cm3Start.c **** 
 438:.\Generated_Source\PSoC5/Cm3Start.c ****     /* Was stored in CFGMEM to avoid being cleared while SRAM gets cleared */
 439:.\Generated_Source\PSoC5/Cm3Start.c ****     CyResetStatus = CY_GET_REG8(CYREG_PHUB_CFGMEM23_CFG1);
 350              		.loc 1 439 0 is_stmt 1
 351 0072 47F2BC63 		movw	r3, #30396
 352 0076 C4F20003 		movt	r3, 16384
 353 007a 1B78     		ldrb	r3, [r3, #0]
 354 007c DAB2     		uxtb	r2, r3
 355 007e 40F20003 		movw	r3, #:lower16:CyResetStatus
 356 0082 C0F20003 		movt	r3, #:upper16:CyResetStatus
 357 0086 1A70     		strb	r2, [r3, #0]
 440:.\Generated_Source\PSoC5/Cm3Start.c **** 
 441:.\Generated_Source\PSoC5/Cm3Start.c ****     /* Point NVIC at RAM vector table. */
 442:.\Generated_Source\PSoC5/Cm3Start.c ****     *CYINT_VECT_TABLE = CyRamVectors;
 358              		.loc 1 442 0
 359 0088 4EF60853 		movw	r3, #60680
 360 008c CEF20003 		movt	r3, 57344
 361 0090 40F20002 		movw	r2, #:lower16:CyRamVectors
 362 0094 C0F20002 		movt	r2, #:upper16:CyRamVectors
 363 0098 1A60     		str	r2, [r3, #0]
 443:.\Generated_Source\PSoC5/Cm3Start.c **** 
 444:.\Generated_Source\PSoC5/Cm3Start.c ****     /* Initialize the configuration registers. */
 445:.\Generated_Source\PSoC5/Cm3Start.c ****     cyfitter_cfg();
 364              		.loc 1 445 0
 365 009a FFF7FEFF 		bl	cyfitter_cfg
 446:.\Generated_Source\PSoC5/Cm3Start.c **** 
 447:.\Generated_Source\PSoC5/Cm3Start.c ****     #if(0u != DMA_CHANNELS_USED__MASK0)
 448:.\Generated_Source\PSoC5/Cm3Start.c **** 
 449:.\Generated_Source\PSoC5/Cm3Start.c ****         /* Setup DMA - only necessary if design contains DMA component. */
 450:.\Generated_Source\PSoC5/Cm3Start.c ****         CyDmacConfigure();
 451:.\Generated_Source\PSoC5/Cm3Start.c **** 
 452:.\Generated_Source\PSoC5/Cm3Start.c ****     #endif  /* (0u != DMA_CHANNELS_USED__MASK0) */
 453:.\Generated_Source\PSoC5/Cm3Start.c **** 
 454:.\Generated_Source\PSoC5/Cm3Start.c ****     #if !defined (__ICCARM__)
 455:.\Generated_Source\PSoC5/Cm3Start.c ****         /* Actually, no need to clean this variable, just to make compiler happy. */
 456:.\Generated_Source\PSoC5/Cm3Start.c ****         cySysNoInitDataValid = 0u;
 366              		.loc 1 456 0
 367 009e 40F20003 		movw	r3, #:lower16:cySysNoInitDataValid
 368 00a2 C0F20003 		movt	r3, #:upper16:cySysNoInitDataValid
 369 00a6 4FF00002 		mov	r2, #0
 370 00aa 1A60     		str	r2, [r3, #0]
 457:.\Generated_Source\PSoC5/Cm3Start.c ****     #endif  /* !defined (__ICCARM__) */
 458:.\Generated_Source\PSoC5/Cm3Start.c **** }
 371              		.loc 1 458 0
 372 00ac 07F10807 		add	r7, r7, #8
 373 00b0 BD46     		mov	sp, r7
 374 00b2 80BD     		pop	{r7, pc}
 375              		.cfi_endproc
 376              	.LFE4:
 377              		.size	initialize_psoc, .-initialize_psoc
 378              		.section	.init_array,"aw",%init_array
 379              		.align	2
 380 0000 00000000 		.word	initialize_psoc(target1)
 381              		.weak	__cy_region_num
ARM GAS  C:\Users\Robert\AppData\Local\Temp\ccxSvQH5.s 			page 16


 382              		.text
 383              	.Letext0:
 384              		.file 2 ".\\Generated_Source\\PSoC5\\cytypes.h"
 385              		.file 3 "c:\\program files (x86)\\cypress\\psoc creator\\3.0\\psoc creator\\import\\gnu_cs\\arm\\4
 386              		.file 4 ".\\Generated_Source\\PSoC5\\CyLib.h"
 387              		.section	.debug_info,"",%progbits
 388              	.Ldebug_info0:
 389 0000 E6020000 		.4byte	0x2e6
 390 0004 0200     		.2byte	0x2
 391 0006 00000000 		.4byte	.Ldebug_abbrev0
 392 000a 04       		.byte	0x4
 393 000b 01       		.uleb128 0x1
 394 000c 94010000 		.4byte	.LASF39
 395 0010 01       		.byte	0x1
 396 0011 00000000 		.4byte	.LASF40
 397 0015 00020000 		.4byte	.LASF41
 398 0019 00000000 		.4byte	.Ldebug_ranges0+0
 399 001d 00000000 		.4byte	0
 400 0021 00000000 		.4byte	0
 401 0025 00000000 		.4byte	.Ldebug_line0
 402 0029 02       		.uleb128 0x2
 403 002a 01       		.byte	0x1
 404 002b 06       		.byte	0x6
 405 002c F4010000 		.4byte	.LASF0
 406 0030 02       		.uleb128 0x2
 407 0031 01       		.byte	0x1
 408 0032 08       		.byte	0x8
 409 0033 95000000 		.4byte	.LASF1
 410 0037 02       		.uleb128 0x2
 411 0038 02       		.byte	0x2
 412 0039 05       		.byte	0x5
 413 003a 8A010000 		.4byte	.LASF2
 414 003e 02       		.uleb128 0x2
 415 003f 02       		.byte	0x2
 416 0040 07       		.byte	0x7
 417 0041 4C000000 		.4byte	.LASF3
 418 0045 02       		.uleb128 0x2
 419 0046 04       		.byte	0x4
 420 0047 05       		.byte	0x5
 421 0048 DD010000 		.4byte	.LASF4
 422 004c 02       		.uleb128 0x2
 423 004d 04       		.byte	0x4
 424 004e 07       		.byte	0x7
 425 004f AE000000 		.4byte	.LASF5
 426 0053 02       		.uleb128 0x2
 427 0054 08       		.byte	0x8
 428 0055 05       		.byte	0x5
 429 0056 77010000 		.4byte	.LASF6
 430 005a 02       		.uleb128 0x2
 431 005b 08       		.byte	0x8
 432 005c 07       		.byte	0x7
 433 005d 24010000 		.4byte	.LASF7
 434 0061 03       		.uleb128 0x3
 435 0062 04       		.byte	0x4
 436 0063 05       		.byte	0x5
 437 0064 696E7400 		.ascii	"int\000"
 438 0068 02       		.uleb128 0x2
ARM GAS  C:\Users\Robert\AppData\Local\Temp\ccxSvQH5.s 			page 17


 439 0069 04       		.byte	0x4
 440 006a 07       		.byte	0x7
 441 006b 17010000 		.4byte	.LASF8
 442 006f 04       		.uleb128 0x4
 443 0070 D5000000 		.4byte	.LASF9
 444 0074 02       		.byte	0x2
 445 0075 5B       		.byte	0x5b
 446 0076 30000000 		.4byte	0x30
 447 007a 04       		.uleb128 0x4
 448 007b 10010000 		.4byte	.LASF10
 449 007f 02       		.byte	0x2
 450 0080 5D       		.byte	0x5d
 451 0081 4C000000 		.4byte	0x4c
 452 0085 02       		.uleb128 0x2
 453 0086 04       		.byte	0x4
 454 0087 04       		.byte	0x4
 455 0088 8A000000 		.4byte	.LASF11
 456 008c 02       		.uleb128 0x2
 457 008d 08       		.byte	0x8
 458 008e 04       		.byte	0x4
 459 008f F9000000 		.4byte	.LASF12
 460 0093 02       		.uleb128 0x2
 461 0094 01       		.byte	0x1
 462 0095 08       		.byte	0x8
 463 0096 85010000 		.4byte	.LASF13
 464 009a 04       		.uleb128 0x4
 465 009b 69010000 		.4byte	.LASF14
 466 009f 02       		.byte	0x2
 467 00a0 F0       		.byte	0xf0
 468 00a1 A5000000 		.4byte	0xa5
 469 00a5 05       		.uleb128 0x5
 470 00a6 6F000000 		.4byte	0x6f
 471 00aa 04       		.uleb128 0x4
 472 00ab 24000000 		.4byte	.LASF15
 473 00af 02       		.byte	0x2
 474 00b0 F2       		.byte	0xf2
 475 00b1 B5000000 		.4byte	0xb5
 476 00b5 05       		.uleb128 0x5
 477 00b6 7A000000 		.4byte	0x7a
 478 00ba 06       		.uleb128 0x6
 479 00bb 41010000 		.4byte	.LASF16
 480 00bf 02       		.byte	0x2
 481 00c0 0201     		.2byte	0x102
 482 00c2 C6000000 		.4byte	0xc6
 483 00c6 07       		.uleb128 0x7
 484 00c7 04       		.byte	0x4
 485 00c8 CC000000 		.4byte	0xcc
 486 00cc 08       		.uleb128 0x8
 487 00cd 01       		.byte	0x1
 488 00ce 02       		.uleb128 0x2
 489 00cf 04       		.byte	0x4
 490 00d0 07       		.byte	0x7
 491 00d1 6E010000 		.4byte	.LASF17
 492 00d5 09       		.uleb128 0x9
 493 00d6 93000000 		.4byte	0x93
 494 00da 04       		.uleb128 0x4
 495 00db 2A000000 		.4byte	.LASF18
ARM GAS  C:\Users\Robert\AppData\Local\Temp\ccxSvQH5.s 			page 18


 496 00df 03       		.byte	0x3
 497 00e0 D5       		.byte	0xd5
 498 00e1 68000000 		.4byte	0x68
 499 00e5 04       		.uleb128 0x4
 500 00e6 58010000 		.4byte	.LASF19
 501 00ea 01       		.byte	0x1
 502 00eb C7       		.byte	0xc7
 503 00ec 30000000 		.4byte	0x30
 504 00f0 0A       		.uleb128 0xa
 505 00f1 77020000 		.4byte	.LASF42
 506 00f5 10       		.byte	0x10
 507 00f6 01       		.byte	0x1
 508 00f7 C9       		.byte	0xc9
 509 00f8 35010000 		.4byte	0x135
 510 00fc 0B       		.uleb128 0xb
 511 00fd 6F000000 		.4byte	.LASF20
 512 0101 01       		.byte	0x1
 513 0102 CB       		.byte	0xcb
 514 0103 35010000 		.4byte	0x135
 515 0107 02       		.byte	0x2
 516 0108 23       		.byte	0x23
 517 0109 00       		.uleb128 0
 518 010a 0B       		.uleb128 0xb
 519 010b 90000000 		.4byte	.LASF21
 520 010f 01       		.byte	0x1
 521 0110 CC       		.byte	0xcc
 522 0111 35010000 		.4byte	0x135
 523 0115 02       		.byte	0x2
 524 0116 23       		.byte	0x23
 525 0117 04       		.uleb128 0x4
 526 0118 0B       		.uleb128 0xb
 527 0119 4E010000 		.4byte	.LASF22
 528 011d 01       		.byte	0x1
 529 011e CD       		.byte	0xcd
 530 011f DA000000 		.4byte	0xda
 531 0123 02       		.byte	0x2
 532 0124 23       		.byte	0x23
 533 0125 08       		.uleb128 0x8
 534 0126 0B       		.uleb128 0xb
 535 0127 7B000000 		.4byte	.LASF23
 536 012b 01       		.byte	0x1
 537 012c CE       		.byte	0xce
 538 012d DA000000 		.4byte	0xda
 539 0131 02       		.byte	0x2
 540 0132 23       		.byte	0x23
 541 0133 0C       		.uleb128 0xc
 542 0134 00       		.byte	0
 543 0135 07       		.uleb128 0x7
 544 0136 04       		.byte	0x4
 545 0137 E5000000 		.4byte	0xe5
 546 013b 0C       		.uleb128 0xc
 547 013c 01       		.byte	0x1
 548 013d E7000000 		.4byte	.LASF24
 549 0141 01       		.byte	0x1
 550 0142 5C       		.byte	0x5c
 551 0143 01       		.byte	0x1
 552 0144 00000000 		.4byte	.LFB0
ARM GAS  C:\Users\Robert\AppData\Local\Temp\ccxSvQH5.s 			page 19


 553 0148 06000000 		.4byte	.LFE0
 554 014c 00000000 		.4byte	.LLST0
 555 0150 01       		.byte	0x1
 556 0151 0D       		.uleb128 0xd
 557 0152 01       		.byte	0x1
 558 0153 DB000000 		.4byte	.LASF25
 559 0157 01       		.byte	0x1
 560 0158 E5       		.byte	0xe5
 561 0159 01       		.byte	0x1
 562 015a 00000000 		.4byte	.LFB1
 563 015e 20000000 		.4byte	.LFE1
 564 0162 2C000000 		.4byte	.LLST1
 565 0166 01       		.byte	0x1
 566 0167 0E       		.uleb128 0xe
 567 0168 01       		.byte	0x1
 568 0169 E1000000 		.4byte	.LASF26
 569 016d 01       		.byte	0x1
 570 016e FD       		.byte	0xfd
 571 016f 01       		.byte	0x1
 572 0170 00000000 		.4byte	.LFB2
 573 0174 30000000 		.4byte	.LFE2
 574 0178 58000000 		.4byte	.LLST2
 575 017c 01       		.byte	0x1
 576 017d 9D010000 		.4byte	0x19d
 577 0181 0F       		.uleb128 0xf
 578 0182 74000000 		.4byte	.LASF43
 579 0186 01       		.byte	0x1
 580 0187 FD       		.byte	0xfd
 581 0188 61000000 		.4byte	0x61
 582 018c 02       		.byte	0x2
 583 018d 91       		.byte	0x91
 584 018e 6C       		.sleb128 -20
 585 018f 10       		.uleb128 0x10
 586 0190 7800     		.ascii	"x\000"
 587 0192 01       		.byte	0x1
 588 0193 0001     		.2byte	0x100
 589 0195 61000000 		.4byte	0x61
 590 0199 02       		.byte	0x2
 591 019a 91       		.byte	0x91
 592 019b 74       		.sleb128 -12
 593 019c 00       		.byte	0
 594 019d 11       		.uleb128 0x11
 595 019e 01       		.byte	0x1
 596 019f 3E000000 		.4byte	.LASF27
 597 01a3 01       		.byte	0x1
 598 01a4 1901     		.2byte	0x119
 599 01a6 01       		.byte	0x1
 600 01a7 00000000 		.4byte	.LFB3
 601 01ab CA000000 		.4byte	.LFE3
 602 01af 90000000 		.4byte	.LLST3
 603 01b3 01       		.byte	0x1
 604 01b4 1D020000 		.4byte	0x21d
 605 01b8 12       		.uleb128 0x12
 606 01b9 6F020000 		.4byte	.LASF28
 607 01bd 01       		.byte	0x1
 608 01be 1B01     		.2byte	0x11b
 609 01c0 68000000 		.4byte	0x68
ARM GAS  C:\Users\Robert\AppData\Local\Temp\ccxSvQH5.s 			page 20


 610 01c4 02       		.byte	0x2
 611 01c5 91       		.byte	0x91
 612 01c6 74       		.sleb128 -12
 613 01c7 12       		.uleb128 0x12
 614 01c8 85000000 		.4byte	.LASF29
 615 01cc 01       		.byte	0x1
 616 01cd 1C01     		.2byte	0x11c
 617 01cf 1D020000 		.4byte	0x21d
 618 01d3 02       		.byte	0x2
 619 01d4 91       		.byte	0x91
 620 01d5 70       		.sleb128 -16
 621 01d6 13       		.uleb128 0x13
 622 01d7 30000000 		.4byte	.LBB2
 623 01db A0000000 		.4byte	.LBE2
 624 01df 10       		.uleb128 0x10
 625 01e0 73726300 		.ascii	"src\000"
 626 01e4 01       		.byte	0x1
 627 01e5 2101     		.2byte	0x121
 628 01e7 28020000 		.4byte	0x228
 629 01eb 02       		.byte	0x2
 630 01ec 91       		.byte	0x91
 631 01ed 6C       		.sleb128 -20
 632 01ee 10       		.uleb128 0x10
 633 01ef 64737400 		.ascii	"dst\000"
 634 01f3 01       		.byte	0x1
 635 01f4 2201     		.2byte	0x122
 636 01f6 28020000 		.4byte	0x228
 637 01fa 02       		.byte	0x2
 638 01fb 91       		.byte	0x91
 639 01fc 68       		.sleb128 -24
 640 01fd 12       		.uleb128 0x12
 641 01fe 3B010000 		.4byte	.LASF30
 642 0202 01       		.byte	0x1
 643 0203 2301     		.2byte	0x123
 644 0205 68000000 		.4byte	0x68
 645 0209 02       		.byte	0x2
 646 020a 91       		.byte	0x91
 647 020b 60       		.sleb128 -32
 648 020c 12       		.uleb128 0x12
 649 020d 46000000 		.4byte	.LASF31
 650 0211 01       		.byte	0x1
 651 0212 2401     		.2byte	0x124
 652 0214 68000000 		.4byte	0x68
 653 0218 02       		.byte	0x2
 654 0219 91       		.byte	0x91
 655 021a 64       		.sleb128 -28
 656 021b 00       		.byte	0
 657 021c 00       		.byte	0
 658 021d 07       		.uleb128 0x7
 659 021e 04       		.byte	0x4
 660 021f 23020000 		.4byte	0x223
 661 0223 09       		.uleb128 0x9
 662 0224 F0000000 		.4byte	0xf0
 663 0228 07       		.uleb128 0x7
 664 0229 04       		.byte	0x4
 665 022a 7A000000 		.4byte	0x7a
 666 022e 11       		.uleb128 0x11
ARM GAS  C:\Users\Robert\AppData\Local\Temp\ccxSvQH5.s 			page 21


 667 022f 01       		.byte	0x1
 668 0230 00010000 		.4byte	.LASF32
 669 0234 01       		.byte	0x1
 670 0235 A201     		.2byte	0x1a2
 671 0237 01       		.byte	0x1
 672 0238 00000000 		.4byte	.LFB4
 673 023c B4000000 		.4byte	.LFE4
 674 0240 C8000000 		.4byte	.LLST4
 675 0244 01       		.byte	0x1
 676 0245 57020000 		.4byte	0x257
 677 0249 10       		.uleb128 0x10
 678 024a 6900     		.ascii	"i\000"
 679 024c 01       		.byte	0x1
 680 024d A401     		.2byte	0x1a4
 681 024f 7A000000 		.4byte	0x7a
 682 0253 02       		.byte	0x2
 683 0254 91       		.byte	0x91
 684 0255 74       		.sleb128 -12
 685 0256 00       		.byte	0
 686 0257 14       		.uleb128 0x14
 687 0258 C0000000 		.4byte	.LASF33
 688 025c 01       		.byte	0x1
 689 025d 39       		.byte	0x39
 690 025e 7A000000 		.4byte	0x7a
 691 0262 05       		.byte	0x5
 692 0263 03       		.byte	0x3
 693 0264 00000000 		.4byte	cySysNoInitDataValid
 694 0268 15       		.uleb128 0x15
 695 0269 E6010000 		.4byte	.LASF34
 696 026d 04       		.byte	0x4
 697 026e 2D       		.byte	0x2d
 698 026f 6F000000 		.4byte	0x6f
 699 0273 01       		.byte	0x1
 700 0274 01       		.byte	0x1
 701 0275 16       		.uleb128 0x16
 702 0276 BA000000 		.4byte	0xba
 703 027a 85020000 		.4byte	0x285
 704 027e 17       		.uleb128 0x17
 705 027f CE000000 		.4byte	0xce
 706 0283 2F       		.byte	0x2f
 707 0284 00       		.byte	0
 708 0285 18       		.uleb128 0x18
 709 0286 31000000 		.4byte	.LASF35
 710 028a 01       		.byte	0x1
 711 028b 47       		.byte	0x47
 712 028c 75020000 		.4byte	0x275
 713 0290 01       		.byte	0x1
 714 0291 05       		.byte	0x5
 715 0292 03       		.byte	0x3
 716 0293 00000000 		.4byte	CyRamVectors
 717 0297 16       		.uleb128 0x16
 718 0298 F0000000 		.4byte	0xf0
 719 029c A2020000 		.4byte	0x2a2
 720 02a0 19       		.uleb128 0x19
 721 02a1 00       		.byte	0
 722 02a2 15       		.uleb128 0x15
 723 02a3 62020000 		.4byte	.LASF36
ARM GAS  C:\Users\Robert\AppData\Local\Temp\ccxSvQH5.s 			page 22


 724 02a7 01       		.byte	0x1
 725 02a8 D1       		.byte	0xd1
 726 02a9 AF020000 		.4byte	0x2af
 727 02ad 01       		.byte	0x1
 728 02ae 01       		.byte	0x1
 729 02af 09       		.uleb128 0x9
 730 02b0 97020000 		.4byte	0x297
 731 02b4 15       		.uleb128 0x15
 732 02b5 5F000000 		.4byte	.LASF37
 733 02b9 01       		.byte	0x1
 734 02ba D2       		.byte	0xd2
 735 02bb D5000000 		.4byte	0xd5
 736 02bf 01       		.byte	0x1
 737 02c0 01       		.byte	0x1
 738 02c1 16       		.uleb128 0x16
 739 02c2 BA000000 		.4byte	0xba
 740 02c6 D1020000 		.4byte	0x2d1
 741 02ca 17       		.uleb128 0x17
 742 02cb CE000000 		.4byte	0xce
 743 02cf 03       		.byte	0x3
 744 02d0 00       		.byte	0
 745 02d1 1A       		.uleb128 0x1a
 746 02d2 A3000000 		.4byte	.LASF38
 747 02d6 01       		.byte	0x1
 748 02d7 7F01     		.2byte	0x17f
 749 02d9 E4020000 		.4byte	0x2e4
 750 02dd 01       		.byte	0x1
 751 02de 05       		.byte	0x5
 752 02df 03       		.byte	0x3
 753 02e0 00000000 		.4byte	RomVectors
 754 02e4 09       		.uleb128 0x9
 755 02e5 C1020000 		.4byte	0x2c1
 756 02e9 00       		.byte	0
 757              		.section	.debug_abbrev,"",%progbits
 758              	.Ldebug_abbrev0:
 759 0000 01       		.uleb128 0x1
 760 0001 11       		.uleb128 0x11
 761 0002 01       		.byte	0x1
 762 0003 25       		.uleb128 0x25
 763 0004 0E       		.uleb128 0xe
 764 0005 13       		.uleb128 0x13
 765 0006 0B       		.uleb128 0xb
 766 0007 03       		.uleb128 0x3
 767 0008 0E       		.uleb128 0xe
 768 0009 1B       		.uleb128 0x1b
 769 000a 0E       		.uleb128 0xe
 770 000b 55       		.uleb128 0x55
 771 000c 06       		.uleb128 0x6
 772 000d 11       		.uleb128 0x11
 773 000e 01       		.uleb128 0x1
 774 000f 52       		.uleb128 0x52
 775 0010 01       		.uleb128 0x1
 776 0011 10       		.uleb128 0x10
 777 0012 06       		.uleb128 0x6
 778 0013 00       		.byte	0
 779 0014 00       		.byte	0
 780 0015 02       		.uleb128 0x2
ARM GAS  C:\Users\Robert\AppData\Local\Temp\ccxSvQH5.s 			page 23


 781 0016 24       		.uleb128 0x24
 782 0017 00       		.byte	0
 783 0018 0B       		.uleb128 0xb
 784 0019 0B       		.uleb128 0xb
 785 001a 3E       		.uleb128 0x3e
 786 001b 0B       		.uleb128 0xb
 787 001c 03       		.uleb128 0x3
 788 001d 0E       		.uleb128 0xe
 789 001e 00       		.byte	0
 790 001f 00       		.byte	0
 791 0020 03       		.uleb128 0x3
 792 0021 24       		.uleb128 0x24
 793 0022 00       		.byte	0
 794 0023 0B       		.uleb128 0xb
 795 0024 0B       		.uleb128 0xb
 796 0025 3E       		.uleb128 0x3e
 797 0026 0B       		.uleb128 0xb
 798 0027 03       		.uleb128 0x3
 799 0028 08       		.uleb128 0x8
 800 0029 00       		.byte	0
 801 002a 00       		.byte	0
 802 002b 04       		.uleb128 0x4
 803 002c 16       		.uleb128 0x16
 804 002d 00       		.byte	0
 805 002e 03       		.uleb128 0x3
 806 002f 0E       		.uleb128 0xe
 807 0030 3A       		.uleb128 0x3a
 808 0031 0B       		.uleb128 0xb
 809 0032 3B       		.uleb128 0x3b
 810 0033 0B       		.uleb128 0xb
 811 0034 49       		.uleb128 0x49
 812 0035 13       		.uleb128 0x13
 813 0036 00       		.byte	0
 814 0037 00       		.byte	0
 815 0038 05       		.uleb128 0x5
 816 0039 35       		.uleb128 0x35
 817 003a 00       		.byte	0
 818 003b 49       		.uleb128 0x49
 819 003c 13       		.uleb128 0x13
 820 003d 00       		.byte	0
 821 003e 00       		.byte	0
 822 003f 06       		.uleb128 0x6
 823 0040 16       		.uleb128 0x16
 824 0041 00       		.byte	0
 825 0042 03       		.uleb128 0x3
 826 0043 0E       		.uleb128 0xe
 827 0044 3A       		.uleb128 0x3a
 828 0045 0B       		.uleb128 0xb
 829 0046 3B       		.uleb128 0x3b
 830 0047 05       		.uleb128 0x5
 831 0048 49       		.uleb128 0x49
 832 0049 13       		.uleb128 0x13
 833 004a 00       		.byte	0
 834 004b 00       		.byte	0
 835 004c 07       		.uleb128 0x7
 836 004d 0F       		.uleb128 0xf
 837 004e 00       		.byte	0
ARM GAS  C:\Users\Robert\AppData\Local\Temp\ccxSvQH5.s 			page 24


 838 004f 0B       		.uleb128 0xb
 839 0050 0B       		.uleb128 0xb
 840 0051 49       		.uleb128 0x49
 841 0052 13       		.uleb128 0x13
 842 0053 00       		.byte	0
 843 0054 00       		.byte	0
 844 0055 08       		.uleb128 0x8
 845 0056 15       		.uleb128 0x15
 846 0057 00       		.byte	0
 847 0058 27       		.uleb128 0x27
 848 0059 0C       		.uleb128 0xc
 849 005a 00       		.byte	0
 850 005b 00       		.byte	0
 851 005c 09       		.uleb128 0x9
 852 005d 26       		.uleb128 0x26
 853 005e 00       		.byte	0
 854 005f 49       		.uleb128 0x49
 855 0060 13       		.uleb128 0x13
 856 0061 00       		.byte	0
 857 0062 00       		.byte	0
 858 0063 0A       		.uleb128 0xa
 859 0064 13       		.uleb128 0x13
 860 0065 01       		.byte	0x1
 861 0066 03       		.uleb128 0x3
 862 0067 0E       		.uleb128 0xe
 863 0068 0B       		.uleb128 0xb
 864 0069 0B       		.uleb128 0xb
 865 006a 3A       		.uleb128 0x3a
 866 006b 0B       		.uleb128 0xb
 867 006c 3B       		.uleb128 0x3b
 868 006d 0B       		.uleb128 0xb
 869 006e 01       		.uleb128 0x1
 870 006f 13       		.uleb128 0x13
 871 0070 00       		.byte	0
 872 0071 00       		.byte	0
 873 0072 0B       		.uleb128 0xb
 874 0073 0D       		.uleb128 0xd
 875 0074 00       		.byte	0
 876 0075 03       		.uleb128 0x3
 877 0076 0E       		.uleb128 0xe
 878 0077 3A       		.uleb128 0x3a
 879 0078 0B       		.uleb128 0xb
 880 0079 3B       		.uleb128 0x3b
 881 007a 0B       		.uleb128 0xb
 882 007b 49       		.uleb128 0x49
 883 007c 13       		.uleb128 0x13
 884 007d 38       		.uleb128 0x38
 885 007e 0A       		.uleb128 0xa
 886 007f 00       		.byte	0
 887 0080 00       		.byte	0
 888 0081 0C       		.uleb128 0xc
 889 0082 2E       		.uleb128 0x2e
 890 0083 00       		.byte	0
 891 0084 3F       		.uleb128 0x3f
 892 0085 0C       		.uleb128 0xc
 893 0086 03       		.uleb128 0x3
 894 0087 0E       		.uleb128 0xe
ARM GAS  C:\Users\Robert\AppData\Local\Temp\ccxSvQH5.s 			page 25


 895 0088 3A       		.uleb128 0x3a
 896 0089 0B       		.uleb128 0xb
 897 008a 3B       		.uleb128 0x3b
 898 008b 0B       		.uleb128 0xb
 899 008c 27       		.uleb128 0x27
 900 008d 0C       		.uleb128 0xc
 901 008e 11       		.uleb128 0x11
 902 008f 01       		.uleb128 0x1
 903 0090 12       		.uleb128 0x12
 904 0091 01       		.uleb128 0x1
 905 0092 40       		.uleb128 0x40
 906 0093 06       		.uleb128 0x6
 907 0094 9742     		.uleb128 0x2117
 908 0096 0C       		.uleb128 0xc
 909 0097 00       		.byte	0
 910 0098 00       		.byte	0
 911 0099 0D       		.uleb128 0xd
 912 009a 2E       		.uleb128 0x2e
 913 009b 00       		.byte	0
 914 009c 3F       		.uleb128 0x3f
 915 009d 0C       		.uleb128 0xc
 916 009e 03       		.uleb128 0x3
 917 009f 0E       		.uleb128 0xe
 918 00a0 3A       		.uleb128 0x3a
 919 00a1 0B       		.uleb128 0xb
 920 00a2 3B       		.uleb128 0x3b
 921 00a3 0B       		.uleb128 0xb
 922 00a4 27       		.uleb128 0x27
 923 00a5 0C       		.uleb128 0xc
 924 00a6 11       		.uleb128 0x11
 925 00a7 01       		.uleb128 0x1
 926 00a8 12       		.uleb128 0x12
 927 00a9 01       		.uleb128 0x1
 928 00aa 40       		.uleb128 0x40
 929 00ab 06       		.uleb128 0x6
 930 00ac 9642     		.uleb128 0x2116
 931 00ae 0C       		.uleb128 0xc
 932 00af 00       		.byte	0
 933 00b0 00       		.byte	0
 934 00b1 0E       		.uleb128 0xe
 935 00b2 2E       		.uleb128 0x2e
 936 00b3 01       		.byte	0x1
 937 00b4 3F       		.uleb128 0x3f
 938 00b5 0C       		.uleb128 0xc
 939 00b6 03       		.uleb128 0x3
 940 00b7 0E       		.uleb128 0xe
 941 00b8 3A       		.uleb128 0x3a
 942 00b9 0B       		.uleb128 0xb
 943 00ba 3B       		.uleb128 0x3b
 944 00bb 0B       		.uleb128 0xb
 945 00bc 27       		.uleb128 0x27
 946 00bd 0C       		.uleb128 0xc
 947 00be 11       		.uleb128 0x11
 948 00bf 01       		.uleb128 0x1
 949 00c0 12       		.uleb128 0x12
 950 00c1 01       		.uleb128 0x1
 951 00c2 40       		.uleb128 0x40
ARM GAS  C:\Users\Robert\AppData\Local\Temp\ccxSvQH5.s 			page 26


 952 00c3 06       		.uleb128 0x6
 953 00c4 9742     		.uleb128 0x2117
 954 00c6 0C       		.uleb128 0xc
 955 00c7 01       		.uleb128 0x1
 956 00c8 13       		.uleb128 0x13
 957 00c9 00       		.byte	0
 958 00ca 00       		.byte	0
 959 00cb 0F       		.uleb128 0xf
 960 00cc 05       		.uleb128 0x5
 961 00cd 00       		.byte	0
 962 00ce 03       		.uleb128 0x3
 963 00cf 0E       		.uleb128 0xe
 964 00d0 3A       		.uleb128 0x3a
 965 00d1 0B       		.uleb128 0xb
 966 00d2 3B       		.uleb128 0x3b
 967 00d3 0B       		.uleb128 0xb
 968 00d4 49       		.uleb128 0x49
 969 00d5 13       		.uleb128 0x13
 970 00d6 02       		.uleb128 0x2
 971 00d7 0A       		.uleb128 0xa
 972 00d8 00       		.byte	0
 973 00d9 00       		.byte	0
 974 00da 10       		.uleb128 0x10
 975 00db 34       		.uleb128 0x34
 976 00dc 00       		.byte	0
 977 00dd 03       		.uleb128 0x3
 978 00de 08       		.uleb128 0x8
 979 00df 3A       		.uleb128 0x3a
 980 00e0 0B       		.uleb128 0xb
 981 00e1 3B       		.uleb128 0x3b
 982 00e2 05       		.uleb128 0x5
 983 00e3 49       		.uleb128 0x49
 984 00e4 13       		.uleb128 0x13
 985 00e5 02       		.uleb128 0x2
 986 00e6 0A       		.uleb128 0xa
 987 00e7 00       		.byte	0
 988 00e8 00       		.byte	0
 989 00e9 11       		.uleb128 0x11
 990 00ea 2E       		.uleb128 0x2e
 991 00eb 01       		.byte	0x1
 992 00ec 3F       		.uleb128 0x3f
 993 00ed 0C       		.uleb128 0xc
 994 00ee 03       		.uleb128 0x3
 995 00ef 0E       		.uleb128 0xe
 996 00f0 3A       		.uleb128 0x3a
 997 00f1 0B       		.uleb128 0xb
 998 00f2 3B       		.uleb128 0x3b
 999 00f3 05       		.uleb128 0x5
 1000 00f4 27       		.uleb128 0x27
 1001 00f5 0C       		.uleb128 0xc
 1002 00f6 11       		.uleb128 0x11
 1003 00f7 01       		.uleb128 0x1
 1004 00f8 12       		.uleb128 0x12
 1005 00f9 01       		.uleb128 0x1
 1006 00fa 40       		.uleb128 0x40
 1007 00fb 06       		.uleb128 0x6
 1008 00fc 9642     		.uleb128 0x2116
ARM GAS  C:\Users\Robert\AppData\Local\Temp\ccxSvQH5.s 			page 27


 1009 00fe 0C       		.uleb128 0xc
 1010 00ff 01       		.uleb128 0x1
 1011 0100 13       		.uleb128 0x13
 1012 0101 00       		.byte	0
 1013 0102 00       		.byte	0
 1014 0103 12       		.uleb128 0x12
 1015 0104 34       		.uleb128 0x34
 1016 0105 00       		.byte	0
 1017 0106 03       		.uleb128 0x3
 1018 0107 0E       		.uleb128 0xe
 1019 0108 3A       		.uleb128 0x3a
 1020 0109 0B       		.uleb128 0xb
 1021 010a 3B       		.uleb128 0x3b
 1022 010b 05       		.uleb128 0x5
 1023 010c 49       		.uleb128 0x49
 1024 010d 13       		.uleb128 0x13
 1025 010e 02       		.uleb128 0x2
 1026 010f 0A       		.uleb128 0xa
 1027 0110 00       		.byte	0
 1028 0111 00       		.byte	0
 1029 0112 13       		.uleb128 0x13
 1030 0113 0B       		.uleb128 0xb
 1031 0114 01       		.byte	0x1
 1032 0115 11       		.uleb128 0x11
 1033 0116 01       		.uleb128 0x1
 1034 0117 12       		.uleb128 0x12
 1035 0118 01       		.uleb128 0x1
 1036 0119 00       		.byte	0
 1037 011a 00       		.byte	0
 1038 011b 14       		.uleb128 0x14
 1039 011c 34       		.uleb128 0x34
 1040 011d 00       		.byte	0
 1041 011e 03       		.uleb128 0x3
 1042 011f 0E       		.uleb128 0xe
 1043 0120 3A       		.uleb128 0x3a
 1044 0121 0B       		.uleb128 0xb
 1045 0122 3B       		.uleb128 0x3b
 1046 0123 0B       		.uleb128 0xb
 1047 0124 49       		.uleb128 0x49
 1048 0125 13       		.uleb128 0x13
 1049 0126 02       		.uleb128 0x2
 1050 0127 0A       		.uleb128 0xa
 1051 0128 00       		.byte	0
 1052 0129 00       		.byte	0
 1053 012a 15       		.uleb128 0x15
 1054 012b 34       		.uleb128 0x34
 1055 012c 00       		.byte	0
 1056 012d 03       		.uleb128 0x3
 1057 012e 0E       		.uleb128 0xe
 1058 012f 3A       		.uleb128 0x3a
 1059 0130 0B       		.uleb128 0xb
 1060 0131 3B       		.uleb128 0x3b
 1061 0132 0B       		.uleb128 0xb
 1062 0133 49       		.uleb128 0x49
 1063 0134 13       		.uleb128 0x13
 1064 0135 3F       		.uleb128 0x3f
 1065 0136 0C       		.uleb128 0xc
ARM GAS  C:\Users\Robert\AppData\Local\Temp\ccxSvQH5.s 			page 28


 1066 0137 3C       		.uleb128 0x3c
 1067 0138 0C       		.uleb128 0xc
 1068 0139 00       		.byte	0
 1069 013a 00       		.byte	0
 1070 013b 16       		.uleb128 0x16
 1071 013c 01       		.uleb128 0x1
 1072 013d 01       		.byte	0x1
 1073 013e 49       		.uleb128 0x49
 1074 013f 13       		.uleb128 0x13
 1075 0140 01       		.uleb128 0x1
 1076 0141 13       		.uleb128 0x13
 1077 0142 00       		.byte	0
 1078 0143 00       		.byte	0
 1079 0144 17       		.uleb128 0x17
 1080 0145 21       		.uleb128 0x21
 1081 0146 00       		.byte	0
 1082 0147 49       		.uleb128 0x49
 1083 0148 13       		.uleb128 0x13
 1084 0149 2F       		.uleb128 0x2f
 1085 014a 0B       		.uleb128 0xb
 1086 014b 00       		.byte	0
 1087 014c 00       		.byte	0
 1088 014d 18       		.uleb128 0x18
 1089 014e 34       		.uleb128 0x34
 1090 014f 00       		.byte	0
 1091 0150 03       		.uleb128 0x3
 1092 0151 0E       		.uleb128 0xe
 1093 0152 3A       		.uleb128 0x3a
 1094 0153 0B       		.uleb128 0xb
 1095 0154 3B       		.uleb128 0x3b
 1096 0155 0B       		.uleb128 0xb
 1097 0156 49       		.uleb128 0x49
 1098 0157 13       		.uleb128 0x13
 1099 0158 3F       		.uleb128 0x3f
 1100 0159 0C       		.uleb128 0xc
 1101 015a 02       		.uleb128 0x2
 1102 015b 0A       		.uleb128 0xa
 1103 015c 00       		.byte	0
 1104 015d 00       		.byte	0
 1105 015e 19       		.uleb128 0x19
 1106 015f 21       		.uleb128 0x21
 1107 0160 00       		.byte	0
 1108 0161 00       		.byte	0
 1109 0162 00       		.byte	0
 1110 0163 1A       		.uleb128 0x1a
 1111 0164 34       		.uleb128 0x34
 1112 0165 00       		.byte	0
 1113 0166 03       		.uleb128 0x3
 1114 0167 0E       		.uleb128 0xe
 1115 0168 3A       		.uleb128 0x3a
 1116 0169 0B       		.uleb128 0xb
 1117 016a 3B       		.uleb128 0x3b
 1118 016b 05       		.uleb128 0x5
 1119 016c 49       		.uleb128 0x49
 1120 016d 13       		.uleb128 0x13
 1121 016e 3F       		.uleb128 0x3f
 1122 016f 0C       		.uleb128 0xc
ARM GAS  C:\Users\Robert\AppData\Local\Temp\ccxSvQH5.s 			page 29


 1123 0170 02       		.uleb128 0x2
 1124 0171 0A       		.uleb128 0xa
 1125 0172 00       		.byte	0
 1126 0173 00       		.byte	0
 1127 0174 00       		.byte	0
 1128              		.section	.debug_loc,"",%progbits
 1129              	.Ldebug_loc0:
 1130              	.LLST0:
 1131 0000 00000000 		.4byte	.LFB0
 1132 0004 02000000 		.4byte	.LCFI0
 1133 0008 0200     		.2byte	0x2
 1134 000a 7D       		.byte	0x7d
 1135 000b 00       		.sleb128 0
 1136 000c 02000000 		.4byte	.LCFI0
 1137 0010 04000000 		.4byte	.LCFI1
 1138 0014 0200     		.2byte	0x2
 1139 0016 7D       		.byte	0x7d
 1140 0017 04       		.sleb128 4
 1141 0018 04000000 		.4byte	.LCFI1
 1142 001c 06000000 		.4byte	.LFE0
 1143 0020 0200     		.2byte	0x2
 1144 0022 77       		.byte	0x77
 1145 0023 04       		.sleb128 4
 1146 0024 00000000 		.4byte	0
 1147 0028 00000000 		.4byte	0
 1148              	.LLST1:
 1149 002c 00000000 		.4byte	.LFB1
 1150 0030 02000000 		.4byte	.LCFI2
 1151 0034 0200     		.2byte	0x2
 1152 0036 7D       		.byte	0x7d
 1153 0037 00       		.sleb128 0
 1154 0038 02000000 		.4byte	.LCFI2
 1155 003c 04000000 		.4byte	.LCFI3
 1156 0040 0200     		.2byte	0x2
 1157 0042 7D       		.byte	0x7d
 1158 0043 08       		.sleb128 8
 1159 0044 04000000 		.4byte	.LCFI3
 1160 0048 20000000 		.4byte	.LFE1
 1161 004c 0200     		.2byte	0x2
 1162 004e 77       		.byte	0x77
 1163 004f 08       		.sleb128 8
 1164 0050 00000000 		.4byte	0
 1165 0054 00000000 		.4byte	0
 1166              	.LLST2:
 1167 0058 00000000 		.4byte	.LFB2
 1168 005c 02000000 		.4byte	.LCFI4
 1169 0060 0200     		.2byte	0x2
 1170 0062 7D       		.byte	0x7d
 1171 0063 00       		.sleb128 0
 1172 0064 02000000 		.4byte	.LCFI4
 1173 0068 04000000 		.4byte	.LCFI5
 1174 006c 0200     		.2byte	0x2
 1175 006e 7D       		.byte	0x7d
 1176 006f 04       		.sleb128 4
 1177 0070 04000000 		.4byte	.LCFI5
 1178 0074 06000000 		.4byte	.LCFI6
 1179 0078 0200     		.2byte	0x2
ARM GAS  C:\Users\Robert\AppData\Local\Temp\ccxSvQH5.s 			page 30


 1180 007a 7D       		.byte	0x7d
 1181 007b 18       		.sleb128 24
 1182 007c 06000000 		.4byte	.LCFI6
 1183 0080 30000000 		.4byte	.LFE2
 1184 0084 0200     		.2byte	0x2
 1185 0086 77       		.byte	0x77
 1186 0087 18       		.sleb128 24
 1187 0088 00000000 		.4byte	0
 1188 008c 00000000 		.4byte	0
 1189              	.LLST3:
 1190 0090 00000000 		.4byte	.LFB3
 1191 0094 02000000 		.4byte	.LCFI7
 1192 0098 0200     		.2byte	0x2
 1193 009a 7D       		.byte	0x7d
 1194 009b 00       		.sleb128 0
 1195 009c 02000000 		.4byte	.LCFI7
 1196 00a0 04000000 		.4byte	.LCFI8
 1197 00a4 0200     		.2byte	0x2
 1198 00a6 7D       		.byte	0x7d
 1199 00a7 08       		.sleb128 8
 1200 00a8 04000000 		.4byte	.LCFI8
 1201 00ac 06000000 		.4byte	.LCFI9
 1202 00b0 0200     		.2byte	0x2
 1203 00b2 7D       		.byte	0x7d
 1204 00b3 20       		.sleb128 32
 1205 00b4 06000000 		.4byte	.LCFI9
 1206 00b8 CA000000 		.4byte	.LFE3
 1207 00bc 0200     		.2byte	0x2
 1208 00be 77       		.byte	0x77
 1209 00bf 20       		.sleb128 32
 1210 00c0 00000000 		.4byte	0
 1211 00c4 00000000 		.4byte	0
 1212              	.LLST4:
 1213 00c8 00000000 		.4byte	.LFB4
 1214 00cc 02000000 		.4byte	.LCFI10
 1215 00d0 0200     		.2byte	0x2
 1216 00d2 7D       		.byte	0x7d
 1217 00d3 00       		.sleb128 0
 1218 00d4 02000000 		.4byte	.LCFI10
 1219 00d8 04000000 		.4byte	.LCFI11
 1220 00dc 0200     		.2byte	0x2
 1221 00de 7D       		.byte	0x7d
 1222 00df 08       		.sleb128 8
 1223 00e0 04000000 		.4byte	.LCFI11
 1224 00e4 06000000 		.4byte	.LCFI12
 1225 00e8 0200     		.2byte	0x2
 1226 00ea 7D       		.byte	0x7d
 1227 00eb 10       		.sleb128 16
 1228 00ec 06000000 		.4byte	.LCFI12
 1229 00f0 B4000000 		.4byte	.LFE4
 1230 00f4 0200     		.2byte	0x2
 1231 00f6 77       		.byte	0x77
 1232 00f7 10       		.sleb128 16
 1233 00f8 00000000 		.4byte	0
 1234 00fc 00000000 		.4byte	0
 1235              		.section	.debug_aranges,"",%progbits
 1236 0000 3C000000 		.4byte	0x3c
ARM GAS  C:\Users\Robert\AppData\Local\Temp\ccxSvQH5.s 			page 31


 1237 0004 0200     		.2byte	0x2
 1238 0006 00000000 		.4byte	.Ldebug_info0
 1239 000a 04       		.byte	0x4
 1240 000b 00       		.byte	0
 1241 000c 0000     		.2byte	0
 1242 000e 0000     		.2byte	0
 1243 0010 00000000 		.4byte	.LFB0
 1244 0014 06000000 		.4byte	.LFE0-.LFB0
 1245 0018 00000000 		.4byte	.LFB1
 1246 001c 20000000 		.4byte	.LFE1-.LFB1
 1247 0020 00000000 		.4byte	.LFB2
 1248 0024 30000000 		.4byte	.LFE2-.LFB2
 1249 0028 00000000 		.4byte	.LFB3
 1250 002c CA000000 		.4byte	.LFE3-.LFB3
 1251 0030 00000000 		.4byte	.LFB4
 1252 0034 B4000000 		.4byte	.LFE4-.LFB4
 1253 0038 00000000 		.4byte	0
 1254 003c 00000000 		.4byte	0
 1255              		.section	.debug_ranges,"",%progbits
 1256              	.Ldebug_ranges0:
 1257 0000 00000000 		.4byte	.LFB0
 1258 0004 06000000 		.4byte	.LFE0
 1259 0008 00000000 		.4byte	.LFB1
 1260 000c 20000000 		.4byte	.LFE1
 1261 0010 00000000 		.4byte	.LFB2
 1262 0014 30000000 		.4byte	.LFE2
 1263 0018 00000000 		.4byte	.LFB3
 1264 001c CA000000 		.4byte	.LFE3
 1265 0020 00000000 		.4byte	.LFB4
 1266 0024 B4000000 		.4byte	.LFE4
 1267 0028 00000000 		.4byte	0
 1268 002c 00000000 		.4byte	0
 1269              		.section	.debug_line,"",%progbits
 1270              	.Ldebug_line0:
 1271 0000 AD010000 		.section	.debug_str,"MS",%progbits,1
 1271      0200DE00 
 1271      00000201 
 1271      FB0E0D00 
 1271      01010101 
 1272              	.LASF40:
 1273 0000 2E5C4765 		.ascii	".\\Generated_Source\\PSoC5\\Cm3Start.c\000"
 1273      6E657261 
 1273      7465645F 
 1273      536F7572 
 1273      63655C50 
 1274              	.LASF15:
 1275 0024 72656733 		.ascii	"reg32\000"
 1275      3200
 1276              	.LASF18:
 1277 002a 73697A65 		.ascii	"size_t\000"
 1277      5F7400
 1278              	.LASF35:
 1279 0031 43795261 		.ascii	"CyRamVectors\000"
 1279      6D566563 
 1279      746F7273 
 1279      00
 1280              	.LASF27:
ARM GAS  C:\Users\Robert\AppData\Local\Temp\ccxSvQH5.s 			page 32


 1281 003e 53746172 		.ascii	"Start_c\000"
 1281      745F6300 
 1282              	.LASF31:
 1283 0046 636F756E 		.ascii	"count\000"
 1283      7400
 1284              	.LASF3:
 1285 004c 73686F72 		.ascii	"short unsigned int\000"
 1285      7420756E 
 1285      7369676E 
 1285      65642069 
 1285      6E7400
 1286              	.LASF37:
 1287 005f 5F5F6379 		.ascii	"__cy_region_num\000"
 1287      5F726567 
 1287      696F6E5F 
 1287      6E756D00 
 1288              	.LASF20:
 1289 006f 696E6974 		.ascii	"init\000"
 1289      00
 1290              	.LASF43:
 1291 0074 73746174 		.ascii	"status\000"
 1291      757300
 1292              	.LASF23:
 1293 007b 7A65726F 		.ascii	"zero_size\000"
 1293      5F73697A 
 1293      6500
 1294              	.LASF29:
 1295 0085 72707472 		.ascii	"rptr\000"
 1295      00
 1296              	.LASF11:
 1297 008a 666C6F61 		.ascii	"float\000"
 1297      7400
 1298              	.LASF21:
 1299 0090 64617461 		.ascii	"data\000"
 1299      00
 1300              	.LASF1:
 1301 0095 756E7369 		.ascii	"unsigned char\000"
 1301      676E6564 
 1301      20636861 
 1301      7200
 1302              	.LASF38:
 1303 00a3 526F6D56 		.ascii	"RomVectors\000"
 1303      6563746F 
 1303      727300
 1304              	.LASF5:
 1305 00ae 6C6F6E67 		.ascii	"long unsigned int\000"
 1305      20756E73 
 1305      69676E65 
 1305      6420696E 
 1305      7400
 1306              	.LASF33:
 1307 00c0 63795379 		.ascii	"cySysNoInitDataValid\000"
 1307      734E6F49 
 1307      6E697444 
 1307      61746156 
 1307      616C6964 
 1308              	.LASF9:
ARM GAS  C:\Users\Robert\AppData\Local\Temp\ccxSvQH5.s 			page 33


 1309 00d5 75696E74 		.ascii	"uint8\000"
 1309      3800
 1310              	.LASF25:
 1311 00db 52657365 		.ascii	"Reset\000"
 1311      7400
 1312              	.LASF26:
 1313 00e1 5F657869 		.ascii	"_exit\000"
 1313      7400
 1314              	.LASF24:
 1315 00e7 496E7444 		.ascii	"IntDefaultHandler\000"
 1315      65666175 
 1315      6C744861 
 1315      6E646C65 
 1315      7200
 1316              	.LASF12:
 1317 00f9 646F7562 		.ascii	"double\000"
 1317      6C6500
 1318              	.LASF32:
 1319 0100 696E6974 		.ascii	"initialize_psoc\000"
 1319      69616C69 
 1319      7A655F70 
 1319      736F6300 
 1320              	.LASF10:
 1321 0110 75696E74 		.ascii	"uint32\000"
 1321      333200
 1322              	.LASF8:
 1323 0117 756E7369 		.ascii	"unsigned int\000"
 1323      676E6564 
 1323      20696E74 
 1323      00
 1324              	.LASF7:
 1325 0124 6C6F6E67 		.ascii	"long long unsigned int\000"
 1325      206C6F6E 
 1325      6720756E 
 1325      7369676E 
 1325      65642069 
 1326              	.LASF30:
 1327 013b 6C696D69 		.ascii	"limit\000"
 1327      7400
 1328              	.LASF16:
 1329 0141 63796973 		.ascii	"cyisraddress\000"
 1329      72616464 
 1329      72657373 
 1329      00
 1330              	.LASF22:
 1331 014e 696E6974 		.ascii	"init_size\000"
 1331      5F73697A 
 1331      6500
 1332              	.LASF19:
 1333 0158 5F5F6379 		.ascii	"__cy_byte_align8\000"
 1333      5F627974 
 1333      655F616C 
 1333      69676E38 
 1333      00
 1334              	.LASF14:
 1335 0169 72656738 		.ascii	"reg8\000"
 1335      00
ARM GAS  C:\Users\Robert\AppData\Local\Temp\ccxSvQH5.s 			page 34


 1336              	.LASF17:
 1337 016e 73697A65 		.ascii	"sizetype\000"
 1337      74797065 
 1337      00
 1338              	.LASF6:
 1339 0177 6C6F6E67 		.ascii	"long long int\000"
 1339      206C6F6E 
 1339      6720696E 
 1339      7400
 1340              	.LASF13:
 1341 0185 63686172 		.ascii	"char\000"
 1341      00
 1342              	.LASF2:
 1343 018a 73686F72 		.ascii	"short int\000"
 1343      7420696E 
 1343      7400
 1344              	.LASF39:
 1345 0194 474E5520 		.ascii	"GNU C 4.7.3 20130312 (release) [ARM/embedded-4_7-br"
 1345      4320342E 
 1345      372E3320 
 1345      32303133 
 1345      30333132 
 1346 01c7 616E6368 		.ascii	"anch revision 196615]\000"
 1346      20726576 
 1346      6973696F 
 1346      6E203139 
 1346      36363135 
 1347              	.LASF4:
 1348 01dd 6C6F6E67 		.ascii	"long int\000"
 1348      20696E74 
 1348      00
 1349              	.LASF34:
 1350 01e6 43795265 		.ascii	"CyResetStatus\000"
 1350      73657453 
 1350      74617475 
 1350      7300
 1351              	.LASF0:
 1352 01f4 7369676E 		.ascii	"signed char\000"
 1352      65642063 
 1352      68617200 
 1353              	.LASF41:
 1354 0200 433A5C55 		.ascii	"C:\\Users\\Robert\\workspace\\embedit_git\\RPiSoC_B"
 1354      73657273 
 1354      5C526F62 
 1354      6572745C 
 1354      776F726B 
 1355 022e 6F6F746C 		.ascii	"ootloader\\RPiSoC_Bootloader\\Bootloader_RPiSoC.cyd"
 1355      6F616465 
 1355      725C5250 
 1355      69536F43 
 1355      5F426F6F 
 1356 025f 736E00   		.ascii	"sn\000"
 1357              	.LASF36:
 1358 0262 5F5F6379 		.ascii	"__cy_regions\000"
 1358      5F726567 
 1358      696F6E73 
 1358      00
ARM GAS  C:\Users\Robert\AppData\Local\Temp\ccxSvQH5.s 			page 35


 1359              	.LASF28:
 1360 026f 72656769 		.ascii	"regions\000"
 1360      6F6E7300 
 1361              	.LASF42:
 1362 0277 5F5F6379 		.ascii	"__cy_region\000"
 1362      5F726567 
 1362      696F6E00 
 1363              		.ident	"GCC: (GNU Tools for ARM Embedded Processors) 4.7.3 20130312 (release) [ARM/embedded-4_7-br
