ARM GAS  C:\Users\Robert\AppData\Local\Temp\ccJpJmhz.s 			page 1


   1              		.syntax unified
   2              		.cpu cortex-m3
   3              		.fpu softvfp
   4              		.eabi_attribute 20, 1
   5              		.eabi_attribute 21, 1
   6              		.eabi_attribute 23, 3
   7              		.eabi_attribute 24, 1
   8              		.eabi_attribute 25, 1
   9              		.eabi_attribute 26, 1
  10              		.eabi_attribute 30, 6
  11              		.eabi_attribute 34, 1
  12              		.eabi_attribute 18, 4
  13              		.thumb
  14              		.file	"main.c"
  15              		.text
  16              	.Ltext0:
  17              		.cfi_sections	.debug_frame
  18              		.section	.text.main,"ax",%progbits
  19              		.align	2
  20              		.global	main
  21              		.thumb
  22              		.thumb_func
  23              		.type	main, %function
  24              	main:
  25              	.LFB56:
  26              		.file 1 ".\\main.c"
   1:.\main.c      **** /* ========================================
   2:.\main.c      ****  *
   3:.\main.c      ****  * RPiSoC rev C Bootloader
   4:.\main.c      ****  *
   5:.\main.c      ****  * ========================================
   6:.\main.c      **** */
   7:.\main.c      **** #include <project.h>
   8:.\main.c      **** 
   9:.\main.c      **** void main()
  10:.\main.c      **** {
  27              		.loc 1 10 0
  28              		.cfi_startproc
  29              		@ args = 0, pretend = 0, frame = 0
  30              		@ frame_needed = 1, uses_anonymous_args = 0
  31 0000 80B5     		push	{r7, lr}
  32              	.LCFI0:
  33              		.cfi_def_cfa_offset 8
  34              		.cfi_offset 7, -8
  35              		.cfi_offset 14, -4
  36 0002 00AF     		add	r7, sp, #0
  37              	.LCFI1:
  38              		.cfi_def_cfa_register 7
  11:.\main.c      ****    // PWM_1_Start();
  12:.\main.c      ****     
  13:.\main.c      ****     //checks if bootloader pin is low, if it is the bootloader is started
  14:.\main.c      ****     //otherwise go to the user application (bootloadable)
  15:.\main.c      ****     if((BL_wait_Read() == 0) || (Bootloader_1_GET_RUN_TYPE == Bootloader_1_START_BTLDR))
  39              		.loc 1 15 0
  40 0004 FFF7FEFF 		bl	BL_wait_Read
  41 0008 0346     		mov	r3, r0
  42 000a 002B     		cmp	r3, #0
ARM GAS  C:\Users\Robert\AppData\Local\Temp\ccJpJmhz.s 			page 2


  43 000c 09D0     		beq	.L2
  44              		.loc 1 15 0 is_stmt 0 discriminator 1
  45 000e 44F2FA63 		movw	r3, #18170
  46 0012 C4F20003 		movt	r3, 16384
  47 0016 1B78     		ldrb	r3, [r3, #0]
  48 0018 DBB2     		uxtb	r3, r3
  49 001a 03F0C003 		and	r3, r3, #192
  50 001e 402B     		cmp	r3, #64
  51 0020 06D1     		bne	.L3
  52              	.L2:
  16:.\main.c      **** 	{	
  17:.\main.c      **** 		Bootloader_1_SET_RUN_TYPE(Bootloader_1_START_BTLDR);
  53              		.loc 1 17 0 is_stmt 1
  54 0022 44F2FA63 		movw	r3, #18170
  55 0026 C4F20003 		movt	r3, 16384
  56 002a 4FF04002 		mov	r2, #64
  57 002e 1A70     		strb	r2, [r3, #0]
  58              	.L3:
  18:.\main.c      **** 	}
  19:.\main.c      ****     
  20:.\main.c      ****     
  21:.\main.c      ****     /* Place your initialization/startup code here (e.g. MyInst_Start()) */
  22:.\main.c      ****     CyBtldr_Start();
  59              		.loc 1 22 0
  60 0030 FFF7FEFF 		bl	Bootloader_1_Start
  61              	.L4:
  23:.\main.c      **** 
  24:.\main.c      ****     /* CyGlobalIntEnable; */ /* Uncomment this line to enable global interrupts. */
  25:.\main.c      ****     for(;;)
  26:.\main.c      ****     {
  27:.\main.c      ****         /* Place your application code here. */
  28:.\main.c      ****     }
  62              		.loc 1 28 0 discriminator 1
  63 0034 FEE7     		b	.L4
  64              		.cfi_endproc
  65              	.LFE56:
  66              		.size	main, .-main
  67 0036 00BF     		.text
  68              	.Letext0:
  69              		.file 2 "c:\\program files (x86)\\cypress\\psoc creator\\3.0\\psoc creator\\import\\gnu_cs\\arm\\4
  70              		.file 3 "./Generated_Source/PSoC5/cytypes.h"
  71              		.file 4 "./Generated_Source/PSoC5/core_cm3.h"
  72              		.section	.debug_info,"",%progbits
  73              	.Ldebug_info0:
  74 0000 D6000000 		.4byte	0xd6
  75 0004 0200     		.2byte	0x2
  76 0006 00000000 		.4byte	.Ldebug_abbrev0
  77 000a 04       		.byte	0x4
  78 000b 01       		.uleb128 0x1
  79 000c 33000000 		.4byte	.LASF16
  80 0010 01       		.byte	0x1
  81 0011 C3000000 		.4byte	.LASF17
  82 0015 CC000000 		.4byte	.LASF18
  83 0019 00000000 		.4byte	.Ldebug_ranges0+0
  84 001d 00000000 		.4byte	0
  85 0021 00000000 		.4byte	0
  86 0025 00000000 		.4byte	.Ldebug_line0
ARM GAS  C:\Users\Robert\AppData\Local\Temp\ccJpJmhz.s 			page 3


  87 0029 02       		.uleb128 0x2
  88 002a 01       		.byte	0x1
  89 002b 06       		.byte	0x6
  90 002c 4B010000 		.4byte	.LASF0
  91 0030 02       		.uleb128 0x2
  92 0031 01       		.byte	0x1
  93 0032 08       		.byte	0x8
  94 0033 AB000000 		.4byte	.LASF1
  95 0037 02       		.uleb128 0x2
  96 0038 02       		.byte	0x2
  97 0039 05       		.byte	0x5
  98 003a 5D010000 		.4byte	.LASF2
  99 003e 02       		.uleb128 0x2
 100 003f 02       		.byte	0x2
 101 0040 07       		.byte	0x7
 102 0041 0E000000 		.4byte	.LASF3
 103 0045 03       		.uleb128 0x3
 104 0046 67010000 		.4byte	.LASF9
 105 004a 02       		.byte	0x2
 106 004b 4F       		.byte	0x4f
 107 004c 50000000 		.4byte	0x50
 108 0050 02       		.uleb128 0x2
 109 0051 04       		.byte	0x4
 110 0052 05       		.byte	0x5
 111 0053 35010000 		.4byte	.LASF4
 112 0057 02       		.uleb128 0x2
 113 0058 04       		.byte	0x4
 114 0059 07       		.byte	0x7
 115 005a 82000000 		.4byte	.LASF5
 116 005e 02       		.uleb128 0x2
 117 005f 08       		.byte	0x8
 118 0060 05       		.byte	0x5
 119 0061 00000000 		.4byte	.LASF6
 120 0065 02       		.uleb128 0x2
 121 0066 08       		.byte	0x8
 122 0067 07       		.byte	0x7
 123 0068 94000000 		.4byte	.LASF7
 124 006c 04       		.uleb128 0x4
 125 006d 04       		.byte	0x4
 126 006e 05       		.byte	0x5
 127 006f 696E7400 		.ascii	"int\000"
 128 0073 02       		.uleb128 0x2
 129 0074 04       		.byte	0x4
 130 0075 07       		.byte	0x7
 131 0076 21000000 		.4byte	.LASF8
 132 007a 03       		.uleb128 0x3
 133 007b 7C000000 		.4byte	.LASF10
 134 007f 03       		.byte	0x3
 135 0080 5B       		.byte	0x5b
 136 0081 30000000 		.4byte	0x30
 137 0085 02       		.uleb128 0x2
 138 0086 04       		.byte	0x4
 139 0087 04       		.byte	0x4
 140 0088 57010000 		.4byte	.LASF11
 141 008c 02       		.uleb128 0x2
 142 008d 08       		.byte	0x8
 143 008e 04       		.byte	0x4
ARM GAS  C:\Users\Robert\AppData\Local\Temp\ccJpJmhz.s 			page 4


 144 008f 2E010000 		.4byte	.LASF12
 145 0093 02       		.uleb128 0x2
 146 0094 01       		.byte	0x1
 147 0095 08       		.byte	0x8
 148 0096 B9000000 		.4byte	.LASF13
 149 009a 03       		.uleb128 0x3
 150 009b BE000000 		.4byte	.LASF14
 151 009f 03       		.byte	0x3
 152 00a0 F0       		.byte	0xf0
 153 00a1 A5000000 		.4byte	0xa5
 154 00a5 05       		.uleb128 0x5
 155 00a6 7A000000 		.4byte	0x7a
 156 00aa 02       		.uleb128 0x2
 157 00ab 04       		.byte	0x4
 158 00ac 07       		.byte	0x7
 159 00ad 6F010000 		.4byte	.LASF15
 160 00b1 06       		.uleb128 0x6
 161 00b2 01       		.byte	0x1
 162 00b3 2E000000 		.4byte	.LASF19
 163 00b7 01       		.byte	0x1
 164 00b8 09       		.byte	0x9
 165 00b9 00000000 		.4byte	.LFB56
 166 00bd 36000000 		.4byte	.LFE56
 167 00c1 00000000 		.4byte	.LLST0
 168 00c5 01       		.byte	0x1
 169 00c6 07       		.uleb128 0x7
 170 00c7 3E010000 		.4byte	.LASF20
 171 00cb 04       		.byte	0x4
 172 00cc 1606     		.2byte	0x616
 173 00ce D4000000 		.4byte	0xd4
 174 00d2 01       		.byte	0x1
 175 00d3 01       		.byte	0x1
 176 00d4 05       		.uleb128 0x5
 177 00d5 45000000 		.4byte	0x45
 178 00d9 00       		.byte	0
 179              		.section	.debug_abbrev,"",%progbits
 180              	.Ldebug_abbrev0:
 181 0000 01       		.uleb128 0x1
 182 0001 11       		.uleb128 0x11
 183 0002 01       		.byte	0x1
 184 0003 25       		.uleb128 0x25
 185 0004 0E       		.uleb128 0xe
 186 0005 13       		.uleb128 0x13
 187 0006 0B       		.uleb128 0xb
 188 0007 03       		.uleb128 0x3
 189 0008 0E       		.uleb128 0xe
 190 0009 1B       		.uleb128 0x1b
 191 000a 0E       		.uleb128 0xe
 192 000b 55       		.uleb128 0x55
 193 000c 06       		.uleb128 0x6
 194 000d 11       		.uleb128 0x11
 195 000e 01       		.uleb128 0x1
 196 000f 52       		.uleb128 0x52
 197 0010 01       		.uleb128 0x1
 198 0011 10       		.uleb128 0x10
 199 0012 06       		.uleb128 0x6
 200 0013 00       		.byte	0
ARM GAS  C:\Users\Robert\AppData\Local\Temp\ccJpJmhz.s 			page 5


 201 0014 00       		.byte	0
 202 0015 02       		.uleb128 0x2
 203 0016 24       		.uleb128 0x24
 204 0017 00       		.byte	0
 205 0018 0B       		.uleb128 0xb
 206 0019 0B       		.uleb128 0xb
 207 001a 3E       		.uleb128 0x3e
 208 001b 0B       		.uleb128 0xb
 209 001c 03       		.uleb128 0x3
 210 001d 0E       		.uleb128 0xe
 211 001e 00       		.byte	0
 212 001f 00       		.byte	0
 213 0020 03       		.uleb128 0x3
 214 0021 16       		.uleb128 0x16
 215 0022 00       		.byte	0
 216 0023 03       		.uleb128 0x3
 217 0024 0E       		.uleb128 0xe
 218 0025 3A       		.uleb128 0x3a
 219 0026 0B       		.uleb128 0xb
 220 0027 3B       		.uleb128 0x3b
 221 0028 0B       		.uleb128 0xb
 222 0029 49       		.uleb128 0x49
 223 002a 13       		.uleb128 0x13
 224 002b 00       		.byte	0
 225 002c 00       		.byte	0
 226 002d 04       		.uleb128 0x4
 227 002e 24       		.uleb128 0x24
 228 002f 00       		.byte	0
 229 0030 0B       		.uleb128 0xb
 230 0031 0B       		.uleb128 0xb
 231 0032 3E       		.uleb128 0x3e
 232 0033 0B       		.uleb128 0xb
 233 0034 03       		.uleb128 0x3
 234 0035 08       		.uleb128 0x8
 235 0036 00       		.byte	0
 236 0037 00       		.byte	0
 237 0038 05       		.uleb128 0x5
 238 0039 35       		.uleb128 0x35
 239 003a 00       		.byte	0
 240 003b 49       		.uleb128 0x49
 241 003c 13       		.uleb128 0x13
 242 003d 00       		.byte	0
 243 003e 00       		.byte	0
 244 003f 06       		.uleb128 0x6
 245 0040 2E       		.uleb128 0x2e
 246 0041 00       		.byte	0
 247 0042 3F       		.uleb128 0x3f
 248 0043 0C       		.uleb128 0xc
 249 0044 03       		.uleb128 0x3
 250 0045 0E       		.uleb128 0xe
 251 0046 3A       		.uleb128 0x3a
 252 0047 0B       		.uleb128 0xb
 253 0048 3B       		.uleb128 0x3b
 254 0049 0B       		.uleb128 0xb
 255 004a 11       		.uleb128 0x11
 256 004b 01       		.uleb128 0x1
 257 004c 12       		.uleb128 0x12
ARM GAS  C:\Users\Robert\AppData\Local\Temp\ccJpJmhz.s 			page 6


 258 004d 01       		.uleb128 0x1
 259 004e 40       		.uleb128 0x40
 260 004f 06       		.uleb128 0x6
 261 0050 9642     		.uleb128 0x2116
 262 0052 0C       		.uleb128 0xc
 263 0053 00       		.byte	0
 264 0054 00       		.byte	0
 265 0055 07       		.uleb128 0x7
 266 0056 34       		.uleb128 0x34
 267 0057 00       		.byte	0
 268 0058 03       		.uleb128 0x3
 269 0059 0E       		.uleb128 0xe
 270 005a 3A       		.uleb128 0x3a
 271 005b 0B       		.uleb128 0xb
 272 005c 3B       		.uleb128 0x3b
 273 005d 05       		.uleb128 0x5
 274 005e 49       		.uleb128 0x49
 275 005f 13       		.uleb128 0x13
 276 0060 3F       		.uleb128 0x3f
 277 0061 0C       		.uleb128 0xc
 278 0062 3C       		.uleb128 0x3c
 279 0063 0C       		.uleb128 0xc
 280 0064 00       		.byte	0
 281 0065 00       		.byte	0
 282 0066 00       		.byte	0
 283              		.section	.debug_loc,"",%progbits
 284              	.Ldebug_loc0:
 285              	.LLST0:
 286 0000 00000000 		.4byte	.LFB56
 287 0004 02000000 		.4byte	.LCFI0
 288 0008 0200     		.2byte	0x2
 289 000a 7D       		.byte	0x7d
 290 000b 00       		.sleb128 0
 291 000c 02000000 		.4byte	.LCFI0
 292 0010 04000000 		.4byte	.LCFI1
 293 0014 0200     		.2byte	0x2
 294 0016 7D       		.byte	0x7d
 295 0017 08       		.sleb128 8
 296 0018 04000000 		.4byte	.LCFI1
 297 001c 36000000 		.4byte	.LFE56
 298 0020 0200     		.2byte	0x2
 299 0022 77       		.byte	0x77
 300 0023 08       		.sleb128 8
 301 0024 00000000 		.4byte	0
 302 0028 00000000 		.4byte	0
 303              		.section	.debug_aranges,"",%progbits
 304 0000 1C000000 		.4byte	0x1c
 305 0004 0200     		.2byte	0x2
 306 0006 00000000 		.4byte	.Ldebug_info0
 307 000a 04       		.byte	0x4
 308 000b 00       		.byte	0
 309 000c 0000     		.2byte	0
 310 000e 0000     		.2byte	0
 311 0010 00000000 		.4byte	.LFB56
 312 0014 36000000 		.4byte	.LFE56-.LFB56
 313 0018 00000000 		.4byte	0
 314 001c 00000000 		.4byte	0
ARM GAS  C:\Users\Robert\AppData\Local\Temp\ccJpJmhz.s 			page 7


 315              		.section	.debug_ranges,"",%progbits
 316              	.Ldebug_ranges0:
 317 0000 00000000 		.4byte	.LFB56
 318 0004 36000000 		.4byte	.LFE56
 319 0008 00000000 		.4byte	0
 320 000c 00000000 		.4byte	0
 321              		.section	.debug_line,"",%progbits
 322              	.Ldebug_line0:
 323 0000 1D010000 		.section	.debug_str,"MS",%progbits,1
 323      0200F900 
 323      00000201 
 323      FB0E0D00 
 323      01010101 
 324              	.LASF6:
 325 0000 6C6F6E67 		.ascii	"long long int\000"
 325      206C6F6E 
 325      6720696E 
 325      7400
 326              	.LASF3:
 327 000e 73686F72 		.ascii	"short unsigned int\000"
 327      7420756E 
 327      7369676E 
 327      65642069 
 327      6E7400
 328              	.LASF8:
 329 0021 756E7369 		.ascii	"unsigned int\000"
 329      676E6564 
 329      20696E74 
 329      00
 330              	.LASF19:
 331 002e 6D61696E 		.ascii	"main\000"
 331      00
 332              	.LASF16:
 333 0033 474E5520 		.ascii	"GNU C 4.7.3 20130312 (release) [ARM/embedded-4_7-br"
 333      4320342E 
 333      372E3320 
 333      32303133 
 333      30333132 
 334 0066 616E6368 		.ascii	"anch revision 196615]\000"
 334      20726576 
 334      6973696F 
 334      6E203139 
 334      36363135 
 335              	.LASF10:
 336 007c 75696E74 		.ascii	"uint8\000"
 336      3800
 337              	.LASF5:
 338 0082 6C6F6E67 		.ascii	"long unsigned int\000"
 338      20756E73 
 338      69676E65 
 338      6420696E 
 338      7400
 339              	.LASF7:
 340 0094 6C6F6E67 		.ascii	"long long unsigned int\000"
 340      206C6F6E 
 340      6720756E 
 340      7369676E 
ARM GAS  C:\Users\Robert\AppData\Local\Temp\ccJpJmhz.s 			page 8


 340      65642069 
 341              	.LASF1:
 342 00ab 756E7369 		.ascii	"unsigned char\000"
 342      676E6564 
 342      20636861 
 342      7200
 343              	.LASF13:
 344 00b9 63686172 		.ascii	"char\000"
 344      00
 345              	.LASF14:
 346 00be 72656738 		.ascii	"reg8\000"
 346      00
 347              	.LASF17:
 348 00c3 2E5C6D61 		.ascii	".\\main.c\000"
 348      696E2E63 
 348      00
 349              	.LASF18:
 350 00cc 433A5C55 		.ascii	"C:\\Users\\Robert\\workspace\\embedit_git\\RPiSoC_B"
 350      73657273 
 350      5C526F62 
 350      6572745C 
 350      776F726B 
 351 00fa 6F6F746C 		.ascii	"ootloader\\RPiSoC_Bootloader\\Bootloader_RPiSoC.cyd"
 351      6F616465 
 351      725C5250 
 351      69536F43 
 351      5F426F6F 
 352 012b 736E00   		.ascii	"sn\000"
 353              	.LASF12:
 354 012e 646F7562 		.ascii	"double\000"
 354      6C6500
 355              	.LASF4:
 356 0135 6C6F6E67 		.ascii	"long int\000"
 356      20696E74 
 356      00
 357              	.LASF20:
 358 013e 49544D5F 		.ascii	"ITM_RxBuffer\000"
 358      52784275 
 358      66666572 
 358      00
 359              	.LASF0:
 360 014b 7369676E 		.ascii	"signed char\000"
 360      65642063 
 360      68617200 
 361              	.LASF11:
 362 0157 666C6F61 		.ascii	"float\000"
 362      7400
 363              	.LASF2:
 364 015d 73686F72 		.ascii	"short int\000"
 364      7420696E 
 364      7400
 365              	.LASF9:
 366 0167 696E7433 		.ascii	"int32_t\000"
 366      325F7400 
 367              	.LASF15:
 368 016f 73697A65 		.ascii	"sizetype\000"
 368      74797065 
ARM GAS  C:\Users\Robert\AppData\Local\Temp\ccJpJmhz.s 			page 9


 368      00
 369              		.ident	"GCC: (GNU Tools for ARM Embedded Processors) 4.7.3 20130312 (release) [ARM/embedded-4_7-br
