ARM GAS  C:\Users\Robert\AppData\Local\Temp\cckuwY4t.s 			page 1


   1              		.syntax unified
   2              		.cpu cortex-m3
   3              		.fpu softvfp
   4              		.eabi_attribute 20, 1
   5              		.eabi_attribute 21, 1
   6              		.eabi_attribute 23, 3
   7              		.eabi_attribute 24, 1
   8              		.eabi_attribute 25, 1
   9              		.eabi_attribute 26, 1
  10              		.eabi_attribute 30, 6
  11              		.eabi_attribute 34, 1
  12              		.eabi_attribute 18, 4
  13              		.thumb
  14              		.file	"USBFS_boot.c"
  15              		.text
  16              	.Ltext0:
  17              		.cfi_sections	.debug_frame
  18              		.bss
  19              	USBFS_started:
  20 0000 00       		.space	1
  21              		.section	.text.USBFS_CyBtldrCommStart,"ax",%progbits
  22              		.align	2
  23              		.global	USBFS_CyBtldrCommStart
  24              		.thumb
  25              		.thumb_func
  26              		.type	USBFS_CyBtldrCommStart, %function
  27              	USBFS_CyBtldrCommStart:
  28              	.LFB0:
  29              		.file 1 ".\\Generated_Source\\PSoC5\\USBFS_boot.c"
   1:.\Generated_Source\PSoC5/USBFS_boot.c **** /*******************************************************************************
   2:.\Generated_Source\PSoC5/USBFS_boot.c **** * File Name: USBFS_boot.c
   3:.\Generated_Source\PSoC5/USBFS_boot.c **** * Version 2.70
   4:.\Generated_Source\PSoC5/USBFS_boot.c **** *
   5:.\Generated_Source\PSoC5/USBFS_boot.c **** * Description:
   6:.\Generated_Source\PSoC5/USBFS_boot.c **** *  Boot loader API for USBFS Component.
   7:.\Generated_Source\PSoC5/USBFS_boot.c **** *
   8:.\Generated_Source\PSoC5/USBFS_boot.c **** *  Note:
   9:.\Generated_Source\PSoC5/USBFS_boot.c **** *
  10:.\Generated_Source\PSoC5/USBFS_boot.c **** ********************************************************************************
  11:.\Generated_Source\PSoC5/USBFS_boot.c **** * Copyright 2008-2013, Cypress Semiconductor Corporation.  All rights reserved.
  12:.\Generated_Source\PSoC5/USBFS_boot.c **** * You may use this file only in accordance with the license, terms, conditions,
  13:.\Generated_Source\PSoC5/USBFS_boot.c **** * disclaimers, and limitations in the end user license agreement accompanying
  14:.\Generated_Source\PSoC5/USBFS_boot.c **** * the software package with which this file was provided.
  15:.\Generated_Source\PSoC5/USBFS_boot.c **** *******************************************************************************/
  16:.\Generated_Source\PSoC5/USBFS_boot.c **** 
  17:.\Generated_Source\PSoC5/USBFS_boot.c **** #include "USBFS.h"
  18:.\Generated_Source\PSoC5/USBFS_boot.c **** 
  19:.\Generated_Source\PSoC5/USBFS_boot.c **** #if defined(CYDEV_BOOTLOADER_IO_COMP) && ((CYDEV_BOOTLOADER_IO_COMP == CyBtldr_USBFS) || \
  20:.\Generated_Source\PSoC5/USBFS_boot.c ****                                           (CYDEV_BOOTLOADER_IO_COMP == CyBtldr_Custom_Interface))
  21:.\Generated_Source\PSoC5/USBFS_boot.c **** 
  22:.\Generated_Source\PSoC5/USBFS_boot.c **** 
  23:.\Generated_Source\PSoC5/USBFS_boot.c **** /***************************************
  24:.\Generated_Source\PSoC5/USBFS_boot.c **** *    Bootloader Variables
  25:.\Generated_Source\PSoC5/USBFS_boot.c **** ***************************************/
  26:.\Generated_Source\PSoC5/USBFS_boot.c **** 
  27:.\Generated_Source\PSoC5/USBFS_boot.c **** static uint8  USBFS_started = 0u;
  28:.\Generated_Source\PSoC5/USBFS_boot.c **** 
ARM GAS  C:\Users\Robert\AppData\Local\Temp\cckuwY4t.s 			page 2


  29:.\Generated_Source\PSoC5/USBFS_boot.c **** 
  30:.\Generated_Source\PSoC5/USBFS_boot.c **** /*******************************************************************************
  31:.\Generated_Source\PSoC5/USBFS_boot.c **** * Function Name: USBFS_CyBtldrCommStart
  32:.\Generated_Source\PSoC5/USBFS_boot.c **** ********************************************************************************
  33:.\Generated_Source\PSoC5/USBFS_boot.c **** *
  34:.\Generated_Source\PSoC5/USBFS_boot.c **** * Summary:
  35:.\Generated_Source\PSoC5/USBFS_boot.c **** *  Starts the component and enables the interrupt.
  36:.\Generated_Source\PSoC5/USBFS_boot.c **** *
  37:.\Generated_Source\PSoC5/USBFS_boot.c **** * Parameters:
  38:.\Generated_Source\PSoC5/USBFS_boot.c **** *  None.
  39:.\Generated_Source\PSoC5/USBFS_boot.c **** *
  40:.\Generated_Source\PSoC5/USBFS_boot.c **** * Return:
  41:.\Generated_Source\PSoC5/USBFS_boot.c **** *  None.
  42:.\Generated_Source\PSoC5/USBFS_boot.c **** *
  43:.\Generated_Source\PSoC5/USBFS_boot.c **** * Side Effects:
  44:.\Generated_Source\PSoC5/USBFS_boot.c **** *  This function starts the USB with 3V or 5V operation.
  45:.\Generated_Source\PSoC5/USBFS_boot.c **** *
  46:.\Generated_Source\PSoC5/USBFS_boot.c **** * Reentrant:
  47:.\Generated_Source\PSoC5/USBFS_boot.c **** *  No.
  48:.\Generated_Source\PSoC5/USBFS_boot.c **** *
  49:.\Generated_Source\PSoC5/USBFS_boot.c **** *******************************************************************************/
  50:.\Generated_Source\PSoC5/USBFS_boot.c **** void USBFS_CyBtldrCommStart(void) 
  51:.\Generated_Source\PSoC5/USBFS_boot.c **** {
  30              		.loc 1 51 0
  31              		.cfi_startproc
  32              		@ args = 0, pretend = 0, frame = 0
  33              		@ frame_needed = 1, uses_anonymous_args = 0
  34 0000 80B5     		push	{r7, lr}
  35              	.LCFI0:
  36              		.cfi_def_cfa_offset 8
  37              		.cfi_offset 7, -8
  38              		.cfi_offset 14, -4
  39 0002 00AF     		add	r7, sp, #0
  40              	.LCFI1:
  41              		.cfi_def_cfa_register 7
  52:.\Generated_Source\PSoC5/USBFS_boot.c ****     CyGlobalIntEnable;      /* Enable Global Interrupts */
  42              		.loc 1 52 0
  43              	@ 52 ".\Generated_Source\PSoC5\USBFS_boot.c" 1
  44 0004 62B6     		CPSIE   i
  45              	@ 0 "" 2
  53:.\Generated_Source\PSoC5/USBFS_boot.c **** 
  54:.\Generated_Source\PSoC5/USBFS_boot.c ****     /*Start USBFS Operation/device 0 and with 5V or 3V operation depend on Voltage Configuration in
  55:.\Generated_Source\PSoC5/USBFS_boot.c ****     USBFS_Start(0u, USBFS_DWR_VDDD_OPERATION);
  46              		.loc 1 55 0
  47              		.thumb
  48 0006 4FF00000 		mov	r0, #0
  49 000a 4FF00201 		mov	r1, #2
  50 000e FFF7FEFF 		bl	USBFS_Start
  56:.\Generated_Source\PSoC5/USBFS_boot.c **** 
  57:.\Generated_Source\PSoC5/USBFS_boot.c ****     /* USB component started, the correct enumeration will be checked in first Read operation */
  58:.\Generated_Source\PSoC5/USBFS_boot.c ****     USBFS_started = 1u;
  51              		.loc 1 58 0
  52 0012 40F20003 		movw	r3, #:lower16:USBFS_started
  53 0016 C0F20003 		movt	r3, #:upper16:USBFS_started
  54 001a 4FF00102 		mov	r2, #1
  55 001e 1A70     		strb	r2, [r3, #0]
  59:.\Generated_Source\PSoC5/USBFS_boot.c **** }
ARM GAS  C:\Users\Robert\AppData\Local\Temp\cckuwY4t.s 			page 3


  56              		.loc 1 59 0
  57 0020 80BD     		pop	{r7, pc}
  58              		.cfi_endproc
  59              	.LFE0:
  60              		.size	USBFS_CyBtldrCommStart, .-USBFS_CyBtldrCommStart
  61 0022 00BF     		.section	.text.USBFS_CyBtldrCommStop,"ax",%progbits
  62              		.align	2
  63              		.global	USBFS_CyBtldrCommStop
  64              		.thumb
  65              		.thumb_func
  66              		.type	USBFS_CyBtldrCommStop, %function
  67              	USBFS_CyBtldrCommStop:
  68              	.LFB1:
  60:.\Generated_Source\PSoC5/USBFS_boot.c **** 
  61:.\Generated_Source\PSoC5/USBFS_boot.c **** 
  62:.\Generated_Source\PSoC5/USBFS_boot.c **** /*******************************************************************************
  63:.\Generated_Source\PSoC5/USBFS_boot.c **** * Function Name: USBFS_CyBtldrCommStop.
  64:.\Generated_Source\PSoC5/USBFS_boot.c **** ********************************************************************************
  65:.\Generated_Source\PSoC5/USBFS_boot.c **** *
  66:.\Generated_Source\PSoC5/USBFS_boot.c **** * Summary:
  67:.\Generated_Source\PSoC5/USBFS_boot.c **** *  Disable the component and disable the interrupt.
  68:.\Generated_Source\PSoC5/USBFS_boot.c **** *
  69:.\Generated_Source\PSoC5/USBFS_boot.c **** * Parameters:
  70:.\Generated_Source\PSoC5/USBFS_boot.c **** *  None.
  71:.\Generated_Source\PSoC5/USBFS_boot.c **** *
  72:.\Generated_Source\PSoC5/USBFS_boot.c **** * Return:
  73:.\Generated_Source\PSoC5/USBFS_boot.c **** *  None.
  74:.\Generated_Source\PSoC5/USBFS_boot.c **** *
  75:.\Generated_Source\PSoC5/USBFS_boot.c **** *******************************************************************************/
  76:.\Generated_Source\PSoC5/USBFS_boot.c **** void USBFS_CyBtldrCommStop(void) 
  77:.\Generated_Source\PSoC5/USBFS_boot.c **** {
  69              		.loc 1 77 0
  70              		.cfi_startproc
  71              		@ args = 0, pretend = 0, frame = 0
  72              		@ frame_needed = 1, uses_anonymous_args = 0
  73 0000 80B5     		push	{r7, lr}
  74              	.LCFI2:
  75              		.cfi_def_cfa_offset 8
  76              		.cfi_offset 7, -8
  77              		.cfi_offset 14, -4
  78 0002 00AF     		add	r7, sp, #0
  79              	.LCFI3:
  80              		.cfi_def_cfa_register 7
  78:.\Generated_Source\PSoC5/USBFS_boot.c ****     USBFS_Stop();
  81              		.loc 1 78 0
  82 0004 FFF7FEFF 		bl	USBFS_Stop
  79:.\Generated_Source\PSoC5/USBFS_boot.c **** }
  83              		.loc 1 79 0
  84 0008 80BD     		pop	{r7, pc}
  85              		.cfi_endproc
  86              	.LFE1:
  87              		.size	USBFS_CyBtldrCommStop, .-USBFS_CyBtldrCommStop
  88 000a 00BF     		.section	.text.USBFS_CyBtldrCommReset,"ax",%progbits
  89              		.align	2
  90              		.global	USBFS_CyBtldrCommReset
  91              		.thumb
  92              		.thumb_func
ARM GAS  C:\Users\Robert\AppData\Local\Temp\cckuwY4t.s 			page 4


  93              		.type	USBFS_CyBtldrCommReset, %function
  94              	USBFS_CyBtldrCommReset:
  95              	.LFB2:
  80:.\Generated_Source\PSoC5/USBFS_boot.c **** 
  81:.\Generated_Source\PSoC5/USBFS_boot.c **** 
  82:.\Generated_Source\PSoC5/USBFS_boot.c **** /*******************************************************************************
  83:.\Generated_Source\PSoC5/USBFS_boot.c **** * Function Name: USBFS_CyBtldrCommReset.
  84:.\Generated_Source\PSoC5/USBFS_boot.c **** ********************************************************************************
  85:.\Generated_Source\PSoC5/USBFS_boot.c **** *
  86:.\Generated_Source\PSoC5/USBFS_boot.c **** * Summary:
  87:.\Generated_Source\PSoC5/USBFS_boot.c **** *  Resets the receive and transmit communication Buffers.
  88:.\Generated_Source\PSoC5/USBFS_boot.c **** *
  89:.\Generated_Source\PSoC5/USBFS_boot.c **** * Parameters:
  90:.\Generated_Source\PSoC5/USBFS_boot.c **** *  None
  91:.\Generated_Source\PSoC5/USBFS_boot.c **** *
  92:.\Generated_Source\PSoC5/USBFS_boot.c **** * Return:
  93:.\Generated_Source\PSoC5/USBFS_boot.c **** *  None
  94:.\Generated_Source\PSoC5/USBFS_boot.c **** *
  95:.\Generated_Source\PSoC5/USBFS_boot.c **** * Reentrant:
  96:.\Generated_Source\PSoC5/USBFS_boot.c **** *  No
  97:.\Generated_Source\PSoC5/USBFS_boot.c **** *
  98:.\Generated_Source\PSoC5/USBFS_boot.c **** *******************************************************************************/
  99:.\Generated_Source\PSoC5/USBFS_boot.c **** void USBFS_CyBtldrCommReset(void) 
 100:.\Generated_Source\PSoC5/USBFS_boot.c **** {
  96              		.loc 1 100 0
  97              		.cfi_startproc
  98              		@ args = 0, pretend = 0, frame = 0
  99              		@ frame_needed = 1, uses_anonymous_args = 0
 100 0000 80B5     		push	{r7, lr}
 101              	.LCFI4:
 102              		.cfi_def_cfa_offset 8
 103              		.cfi_offset 7, -8
 104              		.cfi_offset 14, -4
 105 0002 00AF     		add	r7, sp, #0
 106              	.LCFI5:
 107              		.cfi_def_cfa_register 7
 101:.\Generated_Source\PSoC5/USBFS_boot.c ****     USBFS_EnableOutEP(USBFS_BTLDR_OUT_EP);  /* Enable the OUT endpoint */
 108              		.loc 1 101 0
 109 0004 4FF00100 		mov	r0, #1
 110 0008 FFF7FEFF 		bl	USBFS_EnableOutEP
 102:.\Generated_Source\PSoC5/USBFS_boot.c **** }
 111              		.loc 1 102 0
 112 000c 80BD     		pop	{r7, pc}
 113              		.cfi_endproc
 114              	.LFE2:
 115              		.size	USBFS_CyBtldrCommReset, .-USBFS_CyBtldrCommReset
 116 000e 00BF     		.section	.text.USBFS_CyBtldrCommWrite,"ax",%progbits
 117              		.align	2
 118              		.global	USBFS_CyBtldrCommWrite
 119              		.thumb
 120              		.thumb_func
 121              		.type	USBFS_CyBtldrCommWrite, %function
 122              	USBFS_CyBtldrCommWrite:
 123              	.LFB3:
 103:.\Generated_Source\PSoC5/USBFS_boot.c **** 
 104:.\Generated_Source\PSoC5/USBFS_boot.c **** 
 105:.\Generated_Source\PSoC5/USBFS_boot.c **** /*******************************************************************************
ARM GAS  C:\Users\Robert\AppData\Local\Temp\cckuwY4t.s 			page 5


 106:.\Generated_Source\PSoC5/USBFS_boot.c **** * Function Name: USBFS_CyBtldrCommWrite.
 107:.\Generated_Source\PSoC5/USBFS_boot.c **** ********************************************************************************
 108:.\Generated_Source\PSoC5/USBFS_boot.c **** *
 109:.\Generated_Source\PSoC5/USBFS_boot.c **** * Summary:
 110:.\Generated_Source\PSoC5/USBFS_boot.c **** *  Allows the caller to write data to the boot loader host. The function will
 111:.\Generated_Source\PSoC5/USBFS_boot.c **** *  handle polling to allow a block of data to be completely sent to the host
 112:.\Generated_Source\PSoC5/USBFS_boot.c **** *  device.
 113:.\Generated_Source\PSoC5/USBFS_boot.c **** *
 114:.\Generated_Source\PSoC5/USBFS_boot.c **** * Parameters:
 115:.\Generated_Source\PSoC5/USBFS_boot.c **** *  pData:    A pointer to the block of data to send to the device
 116:.\Generated_Source\PSoC5/USBFS_boot.c **** *  size:     The number of bytes to write.
 117:.\Generated_Source\PSoC5/USBFS_boot.c **** *  count:    Pointer to an unsigned short variable to write the number of
 118:.\Generated_Source\PSoC5/USBFS_boot.c **** *             bytes actually written.
 119:.\Generated_Source\PSoC5/USBFS_boot.c **** *  timeOut:  Number of units to wait before returning because of a timeout.
 120:.\Generated_Source\PSoC5/USBFS_boot.c **** *
 121:.\Generated_Source\PSoC5/USBFS_boot.c **** * Return:
 122:.\Generated_Source\PSoC5/USBFS_boot.c **** *  Returns the value that best describes the problem.
 123:.\Generated_Source\PSoC5/USBFS_boot.c **** *
 124:.\Generated_Source\PSoC5/USBFS_boot.c **** * Reentrant:
 125:.\Generated_Source\PSoC5/USBFS_boot.c **** *  No
 126:.\Generated_Source\PSoC5/USBFS_boot.c **** *
 127:.\Generated_Source\PSoC5/USBFS_boot.c **** *******************************************************************************/
 128:.\Generated_Source\PSoC5/USBFS_boot.c **** cystatus USBFS_CyBtldrCommWrite(const uint8 pData[], uint16 size, uint16 *count, uint8 timeOut) CYS
 129:.\Generated_Source\PSoC5/USBFS_boot.c ****                                                             
 130:.\Generated_Source\PSoC5/USBFS_boot.c **** {
 124              		.loc 1 130 0
 125              		.cfi_startproc
 126              		@ args = 0, pretend = 0, frame = 24
 127              		@ frame_needed = 1, uses_anonymous_args = 0
 128 0000 80B5     		push	{r7, lr}
 129              	.LCFI6:
 130              		.cfi_def_cfa_offset 8
 131              		.cfi_offset 7, -8
 132              		.cfi_offset 14, -4
 133 0002 86B0     		sub	sp, sp, #24
 134              	.LCFI7:
 135              		.cfi_def_cfa_offset 32
 136 0004 00AF     		add	r7, sp, #0
 137              	.LCFI8:
 138              		.cfi_def_cfa_register 7
 139 0006 F860     		str	r0, [r7, #12]
 140 0008 7A60     		str	r2, [r7, #4]
 141 000a 0A46     		mov	r2, r1	@ movhi
 142 000c 7A81     		strh	r2, [r7, #10]	@ movhi
 143 000e 7B72     		strb	r3, [r7, #9]
 131:.\Generated_Source\PSoC5/USBFS_boot.c ****     cystatus retCode;
 132:.\Generated_Source\PSoC5/USBFS_boot.c ****     uint16 timeoutMs;
 133:.\Generated_Source\PSoC5/USBFS_boot.c **** 
 134:.\Generated_Source\PSoC5/USBFS_boot.c ****     timeoutMs = ((uint16) 10u * timeOut);  /* Convert from 10mS check to number 1mS checks */
 144              		.loc 1 134 0
 145 0010 7B7A     		ldrb	r3, [r7, #9]	@ zero_extendqisi2
 146 0012 9BB2     		uxth	r3, r3
 147 0014 1A46     		mov	r2, r3	@ movhi
 148 0016 4FEA8202 		lsl	r2, r2, #2
 149 001a D318     		adds	r3, r2, r3
 150 001c 4FEA4303 		lsl	r3, r3, #1
 151 0020 7B82     		strh	r3, [r7, #18]	@ movhi
ARM GAS  C:\Users\Robert\AppData\Local\Temp\cckuwY4t.s 			page 6


 135:.\Generated_Source\PSoC5/USBFS_boot.c ****     
 136:.\Generated_Source\PSoC5/USBFS_boot.c ****     /* Enable IN transfer */
 137:.\Generated_Source\PSoC5/USBFS_boot.c ****     USBFS_LoadInEP(USBFS_BTLDR_IN_EP, pData, USBFS_BTLDR_SIZEOF_READ_BUFFER);
 152              		.loc 1 137 0
 153 0022 4FF00200 		mov	r0, #2
 154 0026 F968     		ldr	r1, [r7, #12]
 155 0028 4FF04002 		mov	r2, #64
 156 002c FFF7FEFF 		bl	USBFS_LoadInEP
 138:.\Generated_Source\PSoC5/USBFS_boot.c **** 
 139:.\Generated_Source\PSoC5/USBFS_boot.c ****     /* Wait for the master to read it. */
 140:.\Generated_Source\PSoC5/USBFS_boot.c ****     while ((USBFS_GetEPState(USBFS_BTLDR_IN_EP) == USBFS_IN_BUFFER_FULL) &&
 157              		.loc 1 140 0
 158 0030 07E0     		b	.L5
 159              	.L7:
 141:.\Generated_Source\PSoC5/USBFS_boot.c ****            (0u != timeoutMs))
 142:.\Generated_Source\PSoC5/USBFS_boot.c ****     {
 143:.\Generated_Source\PSoC5/USBFS_boot.c ****         CyDelay(USBFS_BTLDR_WAIT_1_MS);
 160              		.loc 1 143 0
 161 0032 4FF00100 		mov	r0, #1
 162 0036 FFF7FEFF 		bl	CyDelay
 144:.\Generated_Source\PSoC5/USBFS_boot.c ****         timeoutMs--;
 163              		.loc 1 144 0
 164 003a 7B8A     		ldrh	r3, [r7, #18]	@ movhi
 165 003c 03F1FF33 		add	r3, r3, #-1
 166 0040 7B82     		strh	r3, [r7, #18]	@ movhi
 167              	.L5:
 140:.\Generated_Source\PSoC5/USBFS_boot.c ****     while ((USBFS_GetEPState(USBFS_BTLDR_IN_EP) == USBFS_IN_BUFFER_FULL) &&
 168              		.loc 1 140 0 discriminator 1
 169 0042 4FF00200 		mov	r0, #2
 170 0046 FFF7FEFF 		bl	USBFS_GetEPState
 171 004a 0346     		mov	r3, r0
 172 004c 002B     		cmp	r3, #0
 173 004e 02D1     		bne	.L6
 140:.\Generated_Source\PSoC5/USBFS_boot.c ****     while ((USBFS_GetEPState(USBFS_BTLDR_IN_EP) == USBFS_IN_BUFFER_FULL) &&
 174              		.loc 1 140 0 is_stmt 0 discriminator 2
 175 0050 7B8A     		ldrh	r3, [r7, #18]
 176 0052 002B     		cmp	r3, #0
 177 0054 EDD1     		bne	.L7
 178              	.L6:
 145:.\Generated_Source\PSoC5/USBFS_boot.c ****     }
 146:.\Generated_Source\PSoC5/USBFS_boot.c **** 
 147:.\Generated_Source\PSoC5/USBFS_boot.c ****     if (USBFS_GetEPState(USBFS_BTLDR_IN_EP) == USBFS_IN_BUFFER_FULL)
 179              		.loc 1 147 0 is_stmt 1
 180 0056 4FF00200 		mov	r0, #2
 181 005a FFF7FEFF 		bl	USBFS_GetEPState
 182 005e 0346     		mov	r3, r0
 183 0060 002B     		cmp	r3, #0
 184 0062 03D1     		bne	.L8
 148:.\Generated_Source\PSoC5/USBFS_boot.c ****     {
 149:.\Generated_Source\PSoC5/USBFS_boot.c ****         retCode = CYRET_TIMEOUT;
 185              		.loc 1 149 0
 186 0064 4FF01003 		mov	r3, #16
 187 0068 7B61     		str	r3, [r7, #20]
 188 006a 05E0     		b	.L9
 189              	.L8:
 150:.\Generated_Source\PSoC5/USBFS_boot.c ****     }
 151:.\Generated_Source\PSoC5/USBFS_boot.c ****     else
ARM GAS  C:\Users\Robert\AppData\Local\Temp\cckuwY4t.s 			page 7


 152:.\Generated_Source\PSoC5/USBFS_boot.c ****     {
 153:.\Generated_Source\PSoC5/USBFS_boot.c ****         *count = size;
 190              		.loc 1 153 0
 191 006c 7B68     		ldr	r3, [r7, #4]
 192 006e 7A89     		ldrh	r2, [r7, #10]	@ movhi
 193 0070 1A80     		strh	r2, [r3, #0]	@ movhi
 154:.\Generated_Source\PSoC5/USBFS_boot.c ****         retCode = CYRET_SUCCESS;
 194              		.loc 1 154 0
 195 0072 4FF00003 		mov	r3, #0
 196 0076 7B61     		str	r3, [r7, #20]
 197              	.L9:
 155:.\Generated_Source\PSoC5/USBFS_boot.c ****     }
 156:.\Generated_Source\PSoC5/USBFS_boot.c **** 
 157:.\Generated_Source\PSoC5/USBFS_boot.c ****     return(retCode);
 198              		.loc 1 157 0
 199 0078 7B69     		ldr	r3, [r7, #20]
 158:.\Generated_Source\PSoC5/USBFS_boot.c **** }
 200              		.loc 1 158 0
 201 007a 1846     		mov	r0, r3
 202 007c 07F11807 		add	r7, r7, #24
 203 0080 BD46     		mov	sp, r7
 204 0082 80BD     		pop	{r7, pc}
 205              		.cfi_endproc
 206              	.LFE3:
 207              		.size	USBFS_CyBtldrCommWrite, .-USBFS_CyBtldrCommWrite
 208              		.section	.text.USBFS_CyBtldrCommRead,"ax",%progbits
 209              		.align	2
 210              		.global	USBFS_CyBtldrCommRead
 211              		.thumb
 212              		.thumb_func
 213              		.type	USBFS_CyBtldrCommRead, %function
 214              	USBFS_CyBtldrCommRead:
 215              	.LFB4:
 159:.\Generated_Source\PSoC5/USBFS_boot.c **** 
 160:.\Generated_Source\PSoC5/USBFS_boot.c **** 
 161:.\Generated_Source\PSoC5/USBFS_boot.c **** /*******************************************************************************
 162:.\Generated_Source\PSoC5/USBFS_boot.c **** * Function Name: USBFS_CyBtldrCommRead.
 163:.\Generated_Source\PSoC5/USBFS_boot.c **** ********************************************************************************
 164:.\Generated_Source\PSoC5/USBFS_boot.c **** *
 165:.\Generated_Source\PSoC5/USBFS_boot.c **** * Summary:
 166:.\Generated_Source\PSoC5/USBFS_boot.c **** *  Allows the caller to read data from the boot loader host. The function will
 167:.\Generated_Source\PSoC5/USBFS_boot.c **** *  handle polling to allow a block of data to be completely received from the
 168:.\Generated_Source\PSoC5/USBFS_boot.c **** *  host device.
 169:.\Generated_Source\PSoC5/USBFS_boot.c **** *
 170:.\Generated_Source\PSoC5/USBFS_boot.c **** * Parameters:
 171:.\Generated_Source\PSoC5/USBFS_boot.c **** *  pData:    A pointer to the area to store the block of data received
 172:.\Generated_Source\PSoC5/USBFS_boot.c **** *             from the device.
 173:.\Generated_Source\PSoC5/USBFS_boot.c **** *  size:     The number of bytes to read.
 174:.\Generated_Source\PSoC5/USBFS_boot.c **** *  count:    Pointer to an unsigned short variable to write the number
 175:.\Generated_Source\PSoC5/USBFS_boot.c **** *             of bytes actually read.
 176:.\Generated_Source\PSoC5/USBFS_boot.c **** *  timeOut:  Number of units to wait before returning because of a timeOut.
 177:.\Generated_Source\PSoC5/USBFS_boot.c **** *            Timeout is measured in 10s of ms.
 178:.\Generated_Source\PSoC5/USBFS_boot.c **** *
 179:.\Generated_Source\PSoC5/USBFS_boot.c **** * Return:
 180:.\Generated_Source\PSoC5/USBFS_boot.c **** *  Returns the value that best describes the problem.
 181:.\Generated_Source\PSoC5/USBFS_boot.c **** *
 182:.\Generated_Source\PSoC5/USBFS_boot.c **** * Reentrant:
ARM GAS  C:\Users\Robert\AppData\Local\Temp\cckuwY4t.s 			page 8


 183:.\Generated_Source\PSoC5/USBFS_boot.c **** *  No
 184:.\Generated_Source\PSoC5/USBFS_boot.c **** *
 185:.\Generated_Source\PSoC5/USBFS_boot.c **** *******************************************************************************/
 186:.\Generated_Source\PSoC5/USBFS_boot.c **** cystatus USBFS_CyBtldrCommRead(uint8 pData[], uint16 size, uint16 *count, uint8 timeOut) CYSMALL
 187:.\Generated_Source\PSoC5/USBFS_boot.c ****                                                             
 188:.\Generated_Source\PSoC5/USBFS_boot.c **** {
 216              		.loc 1 188 0
 217              		.cfi_startproc
 218              		@ args = 0, pretend = 0, frame = 24
 219              		@ frame_needed = 1, uses_anonymous_args = 0
 220 0000 80B5     		push	{r7, lr}
 221              	.LCFI9:
 222              		.cfi_def_cfa_offset 8
 223              		.cfi_offset 7, -8
 224              		.cfi_offset 14, -4
 225 0002 86B0     		sub	sp, sp, #24
 226              	.LCFI10:
 227              		.cfi_def_cfa_offset 32
 228 0004 00AF     		add	r7, sp, #0
 229              	.LCFI11:
 230              		.cfi_def_cfa_register 7
 231 0006 F860     		str	r0, [r7, #12]
 232 0008 7A60     		str	r2, [r7, #4]
 233 000a 0A46     		mov	r2, r1	@ movhi
 234 000c 7A81     		strh	r2, [r7, #10]	@ movhi
 235 000e 7B72     		strb	r3, [r7, #9]
 189:.\Generated_Source\PSoC5/USBFS_boot.c ****     cystatus retCode;
 190:.\Generated_Source\PSoC5/USBFS_boot.c ****     uint16 timeoutMs;
 191:.\Generated_Source\PSoC5/USBFS_boot.c **** 
 192:.\Generated_Source\PSoC5/USBFS_boot.c ****     timeoutMs = ((uint16) 10u * timeOut);  /* Convert from 10mS check to number 1mS checks */
 236              		.loc 1 192 0
 237 0010 7B7A     		ldrb	r3, [r7, #9]	@ zero_extendqisi2
 238 0012 9BB2     		uxth	r3, r3
 239 0014 1A46     		mov	r2, r3	@ movhi
 240 0016 4FEA8202 		lsl	r2, r2, #2
 241 001a D318     		adds	r3, r2, r3
 242 001c 4FEA4303 		lsl	r3, r3, #1
 243 0020 7B82     		strh	r3, [r7, #18]	@ movhi
 193:.\Generated_Source\PSoC5/USBFS_boot.c ****     
 194:.\Generated_Source\PSoC5/USBFS_boot.c ****     if (size > USBFS_BTLDR_SIZEOF_WRITE_BUFFER)
 244              		.loc 1 194 0
 245 0022 7B89     		ldrh	r3, [r7, #10]
 246 0024 402B     		cmp	r3, #64
 247 0026 02D9     		bls	.L12
 195:.\Generated_Source\PSoC5/USBFS_boot.c ****     {
 196:.\Generated_Source\PSoC5/USBFS_boot.c ****         size = USBFS_BTLDR_SIZEOF_WRITE_BUFFER;
 248              		.loc 1 196 0
 249 0028 4FF04003 		mov	r3, #64
 250 002c 7B81     		strh	r3, [r7, #10]	@ movhi
 251              	.L12:
 197:.\Generated_Source\PSoC5/USBFS_boot.c ****     }
 198:.\Generated_Source\PSoC5/USBFS_boot.c **** 
 199:.\Generated_Source\PSoC5/USBFS_boot.c ****     /* Wait on enumeration in first time */
 200:.\Generated_Source\PSoC5/USBFS_boot.c ****     if (0u != USBFS_started)
 252              		.loc 1 200 0
 253 002e 40F20003 		movw	r3, #:lower16:USBFS_started
 254 0032 C0F20003 		movt	r3, #:upper16:USBFS_started
ARM GAS  C:\Users\Robert\AppData\Local\Temp\cckuwY4t.s 			page 9


 255 0036 1B78     		ldrb	r3, [r3, #0]	@ zero_extendqisi2
 256 0038 002B     		cmp	r3, #0
 257 003a 21D0     		beq	.L13
 201:.\Generated_Source\PSoC5/USBFS_boot.c ****     {
 202:.\Generated_Source\PSoC5/USBFS_boot.c ****         /* Wait for Device to enumerate */
 203:.\Generated_Source\PSoC5/USBFS_boot.c ****         while ((0u ==USBFS_GetConfiguration()) && (0u != timeoutMs))
 258              		.loc 1 203 0
 259 003c 07E0     		b	.L14
 260              	.L16:
 204:.\Generated_Source\PSoC5/USBFS_boot.c ****         {
 205:.\Generated_Source\PSoC5/USBFS_boot.c ****             CyDelay(USBFS_BTLDR_WAIT_1_MS);
 261              		.loc 1 205 0
 262 003e 4FF00100 		mov	r0, #1
 263 0042 FFF7FEFF 		bl	CyDelay
 206:.\Generated_Source\PSoC5/USBFS_boot.c ****             timeoutMs--;
 264              		.loc 1 206 0
 265 0046 7B8A     		ldrh	r3, [r7, #18]	@ movhi
 266 0048 03F1FF33 		add	r3, r3, #-1
 267 004c 7B82     		strh	r3, [r7, #18]	@ movhi
 268              	.L14:
 203:.\Generated_Source\PSoC5/USBFS_boot.c ****         while ((0u ==USBFS_GetConfiguration()) && (0u != timeoutMs))
 269              		.loc 1 203 0 discriminator 1
 270 004e FFF7FEFF 		bl	USBFS_GetConfiguration
 271 0052 0346     		mov	r3, r0
 272 0054 002B     		cmp	r3, #0
 273 0056 02D1     		bne	.L15
 203:.\Generated_Source\PSoC5/USBFS_boot.c ****         while ((0u ==USBFS_GetConfiguration()) && (0u != timeoutMs))
 274              		.loc 1 203 0 is_stmt 0 discriminator 2
 275 0058 7B8A     		ldrh	r3, [r7, #18]
 276 005a 002B     		cmp	r3, #0
 277 005c EFD1     		bne	.L16
 278              	.L15:
 207:.\Generated_Source\PSoC5/USBFS_boot.c ****         }
 208:.\Generated_Source\PSoC5/USBFS_boot.c ****         
 209:.\Generated_Source\PSoC5/USBFS_boot.c ****         /* Enable first OUT, if enumeration complete */
 210:.\Generated_Source\PSoC5/USBFS_boot.c ****         if (0u != USBFS_GetConfiguration())
 279              		.loc 1 210 0 is_stmt 1
 280 005e FFF7FEFF 		bl	USBFS_GetConfiguration
 281 0062 0346     		mov	r3, r0
 282 0064 002B     		cmp	r3, #0
 283 0066 17D0     		beq	.L17
 211:.\Generated_Source\PSoC5/USBFS_boot.c ****         {
 212:.\Generated_Source\PSoC5/USBFS_boot.c ****             (void) USBFS_IsConfigurationChanged();  /* Clear configuration changes state status */
 284              		.loc 1 212 0
 285 0068 FFF7FEFF 		bl	USBFS_IsConfigurationChanged
 213:.\Generated_Source\PSoC5/USBFS_boot.c ****             USBFS_CyBtldrCommReset();
 286              		.loc 1 213 0
 287 006c FFF7FEFF 		bl	USBFS_CyBtldrCommReset
 214:.\Generated_Source\PSoC5/USBFS_boot.c ****             USBFS_started = 0u;
 288              		.loc 1 214 0
 289 0070 40F20003 		movw	r3, #:lower16:USBFS_started
 290 0074 C0F20003 		movt	r3, #:upper16:USBFS_started
 291 0078 4FF00002 		mov	r2, #0
 292 007c 1A70     		strb	r2, [r3, #0]
 293 007e 0BE0     		b	.L17
 294              	.L13:
 215:.\Generated_Source\PSoC5/USBFS_boot.c ****         }
ARM GAS  C:\Users\Robert\AppData\Local\Temp\cckuwY4t.s 			page 10


 216:.\Generated_Source\PSoC5/USBFS_boot.c ****     }
 217:.\Generated_Source\PSoC5/USBFS_boot.c ****     else /* Check for configuration changes, has been done by Host */
 218:.\Generated_Source\PSoC5/USBFS_boot.c ****     {
 219:.\Generated_Source\PSoC5/USBFS_boot.c ****         if (0u != USBFS_IsConfigurationChanged()) /* Host could send double SET_INTERFACE request o
 295              		.loc 1 219 0
 296 0080 FFF7FEFF 		bl	USBFS_IsConfigurationChanged
 297 0084 0346     		mov	r3, r0
 298 0086 002B     		cmp	r3, #0
 299 0088 06D0     		beq	.L17
 220:.\Generated_Source\PSoC5/USBFS_boot.c ****         {
 221:.\Generated_Source\PSoC5/USBFS_boot.c ****             if (0u != USBFS_GetConfiguration())   /* Init OUT endpoints when device reconfigured */
 300              		.loc 1 221 0
 301 008a FFF7FEFF 		bl	USBFS_GetConfiguration
 302 008e 0346     		mov	r3, r0
 303 0090 002B     		cmp	r3, #0
 304 0092 01D0     		beq	.L17
 222:.\Generated_Source\PSoC5/USBFS_boot.c ****             {
 223:.\Generated_Source\PSoC5/USBFS_boot.c ****                 USBFS_CyBtldrCommReset();
 305              		.loc 1 223 0
 306 0094 FFF7FEFF 		bl	USBFS_CyBtldrCommReset
 307              	.L17:
 224:.\Generated_Source\PSoC5/USBFS_boot.c ****             }
 225:.\Generated_Source\PSoC5/USBFS_boot.c ****         }
 226:.\Generated_Source\PSoC5/USBFS_boot.c ****     }
 227:.\Generated_Source\PSoC5/USBFS_boot.c ****     
 228:.\Generated_Source\PSoC5/USBFS_boot.c ****     timeoutMs = ((uint16) 10u * timeOut); /* Re-arm timeout */
 308              		.loc 1 228 0
 309 0098 7B7A     		ldrb	r3, [r7, #9]	@ zero_extendqisi2
 310 009a 9BB2     		uxth	r3, r3
 311 009c 1A46     		mov	r2, r3	@ movhi
 312 009e 4FEA8202 		lsl	r2, r2, #2
 313 00a2 D318     		adds	r3, r2, r3
 314 00a4 4FEA4303 		lsl	r3, r3, #1
 315 00a8 7B82     		strh	r3, [r7, #18]	@ movhi
 229:.\Generated_Source\PSoC5/USBFS_boot.c ****     
 230:.\Generated_Source\PSoC5/USBFS_boot.c ****     /* Wait on next packet */
 231:.\Generated_Source\PSoC5/USBFS_boot.c ****     while((USBFS_GetEPState(USBFS_BTLDR_OUT_EP) != USBFS_OUT_BUFFER_FULL) && \
 316              		.loc 1 231 0
 317 00aa 07E0     		b	.L18
 318              	.L20:
 232:.\Generated_Source\PSoC5/USBFS_boot.c ****           (0u != timeoutMs))
 233:.\Generated_Source\PSoC5/USBFS_boot.c ****     {
 234:.\Generated_Source\PSoC5/USBFS_boot.c ****         CyDelay(USBFS_BTLDR_WAIT_1_MS);
 319              		.loc 1 234 0
 320 00ac 4FF00100 		mov	r0, #1
 321 00b0 FFF7FEFF 		bl	CyDelay
 235:.\Generated_Source\PSoC5/USBFS_boot.c ****         timeoutMs--;
 322              		.loc 1 235 0
 323 00b4 7B8A     		ldrh	r3, [r7, #18]	@ movhi
 324 00b6 03F1FF33 		add	r3, r3, #-1
 325 00ba 7B82     		strh	r3, [r7, #18]	@ movhi
 326              	.L18:
 231:.\Generated_Source\PSoC5/USBFS_boot.c ****     while((USBFS_GetEPState(USBFS_BTLDR_OUT_EP) != USBFS_OUT_BUFFER_FULL) && \
 327              		.loc 1 231 0 discriminator 1
 328 00bc 4FF00100 		mov	r0, #1
 329 00c0 FFF7FEFF 		bl	USBFS_GetEPState
 330 00c4 0346     		mov	r3, r0
ARM GAS  C:\Users\Robert\AppData\Local\Temp\cckuwY4t.s 			page 11


 331 00c6 012B     		cmp	r3, #1
 332 00c8 02D0     		beq	.L19
 231:.\Generated_Source\PSoC5/USBFS_boot.c ****     while((USBFS_GetEPState(USBFS_BTLDR_OUT_EP) != USBFS_OUT_BUFFER_FULL) && \
 333              		.loc 1 231 0 is_stmt 0 discriminator 2
 334 00ca 7B8A     		ldrh	r3, [r7, #18]
 335 00cc 002B     		cmp	r3, #0
 336 00ce EDD1     		bne	.L20
 337              	.L19:
 236:.\Generated_Source\PSoC5/USBFS_boot.c ****     }
 237:.\Generated_Source\PSoC5/USBFS_boot.c **** 
 238:.\Generated_Source\PSoC5/USBFS_boot.c ****     /* OUT EP has completed */
 239:.\Generated_Source\PSoC5/USBFS_boot.c ****     if (USBFS_GetEPState(USBFS_BTLDR_OUT_EP) == USBFS_OUT_BUFFER_FULL)
 338              		.loc 1 239 0 is_stmt 1
 339 00d0 4FF00100 		mov	r0, #1
 340 00d4 FFF7FEFF 		bl	USBFS_GetEPState
 341 00d8 0346     		mov	r3, r0
 342 00da 012B     		cmp	r3, #1
 343 00dc 0ED1     		bne	.L21
 240:.\Generated_Source\PSoC5/USBFS_boot.c ****     {
 241:.\Generated_Source\PSoC5/USBFS_boot.c ****         *count = USBFS_ReadOutEP(USBFS_BTLDR_OUT_EP, pData, size);
 344              		.loc 1 241 0
 345 00de 7B89     		ldrh	r3, [r7, #10]
 346 00e0 4FF00100 		mov	r0, #1
 347 00e4 F968     		ldr	r1, [r7, #12]
 348 00e6 1A46     		mov	r2, r3
 349 00e8 FFF7FEFF 		bl	USBFS_ReadOutEP
 350 00ec 0346     		mov	r3, r0
 351 00ee 1A46     		mov	r2, r3
 352 00f0 7B68     		ldr	r3, [r7, #4]
 353 00f2 1A80     		strh	r2, [r3, #0]	@ movhi
 242:.\Generated_Source\PSoC5/USBFS_boot.c ****         retCode = CYRET_SUCCESS;
 354              		.loc 1 242 0
 355 00f4 4FF00003 		mov	r3, #0
 356 00f8 7B61     		str	r3, [r7, #20]
 357 00fa 06E0     		b	.L22
 358              	.L21:
 243:.\Generated_Source\PSoC5/USBFS_boot.c ****     }
 244:.\Generated_Source\PSoC5/USBFS_boot.c ****     else
 245:.\Generated_Source\PSoC5/USBFS_boot.c ****     {
 246:.\Generated_Source\PSoC5/USBFS_boot.c ****         *count = 0u;
 359              		.loc 1 246 0
 360 00fc 7B68     		ldr	r3, [r7, #4]
 361 00fe 4FF00002 		mov	r2, #0
 362 0102 1A80     		strh	r2, [r3, #0]	@ movhi
 247:.\Generated_Source\PSoC5/USBFS_boot.c ****         retCode = CYRET_TIMEOUT;
 363              		.loc 1 247 0
 364 0104 4FF01003 		mov	r3, #16
 365 0108 7B61     		str	r3, [r7, #20]
 366              	.L22:
 248:.\Generated_Source\PSoC5/USBFS_boot.c ****     }
 249:.\Generated_Source\PSoC5/USBFS_boot.c ****     
 250:.\Generated_Source\PSoC5/USBFS_boot.c ****     return(retCode);
 367              		.loc 1 250 0
 368 010a 7B69     		ldr	r3, [r7, #20]
 251:.\Generated_Source\PSoC5/USBFS_boot.c **** }
 369              		.loc 1 251 0
 370 010c 1846     		mov	r0, r3
ARM GAS  C:\Users\Robert\AppData\Local\Temp\cckuwY4t.s 			page 12


 371 010e 07F11807 		add	r7, r7, #24
 372 0112 BD46     		mov	sp, r7
 373 0114 80BD     		pop	{r7, pc}
 374              		.cfi_endproc
 375              	.LFE4:
 376              		.size	USBFS_CyBtldrCommRead, .-USBFS_CyBtldrCommRead
 377 0116 00BF     		.text
 378              	.Letext0:
 379              		.file 2 ".\\Generated_Source\\PSoC5\\cytypes.h"
 380              		.section	.debug_info,"",%progbits
 381              	.Ldebug_info0:
 382 0000 F9010000 		.4byte	0x1f9
 383 0004 0200     		.2byte	0x2
 384 0006 00000000 		.4byte	.Ldebug_abbrev0
 385 000a 04       		.byte	0x4
 386 000b 01       		.uleb128 0x1
 387 000c 1C010000 		.4byte	.LASF28
 388 0010 01       		.byte	0x1
 389 0011 0A020000 		.4byte	.LASF29
 390 0015 90010000 		.4byte	.LASF30
 391 0019 00000000 		.4byte	.Ldebug_ranges0+0
 392 001d 00000000 		.4byte	0
 393 0021 00000000 		.4byte	0
 394 0025 00000000 		.4byte	.Ldebug_line0
 395 0029 02       		.uleb128 0x2
 396 002a 01       		.byte	0x1
 397 002b 06       		.byte	0x6
 398 002c 84010000 		.4byte	.LASF0
 399 0030 02       		.uleb128 0x2
 400 0031 01       		.byte	0x1
 401 0032 08       		.byte	0x8
 402 0033 79000000 		.4byte	.LASF1
 403 0037 02       		.uleb128 0x2
 404 0038 02       		.byte	0x2
 405 0039 05       		.byte	0x5
 406 003a 0A010000 		.4byte	.LASF2
 407 003e 02       		.uleb128 0x2
 408 003f 02       		.byte	0x2
 409 0040 07       		.byte	0x7
 410 0041 0F000000 		.4byte	.LASF3
 411 0045 02       		.uleb128 0x2
 412 0046 04       		.byte	0x4
 413 0047 05       		.byte	0x5
 414 0048 65010000 		.4byte	.LASF4
 415 004c 02       		.uleb128 0x2
 416 004d 04       		.byte	0x4
 417 004e 07       		.byte	0x7
 418 004f 61000000 		.4byte	.LASF5
 419 0053 02       		.uleb128 0x2
 420 0054 08       		.byte	0x8
 421 0055 05       		.byte	0x5
 422 0056 F7000000 		.4byte	.LASF6
 423 005a 02       		.uleb128 0x2
 424 005b 08       		.byte	0x8
 425 005c 07       		.byte	0x7
 426 005d B9000000 		.4byte	.LASF7
 427 0061 03       		.uleb128 0x3
ARM GAS  C:\Users\Robert\AppData\Local\Temp\cckuwY4t.s 			page 13


 428 0062 04       		.byte	0x4
 429 0063 05       		.byte	0x5
 430 0064 696E7400 		.ascii	"int\000"
 431 0068 02       		.uleb128 0x2
 432 0069 04       		.byte	0x4
 433 006a 07       		.byte	0x7
 434 006b AC000000 		.4byte	.LASF8
 435 006f 04       		.uleb128 0x4
 436 0070 73000000 		.4byte	.LASF9
 437 0074 02       		.byte	0x2
 438 0075 5B       		.byte	0x5b
 439 0076 30000000 		.4byte	0x30
 440 007a 04       		.uleb128 0x4
 441 007b A5000000 		.4byte	.LASF10
 442 007f 02       		.byte	0x2
 443 0080 5C       		.byte	0x5c
 444 0081 3E000000 		.4byte	0x3e
 445 0085 02       		.uleb128 0x2
 446 0086 04       		.byte	0x4
 447 0087 04       		.byte	0x4
 448 0088 56000000 		.4byte	.LASF11
 449 008c 02       		.uleb128 0x2
 450 008d 08       		.byte	0x8
 451 008e 04       		.byte	0x4
 452 008f 87000000 		.4byte	.LASF12
 453 0093 02       		.uleb128 0x2
 454 0094 01       		.byte	0x1
 455 0095 08       		.byte	0x8
 456 0096 05010000 		.4byte	.LASF13
 457 009a 04       		.uleb128 0x4
 458 009b 00000000 		.4byte	.LASF14
 459 009f 02       		.byte	0x2
 460 00a0 E8       		.byte	0xe8
 461 00a1 4C000000 		.4byte	0x4c
 462 00a5 02       		.uleb128 0x2
 463 00a6 04       		.byte	0x4
 464 00a7 07       		.byte	0x7
 465 00a8 EE000000 		.4byte	.LASF15
 466 00ac 05       		.uleb128 0x5
 467 00ad 01       		.byte	0x1
 468 00ae 3F000000 		.4byte	.LASF16
 469 00b2 01       		.byte	0x1
 470 00b3 32       		.byte	0x32
 471 00b4 01       		.byte	0x1
 472 00b5 00000000 		.4byte	.LFB0
 473 00b9 22000000 		.4byte	.LFE0
 474 00bd 00000000 		.4byte	.LLST0
 475 00c1 01       		.byte	0x1
 476 00c2 05       		.uleb128 0x5
 477 00c3 01       		.byte	0x1
 478 00c4 6E010000 		.4byte	.LASF17
 479 00c8 01       		.byte	0x1
 480 00c9 4C       		.byte	0x4c
 481 00ca 01       		.byte	0x1
 482 00cb 00000000 		.4byte	.LFB1
 483 00cf 0A000000 		.4byte	.LFE1
 484 00d3 2C000000 		.4byte	.LLST1
ARM GAS  C:\Users\Robert\AppData\Local\Temp\cckuwY4t.s 			page 14


 485 00d7 01       		.byte	0x1
 486 00d8 05       		.uleb128 0x5
 487 00d9 01       		.byte	0x1
 488 00da 22000000 		.4byte	.LASF18
 489 00de 01       		.byte	0x1
 490 00df 63       		.byte	0x63
 491 00e0 01       		.byte	0x1
 492 00e1 00000000 		.4byte	.LFB2
 493 00e5 0E000000 		.4byte	.LFE2
 494 00e9 58000000 		.4byte	.LLST2
 495 00ed 01       		.byte	0x1
 496 00ee 06       		.uleb128 0x6
 497 00ef 01       		.byte	0x1
 498 00f0 8E000000 		.4byte	.LASF25
 499 00f4 01       		.byte	0x1
 500 00f5 80       		.byte	0x80
 501 00f6 01       		.byte	0x1
 502 00f7 9A000000 		.4byte	0x9a
 503 00fb 00000000 		.4byte	.LFB3
 504 00ff 84000000 		.4byte	.LFE3
 505 0103 84000000 		.4byte	.LLST3
 506 0107 01       		.byte	0x1
 507 0108 61010000 		.4byte	0x161
 508 010c 07       		.uleb128 0x7
 509 010d 39000000 		.4byte	.LASF19
 510 0111 01       		.byte	0x1
 511 0112 80       		.byte	0x80
 512 0113 61010000 		.4byte	0x161
 513 0117 02       		.byte	0x2
 514 0118 91       		.byte	0x91
 515 0119 6C       		.sleb128 -20
 516 011a 07       		.uleb128 0x7
 517 011b 5C000000 		.4byte	.LASF20
 518 011f 01       		.byte	0x1
 519 0120 80       		.byte	0x80
 520 0121 7A000000 		.4byte	0x7a
 521 0125 02       		.byte	0x2
 522 0126 91       		.byte	0x91
 523 0127 6A       		.sleb128 -22
 524 0128 07       		.uleb128 0x7
 525 0129 09000000 		.4byte	.LASF21
 526 012d 01       		.byte	0x1
 527 012e 80       		.byte	0x80
 528 012f 6C010000 		.4byte	0x16c
 529 0133 02       		.byte	0x2
 530 0134 91       		.byte	0x91
 531 0135 64       		.sleb128 -28
 532 0136 07       		.uleb128 0x7
 533 0137 14010000 		.4byte	.LASF22
 534 013b 01       		.byte	0x1
 535 013c 80       		.byte	0x80
 536 013d 6F000000 		.4byte	0x6f
 537 0141 02       		.byte	0x2
 538 0142 91       		.byte	0x91
 539 0143 69       		.sleb128 -23
 540 0144 08       		.uleb128 0x8
 541 0145 E6000000 		.4byte	.LASF23
ARM GAS  C:\Users\Robert\AppData\Local\Temp\cckuwY4t.s 			page 15


 542 0149 01       		.byte	0x1
 543 014a 83       		.byte	0x83
 544 014b 9A000000 		.4byte	0x9a
 545 014f 02       		.byte	0x2
 546 0150 91       		.byte	0x91
 547 0151 74       		.sleb128 -12
 548 0152 08       		.uleb128 0x8
 549 0153 00020000 		.4byte	.LASF24
 550 0157 01       		.byte	0x1
 551 0158 84       		.byte	0x84
 552 0159 7A000000 		.4byte	0x7a
 553 015d 02       		.byte	0x2
 554 015e 91       		.byte	0x91
 555 015f 72       		.sleb128 -14
 556 0160 00       		.byte	0
 557 0161 09       		.uleb128 0x9
 558 0162 04       		.byte	0x4
 559 0163 67010000 		.4byte	0x167
 560 0167 0A       		.uleb128 0xa
 561 0168 6F000000 		.4byte	0x6f
 562 016c 09       		.uleb128 0x9
 563 016d 04       		.byte	0x4
 564 016e 7A000000 		.4byte	0x7a
 565 0172 06       		.uleb128 0x6
 566 0173 01       		.byte	0x1
 567 0174 D0000000 		.4byte	.LASF26
 568 0178 01       		.byte	0x1
 569 0179 BA       		.byte	0xba
 570 017a 01       		.byte	0x1
 571 017b 9A000000 		.4byte	0x9a
 572 017f 00000000 		.4byte	.LFB4
 573 0183 16010000 		.4byte	.LFE4
 574 0187 BC000000 		.4byte	.LLST4
 575 018b 01       		.byte	0x1
 576 018c E5010000 		.4byte	0x1e5
 577 0190 07       		.uleb128 0x7
 578 0191 39000000 		.4byte	.LASF19
 579 0195 01       		.byte	0x1
 580 0196 BA       		.byte	0xba
 581 0197 E5010000 		.4byte	0x1e5
 582 019b 02       		.byte	0x2
 583 019c 91       		.byte	0x91
 584 019d 6C       		.sleb128 -20
 585 019e 07       		.uleb128 0x7
 586 019f 5C000000 		.4byte	.LASF20
 587 01a3 01       		.byte	0x1
 588 01a4 BA       		.byte	0xba
 589 01a5 7A000000 		.4byte	0x7a
 590 01a9 02       		.byte	0x2
 591 01aa 91       		.byte	0x91
 592 01ab 6A       		.sleb128 -22
 593 01ac 07       		.uleb128 0x7
 594 01ad 09000000 		.4byte	.LASF21
 595 01b1 01       		.byte	0x1
 596 01b2 BA       		.byte	0xba
 597 01b3 6C010000 		.4byte	0x16c
 598 01b7 02       		.byte	0x2
ARM GAS  C:\Users\Robert\AppData\Local\Temp\cckuwY4t.s 			page 16


 599 01b8 91       		.byte	0x91
 600 01b9 64       		.sleb128 -28
 601 01ba 07       		.uleb128 0x7
 602 01bb 14010000 		.4byte	.LASF22
 603 01bf 01       		.byte	0x1
 604 01c0 BA       		.byte	0xba
 605 01c1 6F000000 		.4byte	0x6f
 606 01c5 02       		.byte	0x2
 607 01c6 91       		.byte	0x91
 608 01c7 69       		.sleb128 -23
 609 01c8 08       		.uleb128 0x8
 610 01c9 E6000000 		.4byte	.LASF23
 611 01cd 01       		.byte	0x1
 612 01ce BD       		.byte	0xbd
 613 01cf 9A000000 		.4byte	0x9a
 614 01d3 02       		.byte	0x2
 615 01d4 91       		.byte	0x91
 616 01d5 74       		.sleb128 -12
 617 01d6 08       		.uleb128 0x8
 618 01d7 00020000 		.4byte	.LASF24
 619 01db 01       		.byte	0x1
 620 01dc BE       		.byte	0xbe
 621 01dd 7A000000 		.4byte	0x7a
 622 01e1 02       		.byte	0x2
 623 01e2 91       		.byte	0x91
 624 01e3 72       		.sleb128 -14
 625 01e4 00       		.byte	0
 626 01e5 09       		.uleb128 0x9
 627 01e6 04       		.byte	0x4
 628 01e7 6F000000 		.4byte	0x6f
 629 01eb 08       		.uleb128 0x8
 630 01ec F2010000 		.4byte	.LASF27
 631 01f0 01       		.byte	0x1
 632 01f1 1B       		.byte	0x1b
 633 01f2 6F000000 		.4byte	0x6f
 634 01f6 05       		.byte	0x5
 635 01f7 03       		.byte	0x3
 636 01f8 00000000 		.4byte	USBFS_started
 637 01fc 00       		.byte	0
 638              		.section	.debug_abbrev,"",%progbits
 639              	.Ldebug_abbrev0:
 640 0000 01       		.uleb128 0x1
 641 0001 11       		.uleb128 0x11
 642 0002 01       		.byte	0x1
 643 0003 25       		.uleb128 0x25
 644 0004 0E       		.uleb128 0xe
 645 0005 13       		.uleb128 0x13
 646 0006 0B       		.uleb128 0xb
 647 0007 03       		.uleb128 0x3
 648 0008 0E       		.uleb128 0xe
 649 0009 1B       		.uleb128 0x1b
 650 000a 0E       		.uleb128 0xe
 651 000b 55       		.uleb128 0x55
 652 000c 06       		.uleb128 0x6
 653 000d 11       		.uleb128 0x11
 654 000e 01       		.uleb128 0x1
 655 000f 52       		.uleb128 0x52
ARM GAS  C:\Users\Robert\AppData\Local\Temp\cckuwY4t.s 			page 17


 656 0010 01       		.uleb128 0x1
 657 0011 10       		.uleb128 0x10
 658 0012 06       		.uleb128 0x6
 659 0013 00       		.byte	0
 660 0014 00       		.byte	0
 661 0015 02       		.uleb128 0x2
 662 0016 24       		.uleb128 0x24
 663 0017 00       		.byte	0
 664 0018 0B       		.uleb128 0xb
 665 0019 0B       		.uleb128 0xb
 666 001a 3E       		.uleb128 0x3e
 667 001b 0B       		.uleb128 0xb
 668 001c 03       		.uleb128 0x3
 669 001d 0E       		.uleb128 0xe
 670 001e 00       		.byte	0
 671 001f 00       		.byte	0
 672 0020 03       		.uleb128 0x3
 673 0021 24       		.uleb128 0x24
 674 0022 00       		.byte	0
 675 0023 0B       		.uleb128 0xb
 676 0024 0B       		.uleb128 0xb
 677 0025 3E       		.uleb128 0x3e
 678 0026 0B       		.uleb128 0xb
 679 0027 03       		.uleb128 0x3
 680 0028 08       		.uleb128 0x8
 681 0029 00       		.byte	0
 682 002a 00       		.byte	0
 683 002b 04       		.uleb128 0x4
 684 002c 16       		.uleb128 0x16
 685 002d 00       		.byte	0
 686 002e 03       		.uleb128 0x3
 687 002f 0E       		.uleb128 0xe
 688 0030 3A       		.uleb128 0x3a
 689 0031 0B       		.uleb128 0xb
 690 0032 3B       		.uleb128 0x3b
 691 0033 0B       		.uleb128 0xb
 692 0034 49       		.uleb128 0x49
 693 0035 13       		.uleb128 0x13
 694 0036 00       		.byte	0
 695 0037 00       		.byte	0
 696 0038 05       		.uleb128 0x5
 697 0039 2E       		.uleb128 0x2e
 698 003a 00       		.byte	0
 699 003b 3F       		.uleb128 0x3f
 700 003c 0C       		.uleb128 0xc
 701 003d 03       		.uleb128 0x3
 702 003e 0E       		.uleb128 0xe
 703 003f 3A       		.uleb128 0x3a
 704 0040 0B       		.uleb128 0xb
 705 0041 3B       		.uleb128 0x3b
 706 0042 0B       		.uleb128 0xb
 707 0043 27       		.uleb128 0x27
 708 0044 0C       		.uleb128 0xc
 709 0045 11       		.uleb128 0x11
 710 0046 01       		.uleb128 0x1
 711 0047 12       		.uleb128 0x12
 712 0048 01       		.uleb128 0x1
ARM GAS  C:\Users\Robert\AppData\Local\Temp\cckuwY4t.s 			page 18


 713 0049 40       		.uleb128 0x40
 714 004a 06       		.uleb128 0x6
 715 004b 9642     		.uleb128 0x2116
 716 004d 0C       		.uleb128 0xc
 717 004e 00       		.byte	0
 718 004f 00       		.byte	0
 719 0050 06       		.uleb128 0x6
 720 0051 2E       		.uleb128 0x2e
 721 0052 01       		.byte	0x1
 722 0053 3F       		.uleb128 0x3f
 723 0054 0C       		.uleb128 0xc
 724 0055 03       		.uleb128 0x3
 725 0056 0E       		.uleb128 0xe
 726 0057 3A       		.uleb128 0x3a
 727 0058 0B       		.uleb128 0xb
 728 0059 3B       		.uleb128 0x3b
 729 005a 0B       		.uleb128 0xb
 730 005b 27       		.uleb128 0x27
 731 005c 0C       		.uleb128 0xc
 732 005d 49       		.uleb128 0x49
 733 005e 13       		.uleb128 0x13
 734 005f 11       		.uleb128 0x11
 735 0060 01       		.uleb128 0x1
 736 0061 12       		.uleb128 0x12
 737 0062 01       		.uleb128 0x1
 738 0063 40       		.uleb128 0x40
 739 0064 06       		.uleb128 0x6
 740 0065 9642     		.uleb128 0x2116
 741 0067 0C       		.uleb128 0xc
 742 0068 01       		.uleb128 0x1
 743 0069 13       		.uleb128 0x13
 744 006a 00       		.byte	0
 745 006b 00       		.byte	0
 746 006c 07       		.uleb128 0x7
 747 006d 05       		.uleb128 0x5
 748 006e 00       		.byte	0
 749 006f 03       		.uleb128 0x3
 750 0070 0E       		.uleb128 0xe
 751 0071 3A       		.uleb128 0x3a
 752 0072 0B       		.uleb128 0xb
 753 0073 3B       		.uleb128 0x3b
 754 0074 0B       		.uleb128 0xb
 755 0075 49       		.uleb128 0x49
 756 0076 13       		.uleb128 0x13
 757 0077 02       		.uleb128 0x2
 758 0078 0A       		.uleb128 0xa
 759 0079 00       		.byte	0
 760 007a 00       		.byte	0
 761 007b 08       		.uleb128 0x8
 762 007c 34       		.uleb128 0x34
 763 007d 00       		.byte	0
 764 007e 03       		.uleb128 0x3
 765 007f 0E       		.uleb128 0xe
 766 0080 3A       		.uleb128 0x3a
 767 0081 0B       		.uleb128 0xb
 768 0082 3B       		.uleb128 0x3b
 769 0083 0B       		.uleb128 0xb
ARM GAS  C:\Users\Robert\AppData\Local\Temp\cckuwY4t.s 			page 19


 770 0084 49       		.uleb128 0x49
 771 0085 13       		.uleb128 0x13
 772 0086 02       		.uleb128 0x2
 773 0087 0A       		.uleb128 0xa
 774 0088 00       		.byte	0
 775 0089 00       		.byte	0
 776 008a 09       		.uleb128 0x9
 777 008b 0F       		.uleb128 0xf
 778 008c 00       		.byte	0
 779 008d 0B       		.uleb128 0xb
 780 008e 0B       		.uleb128 0xb
 781 008f 49       		.uleb128 0x49
 782 0090 13       		.uleb128 0x13
 783 0091 00       		.byte	0
 784 0092 00       		.byte	0
 785 0093 0A       		.uleb128 0xa
 786 0094 26       		.uleb128 0x26
 787 0095 00       		.byte	0
 788 0096 49       		.uleb128 0x49
 789 0097 13       		.uleb128 0x13
 790 0098 00       		.byte	0
 791 0099 00       		.byte	0
 792 009a 00       		.byte	0
 793              		.section	.debug_loc,"",%progbits
 794              	.Ldebug_loc0:
 795              	.LLST0:
 796 0000 00000000 		.4byte	.LFB0
 797 0004 02000000 		.4byte	.LCFI0
 798 0008 0200     		.2byte	0x2
 799 000a 7D       		.byte	0x7d
 800 000b 00       		.sleb128 0
 801 000c 02000000 		.4byte	.LCFI0
 802 0010 04000000 		.4byte	.LCFI1
 803 0014 0200     		.2byte	0x2
 804 0016 7D       		.byte	0x7d
 805 0017 08       		.sleb128 8
 806 0018 04000000 		.4byte	.LCFI1
 807 001c 22000000 		.4byte	.LFE0
 808 0020 0200     		.2byte	0x2
 809 0022 77       		.byte	0x77
 810 0023 08       		.sleb128 8
 811 0024 00000000 		.4byte	0
 812 0028 00000000 		.4byte	0
 813              	.LLST1:
 814 002c 00000000 		.4byte	.LFB1
 815 0030 02000000 		.4byte	.LCFI2
 816 0034 0200     		.2byte	0x2
 817 0036 7D       		.byte	0x7d
 818 0037 00       		.sleb128 0
 819 0038 02000000 		.4byte	.LCFI2
 820 003c 04000000 		.4byte	.LCFI3
 821 0040 0200     		.2byte	0x2
 822 0042 7D       		.byte	0x7d
 823 0043 08       		.sleb128 8
 824 0044 04000000 		.4byte	.LCFI3
 825 0048 0A000000 		.4byte	.LFE1
 826 004c 0200     		.2byte	0x2
ARM GAS  C:\Users\Robert\AppData\Local\Temp\cckuwY4t.s 			page 20


 827 004e 77       		.byte	0x77
 828 004f 08       		.sleb128 8
 829 0050 00000000 		.4byte	0
 830 0054 00000000 		.4byte	0
 831              	.LLST2:
 832 0058 00000000 		.4byte	.LFB2
 833 005c 02000000 		.4byte	.LCFI4
 834 0060 0200     		.2byte	0x2
 835 0062 7D       		.byte	0x7d
 836 0063 00       		.sleb128 0
 837 0064 02000000 		.4byte	.LCFI4
 838 0068 04000000 		.4byte	.LCFI5
 839 006c 0200     		.2byte	0x2
 840 006e 7D       		.byte	0x7d
 841 006f 08       		.sleb128 8
 842 0070 04000000 		.4byte	.LCFI5
 843 0074 0E000000 		.4byte	.LFE2
 844 0078 0200     		.2byte	0x2
 845 007a 77       		.byte	0x77
 846 007b 08       		.sleb128 8
 847 007c 00000000 		.4byte	0
 848 0080 00000000 		.4byte	0
 849              	.LLST3:
 850 0084 00000000 		.4byte	.LFB3
 851 0088 02000000 		.4byte	.LCFI6
 852 008c 0200     		.2byte	0x2
 853 008e 7D       		.byte	0x7d
 854 008f 00       		.sleb128 0
 855 0090 02000000 		.4byte	.LCFI6
 856 0094 04000000 		.4byte	.LCFI7
 857 0098 0200     		.2byte	0x2
 858 009a 7D       		.byte	0x7d
 859 009b 08       		.sleb128 8
 860 009c 04000000 		.4byte	.LCFI7
 861 00a0 06000000 		.4byte	.LCFI8
 862 00a4 0200     		.2byte	0x2
 863 00a6 7D       		.byte	0x7d
 864 00a7 20       		.sleb128 32
 865 00a8 06000000 		.4byte	.LCFI8
 866 00ac 84000000 		.4byte	.LFE3
 867 00b0 0200     		.2byte	0x2
 868 00b2 77       		.byte	0x77
 869 00b3 20       		.sleb128 32
 870 00b4 00000000 		.4byte	0
 871 00b8 00000000 		.4byte	0
 872              	.LLST4:
 873 00bc 00000000 		.4byte	.LFB4
 874 00c0 02000000 		.4byte	.LCFI9
 875 00c4 0200     		.2byte	0x2
 876 00c6 7D       		.byte	0x7d
 877 00c7 00       		.sleb128 0
 878 00c8 02000000 		.4byte	.LCFI9
 879 00cc 04000000 		.4byte	.LCFI10
 880 00d0 0200     		.2byte	0x2
 881 00d2 7D       		.byte	0x7d
 882 00d3 08       		.sleb128 8
 883 00d4 04000000 		.4byte	.LCFI10
ARM GAS  C:\Users\Robert\AppData\Local\Temp\cckuwY4t.s 			page 21


 884 00d8 06000000 		.4byte	.LCFI11
 885 00dc 0200     		.2byte	0x2
 886 00de 7D       		.byte	0x7d
 887 00df 20       		.sleb128 32
 888 00e0 06000000 		.4byte	.LCFI11
 889 00e4 16010000 		.4byte	.LFE4
 890 00e8 0200     		.2byte	0x2
 891 00ea 77       		.byte	0x77
 892 00eb 20       		.sleb128 32
 893 00ec 00000000 		.4byte	0
 894 00f0 00000000 		.4byte	0
 895              		.section	.debug_aranges,"",%progbits
 896 0000 3C000000 		.4byte	0x3c
 897 0004 0200     		.2byte	0x2
 898 0006 00000000 		.4byte	.Ldebug_info0
 899 000a 04       		.byte	0x4
 900 000b 00       		.byte	0
 901 000c 0000     		.2byte	0
 902 000e 0000     		.2byte	0
 903 0010 00000000 		.4byte	.LFB0
 904 0014 22000000 		.4byte	.LFE0-.LFB0
 905 0018 00000000 		.4byte	.LFB1
 906 001c 0A000000 		.4byte	.LFE1-.LFB1
 907 0020 00000000 		.4byte	.LFB2
 908 0024 0E000000 		.4byte	.LFE2-.LFB2
 909 0028 00000000 		.4byte	.LFB3
 910 002c 84000000 		.4byte	.LFE3-.LFB3
 911 0030 00000000 		.4byte	.LFB4
 912 0034 16010000 		.4byte	.LFE4-.LFB4
 913 0038 00000000 		.4byte	0
 914 003c 00000000 		.4byte	0
 915              		.section	.debug_ranges,"",%progbits
 916              	.Ldebug_ranges0:
 917 0000 00000000 		.4byte	.LFB0
 918 0004 22000000 		.4byte	.LFE0
 919 0008 00000000 		.4byte	.LFB1
 920 000c 0A000000 		.4byte	.LFE1
 921 0010 00000000 		.4byte	.LFB2
 922 0014 0E000000 		.4byte	.LFE2
 923 0018 00000000 		.4byte	.LFB3
 924 001c 84000000 		.4byte	.LFE3
 925 0020 00000000 		.4byte	.LFB4
 926 0024 16010000 		.4byte	.LFE4
 927 0028 00000000 		.4byte	0
 928 002c 00000000 		.4byte	0
 929              		.section	.debug_line,"",%progbits
 930              	.Ldebug_line0:
 931 0000 EE000000 		.section	.debug_str,"MS",%progbits,1
 931      02004900 
 931      00000201 
 931      FB0E0D00 
 931      01010101 
 932              	.LASF14:
 933 0000 63797374 		.ascii	"cystatus\000"
 933      61747573 
 933      00
 934              	.LASF21:
ARM GAS  C:\Users\Robert\AppData\Local\Temp\cckuwY4t.s 			page 22


 935 0009 636F756E 		.ascii	"count\000"
 935      7400
 936              	.LASF3:
 937 000f 73686F72 		.ascii	"short unsigned int\000"
 937      7420756E 
 937      7369676E 
 937      65642069 
 937      6E7400
 938              	.LASF18:
 939 0022 55534246 		.ascii	"USBFS_CyBtldrCommReset\000"
 939      535F4379 
 939      42746C64 
 939      72436F6D 
 939      6D526573 
 940              	.LASF19:
 941 0039 70446174 		.ascii	"pData\000"
 941      6100
 942              	.LASF16:
 943 003f 55534246 		.ascii	"USBFS_CyBtldrCommStart\000"
 943      535F4379 
 943      42746C64 
 943      72436F6D 
 943      6D537461 
 944              	.LASF11:
 945 0056 666C6F61 		.ascii	"float\000"
 945      7400
 946              	.LASF20:
 947 005c 73697A65 		.ascii	"size\000"
 947      00
 948              	.LASF5:
 949 0061 6C6F6E67 		.ascii	"long unsigned int\000"
 949      20756E73 
 949      69676E65 
 949      6420696E 
 949      7400
 950              	.LASF9:
 951 0073 75696E74 		.ascii	"uint8\000"
 951      3800
 952              	.LASF1:
 953 0079 756E7369 		.ascii	"unsigned char\000"
 953      676E6564 
 953      20636861 
 953      7200
 954              	.LASF12:
 955 0087 646F7562 		.ascii	"double\000"
 955      6C6500
 956              	.LASF25:
 957 008e 55534246 		.ascii	"USBFS_CyBtldrCommWrite\000"
 957      535F4379 
 957      42746C64 
 957      72436F6D 
 957      6D577269 
 958              	.LASF10:
 959 00a5 75696E74 		.ascii	"uint16\000"
 959      313600
 960              	.LASF8:
 961 00ac 756E7369 		.ascii	"unsigned int\000"
ARM GAS  C:\Users\Robert\AppData\Local\Temp\cckuwY4t.s 			page 23


 961      676E6564 
 961      20696E74 
 961      00
 962              	.LASF7:
 963 00b9 6C6F6E67 		.ascii	"long long unsigned int\000"
 963      206C6F6E 
 963      6720756E 
 963      7369676E 
 963      65642069 
 964              	.LASF26:
 965 00d0 55534246 		.ascii	"USBFS_CyBtldrCommRead\000"
 965      535F4379 
 965      42746C64 
 965      72436F6D 
 965      6D526561 
 966              	.LASF23:
 967 00e6 72657443 		.ascii	"retCode\000"
 967      6F646500 
 968              	.LASF15:
 969 00ee 73697A65 		.ascii	"sizetype\000"
 969      74797065 
 969      00
 970              	.LASF6:
 971 00f7 6C6F6E67 		.ascii	"long long int\000"
 971      206C6F6E 
 971      6720696E 
 971      7400
 972              	.LASF13:
 973 0105 63686172 		.ascii	"char\000"
 973      00
 974              	.LASF2:
 975 010a 73686F72 		.ascii	"short int\000"
 975      7420696E 
 975      7400
 976              	.LASF22:
 977 0114 74696D65 		.ascii	"timeOut\000"
 977      4F757400 
 978              	.LASF28:
 979 011c 474E5520 		.ascii	"GNU C 4.7.3 20130312 (release) [ARM/embedded-4_7-br"
 979      4320342E 
 979      372E3320 
 979      32303133 
 979      30333132 
 980 014f 616E6368 		.ascii	"anch revision 196615]\000"
 980      20726576 
 980      6973696F 
 980      6E203139 
 980      36363135 
 981              	.LASF4:
 982 0165 6C6F6E67 		.ascii	"long int\000"
 982      20696E74 
 982      00
 983              	.LASF17:
 984 016e 55534246 		.ascii	"USBFS_CyBtldrCommStop\000"
 984      535F4379 
 984      42746C64 
 984      72436F6D 
ARM GAS  C:\Users\Robert\AppData\Local\Temp\cckuwY4t.s 			page 24


 984      6D53746F 
 985              	.LASF0:
 986 0184 7369676E 		.ascii	"signed char\000"
 986      65642063 
 986      68617200 
 987              	.LASF30:
 988 0190 433A5C55 		.ascii	"C:\\Users\\Robert\\workspace\\embedit_git\\RPiSoC_B"
 988      73657273 
 988      5C526F62 
 988      6572745C 
 988      776F726B 
 989 01be 6F6F746C 		.ascii	"ootloader\\RPiSoC_Bootloader\\Bootloader_RPiSoC.cyd"
 989      6F616465 
 989      725C5250 
 989      69536F43 
 989      5F426F6F 
 990 01ef 736E00   		.ascii	"sn\000"
 991              	.LASF27:
 992 01f2 55534246 		.ascii	"USBFS_started\000"
 992      535F7374 
 992      61727465 
 992      6400
 993              	.LASF24:
 994 0200 74696D65 		.ascii	"timeoutMs\000"
 994      6F75744D 
 994      7300
 995              	.LASF29:
 996 020a 2E5C4765 		.ascii	".\\Generated_Source\\PSoC5\\USBFS_boot.c\000"
 996      6E657261 
 996      7465645F 
 996      536F7572 
 996      63655C50 
 997              		.ident	"GCC: (GNU Tools for ARM Embedded Processors) 4.7.3 20130312 (release) [ARM/embedded-4_7-br
