ARM GAS  C:\Users\Robert\AppData\Local\Temp\ccAyxeAL.s 			page 1


   1              		.syntax unified
   2              		.cpu cortex-m3
   3              		.fpu softvfp
   4              		.eabi_attribute 20, 1
   5              		.eabi_attribute 21, 1
   6              		.eabi_attribute 23, 3
   7              		.eabi_attribute 24, 1
   8              		.eabi_attribute 25, 1
   9              		.eabi_attribute 26, 1
  10              		.eabi_attribute 30, 6
  11              		.eabi_attribute 34, 1
  12              		.eabi_attribute 18, 4
  13              		.thumb
  14              		.file	"USBFS_descr.c"
  15              		.text
  16              	.Ltext0:
  17              		.cfi_sections	.debug_frame
  18              		.global	USBFS_DEVICE0_DESCR
  19              		.section	.rodata
  20              		.align	2
  21              		.type	USBFS_DEVICE0_DESCR, %object
  22              		.size	USBFS_DEVICE0_DESCR, 18
  23              	USBFS_DEVICE0_DESCR:
  24 0000 12       		.byte	18
  25 0001 01       		.byte	1
  26 0002 00       		.byte	0
  27 0003 02       		.byte	2
  28 0004 00       		.byte	0
  29 0005 00       		.byte	0
  30 0006 00       		.byte	0
  31 0007 08       		.byte	8
  32 0008 B4       		.byte	-76
  33 0009 04       		.byte	4
  34 000a 1D       		.byte	29
  35 000b B7       		.byte	-73
  36 000c 01       		.byte	1
  37 000d 30       		.byte	48
  38 000e 01       		.byte	1
  39 000f 02       		.byte	2
  40 0010 80       		.byte	-128
  41 0011 01       		.byte	1
  42              		.global	USBFS_DEVICE0_CONFIGURATION0_DESCR
  43 0012 0000     		.align	2
  44              		.type	USBFS_DEVICE0_CONFIGURATION0_DESCR, %object
  45              		.size	USBFS_DEVICE0_CONFIGURATION0_DESCR, 41
  46              	USBFS_DEVICE0_CONFIGURATION0_DESCR:
  47 0014 09       		.byte	9
  48 0015 02       		.byte	2
  49 0016 29       		.byte	41
  50 0017 00       		.byte	0
  51 0018 01       		.byte	1
  52 0019 01       		.byte	1
  53 001a 02       		.byte	2
  54 001b 80       		.byte	-128
  55 001c FA       		.byte	-6
  56 001d 09       		.byte	9
  57 001e 04       		.byte	4
ARM GAS  C:\Users\Robert\AppData\Local\Temp\ccAyxeAL.s 			page 2


  58 001f 00       		.byte	0
  59 0020 00       		.byte	0
  60 0021 02       		.byte	2
  61 0022 03       		.byte	3
  62 0023 00       		.byte	0
  63 0024 00       		.byte	0
  64 0025 02       		.byte	2
  65 0026 09       		.byte	9
  66 0027 21       		.byte	33
  67 0028 11       		.byte	17
  68 0029 01       		.byte	1
  69 002a 00       		.byte	0
  70 002b 01       		.byte	1
  71 002c 22       		.byte	34
  72 002d 24       		.byte	36
  73 002e 00       		.byte	0
  74 002f 07       		.byte	7
  75 0030 05       		.byte	5
  76 0031 01       		.byte	1
  77 0032 03       		.byte	3
  78 0033 40       		.byte	64
  79 0034 00       		.byte	0
  80 0035 01       		.byte	1
  81 0036 07       		.byte	7
  82 0037 05       		.byte	5
  83 0038 82       		.byte	-126
  84 0039 03       		.byte	3
  85 003a 40       		.byte	64
  86 003b 00       		.byte	0
  87 003c 01       		.byte	1
  88              		.global	USBFS_STRING_DESCRIPTORS
  89 003d 000000   		.align	2
  90              		.type	USBFS_STRING_DESCRIPTORS, %object
  91              		.size	USBFS_STRING_DESCRIPTORS, 85
  92              	USBFS_STRING_DESCRIPTORS:
  93 0040 04       		.byte	4
  94 0041 03       		.byte	3
  95 0042 09       		.byte	9
  96 0043 04       		.byte	4
  97 0044 28       		.byte	40
  98 0045 03       		.byte	3
  99 0046 45       		.byte	69
 100 0047 00       		.byte	0
 101 0048 6D       		.byte	109
 102 0049 00       		.byte	0
 103 004a 62       		.byte	98
 104 004b 00       		.byte	0
 105 004c 65       		.byte	101
 106 004d 00       		.byte	0
 107 004e 64       		.byte	100
 108 004f 00       		.byte	0
 109 0050 69       		.byte	105
 110 0051 00       		.byte	0
 111 0052 74       		.byte	116
 112 0053 00       		.byte	0
 113 0054 20       		.byte	32
 114 0055 00       		.byte	0
ARM GAS  C:\Users\Robert\AppData\Local\Temp\ccAyxeAL.s 			page 3


 115 0056 45       		.byte	69
 116 0057 00       		.byte	0
 117 0058 6C       		.byte	108
 118 0059 00       		.byte	0
 119 005a 65       		.byte	101
 120 005b 00       		.byte	0
 121 005c 63       		.byte	99
 122 005d 00       		.byte	0
 123 005e 74       		.byte	116
 124 005f 00       		.byte	0
 125 0060 72       		.byte	114
 126 0061 00       		.byte	0
 127 0062 6F       		.byte	111
 128 0063 00       		.byte	0
 129 0064 6E       		.byte	110
 130 0065 00       		.byte	0
 131 0066 69       		.byte	105
 132 0067 00       		.byte	0
 133 0068 63       		.byte	99
 134 0069 00       		.byte	0
 135 006a 73       		.byte	115
 136 006b 00       		.byte	0
 137 006c 28       		.byte	40
 138 006d 03       		.byte	3
 139 006e 50       		.byte	80
 140 006f 00       		.byte	0
 141 0070 53       		.byte	83
 142 0071 00       		.byte	0
 143 0072 6F       		.byte	111
 144 0073 00       		.byte	0
 145 0074 43       		.byte	67
 146 0075 00       		.byte	0
 147 0076 20       		.byte	32
 148 0077 00       		.byte	0
 149 0078 35       		.byte	53
 150 0079 00       		.byte	0
 151 007a 4C       		.byte	76
 152 007b 00       		.byte	0
 153 007c 50       		.byte	80
 154 007d 00       		.byte	0
 155 007e 20       		.byte	32
 156 007f 00       		.byte	0
 157 0080 42       		.byte	66
 158 0081 00       		.byte	0
 159 0082 6F       		.byte	111
 160 0083 00       		.byte	0
 161 0084 6F       		.byte	111
 162 0085 00       		.byte	0
 163 0086 74       		.byte	116
 164 0087 00       		.byte	0
 165 0088 6C       		.byte	108
 166 0089 00       		.byte	0
 167 008a 6F       		.byte	111
 168 008b 00       		.byte	0
 169 008c 61       		.byte	97
 170 008d 00       		.byte	0
 171 008e 64       		.byte	100
ARM GAS  C:\Users\Robert\AppData\Local\Temp\ccAyxeAL.s 			page 4


 172 008f 00       		.byte	0
 173 0090 65       		.byte	101
 174 0091 00       		.byte	0
 175 0092 72       		.byte	114
 176 0093 00       		.byte	0
 177 0094 00       		.byte	0
 178              		.global	USBFS_SN_STRING_DESCRIPTOR
 179 0095 000000   		.align	2
 180              		.type	USBFS_SN_STRING_DESCRIPTOR, %object
 181              		.size	USBFS_SN_STRING_DESCRIPTOR, 10
 182              	USBFS_SN_STRING_DESCRIPTOR:
 183 0098 0A       		.byte	10
 184 0099 03       		.byte	3
 185 009a 30       		.byte	48
 186 009b 00       		.byte	0
 187 009c 33       		.byte	51
 188 009d 00       		.byte	0
 189 009e 30       		.byte	48
 190 009f 00       		.byte	0
 191 00a0 31       		.byte	49
 192 00a1 00       		.byte	0
 193              		.global	USBFS_HIDREPORT_DESCRIPTOR1
 194 00a2 0000     		.align	2
 195              		.type	USBFS_HIDREPORT_DESCRIPTOR1, %object
 196              		.size	USBFS_HIDREPORT_DESCRIPTOR1, 40
 197              	USBFS_HIDREPORT_DESCRIPTOR1:
 198 00a4 24       		.byte	36
 199 00a5 00       		.byte	0
 200 00a6 05       		.byte	5
 201 00a7 01       		.byte	1
 202 00a8 09       		.byte	9
 203 00a9 00       		.byte	0
 204 00aa A1       		.byte	-95
 205 00ab 00       		.byte	0
 206 00ac 09       		.byte	9
 207 00ad 00       		.byte	0
 208 00ae A1       		.byte	-95
 209 00af 00       		.byte	0
 210 00b0 09       		.byte	9
 211 00b1 00       		.byte	0
 212 00b2 15       		.byte	21
 213 00b3 00       		.byte	0
 214 00b4 25       		.byte	37
 215 00b5 FF       		.byte	-1
 216 00b6 75       		.byte	117
 217 00b7 08       		.byte	8
 218 00b8 95       		.byte	-107
 219 00b9 40       		.byte	64
 220 00ba 91       		.byte	-111
 221 00bb 02       		.byte	2
 222 00bc 09       		.byte	9
 223 00bd 00       		.byte	0
 224 00be 15       		.byte	21
 225 00bf 00       		.byte	0
 226 00c0 25       		.byte	37
 227 00c1 FF       		.byte	-1
 228 00c2 75       		.byte	117
ARM GAS  C:\Users\Robert\AppData\Local\Temp\ccAyxeAL.s 			page 5


 229 00c3 08       		.byte	8
 230 00c4 95       		.byte	-107
 231 00c5 40       		.byte	64
 232 00c6 81       		.byte	-127
 233 00c7 02       		.byte	2
 234 00c8 C0       		.byte	-64
 235 00c9 C0       		.byte	-64
 236 00ca 00       		.byte	0
 237 00cb 00       		.byte	0
 238              		.comm	USBFS_DEVICE0_CONFIGURATION0_INTERFACE0_ALTERNATE0_HID_IN_RPT_SCB,4,4
 239              		.comm	USBFS_DEVICE0_CONFIGURATION0_INTERFACE0_ALTERNATE0_HID_IN_BUF,65,4
 240              		.global	USBFS_DEVICE0_CONFIGURATION0_INTERFACE0_ALTERNATE0_HID_IN_RPT_TABLE
 241              		.align	2
 242              		.type	USBFS_DEVICE0_CONFIGURATION0_INTERFACE0_ALTERNATE0_HID_IN_RPT_TABLE, %object
 243              		.size	USBFS_DEVICE0_CONFIGURATION0_INTERFACE0_ALTERNATE0_HID_IN_RPT_TABLE, 12
 244              	USBFS_DEVICE0_CONFIGURATION0_INTERFACE0_ALTERNATE0_HID_IN_RPT_TABLE:
 245 00cc 4100     		.short	65
 246 00ce 0000     		.space	2
 247 00d0 00000000 		.word	USBFS_DEVICE0_CONFIGURATION0_INTERFACE0_ALTERNATE0_HID_IN_BUF
 248 00d4 00000000 		.word	USBFS_DEVICE0_CONFIGURATION0_INTERFACE0_ALTERNATE0_HID_IN_RPT_SCB
 249              		.comm	USBFS_DEVICE0_CONFIGURATION0_INTERFACE0_ALTERNATE0_HID_OUT_RPT_SCB,4,4
 250              		.comm	USBFS_DEVICE0_CONFIGURATION0_INTERFACE0_ALTERNATE0_HID_OUT_BUF,65,4
 251              		.global	USBFS_DEVICE0_CONFIGURATION0_INTERFACE0_ALTERNATE0_HID_OUT_RPT_TABLE
 252              		.align	2
 253              		.type	USBFS_DEVICE0_CONFIGURATION0_INTERFACE0_ALTERNATE0_HID_OUT_RPT_TABLE, %object
 254              		.size	USBFS_DEVICE0_CONFIGURATION0_INTERFACE0_ALTERNATE0_HID_OUT_RPT_TABLE, 12
 255              	USBFS_DEVICE0_CONFIGURATION0_INTERFACE0_ALTERNATE0_HID_OUT_RPT_TABLE:
 256 00d8 4100     		.short	65
 257 00da 0000     		.space	2
 258 00dc 00000000 		.word	USBFS_DEVICE0_CONFIGURATION0_INTERFACE0_ALTERNATE0_HID_OUT_BUF
 259 00e0 00000000 		.word	USBFS_DEVICE0_CONFIGURATION0_INTERFACE0_ALTERNATE0_HID_OUT_RPT_SCB
 260              		.global	USBFS_DEVICE0_CONFIGURATION0_INTERFACE0_ALTERNATE0_HID_TABLE
 261              		.align	2
 262              		.type	USBFS_DEVICE0_CONFIGURATION0_INTERFACE0_ALTERNATE0_HID_TABLE, %object
 263              		.size	USBFS_DEVICE0_CONFIGURATION0_INTERFACE0_ALTERNATE0_HID_TABLE, 40
 264              	USBFS_DEVICE0_CONFIGURATION0_INTERFACE0_ALTERNATE0_HID_TABLE:
 265 00e4 00       		.byte	0
 266 00e5 000000   		.space	3
 267 00e8 00000000 		.word	USBFS_DEVICE0_CONFIGURATION0_INTERFACE0_ALTERNATE0_HID_IN_RPT_TABLE
 268 00ec 00       		.byte	0
 269 00ed 000000   		.space	3
 270 00f0 00000000 		.word	USBFS_DEVICE0_CONFIGURATION0_INTERFACE0_ALTERNATE0_HID_OUT_RPT_TABLE
 271 00f4 00       		.byte	0
 272 00f5 000000   		.space	3
 273 00f8 00000000 		.word	0
 274 00fc 01       		.byte	1
 275 00fd 000000   		.space	3
 276 0100 00000000 		.word	USBFS_HIDREPORT_DESCRIPTOR1
 277 0104 01       		.byte	1
 278 0105 000000   		.space	3
 279 0108 12000000 		.word	USBFS_DEVICE0_CONFIGURATION0_DESCR+18
 280              		.global	USBFS_DEVICE0_CONFIGURATION0_INTERFACE0_TABLE
 281              		.align	2
 282              		.type	USBFS_DEVICE0_CONFIGURATION0_INTERFACE0_TABLE, %object
 283              		.size	USBFS_DEVICE0_CONFIGURATION0_INTERFACE0_TABLE, 8
 284              	USBFS_DEVICE0_CONFIGURATION0_INTERFACE0_TABLE:
 285 010c 01       		.byte	1
ARM GAS  C:\Users\Robert\AppData\Local\Temp\ccAyxeAL.s 			page 6


 286 010d 000000   		.space	3
 287 0110 00000000 		.word	USBFS_DEVICE0_CONFIGURATION0_INTERFACE0_ALTERNATE0_HID_TABLE
 288              		.global	USBFS_DEVICE0_CONFIGURATION0_EP_SETTINGS_TABLE
 289              		.align	2
 290              		.type	USBFS_DEVICE0_CONFIGURATION0_EP_SETTINGS_TABLE, %object
 291              		.size	USBFS_DEVICE0_CONFIGURATION0_EP_SETTINGS_TABLE, 16
 292              	USBFS_DEVICE0_CONFIGURATION0_EP_SETTINGS_TABLE:
 293 0114 00       		.byte	0
 294 0115 00       		.byte	0
 295 0116 01       		.byte	1
 296 0117 03       		.byte	3
 297 0118 4000     		.short	64
 298 011a 03       		.byte	3
 299 011b 00       		.space	1
 300 011c 00       		.byte	0
 301 011d 00       		.byte	0
 302 011e 82       		.byte	-126
 303 011f 03       		.byte	3
 304 0120 4000     		.short	64
 305 0122 03       		.byte	3
 306 0123 00       		.space	1
 307              		.global	USBFS_DEVICE0_CONFIGURATION0_INTERFACE_CLASS
 308              		.align	2
 309              		.type	USBFS_DEVICE0_CONFIGURATION0_INTERFACE_CLASS, %object
 310              		.size	USBFS_DEVICE0_CONFIGURATION0_INTERFACE_CLASS, 1
 311              	USBFS_DEVICE0_CONFIGURATION0_INTERFACE_CLASS:
 312 0124 03       		.byte	3
 313              		.global	USBFS_DEVICE0_CONFIGURATION0_TABLE
 314 0125 000000   		.align	2
 315              		.type	USBFS_DEVICE0_CONFIGURATION0_TABLE, %object
 316              		.size	USBFS_DEVICE0_CONFIGURATION0_TABLE, 32
 317              	USBFS_DEVICE0_CONFIGURATION0_TABLE:
 318 0128 01       		.byte	1
 319 0129 000000   		.space	3
 320 012c 00000000 		.word	USBFS_DEVICE0_CONFIGURATION0_DESCR
 321 0130 02       		.byte	2
 322 0131 000000   		.space	3
 323 0134 00000000 		.word	USBFS_DEVICE0_CONFIGURATION0_EP_SETTINGS_TABLE
 324 0138 01       		.byte	1
 325 0139 000000   		.space	3
 326 013c 00000000 		.word	USBFS_DEVICE0_CONFIGURATION0_INTERFACE0_TABLE
 327 0140 00       		.byte	0
 328 0141 000000   		.space	3
 329 0144 00000000 		.word	USBFS_DEVICE0_CONFIGURATION0_INTERFACE_CLASS
 330              		.global	USBFS_DEVICE0_TABLE
 331              		.align	2
 332              		.type	USBFS_DEVICE0_TABLE, %object
 333              		.size	USBFS_DEVICE0_TABLE, 16
 334              	USBFS_DEVICE0_TABLE:
 335 0148 01       		.byte	1
 336 0149 000000   		.space	3
 337 014c 00000000 		.word	USBFS_DEVICE0_DESCR
 338 0150 01       		.byte	1
 339 0151 000000   		.space	3
 340 0154 00000000 		.word	USBFS_DEVICE0_CONFIGURATION0_TABLE
 341              		.global	USBFS_TABLE
 342              		.align	2
ARM GAS  C:\Users\Robert\AppData\Local\Temp\ccAyxeAL.s 			page 7


 343              		.type	USBFS_TABLE, %object
 344              		.size	USBFS_TABLE, 8
 345              	USBFS_TABLE:
 346 0158 01       		.byte	1
 347 0159 000000   		.space	3
 348 015c 00000000 		.word	USBFS_DEVICE0_TABLE
 349              		.text
 350              	.Letext0:
 351              		.file 1 ".\\Generated_Source\\PSoC5\\cytypes.h"
 352              		.file 2 ".\\Generated_Source\\PSoC5\\USBFS.h"
 353              		.file 3 ".\\Generated_Source\\PSoC5\\USBFS_descr.c"
 354              		.section	.debug_info,"",%progbits
 355              	.Ldebug_info0:
 356 0000 0A040000 		.4byte	0x40a
 357 0004 0200     		.2byte	0x2
 358 0006 00000000 		.4byte	.Ldebug_abbrev0
 359 000a 04       		.byte	0x4
 360 000b 01       		.uleb128 0x1
 361 000c 6B040000 		.4byte	.LASF49
 362 0010 01       		.byte	0x1
 363 0011 CB030000 		.4byte	.LASF50
 364 0015 DA040000 		.4byte	.LASF51
 365 0019 00000000 		.4byte	.Ldebug_line0
 366 001d 02       		.uleb128 0x2
 367 001e 01       		.byte	0x1
 368 001f 06       		.byte	0x6
 369 0020 CE040000 		.4byte	.LASF0
 370 0024 02       		.uleb128 0x2
 371 0025 01       		.byte	0x1
 372 0026 08       		.byte	0x8
 373 0027 95030000 		.4byte	.LASF1
 374 002b 02       		.uleb128 0x2
 375 002c 02       		.byte	0x2
 376 002d 05       		.byte	0x5
 377 002e FD030000 		.4byte	.LASF2
 378 0032 02       		.uleb128 0x2
 379 0033 02       		.byte	0x2
 380 0034 07       		.byte	0x7
 381 0035 17010000 		.4byte	.LASF3
 382 0039 02       		.uleb128 0x2
 383 003a 04       		.byte	0x4
 384 003b 05       		.byte	0x5
 385 003c BE040000 		.4byte	.LASF4
 386 0040 02       		.uleb128 0x2
 387 0041 04       		.byte	0x4
 388 0042 07       		.byte	0x7
 389 0043 3E030000 		.4byte	.LASF5
 390 0047 02       		.uleb128 0x2
 391 0048 08       		.byte	0x8
 392 0049 05       		.byte	0x5
 393 004a AC030000 		.4byte	.LASF6
 394 004e 02       		.uleb128 0x2
 395 004f 08       		.byte	0x8
 396 0050 07       		.byte	0x7
 397 0051 5D030000 		.4byte	.LASF7
 398 0055 03       		.uleb128 0x3
 399 0056 04       		.byte	0x4
ARM GAS  C:\Users\Robert\AppData\Local\Temp\ccAyxeAL.s 			page 8


 400 0057 05       		.byte	0x5
 401 0058 696E7400 		.ascii	"int\000"
 402 005c 02       		.uleb128 0x2
 403 005d 04       		.byte	0x4
 404 005e 07       		.byte	0x7
 405 005f 50030000 		.4byte	.LASF8
 406 0063 04       		.uleb128 0x4
 407 0064 65040000 		.4byte	.LASF9
 408 0068 01       		.byte	0x1
 409 0069 5B       		.byte	0x5b
 410 006a 24000000 		.4byte	0x24
 411 006e 04       		.uleb128 0x4
 412 006f E5020000 		.4byte	.LASF10
 413 0073 01       		.byte	0x1
 414 0074 5C       		.byte	0x5c
 415 0075 32000000 		.4byte	0x32
 416 0079 02       		.uleb128 0x2
 417 007a 04       		.byte	0x4
 418 007b 04       		.byte	0x4
 419 007c 9F010000 		.4byte	.LASF11
 420 0080 02       		.uleb128 0x2
 421 0081 08       		.byte	0x8
 422 0082 04       		.byte	0x4
 423 0083 DE020000 		.4byte	.LASF12
 424 0087 02       		.uleb128 0x2
 425 0088 01       		.byte	0x1
 426 0089 08       		.byte	0x8
 427 008a C6030000 		.4byte	.LASF13
 428 008e 05       		.uleb128 0x5
 429 008f 63000000 		.4byte	0x63
 430 0093 02       		.uleb128 0x2
 431 0094 04       		.byte	0x4
 432 0095 07       		.byte	0x7
 433 0096 A3030000 		.4byte	.LASF14
 434 009a 06       		.uleb128 0x6
 435 009b 08       		.byte	0x8
 436 009c 02       		.byte	0x2
 437 009d 8C       		.byte	0x8c
 438 009e F7000000 		.4byte	0xf7
 439 00a2 07       		.uleb128 0x7
 440 00a3 B4040000 		.4byte	.LASF15
 441 00a7 02       		.byte	0x2
 442 00a8 8E       		.byte	0x8e
 443 00a9 63000000 		.4byte	0x63
 444 00ad 02       		.byte	0x2
 445 00ae 23       		.byte	0x23
 446 00af 00       		.uleb128 0
 447 00b0 07       		.uleb128 0x7
 448 00b1 89010000 		.4byte	.LASF16
 449 00b5 02       		.byte	0x2
 450 00b6 8F       		.byte	0x8f
 451 00b7 63000000 		.4byte	0x63
 452 00bb 02       		.byte	0x2
 453 00bc 23       		.byte	0x23
 454 00bd 01       		.uleb128 0x1
 455 00be 07       		.uleb128 0x7
 456 00bf 45020000 		.4byte	.LASF17
ARM GAS  C:\Users\Robert\AppData\Local\Temp\ccAyxeAL.s 			page 9


 457 00c3 02       		.byte	0x2
 458 00c4 90       		.byte	0x90
 459 00c5 63000000 		.4byte	0x63
 460 00c9 02       		.byte	0x2
 461 00ca 23       		.byte	0x23
 462 00cb 02       		.uleb128 0x2
 463 00cc 07       		.uleb128 0x7
 464 00cd FD010000 		.4byte	.LASF18
 465 00d1 02       		.byte	0x2
 466 00d2 91       		.byte	0x91
 467 00d3 63000000 		.4byte	0x63
 468 00d7 02       		.byte	0x2
 469 00d8 23       		.byte	0x23
 470 00d9 03       		.uleb128 0x3
 471 00da 07       		.uleb128 0x7
 472 00db F2030000 		.4byte	.LASF19
 473 00df 02       		.byte	0x2
 474 00e0 92       		.byte	0x92
 475 00e1 6E000000 		.4byte	0x6e
 476 00e5 02       		.byte	0x2
 477 00e6 23       		.byte	0x23
 478 00e7 04       		.uleb128 0x4
 479 00e8 07       		.uleb128 0x7
 480 00e9 43050000 		.4byte	.LASF20
 481 00ed 02       		.byte	0x2
 482 00ee 93       		.byte	0x93
 483 00ef 63000000 		.4byte	0x63
 484 00f3 02       		.byte	0x2
 485 00f4 23       		.byte	0x23
 486 00f5 06       		.uleb128 0x6
 487 00f6 00       		.byte	0
 488 00f7 04       		.uleb128 0x4
 489 00f8 7B030000 		.4byte	.LASF21
 490 00fc 02       		.byte	0x2
 491 00fd 94       		.byte	0x94
 492 00fe 9A000000 		.4byte	0x9a
 493 0102 06       		.uleb128 0x6
 494 0103 04       		.byte	0x4
 495 0104 02       		.byte	0x2
 496 0105 96       		.byte	0x96
 497 0106 27010000 		.4byte	0x127
 498 010a 07       		.uleb128 0x7
 499 010b C7040000 		.4byte	.LASF22
 500 010f 02       		.byte	0x2
 501 0110 98       		.byte	0x98
 502 0111 63000000 		.4byte	0x63
 503 0115 02       		.byte	0x2
 504 0116 23       		.byte	0x23
 505 0117 00       		.uleb128 0
 506 0118 07       		.uleb128 0x7
 507 0119 3C050000 		.4byte	.LASF23
 508 011d 02       		.byte	0x2
 509 011e 99       		.byte	0x99
 510 011f 6E000000 		.4byte	0x6e
 511 0123 02       		.byte	0x2
 512 0124 23       		.byte	0x23
 513 0125 02       		.uleb128 0x2
ARM GAS  C:\Users\Robert\AppData\Local\Temp\ccAyxeAL.s 			page 10


 514 0126 00       		.byte	0
 515 0127 04       		.uleb128 0x4
 516 0128 08020000 		.4byte	.LASF24
 517 012c 02       		.byte	0x2
 518 012d 9A       		.byte	0x9a
 519 012e 02010000 		.4byte	0x102
 520 0132 06       		.uleb128 0x6
 521 0133 0C       		.byte	0xc
 522 0134 02       		.byte	0x2
 523 0135 9C       		.byte	0x9c
 524 0136 65010000 		.4byte	0x165
 525 013a 07       		.uleb128 0x7
 526 013b E3000000 		.4byte	.LASF25
 527 013f 02       		.byte	0x2
 528 0140 9E       		.byte	0x9e
 529 0141 6E000000 		.4byte	0x6e
 530 0145 02       		.byte	0x2
 531 0146 23       		.byte	0x23
 532 0147 00       		.uleb128 0
 533 0148 07       		.uleb128 0x7
 534 0149 83010000 		.4byte	.LASF26
 535 014d 02       		.byte	0x2
 536 014e 9F       		.byte	0x9f
 537 014f 65010000 		.4byte	0x165
 538 0153 02       		.byte	0x2
 539 0154 23       		.byte	0x23
 540 0155 04       		.uleb128 0x4
 541 0156 07       		.uleb128 0x7
 542 0157 14000000 		.4byte	.LASF27
 543 015b 02       		.byte	0x2
 544 015c A0       		.byte	0xa0
 545 015d 6B010000 		.4byte	0x16b
 546 0161 02       		.byte	0x2
 547 0162 23       		.byte	0x23
 548 0163 08       		.uleb128 0x8
 549 0164 00       		.byte	0
 550 0165 08       		.uleb128 0x8
 551 0166 04       		.byte	0x4
 552 0167 8E000000 		.4byte	0x8e
 553 016b 08       		.uleb128 0x8
 554 016c 04       		.byte	0x4
 555 016d 27010000 		.4byte	0x127
 556 0171 04       		.uleb128 0x4
 557 0172 94010000 		.4byte	.LASF28
 558 0176 02       		.byte	0x2
 559 0177 A1       		.byte	0xa1
 560 0178 32010000 		.4byte	0x132
 561 017c 06       		.uleb128 0x6
 562 017d 08       		.byte	0x8
 563 017e 02       		.byte	0x2
 564 017f A4       		.byte	0xa4
 565 0180 9F010000 		.4byte	0x19f
 566 0184 09       		.uleb128 0x9
 567 0185 6300     		.ascii	"c\000"
 568 0187 02       		.byte	0x2
 569 0188 A6       		.byte	0xa6
 570 0189 63000000 		.4byte	0x63
ARM GAS  C:\Users\Robert\AppData\Local\Temp\ccAyxeAL.s 			page 11


 571 018d 02       		.byte	0x2
 572 018e 23       		.byte	0x23
 573 018f 00       		.uleb128 0
 574 0190 07       		.uleb128 0x7
 575 0191 74030000 		.4byte	.LASF29
 576 0195 02       		.byte	0x2
 577 0196 A7       		.byte	0xa7
 578 0197 9F010000 		.4byte	0x19f
 579 019b 02       		.byte	0x2
 580 019c 23       		.byte	0x23
 581 019d 04       		.uleb128 0x4
 582 019e 00       		.byte	0
 583 019f 08       		.uleb128 0x8
 584 01a0 04       		.byte	0x4
 585 01a1 A5010000 		.4byte	0x1a5
 586 01a5 0A       		.uleb128 0xa
 587 01a6 04       		.uleb128 0x4
 588 01a7 BA030000 		.4byte	.LASF30
 589 01ab 02       		.byte	0x2
 590 01ac A8       		.byte	0xa8
 591 01ad 7C010000 		.4byte	0x17c
 592 01b1 0B       		.uleb128 0xb
 593 01b2 63000000 		.4byte	0x63
 594 01b6 C1010000 		.4byte	0x1c1
 595 01ba 0C       		.uleb128 0xc
 596 01bb 93000000 		.4byte	0x93
 597 01bf 11       		.byte	0x11
 598 01c0 00       		.byte	0
 599 01c1 0D       		.uleb128 0xd
 600 01c2 00000000 		.4byte	.LASF31
 601 01c6 03       		.byte	0x3
 602 01c7 26       		.byte	0x26
 603 01c8 D3010000 		.4byte	0x1d3
 604 01cc 01       		.byte	0x1
 605 01cd 05       		.byte	0x5
 606 01ce 03       		.byte	0x3
 607 01cf 00000000 		.4byte	USBFS_DEVICE0_DESCR
 608 01d3 0E       		.uleb128 0xe
 609 01d4 B1010000 		.4byte	0x1b1
 610 01d8 0B       		.uleb128 0xb
 611 01d9 63000000 		.4byte	0x63
 612 01dd E8010000 		.4byte	0x1e8
 613 01e1 0C       		.uleb128 0xc
 614 01e2 93000000 		.4byte	0x93
 615 01e6 28       		.byte	0x28
 616 01e7 00       		.byte	0
 617 01e8 0D       		.uleb128 0xd
 618 01e9 1B030000 		.4byte	.LASF32
 619 01ed 03       		.byte	0x3
 620 01ee 39       		.byte	0x39
 621 01ef FA010000 		.4byte	0x1fa
 622 01f3 01       		.byte	0x1
 623 01f4 05       		.byte	0x5
 624 01f5 03       		.byte	0x3
 625 01f6 00000000 		.4byte	USBFS_DEVICE0_CONFIGURATION0_DESCR
 626 01fa 0E       		.uleb128 0xe
 627 01fb D8010000 		.4byte	0x1d8
ARM GAS  C:\Users\Robert\AppData\Local\Temp\ccAyxeAL.s 			page 12


 628 01ff 0B       		.uleb128 0xb
 629 0200 A6010000 		.4byte	0x1a6
 630 0204 0F020000 		.4byte	0x20f
 631 0208 0C       		.uleb128 0xc
 632 0209 93000000 		.4byte	0x93
 633 020d 00       		.byte	0
 634 020e 00       		.byte	0
 635 020f 0D       		.uleb128 0xd
 636 0210 E9000000 		.4byte	.LASF33
 637 0214 03       		.byte	0x3
 638 0215 E6       		.byte	0xe6
 639 0216 21020000 		.4byte	0x221
 640 021a 01       		.byte	0x1
 641 021b 05       		.byte	0x5
 642 021c 03       		.byte	0x3
 643 021d 00000000 		.4byte	USBFS_DEVICE0_CONFIGURATION0_INTERFACE0_TABLE
 644 0221 0E       		.uleb128 0xe
 645 0222 FF010000 		.4byte	0x1ff
 646 0226 0B       		.uleb128 0xb
 647 0227 F7000000 		.4byte	0xf7
 648 022b 36020000 		.4byte	0x236
 649 022f 0C       		.uleb128 0xc
 650 0230 93000000 		.4byte	0x93
 651 0234 01       		.byte	0x1
 652 0235 00       		.byte	0
 653 0236 0D       		.uleb128 0xd
 654 0237 EC020000 		.4byte	.LASF34
 655 023b 03       		.byte	0x3
 656 023c F1       		.byte	0xf1
 657 023d 48020000 		.4byte	0x248
 658 0241 01       		.byte	0x1
 659 0242 05       		.byte	0x5
 660 0243 03       		.byte	0x3
 661 0244 00000000 		.4byte	USBFS_DEVICE0_CONFIGURATION0_EP_SETTINGS_TABLE
 662 0248 0E       		.uleb128 0xe
 663 0249 26020000 		.4byte	0x226
 664 024d 0B       		.uleb128 0xb
 665 024e 63000000 		.4byte	0x63
 666 0252 5D020000 		.4byte	0x25d
 667 0256 0C       		.uleb128 0xc
 668 0257 93000000 		.4byte	0x93
 669 025b 00       		.byte	0
 670 025c 00       		.byte	0
 671 025d 0D       		.uleb128 0xd
 672 025e 21000000 		.4byte	.LASF35
 673 0262 03       		.byte	0x3
 674 0263 F6       		.byte	0xf6
 675 0264 6F020000 		.4byte	0x26f
 676 0268 01       		.byte	0x1
 677 0269 05       		.byte	0x5
 678 026a 03       		.byte	0x3
 679 026b 00000000 		.4byte	USBFS_DEVICE0_CONFIGURATION0_INTERFACE_CLASS
 680 026f 0E       		.uleb128 0xe
 681 0270 4D020000 		.4byte	0x24d
 682 0274 0B       		.uleb128 0xb
 683 0275 A6010000 		.4byte	0x1a6
 684 0279 84020000 		.4byte	0x284
ARM GAS  C:\Users\Robert\AppData\Local\Temp\ccAyxeAL.s 			page 13


 685 027d 0C       		.uleb128 0xc
 686 027e 93000000 		.4byte	0x93
 687 0282 03       		.byte	0x3
 688 0283 00       		.byte	0
 689 0284 0D       		.uleb128 0xd
 690 0285 22020000 		.4byte	.LASF36
 691 0289 03       		.byte	0x3
 692 028a FE       		.byte	0xfe
 693 028b 96020000 		.4byte	0x296
 694 028f 01       		.byte	0x1
 695 0290 05       		.byte	0x5
 696 0291 03       		.byte	0x3
 697 0292 00000000 		.4byte	USBFS_DEVICE0_CONFIGURATION0_TABLE
 698 0296 0E       		.uleb128 0xe
 699 0297 74020000 		.4byte	0x274
 700 029b 0B       		.uleb128 0xb
 701 029c A6010000 		.4byte	0x1a6
 702 02a0 AB020000 		.4byte	0x2ab
 703 02a4 0C       		.uleb128 0xc
 704 02a5 93000000 		.4byte	0x93
 705 02a9 01       		.byte	0x1
 706 02aa 00       		.byte	0
 707 02ab 0F       		.uleb128 0xf
 708 02ac 4A020000 		.4byte	.LASF37
 709 02b0 03       		.byte	0x3
 710 02b1 0801     		.2byte	0x108
 711 02b3 BE020000 		.4byte	0x2be
 712 02b7 01       		.byte	0x1
 713 02b8 05       		.byte	0x5
 714 02b9 03       		.byte	0x3
 715 02ba 00000000 		.4byte	USBFS_DEVICE0_TABLE
 716 02be 0E       		.uleb128 0xe
 717 02bf 9B020000 		.4byte	0x29b
 718 02c3 0F       		.uleb128 0xf
 719 02c4 D7000000 		.4byte	.LASF38
 720 02c8 03       		.byte	0x3
 721 02c9 0F01     		.2byte	0x10f
 722 02cb D6020000 		.4byte	0x2d6
 723 02cf 01       		.byte	0x1
 724 02d0 05       		.byte	0x5
 725 02d1 03       		.byte	0x3
 726 02d2 00000000 		.4byte	USBFS_TABLE
 727 02d6 0E       		.uleb128 0xe
 728 02d7 FF010000 		.4byte	0x1ff
 729 02db 0B       		.uleb128 0xb
 730 02dc 63000000 		.4byte	0x63
 731 02e0 EB020000 		.4byte	0x2eb
 732 02e4 0C       		.uleb128 0xc
 733 02e5 93000000 		.4byte	0x93
 734 02e9 09       		.byte	0x9
 735 02ea 00       		.byte	0
 736 02eb 0D       		.uleb128 0xd
 737 02ec 2A010000 		.4byte	.LASF39
 738 02f0 03       		.byte	0x3
 739 02f1 90       		.byte	0x90
 740 02f2 FD020000 		.4byte	0x2fd
 741 02f6 01       		.byte	0x1
ARM GAS  C:\Users\Robert\AppData\Local\Temp\ccAyxeAL.s 			page 14


 742 02f7 05       		.byte	0x5
 743 02f8 03       		.byte	0x3
 744 02f9 00000000 		.4byte	USBFS_SN_STRING_DESCRIPTOR
 745 02fd 0E       		.uleb128 0xe
 746 02fe DB020000 		.4byte	0x2db
 747 0302 0B       		.uleb128 0xb
 748 0303 63000000 		.4byte	0x63
 749 0307 12030000 		.4byte	0x312
 750 030b 0C       		.uleb128 0xc
 751 030c 93000000 		.4byte	0x93
 752 0310 54       		.byte	0x54
 753 0311 00       		.byte	0
 754 0312 0D       		.uleb128 0xd
 755 0313 E4010000 		.4byte	.LASF40
 756 0317 03       		.byte	0x3
 757 0318 70       		.byte	0x70
 758 0319 24030000 		.4byte	0x324
 759 031d 01       		.byte	0x1
 760 031e 05       		.byte	0x5
 761 031f 03       		.byte	0x3
 762 0320 00000000 		.4byte	USBFS_STRING_DESCRIPTORS
 763 0324 0E       		.uleb128 0xe
 764 0325 02030000 		.4byte	0x302
 765 0329 0D       		.uleb128 0xd
 766 032a 23040000 		.4byte	.LASF41
 767 032e 03       		.byte	0x3
 768 032f B7       		.byte	0xb7
 769 0330 27010000 		.4byte	0x127
 770 0334 01       		.byte	0x1
 771 0335 05       		.byte	0x5
 772 0336 03       		.byte	0x3
 773 0337 00000000 		.4byte	USBFS_DEVICE0_CONFIGURATION0_INTERFACE0_ALTERNATE0_HID_IN_RPT_SCB
 774 033b 0B       		.uleb128 0xb
 775 033c 63000000 		.4byte	0x63
 776 0340 4B030000 		.4byte	0x34b
 777 0344 0C       		.uleb128 0xc
 778 0345 93000000 		.4byte	0x93
 779 0349 40       		.byte	0x40
 780 034a 00       		.byte	0
 781 034b 0D       		.uleb128 0xd
 782 034c 45010000 		.4byte	.LASF42
 783 0350 03       		.byte	0x3
 784 0351 B8       		.byte	0xb8
 785 0352 3B030000 		.4byte	0x33b
 786 0356 01       		.byte	0x1
 787 0357 05       		.byte	0x5
 788 0358 03       		.byte	0x3
 789 0359 00000000 		.4byte	USBFS_DEVICE0_CONFIGURATION0_INTERFACE0_ALTERNATE0_HID_IN_BUF
 790 035d 0D       		.uleb128 0xd
 791 035e 5E020000 		.4byte	.LASF43
 792 0362 03       		.byte	0x3
 793 0363 C6       		.byte	0xc6
 794 0364 27010000 		.4byte	0x127
 795 0368 01       		.byte	0x1
 796 0369 05       		.byte	0x5
 797 036a 03       		.byte	0x3
 798 036b 00000000 		.4byte	USBFS_DEVICE0_CONFIGURATION0_INTERFACE0_ALTERNATE0_HID_OUT_RPT_SCB
ARM GAS  C:\Users\Robert\AppData\Local\Temp\ccAyxeAL.s 			page 15


 799 036f 0D       		.uleb128 0xd
 800 0370 A5010000 		.4byte	.LASF44
 801 0374 03       		.byte	0x3
 802 0375 C7       		.byte	0xc7
 803 0376 3B030000 		.4byte	0x33b
 804 037a 01       		.byte	0x1
 805 037b 05       		.byte	0x5
 806 037c 03       		.byte	0x3
 807 037d 00000000 		.4byte	USBFS_DEVICE0_CONFIGURATION0_INTERFACE0_ALTERNATE0_HID_OUT_BUF
 808 0381 0B       		.uleb128 0xb
 809 0382 63000000 		.4byte	0x63
 810 0386 91030000 		.4byte	0x391
 811 038a 0C       		.uleb128 0xc
 812 038b 93000000 		.4byte	0x93
 813 038f 27       		.byte	0x27
 814 0390 00       		.byte	0
 815 0391 0D       		.uleb128 0xd
 816 0392 07040000 		.4byte	.LASF45
 817 0396 03       		.byte	0x3
 818 0397 99       		.byte	0x99
 819 0398 A3030000 		.4byte	0x3a3
 820 039c 01       		.byte	0x1
 821 039d 05       		.byte	0x5
 822 039e 03       		.byte	0x3
 823 039f 00000000 		.4byte	USBFS_HIDREPORT_DESCRIPTOR1
 824 03a3 0E       		.uleb128 0xe
 825 03a4 81030000 		.4byte	0x381
 826 03a8 0B       		.uleb128 0xb
 827 03a9 71010000 		.4byte	0x171
 828 03ad B8030000 		.4byte	0x3b8
 829 03b1 0C       		.uleb128 0xc
 830 03b2 93000000 		.4byte	0x93
 831 03b6 00       		.byte	0
 832 03b7 00       		.byte	0
 833 03b8 0D       		.uleb128 0xd
 834 03b9 93000000 		.4byte	.LASF46
 835 03bd 03       		.byte	0x3
 836 03be BE       		.byte	0xbe
 837 03bf CA030000 		.4byte	0x3ca
 838 03c3 01       		.byte	0x1
 839 03c4 05       		.byte	0x5
 840 03c5 03       		.byte	0x3
 841 03c6 00000000 		.4byte	USBFS_DEVICE0_CONFIGURATION0_INTERFACE0_ALTERNATE0_HID_IN_RPT_TABLE
 842 03ca 0E       		.uleb128 0xe
 843 03cb A8030000 		.4byte	0x3a8
 844 03cf 0D       		.uleb128 0xd
 845 03d0 4E000000 		.4byte	.LASF47
 846 03d4 03       		.byte	0x3
 847 03d5 CD       		.byte	0xcd
 848 03d6 E1030000 		.4byte	0x3e1
 849 03da 01       		.byte	0x1
 850 03db 05       		.byte	0x5
 851 03dc 03       		.byte	0x3
 852 03dd 00000000 		.4byte	USBFS_DEVICE0_CONFIGURATION0_INTERFACE0_ALTERNATE0_HID_OUT_RPT_TABLE
 853 03e1 0E       		.uleb128 0xe
 854 03e2 A8030000 		.4byte	0x3a8
 855 03e6 0B       		.uleb128 0xb
ARM GAS  C:\Users\Robert\AppData\Local\Temp\ccAyxeAL.s 			page 16


 856 03e7 A6010000 		.4byte	0x1a6
 857 03eb F6030000 		.4byte	0x3f6
 858 03ef 0C       		.uleb128 0xc
 859 03f0 93000000 		.4byte	0x93
 860 03f4 04       		.byte	0x4
 861 03f5 00       		.byte	0
 862 03f6 0D       		.uleb128 0xd
 863 03f7 A1020000 		.4byte	.LASF48
 864 03fb 03       		.byte	0x3
 865 03fc DA       		.byte	0xda
 866 03fd 08040000 		.4byte	0x408
 867 0401 01       		.byte	0x1
 868 0402 05       		.byte	0x5
 869 0403 03       		.byte	0x3
 870 0404 00000000 		.4byte	USBFS_DEVICE0_CONFIGURATION0_INTERFACE0_ALTERNATE0_HID_TABLE
 871 0408 0E       		.uleb128 0xe
 872 0409 E6030000 		.4byte	0x3e6
 873 040d 00       		.byte	0
 874              		.section	.debug_abbrev,"",%progbits
 875              	.Ldebug_abbrev0:
 876 0000 01       		.uleb128 0x1
 877 0001 11       		.uleb128 0x11
 878 0002 01       		.byte	0x1
 879 0003 25       		.uleb128 0x25
 880 0004 0E       		.uleb128 0xe
 881 0005 13       		.uleb128 0x13
 882 0006 0B       		.uleb128 0xb
 883 0007 03       		.uleb128 0x3
 884 0008 0E       		.uleb128 0xe
 885 0009 1B       		.uleb128 0x1b
 886 000a 0E       		.uleb128 0xe
 887 000b 10       		.uleb128 0x10
 888 000c 06       		.uleb128 0x6
 889 000d 00       		.byte	0
 890 000e 00       		.byte	0
 891 000f 02       		.uleb128 0x2
 892 0010 24       		.uleb128 0x24
 893 0011 00       		.byte	0
 894 0012 0B       		.uleb128 0xb
 895 0013 0B       		.uleb128 0xb
 896 0014 3E       		.uleb128 0x3e
 897 0015 0B       		.uleb128 0xb
 898 0016 03       		.uleb128 0x3
 899 0017 0E       		.uleb128 0xe
 900 0018 00       		.byte	0
 901 0019 00       		.byte	0
 902 001a 03       		.uleb128 0x3
 903 001b 24       		.uleb128 0x24
 904 001c 00       		.byte	0
 905 001d 0B       		.uleb128 0xb
 906 001e 0B       		.uleb128 0xb
 907 001f 3E       		.uleb128 0x3e
 908 0020 0B       		.uleb128 0xb
 909 0021 03       		.uleb128 0x3
 910 0022 08       		.uleb128 0x8
 911 0023 00       		.byte	0
 912 0024 00       		.byte	0
ARM GAS  C:\Users\Robert\AppData\Local\Temp\ccAyxeAL.s 			page 17


 913 0025 04       		.uleb128 0x4
 914 0026 16       		.uleb128 0x16
 915 0027 00       		.byte	0
 916 0028 03       		.uleb128 0x3
 917 0029 0E       		.uleb128 0xe
 918 002a 3A       		.uleb128 0x3a
 919 002b 0B       		.uleb128 0xb
 920 002c 3B       		.uleb128 0x3b
 921 002d 0B       		.uleb128 0xb
 922 002e 49       		.uleb128 0x49
 923 002f 13       		.uleb128 0x13
 924 0030 00       		.byte	0
 925 0031 00       		.byte	0
 926 0032 05       		.uleb128 0x5
 927 0033 35       		.uleb128 0x35
 928 0034 00       		.byte	0
 929 0035 49       		.uleb128 0x49
 930 0036 13       		.uleb128 0x13
 931 0037 00       		.byte	0
 932 0038 00       		.byte	0
 933 0039 06       		.uleb128 0x6
 934 003a 13       		.uleb128 0x13
 935 003b 01       		.byte	0x1
 936 003c 0B       		.uleb128 0xb
 937 003d 0B       		.uleb128 0xb
 938 003e 3A       		.uleb128 0x3a
 939 003f 0B       		.uleb128 0xb
 940 0040 3B       		.uleb128 0x3b
 941 0041 0B       		.uleb128 0xb
 942 0042 01       		.uleb128 0x1
 943 0043 13       		.uleb128 0x13
 944 0044 00       		.byte	0
 945 0045 00       		.byte	0
 946 0046 07       		.uleb128 0x7
 947 0047 0D       		.uleb128 0xd
 948 0048 00       		.byte	0
 949 0049 03       		.uleb128 0x3
 950 004a 0E       		.uleb128 0xe
 951 004b 3A       		.uleb128 0x3a
 952 004c 0B       		.uleb128 0xb
 953 004d 3B       		.uleb128 0x3b
 954 004e 0B       		.uleb128 0xb
 955 004f 49       		.uleb128 0x49
 956 0050 13       		.uleb128 0x13
 957 0051 38       		.uleb128 0x38
 958 0052 0A       		.uleb128 0xa
 959 0053 00       		.byte	0
 960 0054 00       		.byte	0
 961 0055 08       		.uleb128 0x8
 962 0056 0F       		.uleb128 0xf
 963 0057 00       		.byte	0
 964 0058 0B       		.uleb128 0xb
 965 0059 0B       		.uleb128 0xb
 966 005a 49       		.uleb128 0x49
 967 005b 13       		.uleb128 0x13
 968 005c 00       		.byte	0
 969 005d 00       		.byte	0
ARM GAS  C:\Users\Robert\AppData\Local\Temp\ccAyxeAL.s 			page 18


 970 005e 09       		.uleb128 0x9
 971 005f 0D       		.uleb128 0xd
 972 0060 00       		.byte	0
 973 0061 03       		.uleb128 0x3
 974 0062 08       		.uleb128 0x8
 975 0063 3A       		.uleb128 0x3a
 976 0064 0B       		.uleb128 0xb
 977 0065 3B       		.uleb128 0x3b
 978 0066 0B       		.uleb128 0xb
 979 0067 49       		.uleb128 0x49
 980 0068 13       		.uleb128 0x13
 981 0069 38       		.uleb128 0x38
 982 006a 0A       		.uleb128 0xa
 983 006b 00       		.byte	0
 984 006c 00       		.byte	0
 985 006d 0A       		.uleb128 0xa
 986 006e 26       		.uleb128 0x26
 987 006f 00       		.byte	0
 988 0070 00       		.byte	0
 989 0071 00       		.byte	0
 990 0072 0B       		.uleb128 0xb
 991 0073 01       		.uleb128 0x1
 992 0074 01       		.byte	0x1
 993 0075 49       		.uleb128 0x49
 994 0076 13       		.uleb128 0x13
 995 0077 01       		.uleb128 0x1
 996 0078 13       		.uleb128 0x13
 997 0079 00       		.byte	0
 998 007a 00       		.byte	0
 999 007b 0C       		.uleb128 0xc
 1000 007c 21       		.uleb128 0x21
 1001 007d 00       		.byte	0
 1002 007e 49       		.uleb128 0x49
 1003 007f 13       		.uleb128 0x13
 1004 0080 2F       		.uleb128 0x2f
 1005 0081 0B       		.uleb128 0xb
 1006 0082 00       		.byte	0
 1007 0083 00       		.byte	0
 1008 0084 0D       		.uleb128 0xd
 1009 0085 34       		.uleb128 0x34
 1010 0086 00       		.byte	0
 1011 0087 03       		.uleb128 0x3
 1012 0088 0E       		.uleb128 0xe
 1013 0089 3A       		.uleb128 0x3a
 1014 008a 0B       		.uleb128 0xb
 1015 008b 3B       		.uleb128 0x3b
 1016 008c 0B       		.uleb128 0xb
 1017 008d 49       		.uleb128 0x49
 1018 008e 13       		.uleb128 0x13
 1019 008f 3F       		.uleb128 0x3f
 1020 0090 0C       		.uleb128 0xc
 1021 0091 02       		.uleb128 0x2
 1022 0092 0A       		.uleb128 0xa
 1023 0093 00       		.byte	0
 1024 0094 00       		.byte	0
 1025 0095 0E       		.uleb128 0xe
 1026 0096 26       		.uleb128 0x26
ARM GAS  C:\Users\Robert\AppData\Local\Temp\ccAyxeAL.s 			page 19


 1027 0097 00       		.byte	0
 1028 0098 49       		.uleb128 0x49
 1029 0099 13       		.uleb128 0x13
 1030 009a 00       		.byte	0
 1031 009b 00       		.byte	0
 1032 009c 0F       		.uleb128 0xf
 1033 009d 34       		.uleb128 0x34
 1034 009e 00       		.byte	0
 1035 009f 03       		.uleb128 0x3
 1036 00a0 0E       		.uleb128 0xe
 1037 00a1 3A       		.uleb128 0x3a
 1038 00a2 0B       		.uleb128 0xb
 1039 00a3 3B       		.uleb128 0x3b
 1040 00a4 05       		.uleb128 0x5
 1041 00a5 49       		.uleb128 0x49
 1042 00a6 13       		.uleb128 0x13
 1043 00a7 3F       		.uleb128 0x3f
 1044 00a8 0C       		.uleb128 0xc
 1045 00a9 02       		.uleb128 0x2
 1046 00aa 0A       		.uleb128 0xa
 1047 00ab 00       		.byte	0
 1048 00ac 00       		.byte	0
 1049 00ad 00       		.byte	0
 1050              		.section	.debug_aranges,"",%progbits
 1051 0000 14000000 		.4byte	0x14
 1052 0004 0200     		.2byte	0x2
 1053 0006 00000000 		.4byte	.Ldebug_info0
 1054 000a 04       		.byte	0x4
 1055 000b 00       		.byte	0
 1056 000c 0000     		.2byte	0
 1057 000e 0000     		.2byte	0
 1058 0010 00000000 		.4byte	0
 1059 0014 00000000 		.4byte	0
 1060              		.section	.debug_line,"",%progbits
 1061              	.Ldebug_line0:
 1062 0000 5B000000 		.section	.debug_str,"MS",%progbits,1
 1062      02005500 
 1062      00000201 
 1062      FB0E0D00 
 1062      01010101 
 1063              	.LASF31:
 1064 0000 55534246 		.ascii	"USBFS_DEVICE0_DESCR\000"
 1064      535F4445 
 1064      56494345 
 1064      305F4445 
 1064      53435200 
 1065              	.LASF27:
 1066 0014 70537461 		.ascii	"pStatusBlock\000"
 1066      74757342 
 1066      6C6F636B 
 1066      00
 1067              	.LASF35:
 1068 0021 55534246 		.ascii	"USBFS_DEVICE0_CONFIGURATION0_INTERFACE_CLASS\000"
 1068      535F4445 
 1068      56494345 
 1068      305F434F 
 1068      4E464947 
ARM GAS  C:\Users\Robert\AppData\Local\Temp\ccAyxeAL.s 			page 20


 1069              	.LASF47:
 1070 004e 55534246 		.ascii	"USBFS_DEVICE0_CONFIGURATION0_INTERFACE0_ALTERNATE0_"
 1070      535F4445 
 1070      56494345 
 1070      305F434F 
 1070      4E464947 
 1071 0081 4849445F 		.ascii	"HID_OUT_RPT_TABLE\000"
 1071      4F55545F 
 1071      5250545F 
 1071      5441424C 
 1071      4500
 1072              	.LASF46:
 1073 0093 55534246 		.ascii	"USBFS_DEVICE0_CONFIGURATION0_INTERFACE0_ALTERNATE0_"
 1073      535F4445 
 1073      56494345 
 1073      305F434F 
 1073      4E464947 
 1074 00c6 4849445F 		.ascii	"HID_IN_RPT_TABLE\000"
 1074      494E5F52 
 1074      50545F54 
 1074      41424C45 
 1074      00
 1075              	.LASF38:
 1076 00d7 55534246 		.ascii	"USBFS_TABLE\000"
 1076      535F5441 
 1076      424C4500 
 1077              	.LASF25:
 1078 00e3 636F756E 		.ascii	"count\000"
 1078      7400
 1079              	.LASF33:
 1080 00e9 55534246 		.ascii	"USBFS_DEVICE0_CONFIGURATION0_INTERFACE0_TABLE\000"
 1080      535F4445 
 1080      56494345 
 1080      305F434F 
 1080      4E464947 
 1081              	.LASF3:
 1082 0117 73686F72 		.ascii	"short unsigned int\000"
 1082      7420756E 
 1082      7369676E 
 1082      65642069 
 1082      6E7400
 1083              	.LASF39:
 1084 012a 55534246 		.ascii	"USBFS_SN_STRING_DESCRIPTOR\000"
 1084      535F534E 
 1084      5F535452 
 1084      494E475F 
 1084      44455343 
 1085              	.LASF42:
 1086 0145 55534246 		.ascii	"USBFS_DEVICE0_CONFIGURATION0_INTERFACE0_ALTERNATE0_"
 1086      535F4445 
 1086      56494345 
 1086      305F434F 
 1086      4E464947 
 1087 0178 4849445F 		.ascii	"HID_IN_BUF\000"
 1087      494E5F42 
 1087      554600
 1088              	.LASF26:
ARM GAS  C:\Users\Robert\AppData\Local\Temp\ccAyxeAL.s 			page 21


 1089 0183 70446174 		.ascii	"pData\000"
 1089      6100
 1090              	.LASF16:
 1091 0189 616C7453 		.ascii	"altSetting\000"
 1091      65747469 
 1091      6E6700
 1092              	.LASF28:
 1093 0194 545F5553 		.ascii	"T_USBFS_TD\000"
 1093      4246535F 
 1093      544400
 1094              	.LASF11:
 1095 019f 666C6F61 		.ascii	"float\000"
 1095      7400
 1096              	.LASF44:
 1097 01a5 55534246 		.ascii	"USBFS_DEVICE0_CONFIGURATION0_INTERFACE0_ALTERNATE0_"
 1097      535F4445 
 1097      56494345 
 1097      305F434F 
 1097      4E464947 
 1098 01d8 4849445F 		.ascii	"HID_OUT_BUF\000"
 1098      4F55545F 
 1098      42554600 
 1099              	.LASF40:
 1100 01e4 55534246 		.ascii	"USBFS_STRING_DESCRIPTORS\000"
 1100      535F5354 
 1100      52494E47 
 1100      5F444553 
 1100      43524950 
 1101              	.LASF18:
 1102 01fd 61747472 		.ascii	"attributes\000"
 1102      69627574 
 1102      657300
 1103              	.LASF24:
 1104 0208 545F5553 		.ascii	"T_USBFS_XFER_STATUS_BLOCK\000"
 1104      4246535F 
 1104      58464552 
 1104      5F535441 
 1104      5455535F 
 1105              	.LASF36:
 1106 0222 55534246 		.ascii	"USBFS_DEVICE0_CONFIGURATION0_TABLE\000"
 1106      535F4445 
 1106      56494345 
 1106      305F434F 
 1106      4E464947 
 1107              	.LASF17:
 1108 0245 61646472 		.ascii	"addr\000"
 1108      00
 1109              	.LASF37:
 1110 024a 55534246 		.ascii	"USBFS_DEVICE0_TABLE\000"
 1110      535F4445 
 1110      56494345 
 1110      305F5441 
 1110      424C4500 
 1111              	.LASF43:
 1112 025e 55534246 		.ascii	"USBFS_DEVICE0_CONFIGURATION0_INTERFACE0_ALTERNATE0_"
 1112      535F4445 
 1112      56494345 
ARM GAS  C:\Users\Robert\AppData\Local\Temp\ccAyxeAL.s 			page 22


 1112      305F434F 
 1112      4E464947 
 1113 0291 4849445F 		.ascii	"HID_OUT_RPT_SCB\000"
 1113      4F55545F 
 1113      5250545F 
 1113      53434200 
 1114              	.LASF48:
 1115 02a1 55534246 		.ascii	"USBFS_DEVICE0_CONFIGURATION0_INTERFACE0_ALTERNATE0_"
 1115      535F4445 
 1115      56494345 
 1115      305F434F 
 1115      4E464947 
 1116 02d4 4849445F 		.ascii	"HID_TABLE\000"
 1116      5441424C 
 1116      4500
 1117              	.LASF12:
 1118 02de 646F7562 		.ascii	"double\000"
 1118      6C6500
 1119              	.LASF10:
 1120 02e5 75696E74 		.ascii	"uint16\000"
 1120      313600
 1121              	.LASF34:
 1122 02ec 55534246 		.ascii	"USBFS_DEVICE0_CONFIGURATION0_EP_SETTINGS_TABLE\000"
 1122      535F4445 
 1122      56494345 
 1122      305F434F 
 1122      4E464947 
 1123              	.LASF32:
 1124 031b 55534246 		.ascii	"USBFS_DEVICE0_CONFIGURATION0_DESCR\000"
 1124      535F4445 
 1124      56494345 
 1124      305F434F 
 1124      4E464947 
 1125              	.LASF5:
 1126 033e 6C6F6E67 		.ascii	"long unsigned int\000"
 1126      20756E73 
 1126      69676E65 
 1126      6420696E 
 1126      7400
 1127              	.LASF8:
 1128 0350 756E7369 		.ascii	"unsigned int\000"
 1128      676E6564 
 1128      20696E74 
 1128      00
 1129              	.LASF7:
 1130 035d 6C6F6E67 		.ascii	"long long unsigned int\000"
 1130      206C6F6E 
 1130      6720756E 
 1130      7369676E 
 1130      65642069 
 1131              	.LASF29:
 1132 0374 705F6C69 		.ascii	"p_list\000"
 1132      737400
 1133              	.LASF21:
 1134 037b 545F5553 		.ascii	"T_USBFS_EP_SETTINGS_BLOCK\000"
 1134      4246535F 
 1134      45505F53 
ARM GAS  C:\Users\Robert\AppData\Local\Temp\ccAyxeAL.s 			page 23


 1134      45545449 
 1134      4E47535F 
 1135              	.LASF1:
 1136 0395 756E7369 		.ascii	"unsigned char\000"
 1136      676E6564 
 1136      20636861 
 1136      7200
 1137              	.LASF14:
 1138 03a3 73697A65 		.ascii	"sizetype\000"
 1138      74797065 
 1138      00
 1139              	.LASF6:
 1140 03ac 6C6F6E67 		.ascii	"long long int\000"
 1140      206C6F6E 
 1140      6720696E 
 1140      7400
 1141              	.LASF30:
 1142 03ba 545F5553 		.ascii	"T_USBFS_LUT\000"
 1142      4246535F 
 1142      4C555400 
 1143              	.LASF13:
 1144 03c6 63686172 		.ascii	"char\000"
 1144      00
 1145              	.LASF50:
 1146 03cb 2E5C4765 		.ascii	".\\Generated_Source\\PSoC5\\USBFS_descr.c\000"
 1146      6E657261 
 1146      7465645F 
 1146      536F7572 
 1146      63655C50 
 1147              	.LASF19:
 1148 03f2 62756666 		.ascii	"bufferSize\000"
 1148      65725369 
 1148      7A6500
 1149              	.LASF2:
 1150 03fd 73686F72 		.ascii	"short int\000"
 1150      7420696E 
 1150      7400
 1151              	.LASF45:
 1152 0407 55534246 		.ascii	"USBFS_HIDREPORT_DESCRIPTOR1\000"
 1152      535F4849 
 1152      44524550 
 1152      4F52545F 
 1152      44455343 
 1153              	.LASF41:
 1154 0423 55534246 		.ascii	"USBFS_DEVICE0_CONFIGURATION0_INTERFACE0_ALTERNATE0_"
 1154      535F4445 
 1154      56494345 
 1154      305F434F 
 1154      4E464947 
 1155 0456 4849445F 		.ascii	"HID_IN_RPT_SCB\000"
 1155      494E5F52 
 1155      50545F53 
 1155      434200
 1156              	.LASF9:
 1157 0465 75696E74 		.ascii	"uint8\000"
 1157      3800
 1158              	.LASF49:
ARM GAS  C:\Users\Robert\AppData\Local\Temp\ccAyxeAL.s 			page 24


 1159 046b 474E5520 		.ascii	"GNU C 4.7.3 20130312 (release) [ARM/embedded-4_7-br"
 1159      4320342E 
 1159      372E3320 
 1159      32303133 
 1159      30333132 
 1160 049e 616E6368 		.ascii	"anch revision 196615]\000"
 1160      20726576 
 1160      6973696F 
 1160      6E203139 
 1160      36363135 
 1161              	.LASF15:
 1162 04b4 696E7465 		.ascii	"interface\000"
 1162      72666163 
 1162      6500
 1163              	.LASF4:
 1164 04be 6C6F6E67 		.ascii	"long int\000"
 1164      20696E74 
 1164      00
 1165              	.LASF22:
 1166 04c7 73746174 		.ascii	"status\000"
 1166      757300
 1167              	.LASF0:
 1168 04ce 7369676E 		.ascii	"signed char\000"
 1168      65642063 
 1168      68617200 
 1169              	.LASF51:
 1170 04da 433A5C55 		.ascii	"C:\\Users\\Robert\\workspace\\embedit_git\\RPiSoC_B"
 1170      73657273 
 1170      5C526F62 
 1170      6572745C 
 1170      776F726B 
 1171 0508 6F6F746C 		.ascii	"ootloader\\RPiSoC_Bootloader\\Bootloader_RPiSoC.cyd"
 1171      6F616465 
 1171      725C5250 
 1171      69536F43 
 1171      5F426F6F 
 1172 0539 736E00   		.ascii	"sn\000"
 1173              	.LASF23:
 1174 053c 6C656E67 		.ascii	"length\000"
 1174      746800
 1175              	.LASF20:
 1176 0543 624D6973 		.ascii	"bMisc\000"
 1176      6300
 1177              		.ident	"GCC: (GNU Tools for ARM Embedded Processors) 4.7.3 20130312 (release) [ARM/embedded-4_7-br
