ARM GAS  C:\Users\Robert\AppData\Local\Temp\ccFGD2zT.s 			page 1


   1              		.syntax unified
   2              		.cpu cortex-m3
   3              		.fpu softvfp
   4              		.eabi_attribute 20, 1
   5              		.eabi_attribute 21, 1
   6              		.eabi_attribute 23, 3
   7              		.eabi_attribute 24, 1
   8              		.eabi_attribute 25, 1
   9              		.eabi_attribute 26, 1
  10              		.eabi_attribute 30, 6
  11              		.eabi_attribute 34, 1
  12              		.eabi_attribute 18, 4
  13              		.thumb
  14              		.file	"Cm3Start.c"
  15              		.text
  16              	.Ltext0:
  17              		.cfi_sections	.debug_frame
  18              		.section	.noinit,"aw",%progbits
  19              		.align	2
  20              		.type	cySysNoInitDataValid, %object
  21              		.size	cySysNoInitDataValid, 4
  22              	cySysNoInitDataValid:
  23 0000 00000000 		.space	4
  24              		.global	CyRamVectors
  25              		.section	.ramvectors,"aw",%progbits
  26              		.align	8
  27              		.type	CyRamVectors, %object
  28              		.size	CyRamVectors, 192
  29              	CyRamVectors:
  30 0000 00000000 		.space	192
  30      00000000 
  30      00000000 
  30      00000000 
  30      00000000 
  31 00c0 00000000 		.section	.text.IntDefaultHandler,"ax",%progbits
  31      00000000 
  31      00000000 
  31      00000000 
  31      00000000 
  32              		.align	2
  33              		.global	IntDefaultHandler
  34              		.thumb
  35              		.thumb_func
  36              		.type	IntDefaultHandler, %function
  37              	IntDefaultHandler:
  38              	.LFB0:
  39              		.file 1 ".\\Generated_Source\\PSoC5\\Cm3Start.c"
   1:.\Generated_Source\PSoC5/Cm3Start.c **** /*******************************************************************************
   2:.\Generated_Source\PSoC5/Cm3Start.c **** * File Name: Cm3Start.c
   3:.\Generated_Source\PSoC5/Cm3Start.c **** * Version 4.10
   4:.\Generated_Source\PSoC5/Cm3Start.c **** *
   5:.\Generated_Source\PSoC5/Cm3Start.c **** *  Description:
   6:.\Generated_Source\PSoC5/Cm3Start.c **** *  Startup code for the ARM CM3.
   7:.\Generated_Source\PSoC5/Cm3Start.c **** *
   8:.\Generated_Source\PSoC5/Cm3Start.c **** ********************************************************************************
   9:.\Generated_Source\PSoC5/Cm3Start.c **** * Copyright 2008-2014, Cypress Semiconductor Corporation. All rights reserved.
  10:.\Generated_Source\PSoC5/Cm3Start.c **** * You may use this file only in accordance with the license, terms, conditions,
ARM GAS  C:\Users\Robert\AppData\Local\Temp\ccFGD2zT.s 			page 2


  11:.\Generated_Source\PSoC5/Cm3Start.c **** * disclaimers, and limitations in the end user license agreement accompanying
  12:.\Generated_Source\PSoC5/Cm3Start.c **** * the software package with which this file was provided.
  13:.\Generated_Source\PSoC5/Cm3Start.c **** *******************************************************************************/
  14:.\Generated_Source\PSoC5/Cm3Start.c **** 
  15:.\Generated_Source\PSoC5/Cm3Start.c **** #include <limits.h>
  16:.\Generated_Source\PSoC5/Cm3Start.c **** #include "cydevice_trm.h"
  17:.\Generated_Source\PSoC5/Cm3Start.c **** #include "cytypes.h"
  18:.\Generated_Source\PSoC5/Cm3Start.c **** #include "cyfitter_cfg.h"
  19:.\Generated_Source\PSoC5/Cm3Start.c **** #include "CyLib.h"
  20:.\Generated_Source\PSoC5/Cm3Start.c **** #include "CyDmac.h"
  21:.\Generated_Source\PSoC5/Cm3Start.c **** #include "cyfitter.h"
  22:.\Generated_Source\PSoC5/Cm3Start.c **** 
  23:.\Generated_Source\PSoC5/Cm3Start.c **** #define CY_NUM_INTERRUPTS           (32u)
  24:.\Generated_Source\PSoC5/Cm3Start.c **** #define CY_NUM_VECTORS              (CYINT_IRQ_BASE + CY_NUM_INTERRUPTS)
  25:.\Generated_Source\PSoC5/Cm3Start.c **** #define CY_NUM_ROM_VECTORS          (4u)
  26:.\Generated_Source\PSoC5/Cm3Start.c **** #define CY_NVIC_APINT_PTR           ((reg32 *) CYREG_NVIC_APPLN_INTR)
  27:.\Generated_Source\PSoC5/Cm3Start.c **** #define CY_NVIC_CFG_CTRL_PTR        ((reg32 *) CYREG_NVIC_CFG_CONTROL)
  28:.\Generated_Source\PSoC5/Cm3Start.c **** #define CY_NVIC_APINT_PRIGROUP_3_5  (0x00000400u)  /* Priority group 3.5 split */
  29:.\Generated_Source\PSoC5/Cm3Start.c **** #define CY_NVIC_APINT_VECTKEY       (0x05FA0000u)  /* This key is required in order to write the NV
  30:.\Generated_Source\PSoC5/Cm3Start.c **** #define CY_NVIC_CFG_STACKALIGN      (0x00000200u)  /* This specifies that the exception stack must 
  31:.\Generated_Source\PSoC5/Cm3Start.c **** 
  32:.\Generated_Source\PSoC5/Cm3Start.c **** 
  33:.\Generated_Source\PSoC5/Cm3Start.c **** /* Extern functions */
  34:.\Generated_Source\PSoC5/Cm3Start.c **** extern void CyBtldr_CheckLaunch(void);
  35:.\Generated_Source\PSoC5/Cm3Start.c **** 
  36:.\Generated_Source\PSoC5/Cm3Start.c **** /* Function prototypes */
  37:.\Generated_Source\PSoC5/Cm3Start.c **** void initialize_psoc(void);
  38:.\Generated_Source\PSoC5/Cm3Start.c **** CY_ISR(IntDefaultHandler);
  39:.\Generated_Source\PSoC5/Cm3Start.c **** void Reset(void);
  40:.\Generated_Source\PSoC5/Cm3Start.c **** CY_ISR(IntDefaultHandler);
  41:.\Generated_Source\PSoC5/Cm3Start.c **** 
  42:.\Generated_Source\PSoC5/Cm3Start.c **** #if defined(__ARMCC_VERSION)
  43:.\Generated_Source\PSoC5/Cm3Start.c ****     #define INITIAL_STACK_POINTER ((cyisraddress)(uint32)&Image$$ARM_LIB_STACK$$ZI$$Limit)
  44:.\Generated_Source\PSoC5/Cm3Start.c **** #elif defined (__GNUC__)
  45:.\Generated_Source\PSoC5/Cm3Start.c ****     #define INITIAL_STACK_POINTER (&__cy_stack)
  46:.\Generated_Source\PSoC5/Cm3Start.c **** #elif defined (__ICCARM__)
  47:.\Generated_Source\PSoC5/Cm3Start.c ****     #pragma language=extended
  48:.\Generated_Source\PSoC5/Cm3Start.c ****     #pragma segment="CSTACK"
  49:.\Generated_Source\PSoC5/Cm3Start.c ****     #define INITIAL_STACK_POINTER  { .__ptr = __sfe( "CSTACK" ) }
  50:.\Generated_Source\PSoC5/Cm3Start.c **** 
  51:.\Generated_Source\PSoC5/Cm3Start.c ****     extern void __iar_program_start( void );
  52:.\Generated_Source\PSoC5/Cm3Start.c ****     extern void __iar_data_init3 (void);
  53:.\Generated_Source\PSoC5/Cm3Start.c **** #endif  /* (__ARMCC_VERSION) */
  54:.\Generated_Source\PSoC5/Cm3Start.c **** 
  55:.\Generated_Source\PSoC5/Cm3Start.c **** /* Global variables */
  56:.\Generated_Source\PSoC5/Cm3Start.c **** #if !defined (__ICCARM__)
  57:.\Generated_Source\PSoC5/Cm3Start.c ****     CY_NOINIT static uint32 cySysNoInitDataValid;
  58:.\Generated_Source\PSoC5/Cm3Start.c **** #endif  /* !defined (__ICCARM__) */
  59:.\Generated_Source\PSoC5/Cm3Start.c **** 
  60:.\Generated_Source\PSoC5/Cm3Start.c **** 
  61:.\Generated_Source\PSoC5/Cm3Start.c **** /*******************************************************************************
  62:.\Generated_Source\PSoC5/Cm3Start.c **** * Default Ram Interrupt Vector table storage area. Must be 256-byte aligned.
  63:.\Generated_Source\PSoC5/Cm3Start.c **** *******************************************************************************/
  64:.\Generated_Source\PSoC5/Cm3Start.c **** #if defined (__ICCARM__)
  65:.\Generated_Source\PSoC5/Cm3Start.c ****     #pragma location=".ramvectors"
  66:.\Generated_Source\PSoC5/Cm3Start.c ****     #pragma data_alignment=256
  67:.\Generated_Source\PSoC5/Cm3Start.c **** #else
ARM GAS  C:\Users\Robert\AppData\Local\Temp\ccFGD2zT.s 			page 3


  68:.\Generated_Source\PSoC5/Cm3Start.c ****     CY_SECTION(".ramvectors")
  69:.\Generated_Source\PSoC5/Cm3Start.c ****     CY_ALIGN(256)
  70:.\Generated_Source\PSoC5/Cm3Start.c **** #endif  /* defined (__ICCARM__) */
  71:.\Generated_Source\PSoC5/Cm3Start.c **** cyisraddress CyRamVectors[CY_NUM_VECTORS];
  72:.\Generated_Source\PSoC5/Cm3Start.c **** 
  73:.\Generated_Source\PSoC5/Cm3Start.c **** 
  74:.\Generated_Source\PSoC5/Cm3Start.c **** /*******************************************************************************
  75:.\Generated_Source\PSoC5/Cm3Start.c **** * Function Name: IntDefaultHandler
  76:.\Generated_Source\PSoC5/Cm3Start.c **** ********************************************************************************
  77:.\Generated_Source\PSoC5/Cm3Start.c **** *
  78:.\Generated_Source\PSoC5/Cm3Start.c **** * Summary:
  79:.\Generated_Source\PSoC5/Cm3Start.c **** *  This function is called for all interrupts, other than a reset that gets
  80:.\Generated_Source\PSoC5/Cm3Start.c **** *  called before the system is setup.
  81:.\Generated_Source\PSoC5/Cm3Start.c **** *
  82:.\Generated_Source\PSoC5/Cm3Start.c **** * Parameters:
  83:.\Generated_Source\PSoC5/Cm3Start.c **** *  None
  84:.\Generated_Source\PSoC5/Cm3Start.c **** *
  85:.\Generated_Source\PSoC5/Cm3Start.c **** * Return:
  86:.\Generated_Source\PSoC5/Cm3Start.c **** *  None
  87:.\Generated_Source\PSoC5/Cm3Start.c **** *
  88:.\Generated_Source\PSoC5/Cm3Start.c **** * Theory:
  89:.\Generated_Source\PSoC5/Cm3Start.c **** *  Any value other than zero is acceptable.
  90:.\Generated_Source\PSoC5/Cm3Start.c **** *
  91:.\Generated_Source\PSoC5/Cm3Start.c **** *******************************************************************************/
  92:.\Generated_Source\PSoC5/Cm3Start.c **** CY_ISR(IntDefaultHandler)
  93:.\Generated_Source\PSoC5/Cm3Start.c **** {
  40              		.loc 1 93 0
  41              		.cfi_startproc
  42              		@ args = 0, pretend = 0, frame = 0
  43              		@ frame_needed = 1, uses_anonymous_args = 0
  44              		@ link register save eliminated.
  45 0000 80B4     		push	{r7}
  46              	.LCFI0:
  47              		.cfi_def_cfa_offset 4
  48              		.cfi_offset 7, -4
  49 0002 00AF     		add	r7, sp, #0
  50              	.LCFI1:
  51              		.cfi_def_cfa_register 7
  52              	.L2:
  94:.\Generated_Source\PSoC5/Cm3Start.c **** 
  95:.\Generated_Source\PSoC5/Cm3Start.c ****     while(1)
  96:.\Generated_Source\PSoC5/Cm3Start.c ****     {
  97:.\Generated_Source\PSoC5/Cm3Start.c ****         /***********************************************************************
  98:.\Generated_Source\PSoC5/Cm3Start.c ****         * We must not get here. If we do, a serious problem occurs, so go
  99:.\Generated_Source\PSoC5/Cm3Start.c ****         * into an infinite loop.
 100:.\Generated_Source\PSoC5/Cm3Start.c ****         ***********************************************************************/
 101:.\Generated_Source\PSoC5/Cm3Start.c ****     }
  53              		.loc 1 101 0 discriminator 1
  54 0004 FEE7     		b	.L2
  55              		.cfi_endproc
  56              	.LFE0:
  57              		.size	IntDefaultHandler, .-IntDefaultHandler
  58 0006 00BF     		.section	.text.Reset,"ax",%progbits
  59              		.align	2
  60              		.global	Reset
  61              		.thumb
  62              		.thumb_func
ARM GAS  C:\Users\Robert\AppData\Local\Temp\ccFGD2zT.s 			page 4


  63              		.type	Reset, %function
  64              	Reset:
  65              	.LFB1:
 102:.\Generated_Source\PSoC5/Cm3Start.c **** }
 103:.\Generated_Source\PSoC5/Cm3Start.c **** 
 104:.\Generated_Source\PSoC5/Cm3Start.c **** 
 105:.\Generated_Source\PSoC5/Cm3Start.c **** #if defined(__ARMCC_VERSION)
 106:.\Generated_Source\PSoC5/Cm3Start.c **** 
 107:.\Generated_Source\PSoC5/Cm3Start.c **** /* Local function for device reset. */
 108:.\Generated_Source\PSoC5/Cm3Start.c **** extern void Reset(void);
 109:.\Generated_Source\PSoC5/Cm3Start.c **** 
 110:.\Generated_Source\PSoC5/Cm3Start.c **** /* Application entry point. */
 111:.\Generated_Source\PSoC5/Cm3Start.c **** extern void $Super$$main(void);
 112:.\Generated_Source\PSoC5/Cm3Start.c **** 
 113:.\Generated_Source\PSoC5/Cm3Start.c **** /* Linker-generated Stack Base addresses, Two Region and One Region */
 114:.\Generated_Source\PSoC5/Cm3Start.c **** extern uint32 Image$$ARM_LIB_STACK$$ZI$$Limit;
 115:.\Generated_Source\PSoC5/Cm3Start.c **** 
 116:.\Generated_Source\PSoC5/Cm3Start.c **** /* RealView C Library initialization. */
 117:.\Generated_Source\PSoC5/Cm3Start.c **** extern int __main(void);
 118:.\Generated_Source\PSoC5/Cm3Start.c **** 
 119:.\Generated_Source\PSoC5/Cm3Start.c **** 
 120:.\Generated_Source\PSoC5/Cm3Start.c **** /*******************************************************************************
 121:.\Generated_Source\PSoC5/Cm3Start.c **** * Function Name: Reset
 122:.\Generated_Source\PSoC5/Cm3Start.c **** ********************************************************************************
 123:.\Generated_Source\PSoC5/Cm3Start.c **** *
 124:.\Generated_Source\PSoC5/Cm3Start.c **** * Summary:
 125:.\Generated_Source\PSoC5/Cm3Start.c **** *  This function handles the reset interrupt for the RVDS/MDK toolchains.
 126:.\Generated_Source\PSoC5/Cm3Start.c **** *  This is the first bit of code that is executed at startup.
 127:.\Generated_Source\PSoC5/Cm3Start.c **** *
 128:.\Generated_Source\PSoC5/Cm3Start.c **** * Parameters:
 129:.\Generated_Source\PSoC5/Cm3Start.c **** *  None
 130:.\Generated_Source\PSoC5/Cm3Start.c **** *
 131:.\Generated_Source\PSoC5/Cm3Start.c **** * Return:
 132:.\Generated_Source\PSoC5/Cm3Start.c **** *  None
 133:.\Generated_Source\PSoC5/Cm3Start.c **** *
 134:.\Generated_Source\PSoC5/Cm3Start.c **** *******************************************************************************/
 135:.\Generated_Source\PSoC5/Cm3Start.c **** void Reset(void)
 136:.\Generated_Source\PSoC5/Cm3Start.c **** {
 137:.\Generated_Source\PSoC5/Cm3Start.c ****     #if(CYDEV_PROJ_TYPE != CYDEV_PROJ_TYPE_LOADABLE)
 138:.\Generated_Source\PSoC5/Cm3Start.c **** 
 139:.\Generated_Source\PSoC5/Cm3Start.c ****         /* For PSoC 5LP, debugging is enabled by default */
 140:.\Generated_Source\PSoC5/Cm3Start.c ****         #if(CYDEV_DEBUGGING_ENABLE == 0)
 141:.\Generated_Source\PSoC5/Cm3Start.c ****             *(reg32 *)(CYDEV_DEBUG_ENABLE_REGISTER) |= CYDEV_DEBUG_ENABLE_MASK;
 142:.\Generated_Source\PSoC5/Cm3Start.c ****         #endif /* (CYDEV_DEBUGGING_ENABLE) */
 143:.\Generated_Source\PSoC5/Cm3Start.c **** 
 144:.\Generated_Source\PSoC5/Cm3Start.c ****         /* Reset Status Register has Read-to-clear SW access mode.
 145:.\Generated_Source\PSoC5/Cm3Start.c ****         * Preserve current RESET_SR0 state to make it available for next reading.
 146:.\Generated_Source\PSoC5/Cm3Start.c ****         */
 147:.\Generated_Source\PSoC5/Cm3Start.c ****         *(reg32 *)(CYREG_PHUB_CFGMEM23_CFG1) = *(reg32 *)(CYREG_RESET_SR0);
 148:.\Generated_Source\PSoC5/Cm3Start.c **** 
 149:.\Generated_Source\PSoC5/Cm3Start.c ****     #endif  /* (CYDEV_PROJ_TYPE != CYDEV_PROJ_TYPE_LOADABLE) */
 150:.\Generated_Source\PSoC5/Cm3Start.c **** 
 151:.\Generated_Source\PSoC5/Cm3Start.c ****     #if(CYDEV_BOOTLOADER_ENABLE)
 152:.\Generated_Source\PSoC5/Cm3Start.c ****         CyBtldr_CheckLaunch();
 153:.\Generated_Source\PSoC5/Cm3Start.c ****     #endif /* (CYDEV_BOOTLOADER_ENABLE) */
 154:.\Generated_Source\PSoC5/Cm3Start.c **** 
 155:.\Generated_Source\PSoC5/Cm3Start.c ****     __main();
ARM GAS  C:\Users\Robert\AppData\Local\Temp\ccFGD2zT.s 			page 5


 156:.\Generated_Source\PSoC5/Cm3Start.c **** }
 157:.\Generated_Source\PSoC5/Cm3Start.c **** 
 158:.\Generated_Source\PSoC5/Cm3Start.c **** 
 159:.\Generated_Source\PSoC5/Cm3Start.c **** /*******************************************************************************
 160:.\Generated_Source\PSoC5/Cm3Start.c **** * Function Name: $Sub$$main
 161:.\Generated_Source\PSoC5/Cm3Start.c **** ********************************************************************************
 162:.\Generated_Source\PSoC5/Cm3Start.c **** *
 163:.\Generated_Source\PSoC5/Cm3Start.c **** * Summary:
 164:.\Generated_Source\PSoC5/Cm3Start.c **** *  This function is called immediately before the users main
 165:.\Generated_Source\PSoC5/Cm3Start.c **** *
 166:.\Generated_Source\PSoC5/Cm3Start.c **** * Parameters:
 167:.\Generated_Source\PSoC5/Cm3Start.c **** *  None
 168:.\Generated_Source\PSoC5/Cm3Start.c **** *
 169:.\Generated_Source\PSoC5/Cm3Start.c **** * Return:
 170:.\Generated_Source\PSoC5/Cm3Start.c **** *  None
 171:.\Generated_Source\PSoC5/Cm3Start.c **** *
 172:.\Generated_Source\PSoC5/Cm3Start.c **** *******************************************************************************/
 173:.\Generated_Source\PSoC5/Cm3Start.c **** void $Sub$$main(void)
 174:.\Generated_Source\PSoC5/Cm3Start.c **** {
 175:.\Generated_Source\PSoC5/Cm3Start.c ****     initialize_psoc();
 176:.\Generated_Source\PSoC5/Cm3Start.c **** 
 177:.\Generated_Source\PSoC5/Cm3Start.c ****     /* Call original main */
 178:.\Generated_Source\PSoC5/Cm3Start.c ****     $Super$$main();
 179:.\Generated_Source\PSoC5/Cm3Start.c **** 
 180:.\Generated_Source\PSoC5/Cm3Start.c ****     while (1)
 181:.\Generated_Source\PSoC5/Cm3Start.c ****     {
 182:.\Generated_Source\PSoC5/Cm3Start.c ****         /* If main returns, it is undefined what we should do. */
 183:.\Generated_Source\PSoC5/Cm3Start.c ****     }
 184:.\Generated_Source\PSoC5/Cm3Start.c **** }
 185:.\Generated_Source\PSoC5/Cm3Start.c **** 
 186:.\Generated_Source\PSoC5/Cm3Start.c **** #elif defined(__GNUC__)
 187:.\Generated_Source\PSoC5/Cm3Start.c **** 
 188:.\Generated_Source\PSoC5/Cm3Start.c **** void Start_c(void);
 189:.\Generated_Source\PSoC5/Cm3Start.c **** 
 190:.\Generated_Source\PSoC5/Cm3Start.c **** /* Stack Base address */
 191:.\Generated_Source\PSoC5/Cm3Start.c **** extern void __cy_stack(void);
 192:.\Generated_Source\PSoC5/Cm3Start.c **** 
 193:.\Generated_Source\PSoC5/Cm3Start.c **** /* Application entry point. */
 194:.\Generated_Source\PSoC5/Cm3Start.c **** extern int main(void);
 195:.\Generated_Source\PSoC5/Cm3Start.c **** 
 196:.\Generated_Source\PSoC5/Cm3Start.c **** /* Static objects constructors initializer */
 197:.\Generated_Source\PSoC5/Cm3Start.c **** extern void __libc_init_array(void);
 198:.\Generated_Source\PSoC5/Cm3Start.c **** 
 199:.\Generated_Source\PSoC5/Cm3Start.c **** typedef unsigned char __cy_byte_align8 __attribute ((aligned (8)));
 200:.\Generated_Source\PSoC5/Cm3Start.c **** 
 201:.\Generated_Source\PSoC5/Cm3Start.c **** struct __cy_region
 202:.\Generated_Source\PSoC5/Cm3Start.c **** {
 203:.\Generated_Source\PSoC5/Cm3Start.c ****     __cy_byte_align8 *init; /* Initial contents of this region.  */
 204:.\Generated_Source\PSoC5/Cm3Start.c ****     __cy_byte_align8 *data; /* Start address of region.  */
 205:.\Generated_Source\PSoC5/Cm3Start.c ****     size_t init_size;       /* Size of initial data.  */
 206:.\Generated_Source\PSoC5/Cm3Start.c ****     size_t zero_size;       /* Additional size to be zeroed.  */
 207:.\Generated_Source\PSoC5/Cm3Start.c **** };
 208:.\Generated_Source\PSoC5/Cm3Start.c **** 
 209:.\Generated_Source\PSoC5/Cm3Start.c **** extern const struct __cy_region __cy_regions[];
 210:.\Generated_Source\PSoC5/Cm3Start.c **** extern const char __cy_region_num __attribute__((weak));
 211:.\Generated_Source\PSoC5/Cm3Start.c **** #define __cy_region_num ((size_t)&__cy_region_num)
 212:.\Generated_Source\PSoC5/Cm3Start.c **** 
ARM GAS  C:\Users\Robert\AppData\Local\Temp\ccFGD2zT.s 			page 6


 213:.\Generated_Source\PSoC5/Cm3Start.c **** 
 214:.\Generated_Source\PSoC5/Cm3Start.c **** /*******************************************************************************
 215:.\Generated_Source\PSoC5/Cm3Start.c **** * Function Name: Reset
 216:.\Generated_Source\PSoC5/Cm3Start.c **** ********************************************************************************
 217:.\Generated_Source\PSoC5/Cm3Start.c **** *
 218:.\Generated_Source\PSoC5/Cm3Start.c **** * Summary:
 219:.\Generated_Source\PSoC5/Cm3Start.c **** *  This function handles the reset interrupt for the GCC toolchain. This is the
 220:.\Generated_Source\PSoC5/Cm3Start.c **** *  first bit of code that is executed at startup.
 221:.\Generated_Source\PSoC5/Cm3Start.c **** *
 222:.\Generated_Source\PSoC5/Cm3Start.c **** * Parameters:
 223:.\Generated_Source\PSoC5/Cm3Start.c **** *  None
 224:.\Generated_Source\PSoC5/Cm3Start.c **** *
 225:.\Generated_Source\PSoC5/Cm3Start.c **** * Return:
 226:.\Generated_Source\PSoC5/Cm3Start.c **** *  None
 227:.\Generated_Source\PSoC5/Cm3Start.c **** *
 228:.\Generated_Source\PSoC5/Cm3Start.c **** *******************************************************************************/
 229:.\Generated_Source\PSoC5/Cm3Start.c **** void Reset(void)
 230:.\Generated_Source\PSoC5/Cm3Start.c **** {
  66              		.loc 1 230 0
  67              		.cfi_startproc
  68              		@ args = 0, pretend = 0, frame = 0
  69              		@ frame_needed = 1, uses_anonymous_args = 0
  70 0000 80B5     		push	{r7, lr}
  71              	.LCFI2:
  72              		.cfi_def_cfa_offset 8
  73              		.cfi_offset 7, -8
  74              		.cfi_offset 14, -4
  75 0002 00AF     		add	r7, sp, #0
  76              	.LCFI3:
  77              		.cfi_def_cfa_register 7
 231:.\Generated_Source\PSoC5/Cm3Start.c ****     #if(CYDEV_PROJ_TYPE != CYDEV_PROJ_TYPE_LOADABLE)
 232:.\Generated_Source\PSoC5/Cm3Start.c **** 
 233:.\Generated_Source\PSoC5/Cm3Start.c ****         /* For PSoC 5LP, debugging is enabled by default */
 234:.\Generated_Source\PSoC5/Cm3Start.c ****         #if(CYDEV_DEBUGGING_ENABLE == 0)
 235:.\Generated_Source\PSoC5/Cm3Start.c ****             *(reg32 *)(CYDEV_DEBUG_ENABLE_REGISTER) |= CYDEV_DEBUG_ENABLE_MASK;
 236:.\Generated_Source\PSoC5/Cm3Start.c ****         #endif /* (CYDEV_DEBUGGING_ENABLE) */
 237:.\Generated_Source\PSoC5/Cm3Start.c **** 
 238:.\Generated_Source\PSoC5/Cm3Start.c ****         /* Reset Status Register has Read-to-clear SW access mode.
 239:.\Generated_Source\PSoC5/Cm3Start.c ****         * Preserve current RESET_SR0 state to make it available for next reading.
 240:.\Generated_Source\PSoC5/Cm3Start.c ****         */
 241:.\Generated_Source\PSoC5/Cm3Start.c ****         *(reg32 *)(CYREG_PHUB_CFGMEM23_CFG1) = *(reg32 *)(CYREG_RESET_SR0);
 242:.\Generated_Source\PSoC5/Cm3Start.c **** 
 243:.\Generated_Source\PSoC5/Cm3Start.c ****     #endif  /* (CYDEV_PROJ_TYPE != CYDEV_PROJ_TYPE_LOADABLE) */
 244:.\Generated_Source\PSoC5/Cm3Start.c **** 
 245:.\Generated_Source\PSoC5/Cm3Start.c ****     #if(CYDEV_BOOTLOADER_ENABLE)
 246:.\Generated_Source\PSoC5/Cm3Start.c ****         CyBtldr_CheckLaunch();
 247:.\Generated_Source\PSoC5/Cm3Start.c ****     #endif /* (CYDEV_BOOTLOADER_ENABLE) */
 248:.\Generated_Source\PSoC5/Cm3Start.c **** 
 249:.\Generated_Source\PSoC5/Cm3Start.c ****     Start_c();
  78              		.loc 1 249 0
  79 0004 FFF7FEFF 		bl	Start_c
  80              		.cfi_endproc
  81              	.LFE1:
  82              		.size	Reset, .-Reset
  83              		.section	.text._exit,"ax",%progbits
  84              		.align	2
  85              		.weak	_exit
ARM GAS  C:\Users\Robert\AppData\Local\Temp\ccFGD2zT.s 			page 7


  86              		.thumb
  87              		.thumb_func
  88              		.type	_exit, %function
  89              	_exit:
  90              	.LFB2:
 250:.\Generated_Source\PSoC5/Cm3Start.c **** }
 251:.\Generated_Source\PSoC5/Cm3Start.c **** 
 252:.\Generated_Source\PSoC5/Cm3Start.c **** __attribute__((weak))
 253:.\Generated_Source\PSoC5/Cm3Start.c **** void _exit(int status)
 254:.\Generated_Source\PSoC5/Cm3Start.c **** {
  91              		.loc 1 254 0
  92              		.cfi_startproc
  93              		@ args = 0, pretend = 0, frame = 16
  94              		@ frame_needed = 1, uses_anonymous_args = 0
  95              		@ link register save eliminated.
  96 0000 80B4     		push	{r7}
  97              	.LCFI4:
  98              		.cfi_def_cfa_offset 4
  99              		.cfi_offset 7, -4
 100 0002 85B0     		sub	sp, sp, #20
 101              	.LCFI5:
 102              		.cfi_def_cfa_offset 24
 103 0004 00AF     		add	r7, sp, #0
 104              	.LCFI6:
 105              		.cfi_def_cfa_register 7
 106 0006 7860     		str	r0, [r7, #4]
 255:.\Generated_Source\PSoC5/Cm3Start.c ****     /* Cause divide by 0 exception */
 256:.\Generated_Source\PSoC5/Cm3Start.c ****     int x = status / INT_MAX;
 107              		.loc 1 256 0
 108 0008 7A68     		ldr	r2, [r7, #4]
 109 000a 4FF00103 		mov	r3, #1
 110 000e C4F20003 		movt	r3, 16384
 111 0012 83FB0213 		smull	r1, r3, r3, r2
 112 0016 4FEA6371 		asr	r1, r3, #29
 113 001a 4FEAE273 		asr	r3, r2, #31
 114 001e CB1A     		subs	r3, r1, r3
 115 0020 FB60     		str	r3, [r7, #12]
 257:.\Generated_Source\PSoC5/Cm3Start.c ****     x = 4 / x;
 116              		.loc 1 257 0
 117 0022 4FF00402 		mov	r2, #4
 118 0026 FB68     		ldr	r3, [r7, #12]
 119 0028 92FBF3F3 		sdiv	r3, r2, r3
 120 002c FB60     		str	r3, [r7, #12]
 121              	.L5:
 258:.\Generated_Source\PSoC5/Cm3Start.c **** 
 259:.\Generated_Source\PSoC5/Cm3Start.c ****     while(1)
 260:.\Generated_Source\PSoC5/Cm3Start.c ****     {
 261:.\Generated_Source\PSoC5/Cm3Start.c ****     }
 122              		.loc 1 261 0 discriminator 1
 123 002e FEE7     		b	.L5
 124              		.cfi_endproc
 125              	.LFE2:
 126              		.size	_exit, .-_exit
 127              		.section	.text.Start_c,"ax",%progbits
 128              		.align	2
 129              		.global	Start_c
 130              		.thumb
ARM GAS  C:\Users\Robert\AppData\Local\Temp\ccFGD2zT.s 			page 8


 131              		.thumb_func
 132              		.type	Start_c, %function
 133              	Start_c:
 134              	.LFB3:
 262:.\Generated_Source\PSoC5/Cm3Start.c **** }
 263:.\Generated_Source\PSoC5/Cm3Start.c **** 
 264:.\Generated_Source\PSoC5/Cm3Start.c **** /*******************************************************************************
 265:.\Generated_Source\PSoC5/Cm3Start.c **** * Function Name: Start_c
 266:.\Generated_Source\PSoC5/Cm3Start.c **** ********************************************************************************
 267:.\Generated_Source\PSoC5/Cm3Start.c **** *
 268:.\Generated_Source\PSoC5/Cm3Start.c **** * Summary:
 269:.\Generated_Source\PSoC5/Cm3Start.c **** *  This function handles initializing the .data and .bss sections in
 270:.\Generated_Source\PSoC5/Cm3Start.c **** *  preparation for running the standard C code.  Once initialization is complete
 271:.\Generated_Source\PSoC5/Cm3Start.c **** *  it will call main(). This function will never return.
 272:.\Generated_Source\PSoC5/Cm3Start.c **** *
 273:.\Generated_Source\PSoC5/Cm3Start.c **** * Parameters:
 274:.\Generated_Source\PSoC5/Cm3Start.c **** *  None
 275:.\Generated_Source\PSoC5/Cm3Start.c **** *
 276:.\Generated_Source\PSoC5/Cm3Start.c **** * Return:
 277:.\Generated_Source\PSoC5/Cm3Start.c **** *  None
 278:.\Generated_Source\PSoC5/Cm3Start.c **** *
 279:.\Generated_Source\PSoC5/Cm3Start.c **** *******************************************************************************/
 280:.\Generated_Source\PSoC5/Cm3Start.c **** void Start_c(void)  __attribute__ ((noreturn));
 281:.\Generated_Source\PSoC5/Cm3Start.c **** void Start_c(void)
 282:.\Generated_Source\PSoC5/Cm3Start.c **** {
 135              		.loc 1 282 0
 136              		.cfi_startproc
 137              		@ args = 0, pretend = 0, frame = 24
 138              		@ frame_needed = 1, uses_anonymous_args = 0
 139 0000 80B5     		push	{r7, lr}
 140              	.LCFI7:
 141              		.cfi_def_cfa_offset 8
 142              		.cfi_offset 7, -8
 143              		.cfi_offset 14, -4
 144 0002 86B0     		sub	sp, sp, #24
 145              	.LCFI8:
 146              		.cfi_def_cfa_offset 32
 147 0004 00AF     		add	r7, sp, #0
 148              	.LCFI9:
 149              		.cfi_def_cfa_register 7
 283:.\Generated_Source\PSoC5/Cm3Start.c ****     unsigned regions = __cy_region_num;
 150              		.loc 1 283 0
 151 0006 40F20003 		movw	r3, #:lower16:__cy_region_num
 152 000a C0F20003 		movt	r3, #:upper16:__cy_region_num
 153 000e 7B61     		str	r3, [r7, #20]
 284:.\Generated_Source\PSoC5/Cm3Start.c ****     const struct __cy_region *rptr = __cy_regions;
 154              		.loc 1 284 0
 155 0010 40F20003 		movw	r3, #:lower16:__cy_regions
 156 0014 C0F20003 		movt	r3, #:upper16:__cy_regions
 157 0018 3B61     		str	r3, [r7, #16]
 285:.\Generated_Source\PSoC5/Cm3Start.c **** 
 286:.\Generated_Source\PSoC5/Cm3Start.c ****     /* Initialize memory */
 287:.\Generated_Source\PSoC5/Cm3Start.c ****     for (regions = __cy_region_num, rptr = __cy_regions; regions--; rptr++)
 158              		.loc 1 287 0
 159 001a 40F20003 		movw	r3, #:lower16:__cy_region_num
 160 001e C0F20003 		movt	r3, #:upper16:__cy_region_num
 161 0022 7B61     		str	r3, [r7, #20]
ARM GAS  C:\Users\Robert\AppData\Local\Temp\ccFGD2zT.s 			page 9


 162 0024 40F20003 		movw	r3, #:lower16:__cy_regions
 163 0028 C0F20003 		movt	r3, #:upper16:__cy_regions
 164 002c 3B61     		str	r3, [r7, #16]
 165 002e 3BE0     		b	.L7
 166              	.L12:
 167              	.LBB2:
 288:.\Generated_Source\PSoC5/Cm3Start.c ****     {
 289:.\Generated_Source\PSoC5/Cm3Start.c ****         uint32 *src = (uint32 *)rptr->init;
 168              		.loc 1 289 0
 169 0030 3B69     		ldr	r3, [r7, #16]
 170 0032 1B68     		ldr	r3, [r3, #0]
 171 0034 FB60     		str	r3, [r7, #12]
 290:.\Generated_Source\PSoC5/Cm3Start.c ****         uint32 *dst = (uint32 *)rptr->data;
 172              		.loc 1 290 0
 173 0036 3B69     		ldr	r3, [r7, #16]
 174 0038 5B68     		ldr	r3, [r3, #4]
 175 003a BB60     		str	r3, [r7, #8]
 291:.\Generated_Source\PSoC5/Cm3Start.c ****         unsigned limit = rptr->init_size;
 176              		.loc 1 291 0
 177 003c 3B69     		ldr	r3, [r7, #16]
 178 003e 9B68     		ldr	r3, [r3, #8]
 179 0040 3B60     		str	r3, [r7, #0]
 292:.\Generated_Source\PSoC5/Cm3Start.c ****         unsigned count;
 293:.\Generated_Source\PSoC5/Cm3Start.c **** 
 294:.\Generated_Source\PSoC5/Cm3Start.c ****         for (count = 0u; count != limit; count += sizeof (uint32))
 180              		.loc 1 294 0
 181 0042 4FF00003 		mov	r3, #0
 182 0046 7B60     		str	r3, [r7, #4]
 183 0048 0FE0     		b	.L8
 184              	.L9:
 295:.\Generated_Source\PSoC5/Cm3Start.c ****         {
 296:.\Generated_Source\PSoC5/Cm3Start.c ****             *dst++ = *src++;
 185              		.loc 1 296 0 discriminator 2
 186 004a FB68     		ldr	r3, [r7, #12]
 187 004c 1A68     		ldr	r2, [r3, #0]
 188 004e BB68     		ldr	r3, [r7, #8]
 189 0050 1A60     		str	r2, [r3, #0]
 190 0052 BB68     		ldr	r3, [r7, #8]
 191 0054 03F10403 		add	r3, r3, #4
 192 0058 BB60     		str	r3, [r7, #8]
 193 005a FB68     		ldr	r3, [r7, #12]
 194 005c 03F10403 		add	r3, r3, #4
 195 0060 FB60     		str	r3, [r7, #12]
 294:.\Generated_Source\PSoC5/Cm3Start.c ****         for (count = 0u; count != limit; count += sizeof (uint32))
 196              		.loc 1 294 0 discriminator 2
 197 0062 7B68     		ldr	r3, [r7, #4]
 198 0064 03F10403 		add	r3, r3, #4
 199 0068 7B60     		str	r3, [r7, #4]
 200              	.L8:
 294:.\Generated_Source\PSoC5/Cm3Start.c ****         for (count = 0u; count != limit; count += sizeof (uint32))
 201              		.loc 1 294 0 is_stmt 0 discriminator 1
 202 006a 7A68     		ldr	r2, [r7, #4]
 203 006c 3B68     		ldr	r3, [r7, #0]
 204 006e 9A42     		cmp	r2, r3
 205 0070 EBD1     		bne	.L9
 297:.\Generated_Source\PSoC5/Cm3Start.c ****         }
 298:.\Generated_Source\PSoC5/Cm3Start.c ****         limit = rptr->zero_size;
ARM GAS  C:\Users\Robert\AppData\Local\Temp\ccFGD2zT.s 			page 10


 206              		.loc 1 298 0 is_stmt 1
 207 0072 3B69     		ldr	r3, [r7, #16]
 208 0074 DB68     		ldr	r3, [r3, #12]
 209 0076 3B60     		str	r3, [r7, #0]
 299:.\Generated_Source\PSoC5/Cm3Start.c ****         for (count = 0u; count != limit; count += sizeof (uint32))
 210              		.loc 1 299 0
 211 0078 4FF00003 		mov	r3, #0
 212 007c 7B60     		str	r3, [r7, #4]
 213 007e 0BE0     		b	.L10
 214              	.L11:
 300:.\Generated_Source\PSoC5/Cm3Start.c ****         {
 301:.\Generated_Source\PSoC5/Cm3Start.c ****             *dst++ = 0u;
 215              		.loc 1 301 0 discriminator 2
 216 0080 BB68     		ldr	r3, [r7, #8]
 217 0082 4FF00002 		mov	r2, #0
 218 0086 1A60     		str	r2, [r3, #0]
 219 0088 BB68     		ldr	r3, [r7, #8]
 220 008a 03F10403 		add	r3, r3, #4
 221 008e BB60     		str	r3, [r7, #8]
 299:.\Generated_Source\PSoC5/Cm3Start.c ****         for (count = 0u; count != limit; count += sizeof (uint32))
 222              		.loc 1 299 0 discriminator 2
 223 0090 7B68     		ldr	r3, [r7, #4]
 224 0092 03F10403 		add	r3, r3, #4
 225 0096 7B60     		str	r3, [r7, #4]
 226              	.L10:
 299:.\Generated_Source\PSoC5/Cm3Start.c ****         for (count = 0u; count != limit; count += sizeof (uint32))
 227              		.loc 1 299 0 is_stmt 0 discriminator 1
 228 0098 7A68     		ldr	r2, [r7, #4]
 229 009a 3B68     		ldr	r3, [r7, #0]
 230 009c 9A42     		cmp	r2, r3
 231 009e EFD1     		bne	.L11
 232              	.LBE2:
 287:.\Generated_Source\PSoC5/Cm3Start.c ****     for (regions = __cy_region_num, rptr = __cy_regions; regions--; rptr++)
 233              		.loc 1 287 0 is_stmt 1
 234 00a0 3B69     		ldr	r3, [r7, #16]
 235 00a2 03F11003 		add	r3, r3, #16
 236 00a6 3B61     		str	r3, [r7, #16]
 237              	.L7:
 287:.\Generated_Source\PSoC5/Cm3Start.c ****     for (regions = __cy_region_num, rptr = __cy_regions; regions--; rptr++)
 238              		.loc 1 287 0 is_stmt 0 discriminator 1
 239 00a8 7B69     		ldr	r3, [r7, #20]
 240 00aa 002B     		cmp	r3, #0
 241 00ac 0CBF     		ite	eq
 242 00ae 0023     		moveq	r3, #0
 243 00b0 0123     		movne	r3, #1
 244 00b2 DBB2     		uxtb	r3, r3
 245 00b4 7A69     		ldr	r2, [r7, #20]
 246 00b6 02F1FF32 		add	r2, r2, #-1
 247 00ba 7A61     		str	r2, [r7, #20]
 248 00bc 002B     		cmp	r3, #0
 249 00be B7D1     		bne	.L12
 302:.\Generated_Source\PSoC5/Cm3Start.c ****         }
 303:.\Generated_Source\PSoC5/Cm3Start.c ****     }
 304:.\Generated_Source\PSoC5/Cm3Start.c **** 
 305:.\Generated_Source\PSoC5/Cm3Start.c ****     /* Invoke static objects constructors */
 306:.\Generated_Source\PSoC5/Cm3Start.c ****     __libc_init_array();
 250              		.loc 1 306 0 is_stmt 1
ARM GAS  C:\Users\Robert\AppData\Local\Temp\ccFGD2zT.s 			page 11


 251 00c0 FFF7FEFF 		bl	__libc_init_array
 307:.\Generated_Source\PSoC5/Cm3Start.c ****     (void) main();
 252              		.loc 1 307 0
 253 00c4 FFF7FEFF 		bl	main
 254              	.L13:
 308:.\Generated_Source\PSoC5/Cm3Start.c **** 
 309:.\Generated_Source\PSoC5/Cm3Start.c ****     while (1)
 310:.\Generated_Source\PSoC5/Cm3Start.c ****     {
 311:.\Generated_Source\PSoC5/Cm3Start.c ****         /* If main returns, make sure we don't return. */
 312:.\Generated_Source\PSoC5/Cm3Start.c ****     }
 255              		.loc 1 312 0 discriminator 1
 256 00c8 FEE7     		b	.L13
 257              		.cfi_endproc
 258              	.LFE3:
 259              		.size	Start_c, .-Start_c
 260              		.global	RomVectors
 261 00ca 00BF     		.section	.romvectors,"a",%progbits
 262              		.align	2
 263              		.type	RomVectors, %object
 264              		.size	RomVectors, 16
 265              	RomVectors:
 266 0000 00000000 		.word	__cy_stack
 267 0004 00000000 		.word	Reset
 268 0008 00000000 		.word	IntDefaultHandler
 269 000c 00000000 		.word	IntDefaultHandler
 270              		.section	.text.initialize_psoc,"ax",%progbits
 271              		.align	2
 272              		.global	initialize_psoc
 273              		.thumb
 274              		.thumb_func
 275              		.type	initialize_psoc, %function
 276              	initialize_psoc:
 277              	.LFB4:
 313:.\Generated_Source\PSoC5/Cm3Start.c **** }
 314:.\Generated_Source\PSoC5/Cm3Start.c **** 
 315:.\Generated_Source\PSoC5/Cm3Start.c **** 
 316:.\Generated_Source\PSoC5/Cm3Start.c **** #elif defined (__ICCARM__)
 317:.\Generated_Source\PSoC5/Cm3Start.c **** 
 318:.\Generated_Source\PSoC5/Cm3Start.c **** /*******************************************************************************
 319:.\Generated_Source\PSoC5/Cm3Start.c **** * Function Name: __low_level_init
 320:.\Generated_Source\PSoC5/Cm3Start.c **** ********************************************************************************
 321:.\Generated_Source\PSoC5/Cm3Start.c **** *
 322:.\Generated_Source\PSoC5/Cm3Start.c **** * Summary:
 323:.\Generated_Source\PSoC5/Cm3Start.c **** *  This function performs early initializations for the IAR Embedded
 324:.\Generated_Source\PSoC5/Cm3Start.c **** *  Workbench IDE. It is executed in the context of a reset interrupt handler
 325:.\Generated_Source\PSoC5/Cm3Start.c **** *  before the data sections are initialized.
 326:.\Generated_Source\PSoC5/Cm3Start.c **** *
 327:.\Generated_Source\PSoC5/Cm3Start.c **** * Parameters:
 328:.\Generated_Source\PSoC5/Cm3Start.c **** *  None
 329:.\Generated_Source\PSoC5/Cm3Start.c **** *
 330:.\Generated_Source\PSoC5/Cm3Start.c **** * Return:
 331:.\Generated_Source\PSoC5/Cm3Start.c **** *  The value that determines whether or not data sections should be initialized
 332:.\Generated_Source\PSoC5/Cm3Start.c **** *  by the system startup code:
 333:.\Generated_Source\PSoC5/Cm3Start.c **** *    0 - skip data sections initialization;
 334:.\Generated_Source\PSoC5/Cm3Start.c **** *    1 - initialize data sections;
 335:.\Generated_Source\PSoC5/Cm3Start.c **** *
 336:.\Generated_Source\PSoC5/Cm3Start.c **** *******************************************************************************/
ARM GAS  C:\Users\Robert\AppData\Local\Temp\ccFGD2zT.s 			page 12


 337:.\Generated_Source\PSoC5/Cm3Start.c **** int __low_level_init(void)
 338:.\Generated_Source\PSoC5/Cm3Start.c **** {
 339:.\Generated_Source\PSoC5/Cm3Start.c ****     #if(CYDEV_PROJ_TYPE != CYDEV_PROJ_TYPE_LOADABLE)
 340:.\Generated_Source\PSoC5/Cm3Start.c **** 
 341:.\Generated_Source\PSoC5/Cm3Start.c ****         /* For PSoC 5LP, debugging is enabled by default */
 342:.\Generated_Source\PSoC5/Cm3Start.c ****         #if(CYDEV_DEBUGGING_ENABLE == 0)
 343:.\Generated_Source\PSoC5/Cm3Start.c ****             *(reg32 *)(CYDEV_DEBUG_ENABLE_REGISTER) |= CYDEV_DEBUG_ENABLE_MASK;
 344:.\Generated_Source\PSoC5/Cm3Start.c ****         #endif /* (CYDEV_DEBUGGING_ENABLE) */
 345:.\Generated_Source\PSoC5/Cm3Start.c **** 
 346:.\Generated_Source\PSoC5/Cm3Start.c ****         /* Reset Status Register has Read-to-clear SW access mode.
 347:.\Generated_Source\PSoC5/Cm3Start.c ****         * Preserve current RESET_SR0 state to make it available for next reading.
 348:.\Generated_Source\PSoC5/Cm3Start.c ****         */
 349:.\Generated_Source\PSoC5/Cm3Start.c ****         *(reg32 *)(CYREG_PHUB_CFGMEM23_CFG1) = *(reg32 *)(CYREG_RESET_SR0);
 350:.\Generated_Source\PSoC5/Cm3Start.c **** 
 351:.\Generated_Source\PSoC5/Cm3Start.c ****     #endif  /* (CYDEV_PROJ_TYPE != CYDEV_PROJ_TYPE_LOADABLE) */
 352:.\Generated_Source\PSoC5/Cm3Start.c **** 
 353:.\Generated_Source\PSoC5/Cm3Start.c ****     #if (CYDEV_BOOTLOADER_ENABLE)
 354:.\Generated_Source\PSoC5/Cm3Start.c ****         CyBtldr_CheckLaunch();
 355:.\Generated_Source\PSoC5/Cm3Start.c ****     #endif /* CYDEV_BOOTLOADER_ENABLE */
 356:.\Generated_Source\PSoC5/Cm3Start.c **** 
 357:.\Generated_Source\PSoC5/Cm3Start.c ****     /* Initialize data sections */
 358:.\Generated_Source\PSoC5/Cm3Start.c ****     __iar_data_init3();
 359:.\Generated_Source\PSoC5/Cm3Start.c **** 
 360:.\Generated_Source\PSoC5/Cm3Start.c ****     initialize_psoc();
 361:.\Generated_Source\PSoC5/Cm3Start.c **** 
 362:.\Generated_Source\PSoC5/Cm3Start.c ****     return 0;
 363:.\Generated_Source\PSoC5/Cm3Start.c **** }
 364:.\Generated_Source\PSoC5/Cm3Start.c **** 
 365:.\Generated_Source\PSoC5/Cm3Start.c **** #endif /* __GNUC__ */
 366:.\Generated_Source\PSoC5/Cm3Start.c **** 
 367:.\Generated_Source\PSoC5/Cm3Start.c **** 
 368:.\Generated_Source\PSoC5/Cm3Start.c **** /*******************************************************************************
 369:.\Generated_Source\PSoC5/Cm3Start.c **** *
 370:.\Generated_Source\PSoC5/Cm3Start.c **** * Default Rom Interrupt Vector table.
 371:.\Generated_Source\PSoC5/Cm3Start.c **** *
 372:.\Generated_Source\PSoC5/Cm3Start.c **** *******************************************************************************/
 373:.\Generated_Source\PSoC5/Cm3Start.c **** #if defined(__ARMCC_VERSION)
 374:.\Generated_Source\PSoC5/Cm3Start.c ****     /* Suppress diagnostic message 1296-D: extended constant initialiser used */
 375:.\Generated_Source\PSoC5/Cm3Start.c ****     #pragma diag_suppress 1296
 376:.\Generated_Source\PSoC5/Cm3Start.c **** #endif  /* defined(__ARMCC_VERSION) */
 377:.\Generated_Source\PSoC5/Cm3Start.c **** 
 378:.\Generated_Source\PSoC5/Cm3Start.c **** #if defined (__ICCARM__)
 379:.\Generated_Source\PSoC5/Cm3Start.c ****     #pragma location=".romvectors"
 380:.\Generated_Source\PSoC5/Cm3Start.c ****     const intvec_elem __vector_table[CY_NUM_ROM_VECTORS] =
 381:.\Generated_Source\PSoC5/Cm3Start.c **** #else
 382:.\Generated_Source\PSoC5/Cm3Start.c ****     CY_SECTION(".romvectors")
 383:.\Generated_Source\PSoC5/Cm3Start.c ****     const cyisraddress RomVectors[CY_NUM_ROM_VECTORS] =
 384:.\Generated_Source\PSoC5/Cm3Start.c **** #endif  /* defined (__ICCARM__) */
 385:.\Generated_Source\PSoC5/Cm3Start.c **** {
 386:.\Generated_Source\PSoC5/Cm3Start.c ****     INITIAL_STACK_POINTER,   /* Initial stack pointer  0 */
 387:.\Generated_Source\PSoC5/Cm3Start.c ****     #if defined (__ICCARM__) /* Reset handler          1 */
 388:.\Generated_Source\PSoC5/Cm3Start.c ****         __iar_program_start,
 389:.\Generated_Source\PSoC5/Cm3Start.c ****     #else
 390:.\Generated_Source\PSoC5/Cm3Start.c ****         (cyisraddress)&Reset,
 391:.\Generated_Source\PSoC5/Cm3Start.c ****     #endif  /* defined (__ICCARM__) */
 392:.\Generated_Source\PSoC5/Cm3Start.c ****     &IntDefaultHandler,      /* NMI handler            2 */
 393:.\Generated_Source\PSoC5/Cm3Start.c ****     &IntDefaultHandler,      /* Hard fault handler     3 */
ARM GAS  C:\Users\Robert\AppData\Local\Temp\ccFGD2zT.s 			page 13


 394:.\Generated_Source\PSoC5/Cm3Start.c **** };
 395:.\Generated_Source\PSoC5/Cm3Start.c **** 
 396:.\Generated_Source\PSoC5/Cm3Start.c **** #if defined(__ARMCC_VERSION)
 397:.\Generated_Source\PSoC5/Cm3Start.c ****     #pragma diag_default 1296
 398:.\Generated_Source\PSoC5/Cm3Start.c **** #endif  /* defined(__ARMCC_VERSION) */
 399:.\Generated_Source\PSoC5/Cm3Start.c **** 
 400:.\Generated_Source\PSoC5/Cm3Start.c **** 
 401:.\Generated_Source\PSoC5/Cm3Start.c **** /*******************************************************************************
 402:.\Generated_Source\PSoC5/Cm3Start.c **** * Function Name: initialize_psoc
 403:.\Generated_Source\PSoC5/Cm3Start.c **** ********************************************************************************
 404:.\Generated_Source\PSoC5/Cm3Start.c **** *
 405:.\Generated_Source\PSoC5/Cm3Start.c **** * Summary:
 406:.\Generated_Source\PSoC5/Cm3Start.c **** *  This function used to initialize the PSoC chip before calling main.
 407:.\Generated_Source\PSoC5/Cm3Start.c **** *
 408:.\Generated_Source\PSoC5/Cm3Start.c **** * Parameters:
 409:.\Generated_Source\PSoC5/Cm3Start.c **** *  None
 410:.\Generated_Source\PSoC5/Cm3Start.c **** *
 411:.\Generated_Source\PSoC5/Cm3Start.c **** * Return:
 412:.\Generated_Source\PSoC5/Cm3Start.c **** *  None
 413:.\Generated_Source\PSoC5/Cm3Start.c **** *
 414:.\Generated_Source\PSoC5/Cm3Start.c **** *******************************************************************************/
 415:.\Generated_Source\PSoC5/Cm3Start.c **** #if (defined(__GNUC__) && !defined(__ARMCC_VERSION))
 416:.\Generated_Source\PSoC5/Cm3Start.c **** __attribute__ ((constructor(101)))
 417:.\Generated_Source\PSoC5/Cm3Start.c **** #endif
 418:.\Generated_Source\PSoC5/Cm3Start.c **** void initialize_psoc(void)
 419:.\Generated_Source\PSoC5/Cm3Start.c **** {
 278              		.loc 1 419 0
 279              		.cfi_startproc
 280              		@ args = 0, pretend = 0, frame = 8
 281              		@ frame_needed = 1, uses_anonymous_args = 0
 282 0000 80B5     		push	{r7, lr}
 283              	.LCFI10:
 284              		.cfi_def_cfa_offset 8
 285              		.cfi_offset 7, -8
 286              		.cfi_offset 14, -4
 287 0002 82B0     		sub	sp, sp, #8
 288              	.LCFI11:
 289              		.cfi_def_cfa_offset 16
 290 0004 00AF     		add	r7, sp, #0
 291              	.LCFI12:
 292              		.cfi_def_cfa_register 7
 420:.\Generated_Source\PSoC5/Cm3Start.c ****     uint32 i;
 421:.\Generated_Source\PSoC5/Cm3Start.c **** 
 422:.\Generated_Source\PSoC5/Cm3Start.c ****     /* Set Priority group 5. */
 423:.\Generated_Source\PSoC5/Cm3Start.c **** 
 424:.\Generated_Source\PSoC5/Cm3Start.c ****     /* Writes to NVIC_APINT register require the VECTKEY in the upper half */
 425:.\Generated_Source\PSoC5/Cm3Start.c ****     *CY_NVIC_APINT_PTR = CY_NVIC_APINT_VECTKEY | CY_NVIC_APINT_PRIGROUP_3_5;
 293              		.loc 1 425 0
 294 0006 4EF60C53 		movw	r3, #60684
 295 000a CEF20003 		movt	r3, 57344
 296 000e 4FF48062 		mov	r2, #1024
 297 0012 C0F2FA52 		movt	r2, 1530
 298 0016 1A60     		str	r2, [r3, #0]
 426:.\Generated_Source\PSoC5/Cm3Start.c ****     *CY_NVIC_CFG_CTRL_PTR |= CY_NVIC_CFG_STACKALIGN;
 299              		.loc 1 426 0
 300 0018 4EF61453 		movw	r3, #60692
 301 001c CEF20003 		movt	r3, 57344
ARM GAS  C:\Users\Robert\AppData\Local\Temp\ccFGD2zT.s 			page 14


 302 0020 4EF61452 		movw	r2, #60692
 303 0024 CEF20002 		movt	r2, 57344
 304 0028 1268     		ldr	r2, [r2, #0]
 305 002a 42F40072 		orr	r2, r2, #512
 306 002e 1A60     		str	r2, [r3, #0]
 427:.\Generated_Source\PSoC5/Cm3Start.c **** 
 428:.\Generated_Source\PSoC5/Cm3Start.c ****     /* Set Ram interrupt vectors to default functions. */
 429:.\Generated_Source\PSoC5/Cm3Start.c ****     for (i = 0u; i < CY_NUM_VECTORS; i++)
 307              		.loc 1 429 0
 308 0030 4FF00003 		mov	r3, #0
 309 0034 7B60     		str	r3, [r7, #4]
 310 0036 19E0     		b	.L15
 311              	.L18:
 430:.\Generated_Source\PSoC5/Cm3Start.c ****     {
 431:.\Generated_Source\PSoC5/Cm3Start.c ****         #if defined (__ICCARM__)
 432:.\Generated_Source\PSoC5/Cm3Start.c ****             CyRamVectors[i] = (i < CY_NUM_ROM_VECTORS) ? __vector_table[i].__fun : &IntDefaultHandl
 433:.\Generated_Source\PSoC5/Cm3Start.c ****         #else
 434:.\Generated_Source\PSoC5/Cm3Start.c ****             CyRamVectors[i] = (i < CY_NUM_ROM_VECTORS) ? RomVectors[i] : &IntDefaultHandler;
 312              		.loc 1 434 0
 313 0038 7B68     		ldr	r3, [r7, #4]
 314 003a 032B     		cmp	r3, #3
 315 003c 07D8     		bhi	.L16
 316              		.loc 1 434 0 is_stmt 0 discriminator 1
 317 003e 40F20003 		movw	r3, #:lower16:RomVectors
 318 0042 C0F20003 		movt	r3, #:upper16:RomVectors
 319 0046 7A68     		ldr	r2, [r7, #4]
 320 0048 53F82230 		ldr	r3, [r3, r2, lsl #2]
 321 004c 03E0     		b	.L17
 322              	.L16:
 323              		.loc 1 434 0 discriminator 2
 324 004e 40F20003 		movw	r3, #:lower16:IntDefaultHandler
 325 0052 C0F20003 		movt	r3, #:upper16:IntDefaultHandler
 326              	.L17:
 327              		.loc 1 434 0 discriminator 3
 328 0056 40F20002 		movw	r2, #:lower16:CyRamVectors
 329 005a C0F20002 		movt	r2, #:upper16:CyRamVectors
 330 005e 7968     		ldr	r1, [r7, #4]
 331 0060 42F82130 		str	r3, [r2, r1, lsl #2]
 429:.\Generated_Source\PSoC5/Cm3Start.c ****     for (i = 0u; i < CY_NUM_VECTORS; i++)
 332              		.loc 1 429 0 is_stmt 1 discriminator 3
 333 0064 7B68     		ldr	r3, [r7, #4]
 334 0066 03F10103 		add	r3, r3, #1
 335 006a 7B60     		str	r3, [r7, #4]
 336              	.L15:
 429:.\Generated_Source\PSoC5/Cm3Start.c ****     for (i = 0u; i < CY_NUM_VECTORS; i++)
 337              		.loc 1 429 0 is_stmt 0 discriminator 1
 338 006c 7B68     		ldr	r3, [r7, #4]
 339 006e 2F2B     		cmp	r3, #47
 340 0070 E2D9     		bls	.L18
 435:.\Generated_Source\PSoC5/Cm3Start.c ****         #endif  /* defined (__ICCARM__) */
 436:.\Generated_Source\PSoC5/Cm3Start.c ****     }
 437:.\Generated_Source\PSoC5/Cm3Start.c **** 
 438:.\Generated_Source\PSoC5/Cm3Start.c ****     /* Was stored in CFGMEM to avoid being cleared while SRAM gets cleared */
 439:.\Generated_Source\PSoC5/Cm3Start.c ****     CyResetStatus = CY_GET_REG8(CYREG_PHUB_CFGMEM23_CFG1);
 341              		.loc 1 439 0 is_stmt 1
 342 0072 47F2BC63 		movw	r3, #30396
 343 0076 C4F20003 		movt	r3, 16384
ARM GAS  C:\Users\Robert\AppData\Local\Temp\ccFGD2zT.s 			page 15


 344 007a 1B78     		ldrb	r3, [r3, #0]
 345 007c DAB2     		uxtb	r2, r3
 346 007e 40F20003 		movw	r3, #:lower16:CyResetStatus
 347 0082 C0F20003 		movt	r3, #:upper16:CyResetStatus
 348 0086 1A70     		strb	r2, [r3, #0]
 440:.\Generated_Source\PSoC5/Cm3Start.c **** 
 441:.\Generated_Source\PSoC5/Cm3Start.c ****     /* Point NVIC at RAM vector table. */
 442:.\Generated_Source\PSoC5/Cm3Start.c ****     *CYINT_VECT_TABLE = CyRamVectors;
 349              		.loc 1 442 0
 350 0088 4EF60853 		movw	r3, #60680
 351 008c CEF20003 		movt	r3, 57344
 352 0090 40F20002 		movw	r2, #:lower16:CyRamVectors
 353 0094 C0F20002 		movt	r2, #:upper16:CyRamVectors
 354 0098 1A60     		str	r2, [r3, #0]
 443:.\Generated_Source\PSoC5/Cm3Start.c **** 
 444:.\Generated_Source\PSoC5/Cm3Start.c ****     /* Initialize the configuration registers. */
 445:.\Generated_Source\PSoC5/Cm3Start.c ****     cyfitter_cfg();
 355              		.loc 1 445 0
 356 009a FFF7FEFF 		bl	cyfitter_cfg
 446:.\Generated_Source\PSoC5/Cm3Start.c **** 
 447:.\Generated_Source\PSoC5/Cm3Start.c ****     #if(0u != DMA_CHANNELS_USED__MASK0)
 448:.\Generated_Source\PSoC5/Cm3Start.c **** 
 449:.\Generated_Source\PSoC5/Cm3Start.c ****         /* Setup DMA - only necessary if design contains DMA component. */
 450:.\Generated_Source\PSoC5/Cm3Start.c ****         CyDmacConfigure();
 451:.\Generated_Source\PSoC5/Cm3Start.c **** 
 452:.\Generated_Source\PSoC5/Cm3Start.c ****     #endif  /* (0u != DMA_CHANNELS_USED__MASK0) */
 453:.\Generated_Source\PSoC5/Cm3Start.c **** 
 454:.\Generated_Source\PSoC5/Cm3Start.c ****     #if !defined (__ICCARM__)
 455:.\Generated_Source\PSoC5/Cm3Start.c ****         /* Actually, no need to clean this variable, just to make compiler happy. */
 456:.\Generated_Source\PSoC5/Cm3Start.c ****         cySysNoInitDataValid = 0u;
 357              		.loc 1 456 0
 358 009e 40F20003 		movw	r3, #:lower16:cySysNoInitDataValid
 359 00a2 C0F20003 		movt	r3, #:upper16:cySysNoInitDataValid
 360 00a6 4FF00002 		mov	r2, #0
 361 00aa 1A60     		str	r2, [r3, #0]
 457:.\Generated_Source\PSoC5/Cm3Start.c ****     #endif  /* !defined (__ICCARM__) */
 458:.\Generated_Source\PSoC5/Cm3Start.c **** }
 362              		.loc 1 458 0
 363 00ac 07F10807 		add	r7, r7, #8
 364 00b0 BD46     		mov	sp, r7
 365 00b2 80BD     		pop	{r7, pc}
 366              		.cfi_endproc
 367              	.LFE4:
 368              		.size	initialize_psoc, .-initialize_psoc
 369              		.section	.init_array,"aw",%init_array
 370              		.align	2
 371 0000 00000000 		.word	initialize_psoc(target1)
 372              		.weak	__cy_region_num
 373              		.text
 374              	.Letext0:
 375              		.file 2 ".\\Generated_Source\\PSoC5\\cytypes.h"
 376              		.file 3 "c:\\program files (x86)\\cypress\\psoc creator\\3.0\\psoc creator\\import\\gnu_cs\\arm\\4
 377              		.file 4 ".\\Generated_Source\\PSoC5\\CyLib.h"
 378              		.section	.debug_info,"",%progbits
 379              	.Ldebug_info0:
 380 0000 E6020000 		.4byte	0x2e6
 381 0004 0200     		.2byte	0x2
ARM GAS  C:\Users\Robert\AppData\Local\Temp\ccFGD2zT.s 			page 16


 382 0006 00000000 		.4byte	.Ldebug_abbrev0
 383 000a 04       		.byte	0x4
 384 000b 01       		.uleb128 0x1
 385 000c F0010000 		.4byte	.LASF39
 386 0010 01       		.byte	0x1
 387 0011 00000000 		.4byte	.LASF40
 388 0015 74000000 		.4byte	.LASF41
 389 0019 00000000 		.4byte	.Ldebug_ranges0+0
 390 001d 00000000 		.4byte	0
 391 0021 00000000 		.4byte	0
 392 0025 00000000 		.4byte	.Ldebug_line0
 393 0029 02       		.uleb128 0x2
 394 002a 01       		.byte	0x1
 395 002b 06       		.byte	0x6
 396 002c 50020000 		.4byte	.LASF0
 397 0030 02       		.uleb128 0x2
 398 0031 01       		.byte	0x1
 399 0032 08       		.byte	0x8
 400 0033 F1000000 		.4byte	.LASF1
 401 0037 02       		.uleb128 0x2
 402 0038 02       		.byte	0x2
 403 0039 05       		.byte	0x5
 404 003a E6010000 		.4byte	.LASF2
 405 003e 02       		.uleb128 0x2
 406 003f 02       		.byte	0x2
 407 0040 07       		.byte	0x7
 408 0041 4C000000 		.4byte	.LASF3
 409 0045 02       		.uleb128 0x2
 410 0046 04       		.byte	0x4
 411 0047 05       		.byte	0x5
 412 0048 39020000 		.4byte	.LASF4
 413 004c 02       		.uleb128 0x2
 414 004d 04       		.byte	0x4
 415 004e 07       		.byte	0x7
 416 004f 0A010000 		.4byte	.LASF5
 417 0053 02       		.uleb128 0x2
 418 0054 08       		.byte	0x8
 419 0055 05       		.byte	0x5
 420 0056 D3010000 		.4byte	.LASF6
 421 005a 02       		.uleb128 0x2
 422 005b 08       		.byte	0x8
 423 005c 07       		.byte	0x7
 424 005d 80010000 		.4byte	.LASF7
 425 0061 03       		.uleb128 0x3
 426 0062 04       		.byte	0x4
 427 0063 05       		.byte	0x5
 428 0064 696E7400 		.ascii	"int\000"
 429 0068 02       		.uleb128 0x2
 430 0069 04       		.byte	0x4
 431 006a 07       		.byte	0x7
 432 006b 73010000 		.4byte	.LASF8
 433 006f 04       		.uleb128 0x4
 434 0070 31010000 		.4byte	.LASF9
 435 0074 02       		.byte	0x2
 436 0075 5B       		.byte	0x5b
 437 0076 30000000 		.4byte	0x30
 438 007a 04       		.uleb128 0x4
ARM GAS  C:\Users\Robert\AppData\Local\Temp\ccFGD2zT.s 			page 17


 439 007b 6C010000 		.4byte	.LASF10
 440 007f 02       		.byte	0x2
 441 0080 5D       		.byte	0x5d
 442 0081 4C000000 		.4byte	0x4c
 443 0085 02       		.uleb128 0x2
 444 0086 04       		.byte	0x4
 445 0087 04       		.byte	0x4
 446 0088 E6000000 		.4byte	.LASF11
 447 008c 02       		.uleb128 0x2
 448 008d 08       		.byte	0x8
 449 008e 04       		.byte	0x4
 450 008f 55010000 		.4byte	.LASF12
 451 0093 02       		.uleb128 0x2
 452 0094 01       		.byte	0x1
 453 0095 08       		.byte	0x8
 454 0096 E1010000 		.4byte	.LASF13
 455 009a 04       		.uleb128 0x4
 456 009b C5010000 		.4byte	.LASF14
 457 009f 02       		.byte	0x2
 458 00a0 F0       		.byte	0xf0
 459 00a1 A5000000 		.4byte	0xa5
 460 00a5 05       		.uleb128 0x5
 461 00a6 6F000000 		.4byte	0x6f
 462 00aa 04       		.uleb128 0x4
 463 00ab 24000000 		.4byte	.LASF15
 464 00af 02       		.byte	0x2
 465 00b0 F2       		.byte	0xf2
 466 00b1 B5000000 		.4byte	0xb5
 467 00b5 05       		.uleb128 0x5
 468 00b6 7A000000 		.4byte	0x7a
 469 00ba 06       		.uleb128 0x6
 470 00bb 9D010000 		.4byte	.LASF16
 471 00bf 02       		.byte	0x2
 472 00c0 0201     		.2byte	0x102
 473 00c2 C6000000 		.4byte	0xc6
 474 00c6 07       		.uleb128 0x7
 475 00c7 04       		.byte	0x4
 476 00c8 CC000000 		.4byte	0xcc
 477 00cc 08       		.uleb128 0x8
 478 00cd 01       		.byte	0x1
 479 00ce 02       		.uleb128 0x2
 480 00cf 04       		.byte	0x4
 481 00d0 07       		.byte	0x7
 482 00d1 CA010000 		.4byte	.LASF17
 483 00d5 09       		.uleb128 0x9
 484 00d6 93000000 		.4byte	0x93
 485 00da 04       		.uleb128 0x4
 486 00db 2A000000 		.4byte	.LASF18
 487 00df 03       		.byte	0x3
 488 00e0 D5       		.byte	0xd5
 489 00e1 68000000 		.4byte	0x68
 490 00e5 04       		.uleb128 0x4
 491 00e6 B4010000 		.4byte	.LASF19
 492 00ea 01       		.byte	0x1
 493 00eb C7       		.byte	0xc7
 494 00ec 30000000 		.4byte	0x30
 495 00f0 0A       		.uleb128 0xa
ARM GAS  C:\Users\Robert\AppData\Local\Temp\ccFGD2zT.s 			page 18


 496 00f1 71020000 		.4byte	.LASF42
 497 00f5 10       		.byte	0x10
 498 00f6 01       		.byte	0x1
 499 00f7 C9       		.byte	0xc9
 500 00f8 35010000 		.4byte	0x135
 501 00fc 0B       		.uleb128 0xb
 502 00fd 6F000000 		.4byte	.LASF20
 503 0101 01       		.byte	0x1
 504 0102 CB       		.byte	0xcb
 505 0103 35010000 		.4byte	0x135
 506 0107 02       		.byte	0x2
 507 0108 23       		.byte	0x23
 508 0109 00       		.uleb128 0
 509 010a 0B       		.uleb128 0xb
 510 010b EC000000 		.4byte	.LASF21
 511 010f 01       		.byte	0x1
 512 0110 CC       		.byte	0xcc
 513 0111 35010000 		.4byte	0x135
 514 0115 02       		.byte	0x2
 515 0116 23       		.byte	0x23
 516 0117 04       		.uleb128 0x4
 517 0118 0B       		.uleb128 0xb
 518 0119 AA010000 		.4byte	.LASF22
 519 011d 01       		.byte	0x1
 520 011e CD       		.byte	0xcd
 521 011f DA000000 		.4byte	0xda
 522 0123 02       		.byte	0x2
 523 0124 23       		.byte	0x23
 524 0125 08       		.uleb128 0x8
 525 0126 0B       		.uleb128 0xb
 526 0127 D7000000 		.4byte	.LASF23
 527 012b 01       		.byte	0x1
 528 012c CE       		.byte	0xce
 529 012d DA000000 		.4byte	0xda
 530 0131 02       		.byte	0x2
 531 0132 23       		.byte	0x23
 532 0133 0C       		.uleb128 0xc
 533 0134 00       		.byte	0
 534 0135 07       		.uleb128 0x7
 535 0136 04       		.byte	0x4
 536 0137 E5000000 		.4byte	0xe5
 537 013b 0C       		.uleb128 0xc
 538 013c 01       		.byte	0x1
 539 013d 43010000 		.4byte	.LASF24
 540 0141 01       		.byte	0x1
 541 0142 5C       		.byte	0x5c
 542 0143 01       		.byte	0x1
 543 0144 00000000 		.4byte	.LFB0
 544 0148 06000000 		.4byte	.LFE0
 545 014c 00000000 		.4byte	.LLST0
 546 0150 01       		.byte	0x1
 547 0151 0D       		.uleb128 0xd
 548 0152 01       		.byte	0x1
 549 0153 37010000 		.4byte	.LASF25
 550 0157 01       		.byte	0x1
 551 0158 E5       		.byte	0xe5
 552 0159 01       		.byte	0x1
ARM GAS  C:\Users\Robert\AppData\Local\Temp\ccFGD2zT.s 			page 19


 553 015a 00000000 		.4byte	.LFB1
 554 015e 08000000 		.4byte	.LFE1
 555 0162 2C000000 		.4byte	.LLST1
 556 0166 01       		.byte	0x1
 557 0167 0E       		.uleb128 0xe
 558 0168 01       		.byte	0x1
 559 0169 3D010000 		.4byte	.LASF26
 560 016d 01       		.byte	0x1
 561 016e FD       		.byte	0xfd
 562 016f 01       		.byte	0x1
 563 0170 00000000 		.4byte	.LFB2
 564 0174 30000000 		.4byte	.LFE2
 565 0178 58000000 		.4byte	.LLST2
 566 017c 01       		.byte	0x1
 567 017d 9D010000 		.4byte	0x19d
 568 0181 0F       		.uleb128 0xf
 569 0182 D0000000 		.4byte	.LASF43
 570 0186 01       		.byte	0x1
 571 0187 FD       		.byte	0xfd
 572 0188 61000000 		.4byte	0x61
 573 018c 02       		.byte	0x2
 574 018d 91       		.byte	0x91
 575 018e 6C       		.sleb128 -20
 576 018f 10       		.uleb128 0x10
 577 0190 7800     		.ascii	"x\000"
 578 0192 01       		.byte	0x1
 579 0193 0001     		.2byte	0x100
 580 0195 61000000 		.4byte	0x61
 581 0199 02       		.byte	0x2
 582 019a 91       		.byte	0x91
 583 019b 74       		.sleb128 -12
 584 019c 00       		.byte	0
 585 019d 11       		.uleb128 0x11
 586 019e 01       		.byte	0x1
 587 019f 3E000000 		.4byte	.LASF27
 588 01a3 01       		.byte	0x1
 589 01a4 1901     		.2byte	0x119
 590 01a6 01       		.byte	0x1
 591 01a7 00000000 		.4byte	.LFB3
 592 01ab CA000000 		.4byte	.LFE3
 593 01af 90000000 		.4byte	.LLST3
 594 01b3 01       		.byte	0x1
 595 01b4 1D020000 		.4byte	0x21d
 596 01b8 12       		.uleb128 0x12
 597 01b9 69020000 		.4byte	.LASF28
 598 01bd 01       		.byte	0x1
 599 01be 1B01     		.2byte	0x11b
 600 01c0 68000000 		.4byte	0x68
 601 01c4 02       		.byte	0x2
 602 01c5 91       		.byte	0x91
 603 01c6 74       		.sleb128 -12
 604 01c7 12       		.uleb128 0x12
 605 01c8 E1000000 		.4byte	.LASF29
 606 01cc 01       		.byte	0x1
 607 01cd 1C01     		.2byte	0x11c
 608 01cf 1D020000 		.4byte	0x21d
 609 01d3 02       		.byte	0x2
ARM GAS  C:\Users\Robert\AppData\Local\Temp\ccFGD2zT.s 			page 20


 610 01d4 91       		.byte	0x91
 611 01d5 70       		.sleb128 -16
 612 01d6 13       		.uleb128 0x13
 613 01d7 30000000 		.4byte	.LBB2
 614 01db A0000000 		.4byte	.LBE2
 615 01df 10       		.uleb128 0x10
 616 01e0 73726300 		.ascii	"src\000"
 617 01e4 01       		.byte	0x1
 618 01e5 2101     		.2byte	0x121
 619 01e7 28020000 		.4byte	0x228
 620 01eb 02       		.byte	0x2
 621 01ec 91       		.byte	0x91
 622 01ed 6C       		.sleb128 -20
 623 01ee 10       		.uleb128 0x10
 624 01ef 64737400 		.ascii	"dst\000"
 625 01f3 01       		.byte	0x1
 626 01f4 2201     		.2byte	0x122
 627 01f6 28020000 		.4byte	0x228
 628 01fa 02       		.byte	0x2
 629 01fb 91       		.byte	0x91
 630 01fc 68       		.sleb128 -24
 631 01fd 12       		.uleb128 0x12
 632 01fe 97010000 		.4byte	.LASF30
 633 0202 01       		.byte	0x1
 634 0203 2301     		.2byte	0x123
 635 0205 68000000 		.4byte	0x68
 636 0209 02       		.byte	0x2
 637 020a 91       		.byte	0x91
 638 020b 60       		.sleb128 -32
 639 020c 12       		.uleb128 0x12
 640 020d 46000000 		.4byte	.LASF31
 641 0211 01       		.byte	0x1
 642 0212 2401     		.2byte	0x124
 643 0214 68000000 		.4byte	0x68
 644 0218 02       		.byte	0x2
 645 0219 91       		.byte	0x91
 646 021a 64       		.sleb128 -28
 647 021b 00       		.byte	0
 648 021c 00       		.byte	0
 649 021d 07       		.uleb128 0x7
 650 021e 04       		.byte	0x4
 651 021f 23020000 		.4byte	0x223
 652 0223 09       		.uleb128 0x9
 653 0224 F0000000 		.4byte	0xf0
 654 0228 07       		.uleb128 0x7
 655 0229 04       		.byte	0x4
 656 022a 7A000000 		.4byte	0x7a
 657 022e 11       		.uleb128 0x11
 658 022f 01       		.byte	0x1
 659 0230 5C010000 		.4byte	.LASF32
 660 0234 01       		.byte	0x1
 661 0235 A201     		.2byte	0x1a2
 662 0237 01       		.byte	0x1
 663 0238 00000000 		.4byte	.LFB4
 664 023c B4000000 		.4byte	.LFE4
 665 0240 C8000000 		.4byte	.LLST4
 666 0244 01       		.byte	0x1
ARM GAS  C:\Users\Robert\AppData\Local\Temp\ccFGD2zT.s 			page 21


 667 0245 57020000 		.4byte	0x257
 668 0249 10       		.uleb128 0x10
 669 024a 6900     		.ascii	"i\000"
 670 024c 01       		.byte	0x1
 671 024d A401     		.2byte	0x1a4
 672 024f 7A000000 		.4byte	0x7a
 673 0253 02       		.byte	0x2
 674 0254 91       		.byte	0x91
 675 0255 74       		.sleb128 -12
 676 0256 00       		.byte	0
 677 0257 14       		.uleb128 0x14
 678 0258 1C010000 		.4byte	.LASF33
 679 025c 01       		.byte	0x1
 680 025d 39       		.byte	0x39
 681 025e 7A000000 		.4byte	0x7a
 682 0262 05       		.byte	0x5
 683 0263 03       		.byte	0x3
 684 0264 00000000 		.4byte	cySysNoInitDataValid
 685 0268 15       		.uleb128 0x15
 686 0269 42020000 		.4byte	.LASF34
 687 026d 04       		.byte	0x4
 688 026e 2D       		.byte	0x2d
 689 026f 6F000000 		.4byte	0x6f
 690 0273 01       		.byte	0x1
 691 0274 01       		.byte	0x1
 692 0275 16       		.uleb128 0x16
 693 0276 BA000000 		.4byte	0xba
 694 027a 85020000 		.4byte	0x285
 695 027e 17       		.uleb128 0x17
 696 027f CE000000 		.4byte	0xce
 697 0283 2F       		.byte	0x2f
 698 0284 00       		.byte	0
 699 0285 18       		.uleb128 0x18
 700 0286 31000000 		.4byte	.LASF35
 701 028a 01       		.byte	0x1
 702 028b 47       		.byte	0x47
 703 028c 75020000 		.4byte	0x275
 704 0290 01       		.byte	0x1
 705 0291 05       		.byte	0x5
 706 0292 03       		.byte	0x3
 707 0293 00000000 		.4byte	CyRamVectors
 708 0297 16       		.uleb128 0x16
 709 0298 F0000000 		.4byte	0xf0
 710 029c A2020000 		.4byte	0x2a2
 711 02a0 19       		.uleb128 0x19
 712 02a1 00       		.byte	0
 713 02a2 15       		.uleb128 0x15
 714 02a3 5C020000 		.4byte	.LASF36
 715 02a7 01       		.byte	0x1
 716 02a8 D1       		.byte	0xd1
 717 02a9 AF020000 		.4byte	0x2af
 718 02ad 01       		.byte	0x1
 719 02ae 01       		.byte	0x1
 720 02af 09       		.uleb128 0x9
 721 02b0 97020000 		.4byte	0x297
 722 02b4 15       		.uleb128 0x15
 723 02b5 5F000000 		.4byte	.LASF37
ARM GAS  C:\Users\Robert\AppData\Local\Temp\ccFGD2zT.s 			page 22


 724 02b9 01       		.byte	0x1
 725 02ba D2       		.byte	0xd2
 726 02bb D5000000 		.4byte	0xd5
 727 02bf 01       		.byte	0x1
 728 02c0 01       		.byte	0x1
 729 02c1 16       		.uleb128 0x16
 730 02c2 BA000000 		.4byte	0xba
 731 02c6 D1020000 		.4byte	0x2d1
 732 02ca 17       		.uleb128 0x17
 733 02cb CE000000 		.4byte	0xce
 734 02cf 03       		.byte	0x3
 735 02d0 00       		.byte	0
 736 02d1 1A       		.uleb128 0x1a
 737 02d2 FF000000 		.4byte	.LASF38
 738 02d6 01       		.byte	0x1
 739 02d7 7F01     		.2byte	0x17f
 740 02d9 E4020000 		.4byte	0x2e4
 741 02dd 01       		.byte	0x1
 742 02de 05       		.byte	0x5
 743 02df 03       		.byte	0x3
 744 02e0 00000000 		.4byte	RomVectors
 745 02e4 09       		.uleb128 0x9
 746 02e5 C1020000 		.4byte	0x2c1
 747 02e9 00       		.byte	0
 748              		.section	.debug_abbrev,"",%progbits
 749              	.Ldebug_abbrev0:
 750 0000 01       		.uleb128 0x1
 751 0001 11       		.uleb128 0x11
 752 0002 01       		.byte	0x1
 753 0003 25       		.uleb128 0x25
 754 0004 0E       		.uleb128 0xe
 755 0005 13       		.uleb128 0x13
 756 0006 0B       		.uleb128 0xb
 757 0007 03       		.uleb128 0x3
 758 0008 0E       		.uleb128 0xe
 759 0009 1B       		.uleb128 0x1b
 760 000a 0E       		.uleb128 0xe
 761 000b 55       		.uleb128 0x55
 762 000c 06       		.uleb128 0x6
 763 000d 11       		.uleb128 0x11
 764 000e 01       		.uleb128 0x1
 765 000f 52       		.uleb128 0x52
 766 0010 01       		.uleb128 0x1
 767 0011 10       		.uleb128 0x10
 768 0012 06       		.uleb128 0x6
 769 0013 00       		.byte	0
 770 0014 00       		.byte	0
 771 0015 02       		.uleb128 0x2
 772 0016 24       		.uleb128 0x24
 773 0017 00       		.byte	0
 774 0018 0B       		.uleb128 0xb
 775 0019 0B       		.uleb128 0xb
 776 001a 3E       		.uleb128 0x3e
 777 001b 0B       		.uleb128 0xb
 778 001c 03       		.uleb128 0x3
 779 001d 0E       		.uleb128 0xe
 780 001e 00       		.byte	0
ARM GAS  C:\Users\Robert\AppData\Local\Temp\ccFGD2zT.s 			page 23


 781 001f 00       		.byte	0
 782 0020 03       		.uleb128 0x3
 783 0021 24       		.uleb128 0x24
 784 0022 00       		.byte	0
 785 0023 0B       		.uleb128 0xb
 786 0024 0B       		.uleb128 0xb
 787 0025 3E       		.uleb128 0x3e
 788 0026 0B       		.uleb128 0xb
 789 0027 03       		.uleb128 0x3
 790 0028 08       		.uleb128 0x8
 791 0029 00       		.byte	0
 792 002a 00       		.byte	0
 793 002b 04       		.uleb128 0x4
 794 002c 16       		.uleb128 0x16
 795 002d 00       		.byte	0
 796 002e 03       		.uleb128 0x3
 797 002f 0E       		.uleb128 0xe
 798 0030 3A       		.uleb128 0x3a
 799 0031 0B       		.uleb128 0xb
 800 0032 3B       		.uleb128 0x3b
 801 0033 0B       		.uleb128 0xb
 802 0034 49       		.uleb128 0x49
 803 0035 13       		.uleb128 0x13
 804 0036 00       		.byte	0
 805 0037 00       		.byte	0
 806 0038 05       		.uleb128 0x5
 807 0039 35       		.uleb128 0x35
 808 003a 00       		.byte	0
 809 003b 49       		.uleb128 0x49
 810 003c 13       		.uleb128 0x13
 811 003d 00       		.byte	0
 812 003e 00       		.byte	0
 813 003f 06       		.uleb128 0x6
 814 0040 16       		.uleb128 0x16
 815 0041 00       		.byte	0
 816 0042 03       		.uleb128 0x3
 817 0043 0E       		.uleb128 0xe
 818 0044 3A       		.uleb128 0x3a
 819 0045 0B       		.uleb128 0xb
 820 0046 3B       		.uleb128 0x3b
 821 0047 05       		.uleb128 0x5
 822 0048 49       		.uleb128 0x49
 823 0049 13       		.uleb128 0x13
 824 004a 00       		.byte	0
 825 004b 00       		.byte	0
 826 004c 07       		.uleb128 0x7
 827 004d 0F       		.uleb128 0xf
 828 004e 00       		.byte	0
 829 004f 0B       		.uleb128 0xb
 830 0050 0B       		.uleb128 0xb
 831 0051 49       		.uleb128 0x49
 832 0052 13       		.uleb128 0x13
 833 0053 00       		.byte	0
 834 0054 00       		.byte	0
 835 0055 08       		.uleb128 0x8
 836 0056 15       		.uleb128 0x15
 837 0057 00       		.byte	0
ARM GAS  C:\Users\Robert\AppData\Local\Temp\ccFGD2zT.s 			page 24


 838 0058 27       		.uleb128 0x27
 839 0059 0C       		.uleb128 0xc
 840 005a 00       		.byte	0
 841 005b 00       		.byte	0
 842 005c 09       		.uleb128 0x9
 843 005d 26       		.uleb128 0x26
 844 005e 00       		.byte	0
 845 005f 49       		.uleb128 0x49
 846 0060 13       		.uleb128 0x13
 847 0061 00       		.byte	0
 848 0062 00       		.byte	0
 849 0063 0A       		.uleb128 0xa
 850 0064 13       		.uleb128 0x13
 851 0065 01       		.byte	0x1
 852 0066 03       		.uleb128 0x3
 853 0067 0E       		.uleb128 0xe
 854 0068 0B       		.uleb128 0xb
 855 0069 0B       		.uleb128 0xb
 856 006a 3A       		.uleb128 0x3a
 857 006b 0B       		.uleb128 0xb
 858 006c 3B       		.uleb128 0x3b
 859 006d 0B       		.uleb128 0xb
 860 006e 01       		.uleb128 0x1
 861 006f 13       		.uleb128 0x13
 862 0070 00       		.byte	0
 863 0071 00       		.byte	0
 864 0072 0B       		.uleb128 0xb
 865 0073 0D       		.uleb128 0xd
 866 0074 00       		.byte	0
 867 0075 03       		.uleb128 0x3
 868 0076 0E       		.uleb128 0xe
 869 0077 3A       		.uleb128 0x3a
 870 0078 0B       		.uleb128 0xb
 871 0079 3B       		.uleb128 0x3b
 872 007a 0B       		.uleb128 0xb
 873 007b 49       		.uleb128 0x49
 874 007c 13       		.uleb128 0x13
 875 007d 38       		.uleb128 0x38
 876 007e 0A       		.uleb128 0xa
 877 007f 00       		.byte	0
 878 0080 00       		.byte	0
 879 0081 0C       		.uleb128 0xc
 880 0082 2E       		.uleb128 0x2e
 881 0083 00       		.byte	0
 882 0084 3F       		.uleb128 0x3f
 883 0085 0C       		.uleb128 0xc
 884 0086 03       		.uleb128 0x3
 885 0087 0E       		.uleb128 0xe
 886 0088 3A       		.uleb128 0x3a
 887 0089 0B       		.uleb128 0xb
 888 008a 3B       		.uleb128 0x3b
 889 008b 0B       		.uleb128 0xb
 890 008c 27       		.uleb128 0x27
 891 008d 0C       		.uleb128 0xc
 892 008e 11       		.uleb128 0x11
 893 008f 01       		.uleb128 0x1
 894 0090 12       		.uleb128 0x12
ARM GAS  C:\Users\Robert\AppData\Local\Temp\ccFGD2zT.s 			page 25


 895 0091 01       		.uleb128 0x1
 896 0092 40       		.uleb128 0x40
 897 0093 06       		.uleb128 0x6
 898 0094 9742     		.uleb128 0x2117
 899 0096 0C       		.uleb128 0xc
 900 0097 00       		.byte	0
 901 0098 00       		.byte	0
 902 0099 0D       		.uleb128 0xd
 903 009a 2E       		.uleb128 0x2e
 904 009b 00       		.byte	0
 905 009c 3F       		.uleb128 0x3f
 906 009d 0C       		.uleb128 0xc
 907 009e 03       		.uleb128 0x3
 908 009f 0E       		.uleb128 0xe
 909 00a0 3A       		.uleb128 0x3a
 910 00a1 0B       		.uleb128 0xb
 911 00a2 3B       		.uleb128 0x3b
 912 00a3 0B       		.uleb128 0xb
 913 00a4 27       		.uleb128 0x27
 914 00a5 0C       		.uleb128 0xc
 915 00a6 11       		.uleb128 0x11
 916 00a7 01       		.uleb128 0x1
 917 00a8 12       		.uleb128 0x12
 918 00a9 01       		.uleb128 0x1
 919 00aa 40       		.uleb128 0x40
 920 00ab 06       		.uleb128 0x6
 921 00ac 9642     		.uleb128 0x2116
 922 00ae 0C       		.uleb128 0xc
 923 00af 00       		.byte	0
 924 00b0 00       		.byte	0
 925 00b1 0E       		.uleb128 0xe
 926 00b2 2E       		.uleb128 0x2e
 927 00b3 01       		.byte	0x1
 928 00b4 3F       		.uleb128 0x3f
 929 00b5 0C       		.uleb128 0xc
 930 00b6 03       		.uleb128 0x3
 931 00b7 0E       		.uleb128 0xe
 932 00b8 3A       		.uleb128 0x3a
 933 00b9 0B       		.uleb128 0xb
 934 00ba 3B       		.uleb128 0x3b
 935 00bb 0B       		.uleb128 0xb
 936 00bc 27       		.uleb128 0x27
 937 00bd 0C       		.uleb128 0xc
 938 00be 11       		.uleb128 0x11
 939 00bf 01       		.uleb128 0x1
 940 00c0 12       		.uleb128 0x12
 941 00c1 01       		.uleb128 0x1
 942 00c2 40       		.uleb128 0x40
 943 00c3 06       		.uleb128 0x6
 944 00c4 9742     		.uleb128 0x2117
 945 00c6 0C       		.uleb128 0xc
 946 00c7 01       		.uleb128 0x1
 947 00c8 13       		.uleb128 0x13
 948 00c9 00       		.byte	0
 949 00ca 00       		.byte	0
 950 00cb 0F       		.uleb128 0xf
 951 00cc 05       		.uleb128 0x5
ARM GAS  C:\Users\Robert\AppData\Local\Temp\ccFGD2zT.s 			page 26


 952 00cd 00       		.byte	0
 953 00ce 03       		.uleb128 0x3
 954 00cf 0E       		.uleb128 0xe
 955 00d0 3A       		.uleb128 0x3a
 956 00d1 0B       		.uleb128 0xb
 957 00d2 3B       		.uleb128 0x3b
 958 00d3 0B       		.uleb128 0xb
 959 00d4 49       		.uleb128 0x49
 960 00d5 13       		.uleb128 0x13
 961 00d6 02       		.uleb128 0x2
 962 00d7 0A       		.uleb128 0xa
 963 00d8 00       		.byte	0
 964 00d9 00       		.byte	0
 965 00da 10       		.uleb128 0x10
 966 00db 34       		.uleb128 0x34
 967 00dc 00       		.byte	0
 968 00dd 03       		.uleb128 0x3
 969 00de 08       		.uleb128 0x8
 970 00df 3A       		.uleb128 0x3a
 971 00e0 0B       		.uleb128 0xb
 972 00e1 3B       		.uleb128 0x3b
 973 00e2 05       		.uleb128 0x5
 974 00e3 49       		.uleb128 0x49
 975 00e4 13       		.uleb128 0x13
 976 00e5 02       		.uleb128 0x2
 977 00e6 0A       		.uleb128 0xa
 978 00e7 00       		.byte	0
 979 00e8 00       		.byte	0
 980 00e9 11       		.uleb128 0x11
 981 00ea 2E       		.uleb128 0x2e
 982 00eb 01       		.byte	0x1
 983 00ec 3F       		.uleb128 0x3f
 984 00ed 0C       		.uleb128 0xc
 985 00ee 03       		.uleb128 0x3
 986 00ef 0E       		.uleb128 0xe
 987 00f0 3A       		.uleb128 0x3a
 988 00f1 0B       		.uleb128 0xb
 989 00f2 3B       		.uleb128 0x3b
 990 00f3 05       		.uleb128 0x5
 991 00f4 27       		.uleb128 0x27
 992 00f5 0C       		.uleb128 0xc
 993 00f6 11       		.uleb128 0x11
 994 00f7 01       		.uleb128 0x1
 995 00f8 12       		.uleb128 0x12
 996 00f9 01       		.uleb128 0x1
 997 00fa 40       		.uleb128 0x40
 998 00fb 06       		.uleb128 0x6
 999 00fc 9642     		.uleb128 0x2116
 1000 00fe 0C       		.uleb128 0xc
 1001 00ff 01       		.uleb128 0x1
 1002 0100 13       		.uleb128 0x13
 1003 0101 00       		.byte	0
 1004 0102 00       		.byte	0
 1005 0103 12       		.uleb128 0x12
 1006 0104 34       		.uleb128 0x34
 1007 0105 00       		.byte	0
 1008 0106 03       		.uleb128 0x3
ARM GAS  C:\Users\Robert\AppData\Local\Temp\ccFGD2zT.s 			page 27


 1009 0107 0E       		.uleb128 0xe
 1010 0108 3A       		.uleb128 0x3a
 1011 0109 0B       		.uleb128 0xb
 1012 010a 3B       		.uleb128 0x3b
 1013 010b 05       		.uleb128 0x5
 1014 010c 49       		.uleb128 0x49
 1015 010d 13       		.uleb128 0x13
 1016 010e 02       		.uleb128 0x2
 1017 010f 0A       		.uleb128 0xa
 1018 0110 00       		.byte	0
 1019 0111 00       		.byte	0
 1020 0112 13       		.uleb128 0x13
 1021 0113 0B       		.uleb128 0xb
 1022 0114 01       		.byte	0x1
 1023 0115 11       		.uleb128 0x11
 1024 0116 01       		.uleb128 0x1
 1025 0117 12       		.uleb128 0x12
 1026 0118 01       		.uleb128 0x1
 1027 0119 00       		.byte	0
 1028 011a 00       		.byte	0
 1029 011b 14       		.uleb128 0x14
 1030 011c 34       		.uleb128 0x34
 1031 011d 00       		.byte	0
 1032 011e 03       		.uleb128 0x3
 1033 011f 0E       		.uleb128 0xe
 1034 0120 3A       		.uleb128 0x3a
 1035 0121 0B       		.uleb128 0xb
 1036 0122 3B       		.uleb128 0x3b
 1037 0123 0B       		.uleb128 0xb
 1038 0124 49       		.uleb128 0x49
 1039 0125 13       		.uleb128 0x13
 1040 0126 02       		.uleb128 0x2
 1041 0127 0A       		.uleb128 0xa
 1042 0128 00       		.byte	0
 1043 0129 00       		.byte	0
 1044 012a 15       		.uleb128 0x15
 1045 012b 34       		.uleb128 0x34
 1046 012c 00       		.byte	0
 1047 012d 03       		.uleb128 0x3
 1048 012e 0E       		.uleb128 0xe
 1049 012f 3A       		.uleb128 0x3a
 1050 0130 0B       		.uleb128 0xb
 1051 0131 3B       		.uleb128 0x3b
 1052 0132 0B       		.uleb128 0xb
 1053 0133 49       		.uleb128 0x49
 1054 0134 13       		.uleb128 0x13
 1055 0135 3F       		.uleb128 0x3f
 1056 0136 0C       		.uleb128 0xc
 1057 0137 3C       		.uleb128 0x3c
 1058 0138 0C       		.uleb128 0xc
 1059 0139 00       		.byte	0
 1060 013a 00       		.byte	0
 1061 013b 16       		.uleb128 0x16
 1062 013c 01       		.uleb128 0x1
 1063 013d 01       		.byte	0x1
 1064 013e 49       		.uleb128 0x49
 1065 013f 13       		.uleb128 0x13
ARM GAS  C:\Users\Robert\AppData\Local\Temp\ccFGD2zT.s 			page 28


 1066 0140 01       		.uleb128 0x1
 1067 0141 13       		.uleb128 0x13
 1068 0142 00       		.byte	0
 1069 0143 00       		.byte	0
 1070 0144 17       		.uleb128 0x17
 1071 0145 21       		.uleb128 0x21
 1072 0146 00       		.byte	0
 1073 0147 49       		.uleb128 0x49
 1074 0148 13       		.uleb128 0x13
 1075 0149 2F       		.uleb128 0x2f
 1076 014a 0B       		.uleb128 0xb
 1077 014b 00       		.byte	0
 1078 014c 00       		.byte	0
 1079 014d 18       		.uleb128 0x18
 1080 014e 34       		.uleb128 0x34
 1081 014f 00       		.byte	0
 1082 0150 03       		.uleb128 0x3
 1083 0151 0E       		.uleb128 0xe
 1084 0152 3A       		.uleb128 0x3a
 1085 0153 0B       		.uleb128 0xb
 1086 0154 3B       		.uleb128 0x3b
 1087 0155 0B       		.uleb128 0xb
 1088 0156 49       		.uleb128 0x49
 1089 0157 13       		.uleb128 0x13
 1090 0158 3F       		.uleb128 0x3f
 1091 0159 0C       		.uleb128 0xc
 1092 015a 02       		.uleb128 0x2
 1093 015b 0A       		.uleb128 0xa
 1094 015c 00       		.byte	0
 1095 015d 00       		.byte	0
 1096 015e 19       		.uleb128 0x19
 1097 015f 21       		.uleb128 0x21
 1098 0160 00       		.byte	0
 1099 0161 00       		.byte	0
 1100 0162 00       		.byte	0
 1101 0163 1A       		.uleb128 0x1a
 1102 0164 34       		.uleb128 0x34
 1103 0165 00       		.byte	0
 1104 0166 03       		.uleb128 0x3
 1105 0167 0E       		.uleb128 0xe
 1106 0168 3A       		.uleb128 0x3a
 1107 0169 0B       		.uleb128 0xb
 1108 016a 3B       		.uleb128 0x3b
 1109 016b 05       		.uleb128 0x5
 1110 016c 49       		.uleb128 0x49
 1111 016d 13       		.uleb128 0x13
 1112 016e 3F       		.uleb128 0x3f
 1113 016f 0C       		.uleb128 0xc
 1114 0170 02       		.uleb128 0x2
 1115 0171 0A       		.uleb128 0xa
 1116 0172 00       		.byte	0
 1117 0173 00       		.byte	0
 1118 0174 00       		.byte	0
 1119              		.section	.debug_loc,"",%progbits
 1120              	.Ldebug_loc0:
 1121              	.LLST0:
 1122 0000 00000000 		.4byte	.LFB0
ARM GAS  C:\Users\Robert\AppData\Local\Temp\ccFGD2zT.s 			page 29


 1123 0004 02000000 		.4byte	.LCFI0
 1124 0008 0200     		.2byte	0x2
 1125 000a 7D       		.byte	0x7d
 1126 000b 00       		.sleb128 0
 1127 000c 02000000 		.4byte	.LCFI0
 1128 0010 04000000 		.4byte	.LCFI1
 1129 0014 0200     		.2byte	0x2
 1130 0016 7D       		.byte	0x7d
 1131 0017 04       		.sleb128 4
 1132 0018 04000000 		.4byte	.LCFI1
 1133 001c 06000000 		.4byte	.LFE0
 1134 0020 0200     		.2byte	0x2
 1135 0022 77       		.byte	0x77
 1136 0023 04       		.sleb128 4
 1137 0024 00000000 		.4byte	0
 1138 0028 00000000 		.4byte	0
 1139              	.LLST1:
 1140 002c 00000000 		.4byte	.LFB1
 1141 0030 02000000 		.4byte	.LCFI2
 1142 0034 0200     		.2byte	0x2
 1143 0036 7D       		.byte	0x7d
 1144 0037 00       		.sleb128 0
 1145 0038 02000000 		.4byte	.LCFI2
 1146 003c 04000000 		.4byte	.LCFI3
 1147 0040 0200     		.2byte	0x2
 1148 0042 7D       		.byte	0x7d
 1149 0043 08       		.sleb128 8
 1150 0044 04000000 		.4byte	.LCFI3
 1151 0048 08000000 		.4byte	.LFE1
 1152 004c 0200     		.2byte	0x2
 1153 004e 77       		.byte	0x77
 1154 004f 08       		.sleb128 8
 1155 0050 00000000 		.4byte	0
 1156 0054 00000000 		.4byte	0
 1157              	.LLST2:
 1158 0058 00000000 		.4byte	.LFB2
 1159 005c 02000000 		.4byte	.LCFI4
 1160 0060 0200     		.2byte	0x2
 1161 0062 7D       		.byte	0x7d
 1162 0063 00       		.sleb128 0
 1163 0064 02000000 		.4byte	.LCFI4
 1164 0068 04000000 		.4byte	.LCFI5
 1165 006c 0200     		.2byte	0x2
 1166 006e 7D       		.byte	0x7d
 1167 006f 04       		.sleb128 4
 1168 0070 04000000 		.4byte	.LCFI5
 1169 0074 06000000 		.4byte	.LCFI6
 1170 0078 0200     		.2byte	0x2
 1171 007a 7D       		.byte	0x7d
 1172 007b 18       		.sleb128 24
 1173 007c 06000000 		.4byte	.LCFI6
 1174 0080 30000000 		.4byte	.LFE2
 1175 0084 0200     		.2byte	0x2
 1176 0086 77       		.byte	0x77
 1177 0087 18       		.sleb128 24
 1178 0088 00000000 		.4byte	0
 1179 008c 00000000 		.4byte	0
ARM GAS  C:\Users\Robert\AppData\Local\Temp\ccFGD2zT.s 			page 30


 1180              	.LLST3:
 1181 0090 00000000 		.4byte	.LFB3
 1182 0094 02000000 		.4byte	.LCFI7
 1183 0098 0200     		.2byte	0x2
 1184 009a 7D       		.byte	0x7d
 1185 009b 00       		.sleb128 0
 1186 009c 02000000 		.4byte	.LCFI7
 1187 00a0 04000000 		.4byte	.LCFI8
 1188 00a4 0200     		.2byte	0x2
 1189 00a6 7D       		.byte	0x7d
 1190 00a7 08       		.sleb128 8
 1191 00a8 04000000 		.4byte	.LCFI8
 1192 00ac 06000000 		.4byte	.LCFI9
 1193 00b0 0200     		.2byte	0x2
 1194 00b2 7D       		.byte	0x7d
 1195 00b3 20       		.sleb128 32
 1196 00b4 06000000 		.4byte	.LCFI9
 1197 00b8 CA000000 		.4byte	.LFE3
 1198 00bc 0200     		.2byte	0x2
 1199 00be 77       		.byte	0x77
 1200 00bf 20       		.sleb128 32
 1201 00c0 00000000 		.4byte	0
 1202 00c4 00000000 		.4byte	0
 1203              	.LLST4:
 1204 00c8 00000000 		.4byte	.LFB4
 1205 00cc 02000000 		.4byte	.LCFI10
 1206 00d0 0200     		.2byte	0x2
 1207 00d2 7D       		.byte	0x7d
 1208 00d3 00       		.sleb128 0
 1209 00d4 02000000 		.4byte	.LCFI10
 1210 00d8 04000000 		.4byte	.LCFI11
 1211 00dc 0200     		.2byte	0x2
 1212 00de 7D       		.byte	0x7d
 1213 00df 08       		.sleb128 8
 1214 00e0 04000000 		.4byte	.LCFI11
 1215 00e4 06000000 		.4byte	.LCFI12
 1216 00e8 0200     		.2byte	0x2
 1217 00ea 7D       		.byte	0x7d
 1218 00eb 10       		.sleb128 16
 1219 00ec 06000000 		.4byte	.LCFI12
 1220 00f0 B4000000 		.4byte	.LFE4
 1221 00f4 0200     		.2byte	0x2
 1222 00f6 77       		.byte	0x77
 1223 00f7 10       		.sleb128 16
 1224 00f8 00000000 		.4byte	0
 1225 00fc 00000000 		.4byte	0
 1226              		.section	.debug_aranges,"",%progbits
 1227 0000 3C000000 		.4byte	0x3c
 1228 0004 0200     		.2byte	0x2
 1229 0006 00000000 		.4byte	.Ldebug_info0
 1230 000a 04       		.byte	0x4
 1231 000b 00       		.byte	0
 1232 000c 0000     		.2byte	0
 1233 000e 0000     		.2byte	0
 1234 0010 00000000 		.4byte	.LFB0
 1235 0014 06000000 		.4byte	.LFE0-.LFB0
 1236 0018 00000000 		.4byte	.LFB1
ARM GAS  C:\Users\Robert\AppData\Local\Temp\ccFGD2zT.s 			page 31


 1237 001c 08000000 		.4byte	.LFE1-.LFB1
 1238 0020 00000000 		.4byte	.LFB2
 1239 0024 30000000 		.4byte	.LFE2-.LFB2
 1240 0028 00000000 		.4byte	.LFB3
 1241 002c CA000000 		.4byte	.LFE3-.LFB3
 1242 0030 00000000 		.4byte	.LFB4
 1243 0034 B4000000 		.4byte	.LFE4-.LFB4
 1244 0038 00000000 		.4byte	0
 1245 003c 00000000 		.4byte	0
 1246              		.section	.debug_ranges,"",%progbits
 1247              	.Ldebug_ranges0:
 1248 0000 00000000 		.4byte	.LFB0
 1249 0004 06000000 		.4byte	.LFE0
 1250 0008 00000000 		.4byte	.LFB1
 1251 000c 08000000 		.4byte	.LFE1
 1252 0010 00000000 		.4byte	.LFB2
 1253 0014 30000000 		.4byte	.LFE2
 1254 0018 00000000 		.4byte	.LFB3
 1255 001c CA000000 		.4byte	.LFE3
 1256 0020 00000000 		.4byte	.LFB4
 1257 0024 B4000000 		.4byte	.LFE4
 1258 0028 00000000 		.4byte	0
 1259 002c 00000000 		.4byte	0
 1260              		.section	.debug_line,"",%progbits
 1261              	.Ldebug_line0:
 1262 0000 AB010000 		.section	.debug_str,"MS",%progbits,1
 1262      0200DE00 
 1262      00000201 
 1262      FB0E0D00 
 1262      01010101 
 1263              	.LASF40:
 1264 0000 2E5C4765 		.ascii	".\\Generated_Source\\PSoC5\\Cm3Start.c\000"
 1264      6E657261 
 1264      7465645F 
 1264      536F7572 
 1264      63655C50 
 1265              	.LASF15:
 1266 0024 72656733 		.ascii	"reg32\000"
 1266      3200
 1267              	.LASF18:
 1268 002a 73697A65 		.ascii	"size_t\000"
 1268      5F7400
 1269              	.LASF35:
 1270 0031 43795261 		.ascii	"CyRamVectors\000"
 1270      6D566563 
 1270      746F7273 
 1270      00
 1271              	.LASF27:
 1272 003e 53746172 		.ascii	"Start_c\000"
 1272      745F6300 
 1273              	.LASF31:
 1274 0046 636F756E 		.ascii	"count\000"
 1274      7400
 1275              	.LASF3:
 1276 004c 73686F72 		.ascii	"short unsigned int\000"
 1276      7420756E 
 1276      7369676E 
ARM GAS  C:\Users\Robert\AppData\Local\Temp\ccFGD2zT.s 			page 32


 1276      65642069 
 1276      6E7400
 1277              	.LASF37:
 1278 005f 5F5F6379 		.ascii	"__cy_region_num\000"
 1278      5F726567 
 1278      696F6E5F 
 1278      6E756D00 
 1279              	.LASF20:
 1280 006f 696E6974 		.ascii	"init\000"
 1280      00
 1281              	.LASF41:
 1282 0074 433A5C55 		.ascii	"C:\\Users\\Robert\\Dropbox\\RPiSoC\\Projects\\Bootl"
 1282      73657273 
 1282      5C526F62 
 1282      6572745C 
 1282      44726F70 
 1283 00a1 6F616465 		.ascii	"oader_RPiSoC\\Bootloadable_RPiSoC_example.cydsn\000"
 1283      725F5250 
 1283      69536F43 
 1283      5C426F6F 
 1283      746C6F61 
 1284              	.LASF43:
 1285 00d0 73746174 		.ascii	"status\000"
 1285      757300
 1286              	.LASF23:
 1287 00d7 7A65726F 		.ascii	"zero_size\000"
 1287      5F73697A 
 1287      6500
 1288              	.LASF29:
 1289 00e1 72707472 		.ascii	"rptr\000"
 1289      00
 1290              	.LASF11:
 1291 00e6 666C6F61 		.ascii	"float\000"
 1291      7400
 1292              	.LASF21:
 1293 00ec 64617461 		.ascii	"data\000"
 1293      00
 1294              	.LASF1:
 1295 00f1 756E7369 		.ascii	"unsigned char\000"
 1295      676E6564 
 1295      20636861 
 1295      7200
 1296              	.LASF38:
 1297 00ff 526F6D56 		.ascii	"RomVectors\000"
 1297      6563746F 
 1297      727300
 1298              	.LASF5:
 1299 010a 6C6F6E67 		.ascii	"long unsigned int\000"
 1299      20756E73 
 1299      69676E65 
 1299      6420696E 
 1299      7400
 1300              	.LASF33:
 1301 011c 63795379 		.ascii	"cySysNoInitDataValid\000"
 1301      734E6F49 
 1301      6E697444 
 1301      61746156 
ARM GAS  C:\Users\Robert\AppData\Local\Temp\ccFGD2zT.s 			page 33


 1301      616C6964 
 1302              	.LASF9:
 1303 0131 75696E74 		.ascii	"uint8\000"
 1303      3800
 1304              	.LASF25:
 1305 0137 52657365 		.ascii	"Reset\000"
 1305      7400
 1306              	.LASF26:
 1307 013d 5F657869 		.ascii	"_exit\000"
 1307      7400
 1308              	.LASF24:
 1309 0143 496E7444 		.ascii	"IntDefaultHandler\000"
 1309      65666175 
 1309      6C744861 
 1309      6E646C65 
 1309      7200
 1310              	.LASF12:
 1311 0155 646F7562 		.ascii	"double\000"
 1311      6C6500
 1312              	.LASF32:
 1313 015c 696E6974 		.ascii	"initialize_psoc\000"
 1313      69616C69 
 1313      7A655F70 
 1313      736F6300 
 1314              	.LASF10:
 1315 016c 75696E74 		.ascii	"uint32\000"
 1315      333200
 1316              	.LASF8:
 1317 0173 756E7369 		.ascii	"unsigned int\000"
 1317      676E6564 
 1317      20696E74 
 1317      00
 1318              	.LASF7:
 1319 0180 6C6F6E67 		.ascii	"long long unsigned int\000"
 1319      206C6F6E 
 1319      6720756E 
 1319      7369676E 
 1319      65642069 
 1320              	.LASF30:
 1321 0197 6C696D69 		.ascii	"limit\000"
 1321      7400
 1322              	.LASF16:
 1323 019d 63796973 		.ascii	"cyisraddress\000"
 1323      72616464 
 1323      72657373 
 1323      00
 1324              	.LASF22:
 1325 01aa 696E6974 		.ascii	"init_size\000"
 1325      5F73697A 
 1325      6500
 1326              	.LASF19:
 1327 01b4 5F5F6379 		.ascii	"__cy_byte_align8\000"
 1327      5F627974 
 1327      655F616C 
 1327      69676E38 
 1327      00
 1328              	.LASF14:
ARM GAS  C:\Users\Robert\AppData\Local\Temp\ccFGD2zT.s 			page 34


 1329 01c5 72656738 		.ascii	"reg8\000"
 1329      00
 1330              	.LASF17:
 1331 01ca 73697A65 		.ascii	"sizetype\000"
 1331      74797065 
 1331      00
 1332              	.LASF6:
 1333 01d3 6C6F6E67 		.ascii	"long long int\000"
 1333      206C6F6E 
 1333      6720696E 
 1333      7400
 1334              	.LASF13:
 1335 01e1 63686172 		.ascii	"char\000"
 1335      00
 1336              	.LASF2:
 1337 01e6 73686F72 		.ascii	"short int\000"
 1337      7420696E 
 1337      7400
 1338              	.LASF39:
 1339 01f0 474E5520 		.ascii	"GNU C 4.7.3 20130312 (release) [ARM/embedded-4_7-br"
 1339      4320342E 
 1339      372E3320 
 1339      32303133 
 1339      30333132 
 1340 0223 616E6368 		.ascii	"anch revision 196615]\000"
 1340      20726576 
 1340      6973696F 
 1340      6E203139 
 1340      36363135 
 1341              	.LASF4:
 1342 0239 6C6F6E67 		.ascii	"long int\000"
 1342      20696E74 
 1342      00
 1343              	.LASF34:
 1344 0242 43795265 		.ascii	"CyResetStatus\000"
 1344      73657453 
 1344      74617475 
 1344      7300
 1345              	.LASF0:
 1346 0250 7369676E 		.ascii	"signed char\000"
 1346      65642063 
 1346      68617200 
 1347              	.LASF36:
 1348 025c 5F5F6379 		.ascii	"__cy_regions\000"
 1348      5F726567 
 1348      696F6E73 
 1348      00
 1349              	.LASF28:
 1350 0269 72656769 		.ascii	"regions\000"
 1350      6F6E7300 
 1351              	.LASF42:
 1352 0271 5F5F6379 		.ascii	"__cy_region\000"
 1352      5F726567 
 1352      696F6E00 
 1353              		.ident	"GCC: (GNU Tools for ARM Embedded Processors) 4.7.3 20130312 (release) [ARM/embedded-4_7-br
