ARM GAS  C:\Users\Robert\AppData\Local\Temp\ccAv1iRN.s 			page 1


   1              		.syntax unified
   2              		.cpu cortex-m3
   3              		.fpu softvfp
   4              		.eabi_attribute 20, 1
   5              		.eabi_attribute 21, 1
   6              		.eabi_attribute 23, 3
   7              		.eabi_attribute 24, 1
   8              		.eabi_attribute 25, 1
   9              		.eabi_attribute 26, 1
  10              		.eabi_attribute 30, 6
  11              		.eabi_attribute 34, 1
  12              		.eabi_attribute 18, 4
  13              		.thumb
  14              		.file	"main.c"
  15              		.text
  16              	.Ltext0:
  17              		.cfi_sections	.debug_frame
  18              		.section	.text.main,"ax",%progbits
  19              		.align	2
  20              		.global	main
  21              		.thumb
  22              		.thumb_func
  23              		.type	main, %function
  24              	main:
  25              	.LFB56:
  26              		.file 1 ".\\main.c"
   1:.\main.c      **** /* ========================================
   2:.\main.c      ****  *
   3:.\main.c      ****  * RPiSoC sample bootloadable application
   4:.\main.c      ****  *
   5:.\main.c      ****  * When running, the activity LED will blink
   6:.\main.c      ****  * 
   7:.\main.c      ****  * ========================================
   8:.\main.c      **** */
   9:.\main.c      **** #include <project.h>
  10:.\main.c      **** 
  11:.\main.c      **** int main()
  12:.\main.c      **** {
  27              		.loc 1 12 0
  28              		.cfi_startproc
  29              		@ args = 0, pretend = 0, frame = 0
  30              		@ frame_needed = 1, uses_anonymous_args = 0
  31 0000 80B5     		push	{r7, lr}
  32              	.LCFI0:
  33              		.cfi_def_cfa_offset 8
  34              		.cfi_offset 7, -8
  35              		.cfi_offset 14, -4
  36 0002 00AF     		add	r7, sp, #0
  37              	.LCFI1:
  38              		.cfi_def_cfa_register 7
  13:.\main.c      ****     /* Place your initialization/startup code here (e.g. MyInst_Start()) */
  14:.\main.c      ****     PWM_1_Start();
  39              		.loc 1 14 0
  40 0004 FFF7FEFF 		bl	PWM_1_Start
  41              	.L2:
  15:.\main.c      ****     /* CyGlobalIntEnable; */ /* Uncomment this line to enable global interrupts. */
  16:.\main.c      ****     for(;;)
ARM GAS  C:\Users\Robert\AppData\Local\Temp\ccAv1iRN.s 			page 2


  17:.\main.c      ****     {
  18:.\main.c      ****         /* Place your application code here. */
  19:.\main.c      ****     }
  42              		.loc 1 19 0 discriminator 1
  43 0008 FEE7     		b	.L2
  44              		.cfi_endproc
  45              	.LFE56:
  46              		.size	main, .-main
  47 000a 00BF     		.text
  48              	.Letext0:
  49              		.file 2 "c:\\program files (x86)\\cypress\\psoc creator\\3.0\\psoc creator\\import\\gnu_cs\\arm\\4
  50              		.file 3 "./Generated_Source/PSoC5/core_cm3.h"
  51              		.section	.debug_info,"",%progbits
  52              	.Ldebug_info0:
  53 0000 BF000000 		.4byte	0xbf
  54 0004 0200     		.2byte	0x2
  55 0006 00000000 		.4byte	.Ldebug_abbrev0
  56 000a 04       		.byte	0x4
  57 000b 01       		.uleb128 0x1
  58 000c 8F000000 		.4byte	.LASF13
  59 0010 01       		.byte	0x1
  60 0011 1D010000 		.4byte	.LASF14
  61 0015 21000000 		.4byte	.LASF15
  62 0019 00000000 		.4byte	.Ldebug_ranges0+0
  63 001d 00000000 		.4byte	0
  64 0021 00000000 		.4byte	0
  65 0025 00000000 		.4byte	.Ldebug_line0
  66 0029 02       		.uleb128 0x2
  67 002a 01       		.byte	0x1
  68 002b 06       		.byte	0x6
  69 002c 3A010000 		.4byte	.LASF0
  70 0030 02       		.uleb128 0x2
  71 0031 01       		.byte	0x1
  72 0032 08       		.byte	0x8
  73 0033 01010000 		.4byte	.LASF1
  74 0037 02       		.uleb128 0x2
  75 0038 02       		.byte	0x2
  76 0039 05       		.byte	0x5
  77 003a 4C010000 		.4byte	.LASF2
  78 003e 02       		.uleb128 0x2
  79 003f 02       		.byte	0x2
  80 0040 07       		.byte	0x7
  81 0041 0E000000 		.4byte	.LASF3
  82 0045 03       		.uleb128 0x3
  83 0046 56010000 		.4byte	.LASF16
  84 004a 02       		.byte	0x2
  85 004b 4F       		.byte	0x4f
  86 004c 50000000 		.4byte	0x50
  87 0050 02       		.uleb128 0x2
  88 0051 04       		.byte	0x4
  89 0052 05       		.byte	0x5
  90 0053 14010000 		.4byte	.LASF4
  91 0057 02       		.uleb128 0x2
  92 0058 04       		.byte	0x4
  93 0059 07       		.byte	0x7
  94 005a D8000000 		.4byte	.LASF5
  95 005e 02       		.uleb128 0x2
ARM GAS  C:\Users\Robert\AppData\Local\Temp\ccAv1iRN.s 			page 3


  96 005f 08       		.byte	0x8
  97 0060 05       		.byte	0x5
  98 0061 00000000 		.4byte	.LASF6
  99 0065 02       		.uleb128 0x2
 100 0066 08       		.byte	0x8
 101 0067 07       		.byte	0x7
 102 0068 EA000000 		.4byte	.LASF7
 103 006c 04       		.uleb128 0x4
 104 006d 04       		.byte	0x4
 105 006e 05       		.byte	0x5
 106 006f 696E7400 		.ascii	"int\000"
 107 0073 02       		.uleb128 0x2
 108 0074 04       		.byte	0x4
 109 0075 07       		.byte	0x7
 110 0076 7D000000 		.4byte	.LASF8
 111 007a 02       		.uleb128 0x2
 112 007b 04       		.byte	0x4
 113 007c 04       		.byte	0x4
 114 007d 46010000 		.4byte	.LASF9
 115 0081 02       		.uleb128 0x2
 116 0082 08       		.byte	0x8
 117 0083 04       		.byte	0x4
 118 0084 26010000 		.4byte	.LASF10
 119 0088 02       		.uleb128 0x2
 120 0089 01       		.byte	0x1
 121 008a 08       		.byte	0x8
 122 008b 0F010000 		.4byte	.LASF11
 123 008f 02       		.uleb128 0x2
 124 0090 04       		.byte	0x4
 125 0091 07       		.byte	0x7
 126 0092 5E010000 		.4byte	.LASF12
 127 0096 05       		.uleb128 0x5
 128 0097 01       		.byte	0x1
 129 0098 8A000000 		.4byte	.LASF17
 130 009c 01       		.byte	0x1
 131 009d 0B       		.byte	0xb
 132 009e 6C000000 		.4byte	0x6c
 133 00a2 00000000 		.4byte	.LFB56
 134 00a6 0A000000 		.4byte	.LFE56
 135 00aa 00000000 		.4byte	.LLST0
 136 00ae 01       		.byte	0x1
 137 00af 06       		.uleb128 0x6
 138 00b0 2D010000 		.4byte	.LASF18
 139 00b4 03       		.byte	0x3
 140 00b5 1606     		.2byte	0x616
 141 00b7 BD000000 		.4byte	0xbd
 142 00bb 01       		.byte	0x1
 143 00bc 01       		.byte	0x1
 144 00bd 07       		.uleb128 0x7
 145 00be 45000000 		.4byte	0x45
 146 00c2 00       		.byte	0
 147              		.section	.debug_abbrev,"",%progbits
 148              	.Ldebug_abbrev0:
 149 0000 01       		.uleb128 0x1
 150 0001 11       		.uleb128 0x11
 151 0002 01       		.byte	0x1
 152 0003 25       		.uleb128 0x25
ARM GAS  C:\Users\Robert\AppData\Local\Temp\ccAv1iRN.s 			page 4


 153 0004 0E       		.uleb128 0xe
 154 0005 13       		.uleb128 0x13
 155 0006 0B       		.uleb128 0xb
 156 0007 03       		.uleb128 0x3
 157 0008 0E       		.uleb128 0xe
 158 0009 1B       		.uleb128 0x1b
 159 000a 0E       		.uleb128 0xe
 160 000b 55       		.uleb128 0x55
 161 000c 06       		.uleb128 0x6
 162 000d 11       		.uleb128 0x11
 163 000e 01       		.uleb128 0x1
 164 000f 52       		.uleb128 0x52
 165 0010 01       		.uleb128 0x1
 166 0011 10       		.uleb128 0x10
 167 0012 06       		.uleb128 0x6
 168 0013 00       		.byte	0
 169 0014 00       		.byte	0
 170 0015 02       		.uleb128 0x2
 171 0016 24       		.uleb128 0x24
 172 0017 00       		.byte	0
 173 0018 0B       		.uleb128 0xb
 174 0019 0B       		.uleb128 0xb
 175 001a 3E       		.uleb128 0x3e
 176 001b 0B       		.uleb128 0xb
 177 001c 03       		.uleb128 0x3
 178 001d 0E       		.uleb128 0xe
 179 001e 00       		.byte	0
 180 001f 00       		.byte	0
 181 0020 03       		.uleb128 0x3
 182 0021 16       		.uleb128 0x16
 183 0022 00       		.byte	0
 184 0023 03       		.uleb128 0x3
 185 0024 0E       		.uleb128 0xe
 186 0025 3A       		.uleb128 0x3a
 187 0026 0B       		.uleb128 0xb
 188 0027 3B       		.uleb128 0x3b
 189 0028 0B       		.uleb128 0xb
 190 0029 49       		.uleb128 0x49
 191 002a 13       		.uleb128 0x13
 192 002b 00       		.byte	0
 193 002c 00       		.byte	0
 194 002d 04       		.uleb128 0x4
 195 002e 24       		.uleb128 0x24
 196 002f 00       		.byte	0
 197 0030 0B       		.uleb128 0xb
 198 0031 0B       		.uleb128 0xb
 199 0032 3E       		.uleb128 0x3e
 200 0033 0B       		.uleb128 0xb
 201 0034 03       		.uleb128 0x3
 202 0035 08       		.uleb128 0x8
 203 0036 00       		.byte	0
 204 0037 00       		.byte	0
 205 0038 05       		.uleb128 0x5
 206 0039 2E       		.uleb128 0x2e
 207 003a 00       		.byte	0
 208 003b 3F       		.uleb128 0x3f
 209 003c 0C       		.uleb128 0xc
ARM GAS  C:\Users\Robert\AppData\Local\Temp\ccAv1iRN.s 			page 5


 210 003d 03       		.uleb128 0x3
 211 003e 0E       		.uleb128 0xe
 212 003f 3A       		.uleb128 0x3a
 213 0040 0B       		.uleb128 0xb
 214 0041 3B       		.uleb128 0x3b
 215 0042 0B       		.uleb128 0xb
 216 0043 49       		.uleb128 0x49
 217 0044 13       		.uleb128 0x13
 218 0045 11       		.uleb128 0x11
 219 0046 01       		.uleb128 0x1
 220 0047 12       		.uleb128 0x12
 221 0048 01       		.uleb128 0x1
 222 0049 40       		.uleb128 0x40
 223 004a 06       		.uleb128 0x6
 224 004b 9642     		.uleb128 0x2116
 225 004d 0C       		.uleb128 0xc
 226 004e 00       		.byte	0
 227 004f 00       		.byte	0
 228 0050 06       		.uleb128 0x6
 229 0051 34       		.uleb128 0x34
 230 0052 00       		.byte	0
 231 0053 03       		.uleb128 0x3
 232 0054 0E       		.uleb128 0xe
 233 0055 3A       		.uleb128 0x3a
 234 0056 0B       		.uleb128 0xb
 235 0057 3B       		.uleb128 0x3b
 236 0058 05       		.uleb128 0x5
 237 0059 49       		.uleb128 0x49
 238 005a 13       		.uleb128 0x13
 239 005b 3F       		.uleb128 0x3f
 240 005c 0C       		.uleb128 0xc
 241 005d 3C       		.uleb128 0x3c
 242 005e 0C       		.uleb128 0xc
 243 005f 00       		.byte	0
 244 0060 00       		.byte	0
 245 0061 07       		.uleb128 0x7
 246 0062 35       		.uleb128 0x35
 247 0063 00       		.byte	0
 248 0064 49       		.uleb128 0x49
 249 0065 13       		.uleb128 0x13
 250 0066 00       		.byte	0
 251 0067 00       		.byte	0
 252 0068 00       		.byte	0
 253              		.section	.debug_loc,"",%progbits
 254              	.Ldebug_loc0:
 255              	.LLST0:
 256 0000 00000000 		.4byte	.LFB56
 257 0004 02000000 		.4byte	.LCFI0
 258 0008 0200     		.2byte	0x2
 259 000a 7D       		.byte	0x7d
 260 000b 00       		.sleb128 0
 261 000c 02000000 		.4byte	.LCFI0
 262 0010 04000000 		.4byte	.LCFI1
 263 0014 0200     		.2byte	0x2
 264 0016 7D       		.byte	0x7d
 265 0017 08       		.sleb128 8
 266 0018 04000000 		.4byte	.LCFI1
ARM GAS  C:\Users\Robert\AppData\Local\Temp\ccAv1iRN.s 			page 6


 267 001c 0A000000 		.4byte	.LFE56
 268 0020 0200     		.2byte	0x2
 269 0022 77       		.byte	0x77
 270 0023 08       		.sleb128 8
 271 0024 00000000 		.4byte	0
 272 0028 00000000 		.4byte	0
 273              		.section	.debug_aranges,"",%progbits
 274 0000 1C000000 		.4byte	0x1c
 275 0004 0200     		.2byte	0x2
 276 0006 00000000 		.4byte	.Ldebug_info0
 277 000a 04       		.byte	0x4
 278 000b 00       		.byte	0
 279 000c 0000     		.2byte	0
 280 000e 0000     		.2byte	0
 281 0010 00000000 		.4byte	.LFB56
 282 0014 0A000000 		.4byte	.LFE56-.LFB56
 283 0018 00000000 		.4byte	0
 284 001c 00000000 		.4byte	0
 285              		.section	.debug_ranges,"",%progbits
 286              	.Ldebug_ranges0:
 287 0000 00000000 		.4byte	.LFB56
 288 0004 0A000000 		.4byte	.LFE56
 289 0008 00000000 		.4byte	0
 290 000c 00000000 		.4byte	0
 291              		.section	.debug_line,"",%progbits
 292              	.Ldebug_line0:
 293 0000 07010000 		.section	.debug_str,"MS",%progbits,1
 293      0200EC00 
 293      00000201 
 293      FB0E0D00 
 293      01010101 
 294              	.LASF6:
 295 0000 6C6F6E67 		.ascii	"long long int\000"
 295      206C6F6E 
 295      6720696E 
 295      7400
 296              	.LASF3:
 297 000e 73686F72 		.ascii	"short unsigned int\000"
 297      7420756E 
 297      7369676E 
 297      65642069 
 297      6E7400
 298              	.LASF15:
 299 0021 433A5C55 		.ascii	"C:\\Users\\Robert\\Dropbox\\RPiSoC\\Projects\\Bootl"
 299      73657273 
 299      5C526F62 
 299      6572745C 
 299      44726F70 
 300 004e 6F616465 		.ascii	"oader_RPiSoC\\Bootloadable_RPiSoC_example.cydsn\000"
 300      725F5250 
 300      69536F43 
 300      5C426F6F 
 300      746C6F61 
 301              	.LASF8:
 302 007d 756E7369 		.ascii	"unsigned int\000"
 302      676E6564 
 302      20696E74 
ARM GAS  C:\Users\Robert\AppData\Local\Temp\ccAv1iRN.s 			page 7


 302      00
 303              	.LASF17:
 304 008a 6D61696E 		.ascii	"main\000"
 304      00
 305              	.LASF13:
 306 008f 474E5520 		.ascii	"GNU C 4.7.3 20130312 (release) [ARM/embedded-4_7-br"
 306      4320342E 
 306      372E3320 
 306      32303133 
 306      30333132 
 307 00c2 616E6368 		.ascii	"anch revision 196615]\000"
 307      20726576 
 307      6973696F 
 307      6E203139 
 307      36363135 
 308              	.LASF5:
 309 00d8 6C6F6E67 		.ascii	"long unsigned int\000"
 309      20756E73 
 309      69676E65 
 309      6420696E 
 309      7400
 310              	.LASF7:
 311 00ea 6C6F6E67 		.ascii	"long long unsigned int\000"
 311      206C6F6E 
 311      6720756E 
 311      7369676E 
 311      65642069 
 312              	.LASF1:
 313 0101 756E7369 		.ascii	"unsigned char\000"
 313      676E6564 
 313      20636861 
 313      7200
 314              	.LASF11:
 315 010f 63686172 		.ascii	"char\000"
 315      00
 316              	.LASF4:
 317 0114 6C6F6E67 		.ascii	"long int\000"
 317      20696E74 
 317      00
 318              	.LASF14:
 319 011d 2E5C6D61 		.ascii	".\\main.c\000"
 319      696E2E63 
 319      00
 320              	.LASF10:
 321 0126 646F7562 		.ascii	"double\000"
 321      6C6500
 322              	.LASF18:
 323 012d 49544D5F 		.ascii	"ITM_RxBuffer\000"
 323      52784275 
 323      66666572 
 323      00
 324              	.LASF0:
 325 013a 7369676E 		.ascii	"signed char\000"
 325      65642063 
 325      68617200 
 326              	.LASF9:
 327 0146 666C6F61 		.ascii	"float\000"
ARM GAS  C:\Users\Robert\AppData\Local\Temp\ccAv1iRN.s 			page 8


 327      7400
 328              	.LASF2:
 329 014c 73686F72 		.ascii	"short int\000"
 329      7420696E 
 329      7400
 330              	.LASF16:
 331 0156 696E7433 		.ascii	"int32_t\000"
 331      325F7400 
 332              	.LASF12:
 333 015e 73697A65 		.ascii	"sizetype\000"
 333      74797065 
 333      00
 334              		.ident	"GCC: (GNU Tools for ARM Embedded Processors) 4.7.3 20130312 (release) [ARM/embedded-4_7-br
