ARM GAS  C:\Users\Robert\AppData\Local\Temp\ccdfdNIx.s 			page 1


   1              		.syntax unified
   2              		.cpu cortex-m3
   3              		.fpu softvfp
   4              		.eabi_attribute 20, 1
   5              		.eabi_attribute 21, 1
   6              		.eabi_attribute 23, 3
   7              		.eabi_attribute 24, 1
   8              		.eabi_attribute 25, 1
   9              		.eabi_attribute 26, 1
  10              		.eabi_attribute 30, 1
  11              		.eabi_attribute 34, 1
  12              		.eabi_attribute 18, 4
  13              		.thumb
  14              		.file	"USB_Bootloader_cls.c"
  15              		.text
  16              	.Ltext0:
  17              		.cfi_sections	.debug_frame
  18              		.section	.text.USB_Bootloader_DispatchClassRqst,"ax",%progbits
  19              		.align	2
  20              		.global	USB_Bootloader_DispatchClassRqst
  21              		.thumb
  22              		.thumb_func
  23              		.type	USB_Bootloader_DispatchClassRqst, %function
  24              	USB_Bootloader_DispatchClassRqst:
  25              	.LFB0:
  26              		.file 1 ".\\Generated_Source\\PSoC5\\USB_Bootloader_cls.c"
   1:.\Generated_Source\PSoC5/USB_Bootloader_cls.c **** /*******************************************************************************
   2:.\Generated_Source\PSoC5/USB_Bootloader_cls.c **** * File Name: USB_Bootloader_cls.c
   3:.\Generated_Source\PSoC5/USB_Bootloader_cls.c **** * Version 2.80
   4:.\Generated_Source\PSoC5/USB_Bootloader_cls.c **** *
   5:.\Generated_Source\PSoC5/USB_Bootloader_cls.c **** * Description:
   6:.\Generated_Source\PSoC5/USB_Bootloader_cls.c **** *  USB Class request handler.
   7:.\Generated_Source\PSoC5/USB_Bootloader_cls.c **** *
   8:.\Generated_Source\PSoC5/USB_Bootloader_cls.c **** * Note:
   9:.\Generated_Source\PSoC5/USB_Bootloader_cls.c **** *
  10:.\Generated_Source\PSoC5/USB_Bootloader_cls.c **** ********************************************************************************
  11:.\Generated_Source\PSoC5/USB_Bootloader_cls.c **** * Copyright 2008-2014, Cypress Semiconductor Corporation.  All rights reserved.
  12:.\Generated_Source\PSoC5/USB_Bootloader_cls.c **** * You may use this file only in accordance with the license, terms, conditions,
  13:.\Generated_Source\PSoC5/USB_Bootloader_cls.c **** * disclaimers, and limitations in the end user license agreement accompanying
  14:.\Generated_Source\PSoC5/USB_Bootloader_cls.c **** * the software package with which this file was provided.
  15:.\Generated_Source\PSoC5/USB_Bootloader_cls.c **** *******************************************************************************/
  16:.\Generated_Source\PSoC5/USB_Bootloader_cls.c **** 
  17:.\Generated_Source\PSoC5/USB_Bootloader_cls.c **** #include "USB_Bootloader.h"
  18:.\Generated_Source\PSoC5/USB_Bootloader_cls.c **** 
  19:.\Generated_Source\PSoC5/USB_Bootloader_cls.c **** #if(USB_Bootloader_EXTERN_CLS == USB_Bootloader_FALSE)
  20:.\Generated_Source\PSoC5/USB_Bootloader_cls.c **** 
  21:.\Generated_Source\PSoC5/USB_Bootloader_cls.c **** #include "USB_Bootloader_pvt.h"
  22:.\Generated_Source\PSoC5/USB_Bootloader_cls.c **** #include "cyapicallbacks.h"
  23:.\Generated_Source\PSoC5/USB_Bootloader_cls.c **** 
  24:.\Generated_Source\PSoC5/USB_Bootloader_cls.c **** 
  25:.\Generated_Source\PSoC5/USB_Bootloader_cls.c **** /***************************************
  26:.\Generated_Source\PSoC5/USB_Bootloader_cls.c **** * User Implemented Class Driver Declarations.
  27:.\Generated_Source\PSoC5/USB_Bootloader_cls.c **** ***************************************/
  28:.\Generated_Source\PSoC5/USB_Bootloader_cls.c **** /* `#START USER_DEFINED_CLASS_DECLARATIONS` Place your declaration here */
  29:.\Generated_Source\PSoC5/USB_Bootloader_cls.c **** 
  30:.\Generated_Source\PSoC5/USB_Bootloader_cls.c **** /* `#END` */
  31:.\Generated_Source\PSoC5/USB_Bootloader_cls.c **** 
ARM GAS  C:\Users\Robert\AppData\Local\Temp\ccdfdNIx.s 			page 2


  32:.\Generated_Source\PSoC5/USB_Bootloader_cls.c **** 
  33:.\Generated_Source\PSoC5/USB_Bootloader_cls.c **** /*******************************************************************************
  34:.\Generated_Source\PSoC5/USB_Bootloader_cls.c **** * Function Name: USB_Bootloader_DispatchClassRqst
  35:.\Generated_Source\PSoC5/USB_Bootloader_cls.c **** ********************************************************************************
  36:.\Generated_Source\PSoC5/USB_Bootloader_cls.c **** * Summary:
  37:.\Generated_Source\PSoC5/USB_Bootloader_cls.c **** *  This routine dispatches class specific requests depend on interface class.
  38:.\Generated_Source\PSoC5/USB_Bootloader_cls.c **** *
  39:.\Generated_Source\PSoC5/USB_Bootloader_cls.c **** * Parameters:
  40:.\Generated_Source\PSoC5/USB_Bootloader_cls.c **** *  None.
  41:.\Generated_Source\PSoC5/USB_Bootloader_cls.c **** *
  42:.\Generated_Source\PSoC5/USB_Bootloader_cls.c **** * Return:
  43:.\Generated_Source\PSoC5/USB_Bootloader_cls.c **** *  requestHandled.
  44:.\Generated_Source\PSoC5/USB_Bootloader_cls.c **** *
  45:.\Generated_Source\PSoC5/USB_Bootloader_cls.c **** * Reentrant:
  46:.\Generated_Source\PSoC5/USB_Bootloader_cls.c **** *  No.
  47:.\Generated_Source\PSoC5/USB_Bootloader_cls.c **** *
  48:.\Generated_Source\PSoC5/USB_Bootloader_cls.c **** *******************************************************************************/
  49:.\Generated_Source\PSoC5/USB_Bootloader_cls.c **** uint8 USB_Bootloader_DispatchClassRqst(void) 
  50:.\Generated_Source\PSoC5/USB_Bootloader_cls.c **** {
  27              		.loc 1 50 0
  28              		.cfi_startproc
  29              		@ args = 0, pretend = 0, frame = 0
  30              		@ frame_needed = 0, uses_anonymous_args = 0
  31 0000 08B5     		push	{r3, lr}
  32              		.cfi_def_cfa_offset 8
  33              		.cfi_offset 3, -8
  34              		.cfi_offset 14, -4
  35              	.LVL0:
  51:.\Generated_Source\PSoC5/USB_Bootloader_cls.c ****     uint8 requestHandled = USB_Bootloader_FALSE;
  52:.\Generated_Source\PSoC5/USB_Bootloader_cls.c ****     uint8 interfaceNumber = 0u;
  53:.\Generated_Source\PSoC5/USB_Bootloader_cls.c **** 
  54:.\Generated_Source\PSoC5/USB_Bootloader_cls.c ****     switch(CY_GET_REG8(USB_Bootloader_bmRequestType) & USB_Bootloader_RQST_RCPT_MASK)
  36              		.loc 1 54 0
  37 0002 124B     		ldr	r3, .L12
  38 0004 1B78     		ldrb	r3, [r3]	@ zero_extendqisi2
  39 0006 03F00303 		and	r3, r3, #3
  40 000a 012B     		cmp	r3, #1
  41 000c 02D0     		beq	.L3
  42 000e 022B     		cmp	r3, #2
  43 0010 04D0     		beq	.L4
  44 0012 0FE0     		b	.L9
  45              	.L3:
  55:.\Generated_Source\PSoC5/USB_Bootloader_cls.c ****     {
  56:.\Generated_Source\PSoC5/USB_Bootloader_cls.c ****         case USB_Bootloader_RQST_RCPT_IFC:        /* Class-specific request directed to an interfac
  57:.\Generated_Source\PSoC5/USB_Bootloader_cls.c ****             interfaceNumber = CY_GET_REG8(USB_Bootloader_wIndexLo); /* wIndexLo contain Interface n
  46              		.loc 1 57 0
  47 0014 0E4B     		ldr	r3, .L12+4
  48 0016 1B78     		ldrb	r3, [r3]	@ zero_extendqisi2
  49 0018 DBB2     		uxtb	r3, r3
  50              	.LVL1:
  58:.\Generated_Source\PSoC5/USB_Bootloader_cls.c ****             break;
  51              		.loc 1 58 0
  52 001a 0CE0     		b	.L2
  53              	.LVL2:
  54              	.L4:
  59:.\Generated_Source\PSoC5/USB_Bootloader_cls.c ****         case USB_Bootloader_RQST_RCPT_EP:         /* Class-specific request directed to the endpoin
  60:.\Generated_Source\PSoC5/USB_Bootloader_cls.c ****             /* Find related interface to the endpoint, wIndexLo contain EP number */
ARM GAS  C:\Users\Robert\AppData\Local\Temp\ccdfdNIx.s 			page 3


  61:.\Generated_Source\PSoC5/USB_Bootloader_cls.c ****             interfaceNumber = USB_Bootloader_EP[CY_GET_REG8(USB_Bootloader_wIndexLo) &
  55              		.loc 1 61 0
  56 001c 0C4B     		ldr	r3, .L12+4
  57 001e 1B78     		ldrb	r3, [r3]	@ zero_extendqisi2
  58 0020 03F07F03 		and	r3, r3, #127
  59 0024 03EB4303 		add	r3, r3, r3, lsl #1
  60 0028 9B00     		lsls	r3, r3, #2
  61 002a 0A4A     		ldr	r2, .L12+8
  62 002c 1344     		add	r3, r3, r2
  63 002e 9B78     		ldrb	r3, [r3, #2]	@ zero_extendqisi2
  64 0030 DBB2     		uxtb	r3, r3
  65              	.LVL3:
  62:.\Generated_Source\PSoC5/USB_Bootloader_cls.c ****                               USB_Bootloader_DIR_UNUSED].interface;
  63:.\Generated_Source\PSoC5/USB_Bootloader_cls.c ****             break;
  66              		.loc 1 63 0
  67 0032 00E0     		b	.L2
  68              	.LVL4:
  69              	.L9:
  52:.\Generated_Source\PSoC5/USB_Bootloader_cls.c **** 
  70              		.loc 1 52 0
  71 0034 0023     		movs	r3, #0
  72              	.LVL5:
  73              	.L2:
  64:.\Generated_Source\PSoC5/USB_Bootloader_cls.c ****         default:    /* RequestHandled is initialized as FALSE by default */
  65:.\Generated_Source\PSoC5/USB_Bootloader_cls.c ****             break;
  66:.\Generated_Source\PSoC5/USB_Bootloader_cls.c ****     }
  67:.\Generated_Source\PSoC5/USB_Bootloader_cls.c ****     /* Handle Class request depend on interface type */
  68:.\Generated_Source\PSoC5/USB_Bootloader_cls.c ****     switch(USB_Bootloader_interfaceClass[interfaceNumber])
  74              		.loc 1 68 0
  75 0036 084A     		ldr	r2, .L12+12
  76 0038 1268     		ldr	r2, [r2]
  77 003a D35C     		ldrb	r3, [r2, r3]	@ zero_extendqisi2
  78              	.LVL6:
  79 003c 032B     		cmp	r3, #3
  80 003e 02D1     		bne	.L10
  69:.\Generated_Source\PSoC5/USB_Bootloader_cls.c ****     {
  70:.\Generated_Source\PSoC5/USB_Bootloader_cls.c ****         case USB_Bootloader_CLASS_HID:
  71:.\Generated_Source\PSoC5/USB_Bootloader_cls.c ****             #if defined(USB_Bootloader_ENABLE_HID_CLASS)
  72:.\Generated_Source\PSoC5/USB_Bootloader_cls.c ****                 requestHandled = USB_Bootloader_DispatchHIDClassRqst();
  81              		.loc 1 72 0
  82 0040 FFF7FEFF 		bl	USB_Bootloader_DispatchHIDClassRqst
  83              	.LVL7:
  73:.\Generated_Source\PSoC5/USB_Bootloader_cls.c ****             #endif /* USB_Bootloader_ENABLE_HID_CLASS */
  74:.\Generated_Source\PSoC5/USB_Bootloader_cls.c ****             break;
  84              		.loc 1 74 0
  85 0044 08BD     		pop	{r3, pc}
  86              	.LVL8:
  87              	.L10:
  51:.\Generated_Source\PSoC5/USB_Bootloader_cls.c ****     uint8 interfaceNumber = 0u;
  88              		.loc 1 51 0
  89 0046 0020     		movs	r0, #0
  90              	.LVL9:
  75:.\Generated_Source\PSoC5/USB_Bootloader_cls.c ****         case USB_Bootloader_CLASS_AUDIO:
  76:.\Generated_Source\PSoC5/USB_Bootloader_cls.c ****             #if defined(USB_Bootloader_ENABLE_AUDIO_CLASS)
  77:.\Generated_Source\PSoC5/USB_Bootloader_cls.c ****                 requestHandled = USB_Bootloader_DispatchAUDIOClassRqst();
  78:.\Generated_Source\PSoC5/USB_Bootloader_cls.c ****             #endif /* USB_Bootloader_CLASS_AUDIO */
  79:.\Generated_Source\PSoC5/USB_Bootloader_cls.c ****             break;
ARM GAS  C:\Users\Robert\AppData\Local\Temp\ccdfdNIx.s 			page 4


  80:.\Generated_Source\PSoC5/USB_Bootloader_cls.c ****         case USB_Bootloader_CLASS_CDC:
  81:.\Generated_Source\PSoC5/USB_Bootloader_cls.c ****             #if defined(USB_Bootloader_ENABLE_CDC_CLASS)
  82:.\Generated_Source\PSoC5/USB_Bootloader_cls.c ****                 requestHandled = USB_Bootloader_DispatchCDCClassRqst();
  83:.\Generated_Source\PSoC5/USB_Bootloader_cls.c ****             #endif /* USB_Bootloader_ENABLE_CDC_CLASS */
  84:.\Generated_Source\PSoC5/USB_Bootloader_cls.c ****             break;
  85:.\Generated_Source\PSoC5/USB_Bootloader_cls.c ****         default:    /* requestHandled is initialized as FALSE by default */
  86:.\Generated_Source\PSoC5/USB_Bootloader_cls.c ****             break;
  87:.\Generated_Source\PSoC5/USB_Bootloader_cls.c ****     }
  88:.\Generated_Source\PSoC5/USB_Bootloader_cls.c **** 
  89:.\Generated_Source\PSoC5/USB_Bootloader_cls.c ****     /* `#START USER_DEFINED_CLASS_CODE` Place your Class request here */
  90:.\Generated_Source\PSoC5/USB_Bootloader_cls.c **** 
  91:.\Generated_Source\PSoC5/USB_Bootloader_cls.c ****     /* `#END` */
  92:.\Generated_Source\PSoC5/USB_Bootloader_cls.c **** 
  93:.\Generated_Source\PSoC5/USB_Bootloader_cls.c ****     #ifdef USB_Bootloader_DISPATCH_CLASS_RQST_CALLBACK
  94:.\Generated_Source\PSoC5/USB_Bootloader_cls.c ****         USB_Bootloader_DispatchClassRqst_Callback();
  95:.\Generated_Source\PSoC5/USB_Bootloader_cls.c ****     #endif /* USB_Bootloader_DISPATCH_CLASS_RQST_CALLBACK */
  96:.\Generated_Source\PSoC5/USB_Bootloader_cls.c **** 
  97:.\Generated_Source\PSoC5/USB_Bootloader_cls.c ****     return(requestHandled);
  98:.\Generated_Source\PSoC5/USB_Bootloader_cls.c **** }
  91              		.loc 1 98 0
  92 0048 08BD     		pop	{r3, pc}
  93              	.L13:
  94 004a 00BF     		.align	2
  95              	.L12:
  96 004c 00600040 		.word	1073766400
  97 0050 04600040 		.word	1073766404
  98 0054 08000000 		.word	USB_Bootloader_EP+8
  99 0058 00000000 		.word	USB_Bootloader_interfaceClass
 100              		.cfi_endproc
 101              	.LFE0:
 102              		.size	USB_Bootloader_DispatchClassRqst, .-USB_Bootloader_DispatchClassRqst
 103              		.text
 104              	.Letext0:
 105              		.file 2 ".\\Generated_Source\\PSoC5\\cytypes.h"
 106              		.file 3 ".\\Generated_Source\\PSoC5\\USB_Bootloader.h"
 107              		.file 4 ".\\Generated_Source\\PSoC5\\USB_Bootloader_pvt.h"
 108              		.section	.debug_info,"",%progbits
 109              	.Ldebug_info0:
 110 0000 AD010000 		.4byte	0x1ad
 111 0004 0400     		.2byte	0x4
 112 0006 00000000 		.4byte	.Ldebug_abbrev0
 113 000a 04       		.byte	0x4
 114 000b 01       		.uleb128 0x1
 115 000c 35010000 		.4byte	.LASF30
 116 0010 01       		.byte	0x1
 117 0011 21020000 		.4byte	.LASF31
 118 0015 00000000 		.4byte	.LASF32
 119 0019 00000000 		.4byte	.Ldebug_ranges0+0
 120 001d 00000000 		.4byte	0
 121 0021 00000000 		.4byte	.Ldebug_line0
 122 0025 02       		.uleb128 0x2
 123 0026 01       		.byte	0x1
 124 0027 06       		.byte	0x6
 125 0028 BE020000 		.4byte	.LASF0
 126 002c 02       		.uleb128 0x2
 127 002d 01       		.byte	0x1
 128 002e 08       		.byte	0x8
ARM GAS  C:\Users\Robert\AppData\Local\Temp\ccdfdNIx.s 			page 5


 129 002f D0000000 		.4byte	.LASF1
 130 0033 02       		.uleb128 0x2
 131 0034 02       		.byte	0x2
 132 0035 05       		.byte	0x5
 133 0036 9B020000 		.4byte	.LASF2
 134 003a 02       		.uleb128 0x2
 135 003b 02       		.byte	0x2
 136 003c 07       		.byte	0x7
 137 003d 9F000000 		.4byte	.LASF3
 138 0041 02       		.uleb128 0x2
 139 0042 04       		.byte	0x4
 140 0043 05       		.byte	0x5
 141 0044 B5020000 		.4byte	.LASF4
 142 0048 02       		.uleb128 0x2
 143 0049 04       		.byte	0x4
 144 004a 07       		.byte	0x7
 145 004b E3000000 		.4byte	.LASF5
 146 004f 02       		.uleb128 0x2
 147 0050 08       		.byte	0x8
 148 0051 05       		.byte	0x5
 149 0052 5F020000 		.4byte	.LASF6
 150 0056 02       		.uleb128 0x2
 151 0057 08       		.byte	0x8
 152 0058 07       		.byte	0x7
 153 0059 D0010000 		.4byte	.LASF7
 154 005d 03       		.uleb128 0x3
 155 005e 04       		.byte	0x4
 156 005f 05       		.byte	0x5
 157 0060 696E7400 		.ascii	"int\000"
 158 0064 02       		.uleb128 0x2
 159 0065 04       		.byte	0x4
 160 0066 07       		.byte	0x7
 161 0067 C3010000 		.4byte	.LASF8
 162 006b 04       		.uleb128 0x4
 163 006c A5020000 		.4byte	.LASF9
 164 0070 02       		.byte	0x2
 165 0071 C2       		.byte	0xc2
 166 0072 2C000000 		.4byte	0x2c
 167 0076 04       		.uleb128 0x4
 168 0077 23010000 		.4byte	.LASF10
 169 007b 02       		.byte	0x2
 170 007c C3       		.byte	0xc3
 171 007d 3A000000 		.4byte	0x3a
 172 0081 02       		.uleb128 0x2
 173 0082 04       		.byte	0x4
 174 0083 04       		.byte	0x4
 175 0084 C1000000 		.4byte	.LASF11
 176 0088 02       		.uleb128 0x2
 177 0089 08       		.byte	0x8
 178 008a 04       		.byte	0x4
 179 008b 0A010000 		.4byte	.LASF12
 180 008f 02       		.uleb128 0x2
 181 0090 01       		.byte	0x1
 182 0091 08       		.byte	0x8
 183 0092 6D020000 		.4byte	.LASF13
 184 0096 05       		.uleb128 0x5
 185 0097 DE000000 		.4byte	.LASF14
ARM GAS  C:\Users\Robert\AppData\Local\Temp\ccdfdNIx.s 			page 6


 186 009b 02       		.byte	0x2
 187 009c 6C01     		.2byte	0x16c
 188 009e A2000000 		.4byte	0xa2
 189 00a2 06       		.uleb128 0x6
 190 00a3 6B000000 		.4byte	0x6b
 191 00a7 02       		.uleb128 0x2
 192 00a8 04       		.byte	0x4
 193 00a9 07       		.byte	0x7
 194 00aa 4F020000 		.4byte	.LASF15
 195 00ae 07       		.uleb128 0x7
 196 00af 0C       		.byte	0xc
 197 00b0 03       		.byte	0x3
 198 00b1 80       		.byte	0x80
 199 00b2 23010000 		.4byte	0x123
 200 00b6 08       		.uleb128 0x8
 201 00b7 11010000 		.4byte	.LASF16
 202 00bb 03       		.byte	0x3
 203 00bc 82       		.byte	0x82
 204 00bd 6B000000 		.4byte	0x6b
 205 00c1 00       		.byte	0
 206 00c2 08       		.uleb128 0x8
 207 00c3 2A010000 		.4byte	.LASF17
 208 00c7 03       		.byte	0x3
 209 00c8 83       		.byte	0x83
 210 00c9 6B000000 		.4byte	0x6b
 211 00cd 01       		.byte	0x1
 212 00ce 08       		.uleb128 0x8
 213 00cf E7010000 		.4byte	.LASF18
 214 00d3 03       		.byte	0x3
 215 00d4 84       		.byte	0x84
 216 00d5 6B000000 		.4byte	0x6b
 217 00d9 02       		.byte	0x2
 218 00da 08       		.uleb128 0x8
 219 00db C7000000 		.4byte	.LASF19
 220 00df 03       		.byte	0x3
 221 00e0 85       		.byte	0x85
 222 00e1 6B000000 		.4byte	0x6b
 223 00e5 03       		.byte	0x3
 224 00e6 08       		.uleb128 0x8
 225 00e7 F5000000 		.4byte	.LASF20
 226 00eb 03       		.byte	0x3
 227 00ec 86       		.byte	0x86
 228 00ed 6B000000 		.4byte	0x6b
 229 00f1 04       		.byte	0x4
 230 00f2 08       		.uleb128 0x8
 231 00f3 58020000 		.4byte	.LASF21
 232 00f7 03       		.byte	0x3
 233 00f8 87       		.byte	0x87
 234 00f9 6B000000 		.4byte	0x6b
 235 00fd 05       		.byte	0x5
 236 00fe 08       		.uleb128 0x8
 237 00ff 18010000 		.4byte	.LASF22
 238 0103 03       		.byte	0x3
 239 0104 88       		.byte	0x88
 240 0105 76000000 		.4byte	0x76
 241 0109 06       		.byte	0x6
 242 010a 08       		.uleb128 0x8
ARM GAS  C:\Users\Robert\AppData\Local\Temp\ccdfdNIx.s 			page 7


 243 010b 90020000 		.4byte	.LASF23
 244 010f 03       		.byte	0x3
 245 0110 89       		.byte	0x89
 246 0111 76000000 		.4byte	0x76
 247 0115 08       		.byte	0x8
 248 0116 08       		.uleb128 0x8
 249 0117 AB020000 		.4byte	.LASF24
 250 011b 03       		.byte	0x3
 251 011c 8A       		.byte	0x8a
 252 011d 6B000000 		.4byte	0x6b
 253 0121 0A       		.byte	0xa
 254 0122 00       		.byte	0
 255 0123 04       		.uleb128 0x4
 256 0124 F1010000 		.4byte	.LASF25
 257 0128 03       		.byte	0x3
 258 0129 8B       		.byte	0x8b
 259 012a AE000000 		.4byte	0xae
 260 012e 09       		.uleb128 0x9
 261 012f 5A000000 		.4byte	.LASF33
 262 0133 01       		.byte	0x1
 263 0134 31       		.byte	0x31
 264 0135 6B000000 		.4byte	0x6b
 265 0139 00000000 		.4byte	.LFB0
 266 013d 5C000000 		.4byte	.LFE0-.LFB0
 267 0141 01       		.uleb128 0x1
 268 0142 9C       		.byte	0x9c
 269 0143 6F010000 		.4byte	0x16f
 270 0147 0A       		.uleb128 0xa
 271 0148 B2000000 		.4byte	.LASF26
 272 014c 01       		.byte	0x1
 273 014d 33       		.byte	0x33
 274 014e 6B000000 		.4byte	0x6b
 275 0152 00000000 		.4byte	.LLST0
 276 0156 0A       		.uleb128 0xa
 277 0157 FA000000 		.4byte	.LASF27
 278 015b 01       		.byte	0x1
 279 015c 34       		.byte	0x34
 280 015d 6B000000 		.4byte	0x6b
 281 0161 36000000 		.4byte	.LLST1
 282 0165 0B       		.uleb128 0xb
 283 0166 44000000 		.4byte	.LVL7
 284 016a A5010000 		.4byte	0x1a5
 285 016e 00       		.byte	0
 286 016f 0C       		.uleb128 0xc
 287 0170 72020000 		.4byte	.LASF28
 288 0174 04       		.byte	0x4
 289 0175 3D       		.byte	0x3d
 290 0176 7A010000 		.4byte	0x17a
 291 017a 0D       		.uleb128 0xd
 292 017b 04       		.byte	0x4
 293 017c 80010000 		.4byte	0x180
 294 0180 0E       		.uleb128 0xe
 295 0181 6B000000 		.4byte	0x6b
 296 0185 0F       		.uleb128 0xf
 297 0186 23010000 		.4byte	0x123
 298 018a 95010000 		.4byte	0x195
 299 018e 10       		.uleb128 0x10
ARM GAS  C:\Users\Robert\AppData\Local\Temp\ccdfdNIx.s 			page 8


 300 018f A7000000 		.4byte	0xa7
 301 0193 08       		.byte	0x8
 302 0194 00       		.byte	0
 303 0195 0C       		.uleb128 0xc
 304 0196 0F020000 		.4byte	.LASF29
 305 019a 04       		.byte	0x4
 306 019b 3F       		.byte	0x3f
 307 019c A0010000 		.4byte	0x1a0
 308 01a0 06       		.uleb128 0x6
 309 01a1 85010000 		.4byte	0x185
 310 01a5 11       		.uleb128 0x11
 311 01a6 7B000000 		.4byte	.LASF34
 312 01aa 04       		.byte	0x4
 313 01ab 8A       		.byte	0x8a
 314 01ac 6B000000 		.4byte	0x6b
 315 01b0 00       		.byte	0
 316              		.section	.debug_abbrev,"",%progbits
 317              	.Ldebug_abbrev0:
 318 0000 01       		.uleb128 0x1
 319 0001 11       		.uleb128 0x11
 320 0002 01       		.byte	0x1
 321 0003 25       		.uleb128 0x25
 322 0004 0E       		.uleb128 0xe
 323 0005 13       		.uleb128 0x13
 324 0006 0B       		.uleb128 0xb
 325 0007 03       		.uleb128 0x3
 326 0008 0E       		.uleb128 0xe
 327 0009 1B       		.uleb128 0x1b
 328 000a 0E       		.uleb128 0xe
 329 000b 55       		.uleb128 0x55
 330 000c 17       		.uleb128 0x17
 331 000d 11       		.uleb128 0x11
 332 000e 01       		.uleb128 0x1
 333 000f 10       		.uleb128 0x10
 334 0010 17       		.uleb128 0x17
 335 0011 00       		.byte	0
 336 0012 00       		.byte	0
 337 0013 02       		.uleb128 0x2
 338 0014 24       		.uleb128 0x24
 339 0015 00       		.byte	0
 340 0016 0B       		.uleb128 0xb
 341 0017 0B       		.uleb128 0xb
 342 0018 3E       		.uleb128 0x3e
 343 0019 0B       		.uleb128 0xb
 344 001a 03       		.uleb128 0x3
 345 001b 0E       		.uleb128 0xe
 346 001c 00       		.byte	0
 347 001d 00       		.byte	0
 348 001e 03       		.uleb128 0x3
 349 001f 24       		.uleb128 0x24
 350 0020 00       		.byte	0
 351 0021 0B       		.uleb128 0xb
 352 0022 0B       		.uleb128 0xb
 353 0023 3E       		.uleb128 0x3e
 354 0024 0B       		.uleb128 0xb
 355 0025 03       		.uleb128 0x3
 356 0026 08       		.uleb128 0x8
ARM GAS  C:\Users\Robert\AppData\Local\Temp\ccdfdNIx.s 			page 9


 357 0027 00       		.byte	0
 358 0028 00       		.byte	0
 359 0029 04       		.uleb128 0x4
 360 002a 16       		.uleb128 0x16
 361 002b 00       		.byte	0
 362 002c 03       		.uleb128 0x3
 363 002d 0E       		.uleb128 0xe
 364 002e 3A       		.uleb128 0x3a
 365 002f 0B       		.uleb128 0xb
 366 0030 3B       		.uleb128 0x3b
 367 0031 0B       		.uleb128 0xb
 368 0032 49       		.uleb128 0x49
 369 0033 13       		.uleb128 0x13
 370 0034 00       		.byte	0
 371 0035 00       		.byte	0
 372 0036 05       		.uleb128 0x5
 373 0037 16       		.uleb128 0x16
 374 0038 00       		.byte	0
 375 0039 03       		.uleb128 0x3
 376 003a 0E       		.uleb128 0xe
 377 003b 3A       		.uleb128 0x3a
 378 003c 0B       		.uleb128 0xb
 379 003d 3B       		.uleb128 0x3b
 380 003e 05       		.uleb128 0x5
 381 003f 49       		.uleb128 0x49
 382 0040 13       		.uleb128 0x13
 383 0041 00       		.byte	0
 384 0042 00       		.byte	0
 385 0043 06       		.uleb128 0x6
 386 0044 35       		.uleb128 0x35
 387 0045 00       		.byte	0
 388 0046 49       		.uleb128 0x49
 389 0047 13       		.uleb128 0x13
 390 0048 00       		.byte	0
 391 0049 00       		.byte	0
 392 004a 07       		.uleb128 0x7
 393 004b 13       		.uleb128 0x13
 394 004c 01       		.byte	0x1
 395 004d 0B       		.uleb128 0xb
 396 004e 0B       		.uleb128 0xb
 397 004f 3A       		.uleb128 0x3a
 398 0050 0B       		.uleb128 0xb
 399 0051 3B       		.uleb128 0x3b
 400 0052 0B       		.uleb128 0xb
 401 0053 01       		.uleb128 0x1
 402 0054 13       		.uleb128 0x13
 403 0055 00       		.byte	0
 404 0056 00       		.byte	0
 405 0057 08       		.uleb128 0x8
 406 0058 0D       		.uleb128 0xd
 407 0059 00       		.byte	0
 408 005a 03       		.uleb128 0x3
 409 005b 0E       		.uleb128 0xe
 410 005c 3A       		.uleb128 0x3a
 411 005d 0B       		.uleb128 0xb
 412 005e 3B       		.uleb128 0x3b
 413 005f 0B       		.uleb128 0xb
ARM GAS  C:\Users\Robert\AppData\Local\Temp\ccdfdNIx.s 			page 10


 414 0060 49       		.uleb128 0x49
 415 0061 13       		.uleb128 0x13
 416 0062 38       		.uleb128 0x38
 417 0063 0B       		.uleb128 0xb
 418 0064 00       		.byte	0
 419 0065 00       		.byte	0
 420 0066 09       		.uleb128 0x9
 421 0067 2E       		.uleb128 0x2e
 422 0068 01       		.byte	0x1
 423 0069 3F       		.uleb128 0x3f
 424 006a 19       		.uleb128 0x19
 425 006b 03       		.uleb128 0x3
 426 006c 0E       		.uleb128 0xe
 427 006d 3A       		.uleb128 0x3a
 428 006e 0B       		.uleb128 0xb
 429 006f 3B       		.uleb128 0x3b
 430 0070 0B       		.uleb128 0xb
 431 0071 27       		.uleb128 0x27
 432 0072 19       		.uleb128 0x19
 433 0073 49       		.uleb128 0x49
 434 0074 13       		.uleb128 0x13
 435 0075 11       		.uleb128 0x11
 436 0076 01       		.uleb128 0x1
 437 0077 12       		.uleb128 0x12
 438 0078 06       		.uleb128 0x6
 439 0079 40       		.uleb128 0x40
 440 007a 18       		.uleb128 0x18
 441 007b 9742     		.uleb128 0x2117
 442 007d 19       		.uleb128 0x19
 443 007e 01       		.uleb128 0x1
 444 007f 13       		.uleb128 0x13
 445 0080 00       		.byte	0
 446 0081 00       		.byte	0
 447 0082 0A       		.uleb128 0xa
 448 0083 34       		.uleb128 0x34
 449 0084 00       		.byte	0
 450 0085 03       		.uleb128 0x3
 451 0086 0E       		.uleb128 0xe
 452 0087 3A       		.uleb128 0x3a
 453 0088 0B       		.uleb128 0xb
 454 0089 3B       		.uleb128 0x3b
 455 008a 0B       		.uleb128 0xb
 456 008b 49       		.uleb128 0x49
 457 008c 13       		.uleb128 0x13
 458 008d 02       		.uleb128 0x2
 459 008e 17       		.uleb128 0x17
 460 008f 00       		.byte	0
 461 0090 00       		.byte	0
 462 0091 0B       		.uleb128 0xb
 463 0092 898201   		.uleb128 0x4109
 464 0095 00       		.byte	0
 465 0096 11       		.uleb128 0x11
 466 0097 01       		.uleb128 0x1
 467 0098 31       		.uleb128 0x31
 468 0099 13       		.uleb128 0x13
 469 009a 00       		.byte	0
 470 009b 00       		.byte	0
ARM GAS  C:\Users\Robert\AppData\Local\Temp\ccdfdNIx.s 			page 11


 471 009c 0C       		.uleb128 0xc
 472 009d 34       		.uleb128 0x34
 473 009e 00       		.byte	0
 474 009f 03       		.uleb128 0x3
 475 00a0 0E       		.uleb128 0xe
 476 00a1 3A       		.uleb128 0x3a
 477 00a2 0B       		.uleb128 0xb
 478 00a3 3B       		.uleb128 0x3b
 479 00a4 0B       		.uleb128 0xb
 480 00a5 49       		.uleb128 0x49
 481 00a6 13       		.uleb128 0x13
 482 00a7 3F       		.uleb128 0x3f
 483 00a8 19       		.uleb128 0x19
 484 00a9 3C       		.uleb128 0x3c
 485 00aa 19       		.uleb128 0x19
 486 00ab 00       		.byte	0
 487 00ac 00       		.byte	0
 488 00ad 0D       		.uleb128 0xd
 489 00ae 0F       		.uleb128 0xf
 490 00af 00       		.byte	0
 491 00b0 0B       		.uleb128 0xb
 492 00b1 0B       		.uleb128 0xb
 493 00b2 49       		.uleb128 0x49
 494 00b3 13       		.uleb128 0x13
 495 00b4 00       		.byte	0
 496 00b5 00       		.byte	0
 497 00b6 0E       		.uleb128 0xe
 498 00b7 26       		.uleb128 0x26
 499 00b8 00       		.byte	0
 500 00b9 49       		.uleb128 0x49
 501 00ba 13       		.uleb128 0x13
 502 00bb 00       		.byte	0
 503 00bc 00       		.byte	0
 504 00bd 0F       		.uleb128 0xf
 505 00be 01       		.uleb128 0x1
 506 00bf 01       		.byte	0x1
 507 00c0 49       		.uleb128 0x49
 508 00c1 13       		.uleb128 0x13
 509 00c2 01       		.uleb128 0x1
 510 00c3 13       		.uleb128 0x13
 511 00c4 00       		.byte	0
 512 00c5 00       		.byte	0
 513 00c6 10       		.uleb128 0x10
 514 00c7 21       		.uleb128 0x21
 515 00c8 00       		.byte	0
 516 00c9 49       		.uleb128 0x49
 517 00ca 13       		.uleb128 0x13
 518 00cb 2F       		.uleb128 0x2f
 519 00cc 0B       		.uleb128 0xb
 520 00cd 00       		.byte	0
 521 00ce 00       		.byte	0
 522 00cf 11       		.uleb128 0x11
 523 00d0 2E       		.uleb128 0x2e
 524 00d1 00       		.byte	0
 525 00d2 3F       		.uleb128 0x3f
 526 00d3 19       		.uleb128 0x19
 527 00d4 03       		.uleb128 0x3
ARM GAS  C:\Users\Robert\AppData\Local\Temp\ccdfdNIx.s 			page 12


 528 00d5 0E       		.uleb128 0xe
 529 00d6 3A       		.uleb128 0x3a
 530 00d7 0B       		.uleb128 0xb
 531 00d8 3B       		.uleb128 0x3b
 532 00d9 0B       		.uleb128 0xb
 533 00da 27       		.uleb128 0x27
 534 00db 19       		.uleb128 0x19
 535 00dc 49       		.uleb128 0x49
 536 00dd 13       		.uleb128 0x13
 537 00de 3C       		.uleb128 0x3c
 538 00df 19       		.uleb128 0x19
 539 00e0 00       		.byte	0
 540 00e1 00       		.byte	0
 541 00e2 00       		.byte	0
 542              		.section	.debug_loc,"",%progbits
 543              	.Ldebug_loc0:
 544              	.LLST0:
 545 0000 02000000 		.4byte	.LVL0
 546 0004 44000000 		.4byte	.LVL7
 547 0008 0200     		.2byte	0x2
 548 000a 30       		.byte	0x30
 549 000b 9F       		.byte	0x9f
 550 000c 44000000 		.4byte	.LVL7
 551 0010 46000000 		.4byte	.LVL8
 552 0014 0100     		.2byte	0x1
 553 0016 50       		.byte	0x50
 554 0017 46000000 		.4byte	.LVL8
 555 001b 48000000 		.4byte	.LVL9
 556 001f 0200     		.2byte	0x2
 557 0021 30       		.byte	0x30
 558 0022 9F       		.byte	0x9f
 559 0023 48000000 		.4byte	.LVL9
 560 0027 5C000000 		.4byte	.LFE0
 561 002b 0100     		.2byte	0x1
 562 002d 50       		.byte	0x50
 563 002e 00000000 		.4byte	0
 564 0032 00000000 		.4byte	0
 565              	.LLST1:
 566 0036 02000000 		.4byte	.LVL0
 567 003a 1A000000 		.4byte	.LVL1
 568 003e 0200     		.2byte	0x2
 569 0040 30       		.byte	0x30
 570 0041 9F       		.byte	0x9f
 571 0042 1A000000 		.4byte	.LVL1
 572 0046 1C000000 		.4byte	.LVL2
 573 004a 0100     		.2byte	0x1
 574 004c 53       		.byte	0x53
 575 004d 1C000000 		.4byte	.LVL2
 576 0051 32000000 		.4byte	.LVL3
 577 0055 0200     		.2byte	0x2
 578 0057 30       		.byte	0x30
 579 0058 9F       		.byte	0x9f
 580 0059 32000000 		.4byte	.LVL3
 581 005d 34000000 		.4byte	.LVL4
 582 0061 0100     		.2byte	0x1
 583 0063 53       		.byte	0x53
 584 0064 34000000 		.4byte	.LVL4
ARM GAS  C:\Users\Robert\AppData\Local\Temp\ccdfdNIx.s 			page 13


 585 0068 36000000 		.4byte	.LVL5
 586 006c 0200     		.2byte	0x2
 587 006e 30       		.byte	0x30
 588 006f 9F       		.byte	0x9f
 589 0070 36000000 		.4byte	.LVL5
 590 0074 3C000000 		.4byte	.LVL6
 591 0078 0100     		.2byte	0x1
 592 007a 53       		.byte	0x53
 593 007b 00000000 		.4byte	0
 594 007f 00000000 		.4byte	0
 595              		.section	.debug_aranges,"",%progbits
 596 0000 1C000000 		.4byte	0x1c
 597 0004 0200     		.2byte	0x2
 598 0006 00000000 		.4byte	.Ldebug_info0
 599 000a 04       		.byte	0x4
 600 000b 00       		.byte	0
 601 000c 0000     		.2byte	0
 602 000e 0000     		.2byte	0
 603 0010 00000000 		.4byte	.LFB0
 604 0014 5C000000 		.4byte	.LFE0-.LFB0
 605 0018 00000000 		.4byte	0
 606 001c 00000000 		.4byte	0
 607              		.section	.debug_ranges,"",%progbits
 608              	.Ldebug_ranges0:
 609 0000 00000000 		.4byte	.LFB0
 610 0004 5C000000 		.4byte	.LFE0
 611 0008 00000000 		.4byte	0
 612 000c 00000000 		.4byte	0
 613              		.section	.debug_line,"",%progbits
 614              	.Ldebug_line0:
 615 0000 A5000000 		.section	.debug_str,"MS",%progbits,1
 615      02007D00 
 615      00000201 
 615      FB0E0D00 
 615      01010101 
 616              	.LASF32:
 617 0000 433A5C55 		.ascii	"C:\\Users\\Robert\\Documents\\PSoC Creator\\product"
 617      73657273 
 617      5C526F62 
 617      6572745C 
 617      446F6375 
 618 002e 696F6E5F 		.ascii	"ion_108\\PSoC Creator\\pisoc_bootloader.cydsn\000"
 618      3130385C 
 618      50536F43 
 618      20437265 
 618      61746F72 
 619              	.LASF33:
 620 005a 5553425F 		.ascii	"USB_Bootloader_DispatchClassRqst\000"
 620      426F6F74 
 620      6C6F6164 
 620      65725F44 
 620      69737061 
 621              	.LASF34:
 622 007b 5553425F 		.ascii	"USB_Bootloader_DispatchHIDClassRqst\000"
 622      426F6F74 
 622      6C6F6164 
 622      65725F44 
ARM GAS  C:\Users\Robert\AppData\Local\Temp\ccdfdNIx.s 			page 14


 622      69737061 
 623              	.LASF3:
 624 009f 73686F72 		.ascii	"short unsigned int\000"
 624      7420756E 
 624      7369676E 
 624      65642069 
 624      6E7400
 625              	.LASF26:
 626 00b2 72657175 		.ascii	"requestHandled\000"
 626      65737448 
 626      616E646C 
 626      656400
 627              	.LASF11:
 628 00c1 666C6F61 		.ascii	"float\000"
 628      7400
 629              	.LASF19:
 630 00c7 6570546F 		.ascii	"epToggle\000"
 630      67676C65 
 630      00
 631              	.LASF1:
 632 00d0 756E7369 		.ascii	"unsigned char\000"
 632      676E6564 
 632      20636861 
 632      7200
 633              	.LASF14:
 634 00de 72656738 		.ascii	"reg8\000"
 634      00
 635              	.LASF5:
 636 00e3 6C6F6E67 		.ascii	"long unsigned int\000"
 636      20756E73 
 636      69676E65 
 636      6420696E 
 636      7400
 637              	.LASF20:
 638 00f5 61646472 		.ascii	"addr\000"
 638      00
 639              	.LASF27:
 640 00fa 696E7465 		.ascii	"interfaceNumber\000"
 640      72666163 
 640      654E756D 
 640      62657200 
 641              	.LASF12:
 642 010a 646F7562 		.ascii	"double\000"
 642      6C6500
 643              	.LASF16:
 644 0111 61747472 		.ascii	"attrib\000"
 644      696200
 645              	.LASF22:
 646 0118 62756666 		.ascii	"buffOffset\000"
 646      4F666673 
 646      657400
 647              	.LASF10:
 648 0123 75696E74 		.ascii	"uint16\000"
 648      313600
 649              	.LASF17:
 650 012a 61706945 		.ascii	"apiEpState\000"
 650      70537461 
ARM GAS  C:\Users\Robert\AppData\Local\Temp\ccdfdNIx.s 			page 15


 650      746500
 651              	.LASF30:
 652 0135 474E5520 		.ascii	"GNU C 4.9.3 20150303 (release) [ARM/embedded-4_9-br"
 652      4320342E 
 652      392E3320 
 652      32303135 
 652      30333033 
 653 0168 616E6368 		.ascii	"anch revision 221220] -mcpu=cortex-m3 -mthumb -g -O"
 653      20726576 
 653      6973696F 
 653      6E203232 
 653      31323230 
 654 019b 67202D66 		.ascii	"g -ffunction-sections -ffat-lto-objects\000"
 654      66756E63 
 654      74696F6E 
 654      2D736563 
 654      74696F6E 
 655              	.LASF8:
 656 01c3 756E7369 		.ascii	"unsigned int\000"
 656      676E6564 
 656      20696E74 
 656      00
 657              	.LASF7:
 658 01d0 6C6F6E67 		.ascii	"long long unsigned int\000"
 658      206C6F6E 
 658      6720756E 
 658      7369676E 
 658      65642069 
 659              	.LASF18:
 660 01e7 68774570 		.ascii	"hwEpState\000"
 660      53746174 
 660      6500
 661              	.LASF25:
 662 01f1 545F5553 		.ascii	"T_USB_Bootloader_EP_CTL_BLOCK\000"
 662      425F426F 
 662      6F746C6F 
 662      61646572 
 662      5F45505F 
 663              	.LASF29:
 664 020f 5553425F 		.ascii	"USB_Bootloader_EP\000"
 664      426F6F74 
 664      6C6F6164 
 664      65725F45 
 664      5000
 665              	.LASF31:
 666 0221 2E5C4765 		.ascii	".\\Generated_Source\\PSoC5\\USB_Bootloader_cls.c\000"
 666      6E657261 
 666      7465645F 
 666      536F7572 
 666      63655C50 
 667              	.LASF15:
 668 024f 73697A65 		.ascii	"sizetype\000"
 668      74797065 
 668      00
 669              	.LASF21:
 670 0258 65704D6F 		.ascii	"epMode\000"
 670      646500
ARM GAS  C:\Users\Robert\AppData\Local\Temp\ccdfdNIx.s 			page 16


 671              	.LASF6:
 672 025f 6C6F6E67 		.ascii	"long long int\000"
 672      206C6F6E 
 672      6720696E 
 672      7400
 673              	.LASF13:
 674 026d 63686172 		.ascii	"char\000"
 674      00
 675              	.LASF28:
 676 0272 5553425F 		.ascii	"USB_Bootloader_interfaceClass\000"
 676      426F6F74 
 676      6C6F6164 
 676      65725F69 
 676      6E746572 
 677              	.LASF23:
 678 0290 62756666 		.ascii	"bufferSize\000"
 678      65725369 
 678      7A6500
 679              	.LASF2:
 680 029b 73686F72 		.ascii	"short int\000"
 680      7420696E 
 680      7400
 681              	.LASF9:
 682 02a5 75696E74 		.ascii	"uint8\000"
 682      3800
 683              	.LASF24:
 684 02ab 696E7465 		.ascii	"interface\000"
 684      72666163 
 684      6500
 685              	.LASF4:
 686 02b5 6C6F6E67 		.ascii	"long int\000"
 686      20696E74 
 686      00
 687              	.LASF0:
 688 02be 7369676E 		.ascii	"signed char\000"
 688      65642063 
 688      68617200 
 689              		.ident	"GCC: (GNU Tools for ARM Embedded Processors) 4.9.3 20150303 (release) [ARM/embedded-4_9-br
