ARM GAS  C:\Users\Robert\AppData\Local\Temp\ccUycZTK.s 			page 1


   1              		.syntax unified
   2              		.cpu cortex-m3
   3              		.fpu softvfp
   4              		.eabi_attribute 20, 1
   5              		.eabi_attribute 21, 1
   6              		.eabi_attribute 23, 3
   7              		.eabi_attribute 24, 1
   8              		.eabi_attribute 25, 1
   9              		.eabi_attribute 26, 1
  10              		.eabi_attribute 30, 1
  11              		.eabi_attribute 34, 1
  12              		.eabi_attribute 18, 4
  13              		.thumb
  14              		.file	"USB_Bootloader_Dp.c"
  15              		.text
  16              	.Ltext0:
  17              		.cfi_sections	.debug_frame
  18              		.section	.text.USB_Bootloader_Dp_Write,"ax",%progbits
  19              		.align	2
  20              		.global	USB_Bootloader_Dp_Write
  21              		.thumb
  22              		.thumb_func
  23              		.type	USB_Bootloader_Dp_Write, %function
  24              	USB_Bootloader_Dp_Write:
  25              	.LFB0:
  26              		.file 1 ".\\Generated_Source\\PSoC5\\USB_Bootloader_Dp.c"
   1:.\Generated_Source\PSoC5/USB_Bootloader_Dp.c **** /*******************************************************************************
   2:.\Generated_Source\PSoC5/USB_Bootloader_Dp.c **** * File Name: USB_Bootloader_Dp.c  
   3:.\Generated_Source\PSoC5/USB_Bootloader_Dp.c **** * Version 2.10
   4:.\Generated_Source\PSoC5/USB_Bootloader_Dp.c **** *
   5:.\Generated_Source\PSoC5/USB_Bootloader_Dp.c **** * Description:
   6:.\Generated_Source\PSoC5/USB_Bootloader_Dp.c **** *  This file contains API to enable firmware control of a Pins component.
   7:.\Generated_Source\PSoC5/USB_Bootloader_Dp.c **** *
   8:.\Generated_Source\PSoC5/USB_Bootloader_Dp.c **** * Note:
   9:.\Generated_Source\PSoC5/USB_Bootloader_Dp.c **** *
  10:.\Generated_Source\PSoC5/USB_Bootloader_Dp.c **** ********************************************************************************
  11:.\Generated_Source\PSoC5/USB_Bootloader_Dp.c **** * Copyright 2008-2014, Cypress Semiconductor Corporation.  All rights reserved.
  12:.\Generated_Source\PSoC5/USB_Bootloader_Dp.c **** * You may use this file only in accordance with the license, terms, conditions, 
  13:.\Generated_Source\PSoC5/USB_Bootloader_Dp.c **** * disclaimers, and limitations in the end user license agreement accompanying 
  14:.\Generated_Source\PSoC5/USB_Bootloader_Dp.c **** * the software package with which this file was provided.
  15:.\Generated_Source\PSoC5/USB_Bootloader_Dp.c **** *******************************************************************************/
  16:.\Generated_Source\PSoC5/USB_Bootloader_Dp.c **** 
  17:.\Generated_Source\PSoC5/USB_Bootloader_Dp.c **** #include "cytypes.h"
  18:.\Generated_Source\PSoC5/USB_Bootloader_Dp.c **** #include "USB_Bootloader_Dp.h"
  19:.\Generated_Source\PSoC5/USB_Bootloader_Dp.c **** 
  20:.\Generated_Source\PSoC5/USB_Bootloader_Dp.c **** /* APIs are not generated for P15[7:6] on PSoC 5 */
  21:.\Generated_Source\PSoC5/USB_Bootloader_Dp.c **** #if !(CY_PSOC5A &&\
  22:.\Generated_Source\PSoC5/USB_Bootloader_Dp.c **** 	 USB_Bootloader_Dp__PORT == 15 && ((USB_Bootloader_Dp__MASK & 0xC0) != 0))
  23:.\Generated_Source\PSoC5/USB_Bootloader_Dp.c **** 
  24:.\Generated_Source\PSoC5/USB_Bootloader_Dp.c **** 
  25:.\Generated_Source\PSoC5/USB_Bootloader_Dp.c **** /*******************************************************************************
  26:.\Generated_Source\PSoC5/USB_Bootloader_Dp.c **** * Function Name: USB_Bootloader_Dp_Write
  27:.\Generated_Source\PSoC5/USB_Bootloader_Dp.c **** ********************************************************************************
  28:.\Generated_Source\PSoC5/USB_Bootloader_Dp.c **** *
  29:.\Generated_Source\PSoC5/USB_Bootloader_Dp.c **** * Summary:
  30:.\Generated_Source\PSoC5/USB_Bootloader_Dp.c **** *  Assign a new value to the digital port's data output register.  
  31:.\Generated_Source\PSoC5/USB_Bootloader_Dp.c **** *
ARM GAS  C:\Users\Robert\AppData\Local\Temp\ccUycZTK.s 			page 2


  32:.\Generated_Source\PSoC5/USB_Bootloader_Dp.c **** * Parameters:  
  33:.\Generated_Source\PSoC5/USB_Bootloader_Dp.c **** *  prtValue:  The value to be assigned to the Digital Port. 
  34:.\Generated_Source\PSoC5/USB_Bootloader_Dp.c **** *
  35:.\Generated_Source\PSoC5/USB_Bootloader_Dp.c **** * Return: 
  36:.\Generated_Source\PSoC5/USB_Bootloader_Dp.c **** *  None
  37:.\Generated_Source\PSoC5/USB_Bootloader_Dp.c **** *  
  38:.\Generated_Source\PSoC5/USB_Bootloader_Dp.c **** *******************************************************************************/
  39:.\Generated_Source\PSoC5/USB_Bootloader_Dp.c **** void USB_Bootloader_Dp_Write(uint8 value) 
  40:.\Generated_Source\PSoC5/USB_Bootloader_Dp.c **** {
  27              		.loc 1 40 0
  28              		.cfi_startproc
  29              		@ args = 0, pretend = 0, frame = 0
  30              		@ frame_needed = 0, uses_anonymous_args = 0
  31              		@ link register save eliminated.
  32              	.LVL0:
  41:.\Generated_Source\PSoC5/USB_Bootloader_Dp.c ****     uint8 staticBits = (USB_Bootloader_Dp_DR & (uint8)(~USB_Bootloader_Dp_MASK));
  33              		.loc 1 41 0
  34 0000 044A     		ldr	r2, .L2
  35 0002 1378     		ldrb	r3, [r2]	@ zero_extendqisi2
  36 0004 03F0BF03 		and	r3, r3, #191
  37              	.LVL1:
  42:.\Generated_Source\PSoC5/USB_Bootloader_Dp.c ****     USB_Bootloader_Dp_DR = staticBits | ((uint8)(value << USB_Bootloader_Dp_SHIFT) & USB_Bootloader
  38              		.loc 1 42 0
  39 0008 8001     		lsls	r0, r0, #6
  40              	.LVL2:
  41 000a 00F04000 		and	r0, r0, #64
  42 000e 1843     		orrs	r0, r0, r3
  43 0010 1070     		strb	r0, [r2]
  44 0012 7047     		bx	lr
  45              	.L3:
  46              		.align	2
  47              	.L2:
  48 0014 F0510040 		.word	1073762800
  49              		.cfi_endproc
  50              	.LFE0:
  51              		.size	USB_Bootloader_Dp_Write, .-USB_Bootloader_Dp_Write
  52              		.section	.text.USB_Bootloader_Dp_SetDriveMode,"ax",%progbits
  53              		.align	2
  54              		.global	USB_Bootloader_Dp_SetDriveMode
  55              		.thumb
  56              		.thumb_func
  57              		.type	USB_Bootloader_Dp_SetDriveMode, %function
  58              	USB_Bootloader_Dp_SetDriveMode:
  59              	.LFB1:
  43:.\Generated_Source\PSoC5/USB_Bootloader_Dp.c **** }
  44:.\Generated_Source\PSoC5/USB_Bootloader_Dp.c **** 
  45:.\Generated_Source\PSoC5/USB_Bootloader_Dp.c **** 
  46:.\Generated_Source\PSoC5/USB_Bootloader_Dp.c **** /*******************************************************************************
  47:.\Generated_Source\PSoC5/USB_Bootloader_Dp.c **** * Function Name: USB_Bootloader_Dp_SetDriveMode
  48:.\Generated_Source\PSoC5/USB_Bootloader_Dp.c **** ********************************************************************************
  49:.\Generated_Source\PSoC5/USB_Bootloader_Dp.c **** *
  50:.\Generated_Source\PSoC5/USB_Bootloader_Dp.c **** * Summary:
  51:.\Generated_Source\PSoC5/USB_Bootloader_Dp.c **** *  Change the drive mode on the pins of the port.
  52:.\Generated_Source\PSoC5/USB_Bootloader_Dp.c **** * 
  53:.\Generated_Source\PSoC5/USB_Bootloader_Dp.c **** * Parameters:  
  54:.\Generated_Source\PSoC5/USB_Bootloader_Dp.c **** *  mode:  Change the pins to one of the following drive modes.
  55:.\Generated_Source\PSoC5/USB_Bootloader_Dp.c **** *
ARM GAS  C:\Users\Robert\AppData\Local\Temp\ccUycZTK.s 			page 3


  56:.\Generated_Source\PSoC5/USB_Bootloader_Dp.c **** *  USB_Bootloader_Dp_DM_STRONG     Strong Drive 
  57:.\Generated_Source\PSoC5/USB_Bootloader_Dp.c **** *  USB_Bootloader_Dp_DM_OD_HI      Open Drain, Drives High 
  58:.\Generated_Source\PSoC5/USB_Bootloader_Dp.c **** *  USB_Bootloader_Dp_DM_OD_LO      Open Drain, Drives Low 
  59:.\Generated_Source\PSoC5/USB_Bootloader_Dp.c **** *  USB_Bootloader_Dp_DM_RES_UP     Resistive Pull Up 
  60:.\Generated_Source\PSoC5/USB_Bootloader_Dp.c **** *  USB_Bootloader_Dp_DM_RES_DWN    Resistive Pull Down 
  61:.\Generated_Source\PSoC5/USB_Bootloader_Dp.c **** *  USB_Bootloader_Dp_DM_RES_UPDWN  Resistive Pull Up/Down 
  62:.\Generated_Source\PSoC5/USB_Bootloader_Dp.c **** *  USB_Bootloader_Dp_DM_DIG_HIZ    High Impedance Digital 
  63:.\Generated_Source\PSoC5/USB_Bootloader_Dp.c **** *  USB_Bootloader_Dp_DM_ALG_HIZ    High Impedance Analog 
  64:.\Generated_Source\PSoC5/USB_Bootloader_Dp.c **** *
  65:.\Generated_Source\PSoC5/USB_Bootloader_Dp.c **** * Return: 
  66:.\Generated_Source\PSoC5/USB_Bootloader_Dp.c **** *  None
  67:.\Generated_Source\PSoC5/USB_Bootloader_Dp.c **** *
  68:.\Generated_Source\PSoC5/USB_Bootloader_Dp.c **** *******************************************************************************/
  69:.\Generated_Source\PSoC5/USB_Bootloader_Dp.c **** void USB_Bootloader_Dp_SetDriveMode(uint8 mode) 
  70:.\Generated_Source\PSoC5/USB_Bootloader_Dp.c **** {
  60              		.loc 1 70 0
  61              		.cfi_startproc
  62              		@ args = 0, pretend = 0, frame = 0
  63              		@ frame_needed = 0, uses_anonymous_args = 0
  64              		@ link register save eliminated.
  65              	.LVL3:
  71:.\Generated_Source\PSoC5/USB_Bootloader_Dp.c **** 	CyPins_SetPinDriveMode(USB_Bootloader_Dp_0, mode);
  66              		.loc 1 71 0
  67 0000 044A     		ldr	r2, .L5
  68 0002 1378     		ldrb	r3, [r2]	@ zero_extendqisi2
  69 0004 03F0F103 		and	r3, r3, #241
  70 0008 00F00E00 		and	r0, r0, #14
  71              	.LVL4:
  72 000c 1843     		orrs	r0, r0, r3
  73 000e 1070     		strb	r0, [r2]
  74 0010 7047     		bx	lr
  75              	.L6:
  76 0012 00BF     		.align	2
  77              	.L5:
  78 0014 7E500040 		.word	1073762430
  79              		.cfi_endproc
  80              	.LFE1:
  81              		.size	USB_Bootloader_Dp_SetDriveMode, .-USB_Bootloader_Dp_SetDriveMode
  82              		.section	.text.USB_Bootloader_Dp_Read,"ax",%progbits
  83              		.align	2
  84              		.global	USB_Bootloader_Dp_Read
  85              		.thumb
  86              		.thumb_func
  87              		.type	USB_Bootloader_Dp_Read, %function
  88              	USB_Bootloader_Dp_Read:
  89              	.LFB2:
  72:.\Generated_Source\PSoC5/USB_Bootloader_Dp.c **** }
  73:.\Generated_Source\PSoC5/USB_Bootloader_Dp.c **** 
  74:.\Generated_Source\PSoC5/USB_Bootloader_Dp.c **** 
  75:.\Generated_Source\PSoC5/USB_Bootloader_Dp.c **** /*******************************************************************************
  76:.\Generated_Source\PSoC5/USB_Bootloader_Dp.c **** * Function Name: USB_Bootloader_Dp_Read
  77:.\Generated_Source\PSoC5/USB_Bootloader_Dp.c **** ********************************************************************************
  78:.\Generated_Source\PSoC5/USB_Bootloader_Dp.c **** *
  79:.\Generated_Source\PSoC5/USB_Bootloader_Dp.c **** * Summary:
  80:.\Generated_Source\PSoC5/USB_Bootloader_Dp.c **** *  Read the current value on the pins of the Digital Port in right justified 
  81:.\Generated_Source\PSoC5/USB_Bootloader_Dp.c **** *  form.
  82:.\Generated_Source\PSoC5/USB_Bootloader_Dp.c **** *
ARM GAS  C:\Users\Robert\AppData\Local\Temp\ccUycZTK.s 			page 4


  83:.\Generated_Source\PSoC5/USB_Bootloader_Dp.c **** * Parameters:  
  84:.\Generated_Source\PSoC5/USB_Bootloader_Dp.c **** *  None
  85:.\Generated_Source\PSoC5/USB_Bootloader_Dp.c **** *
  86:.\Generated_Source\PSoC5/USB_Bootloader_Dp.c **** * Return: 
  87:.\Generated_Source\PSoC5/USB_Bootloader_Dp.c **** *  Returns the current value of the Digital Port as a right justified number
  88:.\Generated_Source\PSoC5/USB_Bootloader_Dp.c **** *  
  89:.\Generated_Source\PSoC5/USB_Bootloader_Dp.c **** * Note:
  90:.\Generated_Source\PSoC5/USB_Bootloader_Dp.c **** *  Macro USB_Bootloader_Dp_ReadPS calls this function. 
  91:.\Generated_Source\PSoC5/USB_Bootloader_Dp.c **** *  
  92:.\Generated_Source\PSoC5/USB_Bootloader_Dp.c **** *******************************************************************************/
  93:.\Generated_Source\PSoC5/USB_Bootloader_Dp.c **** uint8 USB_Bootloader_Dp_Read(void) 
  94:.\Generated_Source\PSoC5/USB_Bootloader_Dp.c **** {
  90              		.loc 1 94 0
  91              		.cfi_startproc
  92              		@ args = 0, pretend = 0, frame = 0
  93              		@ frame_needed = 0, uses_anonymous_args = 0
  94              		@ link register save eliminated.
  95:.\Generated_Source\PSoC5/USB_Bootloader_Dp.c ****     return (USB_Bootloader_Dp_PS & USB_Bootloader_Dp_MASK) >> USB_Bootloader_Dp_SHIFT;
  95              		.loc 1 95 0
  96 0000 024B     		ldr	r3, .L8
  97 0002 1878     		ldrb	r0, [r3]	@ zero_extendqisi2
  96:.\Generated_Source\PSoC5/USB_Bootloader_Dp.c **** }
  98              		.loc 1 96 0
  99 0004 C0F38010 		ubfx	r0, r0, #6, #1
 100 0008 7047     		bx	lr
 101              	.L9:
 102 000a 00BF     		.align	2
 103              	.L8:
 104 000c F1510040 		.word	1073762801
 105              		.cfi_endproc
 106              	.LFE2:
 107              		.size	USB_Bootloader_Dp_Read, .-USB_Bootloader_Dp_Read
 108              		.section	.text.USB_Bootloader_Dp_ReadDataReg,"ax",%progbits
 109              		.align	2
 110              		.global	USB_Bootloader_Dp_ReadDataReg
 111              		.thumb
 112              		.thumb_func
 113              		.type	USB_Bootloader_Dp_ReadDataReg, %function
 114              	USB_Bootloader_Dp_ReadDataReg:
 115              	.LFB3:
  97:.\Generated_Source\PSoC5/USB_Bootloader_Dp.c **** 
  98:.\Generated_Source\PSoC5/USB_Bootloader_Dp.c **** 
  99:.\Generated_Source\PSoC5/USB_Bootloader_Dp.c **** /*******************************************************************************
 100:.\Generated_Source\PSoC5/USB_Bootloader_Dp.c **** * Function Name: USB_Bootloader_Dp_ReadDataReg
 101:.\Generated_Source\PSoC5/USB_Bootloader_Dp.c **** ********************************************************************************
 102:.\Generated_Source\PSoC5/USB_Bootloader_Dp.c **** *
 103:.\Generated_Source\PSoC5/USB_Bootloader_Dp.c **** * Summary:
 104:.\Generated_Source\PSoC5/USB_Bootloader_Dp.c **** *  Read the current value assigned to a Digital Port's data output register
 105:.\Generated_Source\PSoC5/USB_Bootloader_Dp.c **** *
 106:.\Generated_Source\PSoC5/USB_Bootloader_Dp.c **** * Parameters:  
 107:.\Generated_Source\PSoC5/USB_Bootloader_Dp.c **** *  None 
 108:.\Generated_Source\PSoC5/USB_Bootloader_Dp.c **** *
 109:.\Generated_Source\PSoC5/USB_Bootloader_Dp.c **** * Return: 
 110:.\Generated_Source\PSoC5/USB_Bootloader_Dp.c **** *  Returns the current value assigned to the Digital Port's data output register
 111:.\Generated_Source\PSoC5/USB_Bootloader_Dp.c **** *  
 112:.\Generated_Source\PSoC5/USB_Bootloader_Dp.c **** *******************************************************************************/
 113:.\Generated_Source\PSoC5/USB_Bootloader_Dp.c **** uint8 USB_Bootloader_Dp_ReadDataReg(void) 
ARM GAS  C:\Users\Robert\AppData\Local\Temp\ccUycZTK.s 			page 5


 114:.\Generated_Source\PSoC5/USB_Bootloader_Dp.c **** {
 116              		.loc 1 114 0
 117              		.cfi_startproc
 118              		@ args = 0, pretend = 0, frame = 0
 119              		@ frame_needed = 0, uses_anonymous_args = 0
 120              		@ link register save eliminated.
 115:.\Generated_Source\PSoC5/USB_Bootloader_Dp.c ****     return (USB_Bootloader_Dp_DR & USB_Bootloader_Dp_MASK) >> USB_Bootloader_Dp_SHIFT;
 121              		.loc 1 115 0
 122 0000 024B     		ldr	r3, .L11
 123 0002 1878     		ldrb	r0, [r3]	@ zero_extendqisi2
 116:.\Generated_Source\PSoC5/USB_Bootloader_Dp.c **** }
 124              		.loc 1 116 0
 125 0004 C0F38010 		ubfx	r0, r0, #6, #1
 126 0008 7047     		bx	lr
 127              	.L12:
 128 000a 00BF     		.align	2
 129              	.L11:
 130 000c F0510040 		.word	1073762800
 131              		.cfi_endproc
 132              	.LFE3:
 133              		.size	USB_Bootloader_Dp_ReadDataReg, .-USB_Bootloader_Dp_ReadDataReg
 134              		.section	.text.USB_Bootloader_Dp_ClearInterrupt,"ax",%progbits
 135              		.align	2
 136              		.global	USB_Bootloader_Dp_ClearInterrupt
 137              		.thumb
 138              		.thumb_func
 139              		.type	USB_Bootloader_Dp_ClearInterrupt, %function
 140              	USB_Bootloader_Dp_ClearInterrupt:
 141              	.LFB4:
 117:.\Generated_Source\PSoC5/USB_Bootloader_Dp.c **** 
 118:.\Generated_Source\PSoC5/USB_Bootloader_Dp.c **** 
 119:.\Generated_Source\PSoC5/USB_Bootloader_Dp.c **** /* If Interrupts Are Enabled for this Pins component */ 
 120:.\Generated_Source\PSoC5/USB_Bootloader_Dp.c **** #if defined(USB_Bootloader_Dp_INTSTAT) 
 121:.\Generated_Source\PSoC5/USB_Bootloader_Dp.c **** 
 122:.\Generated_Source\PSoC5/USB_Bootloader_Dp.c ****     /*******************************************************************************
 123:.\Generated_Source\PSoC5/USB_Bootloader_Dp.c ****     * Function Name: USB_Bootloader_Dp_ClearInterrupt
 124:.\Generated_Source\PSoC5/USB_Bootloader_Dp.c ****     ********************************************************************************
 125:.\Generated_Source\PSoC5/USB_Bootloader_Dp.c ****     * Summary:
 126:.\Generated_Source\PSoC5/USB_Bootloader_Dp.c ****     *  Clears any active interrupts attached to port and returns the value of the 
 127:.\Generated_Source\PSoC5/USB_Bootloader_Dp.c ****     *  interrupt status register.
 128:.\Generated_Source\PSoC5/USB_Bootloader_Dp.c ****     *
 129:.\Generated_Source\PSoC5/USB_Bootloader_Dp.c ****     * Parameters:  
 130:.\Generated_Source\PSoC5/USB_Bootloader_Dp.c ****     *  None 
 131:.\Generated_Source\PSoC5/USB_Bootloader_Dp.c ****     *
 132:.\Generated_Source\PSoC5/USB_Bootloader_Dp.c ****     * Return: 
 133:.\Generated_Source\PSoC5/USB_Bootloader_Dp.c ****     *  Returns the value of the interrupt status register
 134:.\Generated_Source\PSoC5/USB_Bootloader_Dp.c ****     *  
 135:.\Generated_Source\PSoC5/USB_Bootloader_Dp.c ****     *******************************************************************************/
 136:.\Generated_Source\PSoC5/USB_Bootloader_Dp.c ****     uint8 USB_Bootloader_Dp_ClearInterrupt(void) 
 137:.\Generated_Source\PSoC5/USB_Bootloader_Dp.c ****     {
 142              		.loc 1 137 0
 143              		.cfi_startproc
 144              		@ args = 0, pretend = 0, frame = 0
 145              		@ frame_needed = 0, uses_anonymous_args = 0
 146              		@ link register save eliminated.
 138:.\Generated_Source\PSoC5/USB_Bootloader_Dp.c ****         return (USB_Bootloader_Dp_INTSTAT & USB_Bootloader_Dp_MASK) >> USB_Bootloader_Dp_SHIFT;
 147              		.loc 1 138 0
ARM GAS  C:\Users\Robert\AppData\Local\Temp\ccUycZTK.s 			page 6


 148 0000 024B     		ldr	r3, .L14
 149 0002 1878     		ldrb	r0, [r3]	@ zero_extendqisi2
 139:.\Generated_Source\PSoC5/USB_Bootloader_Dp.c ****     }
 150              		.loc 1 139 0
 151 0004 C0F38010 		ubfx	r0, r0, #6, #1
 152 0008 7047     		bx	lr
 153              	.L15:
 154 000a 00BF     		.align	2
 155              	.L14:
 156 000c 8F450040 		.word	1073759631
 157              		.cfi_endproc
 158              	.LFE4:
 159              		.size	USB_Bootloader_Dp_ClearInterrupt, .-USB_Bootloader_Dp_ClearInterrupt
 160              		.text
 161              	.Letext0:
 162              		.file 2 ".\\Generated_Source\\PSoC5\\cytypes.h"
 163              		.section	.debug_info,"",%progbits
 164              	.Ldebug_info0:
 165 0000 2F010000 		.4byte	0x12f
 166 0004 0400     		.2byte	0x4
 167 0006 00000000 		.4byte	.Ldebug_abbrev0
 168 000a 04       		.byte	0x4
 169 000b 01       		.uleb128 0x1
 170 000c 4B010000 		.4byte	.LASF21
 171 0010 01       		.byte	0x1
 172 0011 AA000000 		.4byte	.LASF22
 173 0015 21000000 		.4byte	.LASF23
 174 0019 00000000 		.4byte	.Ldebug_ranges0+0
 175 001d 00000000 		.4byte	0
 176 0021 00000000 		.4byte	.Ldebug_line0
 177 0025 02       		.uleb128 0x2
 178 0026 01       		.byte	0x1
 179 0027 06       		.byte	0x6
 180 0028 4D020000 		.4byte	.LASF0
 181 002c 02       		.uleb128 0x2
 182 002d 01       		.byte	0x1
 183 002e 08       		.byte	0x8
 184 002f DD000000 		.4byte	.LASF1
 185 0033 02       		.uleb128 0x2
 186 0034 02       		.byte	0x2
 187 0035 05       		.byte	0x5
 188 0036 34020000 		.4byte	.LASF2
 189 003a 02       		.uleb128 0x2
 190 003b 02       		.byte	0x2
 191 003c 07       		.byte	0x7
 192 003d 02010000 		.4byte	.LASF3
 193 0041 02       		.uleb128 0x2
 194 0042 04       		.byte	0x4
 195 0043 05       		.byte	0x5
 196 0044 44020000 		.4byte	.LASF4
 197 0048 02       		.uleb128 0x2
 198 0049 04       		.byte	0x4
 199 004a 07       		.byte	0x7
 200 004b F0000000 		.4byte	.LASF5
 201 004f 02       		.uleb128 0x2
 202 0050 08       		.byte	0x8
 203 0051 05       		.byte	0x5
ARM GAS  C:\Users\Robert\AppData\Local\Temp\ccUycZTK.s 			page 7


 204 0052 21020000 		.4byte	.LASF6
 205 0056 02       		.uleb128 0x2
 206 0057 08       		.byte	0x8
 207 0058 07       		.byte	0x7
 208 0059 E6010000 		.4byte	.LASF7
 209 005d 03       		.uleb128 0x3
 210 005e 04       		.byte	0x4
 211 005f 05       		.byte	0x5
 212 0060 696E7400 		.ascii	"int\000"
 213 0064 02       		.uleb128 0x2
 214 0065 04       		.byte	0x4
 215 0066 07       		.byte	0x7
 216 0067 D9010000 		.4byte	.LASF8
 217 006b 04       		.uleb128 0x4
 218 006c 3E020000 		.4byte	.LASF12
 219 0070 02       		.byte	0x2
 220 0071 C2       		.byte	0xc2
 221 0072 2C000000 		.4byte	0x2c
 222 0076 02       		.uleb128 0x2
 223 0077 04       		.byte	0x4
 224 0078 04       		.byte	0x4
 225 0079 D7000000 		.4byte	.LASF9
 226 007d 02       		.uleb128 0x2
 227 007e 08       		.byte	0x8
 228 007f 04       		.byte	0x4
 229 0080 2C010000 		.4byte	.LASF10
 230 0084 02       		.uleb128 0x2
 231 0085 01       		.byte	0x1
 232 0086 08       		.byte	0x8
 233 0087 2F020000 		.4byte	.LASF11
 234 008b 05       		.uleb128 0x5
 235 008c EB000000 		.4byte	.LASF13
 236 0090 02       		.byte	0x2
 237 0091 6C01     		.2byte	0x16c
 238 0093 97000000 		.4byte	0x97
 239 0097 06       		.uleb128 0x6
 240 0098 6B000000 		.4byte	0x6b
 241 009c 07       		.uleb128 0x7
 242 009d 33010000 		.4byte	.LASF14
 243 00a1 01       		.byte	0x1
 244 00a2 27       		.byte	0x27
 245 00a3 00000000 		.4byte	.LFB0
 246 00a7 18000000 		.4byte	.LFE0-.LFB0
 247 00ab 01       		.uleb128 0x1
 248 00ac 9C       		.byte	0x9c
 249 00ad CE000000 		.4byte	0xce
 250 00b1 08       		.uleb128 0x8
 251 00b2 99000000 		.4byte	.LASF16
 252 00b6 01       		.byte	0x1
 253 00b7 27       		.byte	0x27
 254 00b8 6B000000 		.4byte	0x6b
 255 00bc 00000000 		.4byte	.LLST0
 256 00c0 09       		.uleb128 0x9
 257 00c1 9F000000 		.4byte	.LASF24
 258 00c5 01       		.byte	0x1
 259 00c6 29       		.byte	0x29
 260 00c7 6B000000 		.4byte	0x6b
ARM GAS  C:\Users\Robert\AppData\Local\Temp\ccUycZTK.s 			page 8


 261 00cb 01       		.uleb128 0x1
 262 00cc 53       		.byte	0x53
 263 00cd 00       		.byte	0
 264 00ce 07       		.uleb128 0x7
 265 00cf 02020000 		.4byte	.LASF15
 266 00d3 01       		.byte	0x1
 267 00d4 45       		.byte	0x45
 268 00d5 00000000 		.4byte	.LFB1
 269 00d9 18000000 		.4byte	.LFE1-.LFB1
 270 00dd 01       		.uleb128 0x1
 271 00de 9C       		.byte	0x9c
 272 00df F3000000 		.4byte	0xf3
 273 00e3 08       		.uleb128 0x8
 274 00e4 FD010000 		.4byte	.LASF17
 275 00e8 01       		.byte	0x1
 276 00e9 45       		.byte	0x45
 277 00ea 6B000000 		.4byte	0x6b
 278 00ee 21000000 		.4byte	.LLST1
 279 00f2 00       		.byte	0
 280 00f3 0A       		.uleb128 0xa
 281 00f4 15010000 		.4byte	.LASF18
 282 00f8 01       		.byte	0x1
 283 00f9 5D       		.byte	0x5d
 284 00fa 6B000000 		.4byte	0x6b
 285 00fe 00000000 		.4byte	.LFB2
 286 0102 10000000 		.4byte	.LFE2-.LFB2
 287 0106 01       		.uleb128 0x1
 288 0107 9C       		.byte	0x9c
 289 0108 0A       		.uleb128 0xa
 290 0109 7B000000 		.4byte	.LASF19
 291 010d 01       		.byte	0x1
 292 010e 71       		.byte	0x71
 293 010f 6B000000 		.4byte	0x6b
 294 0113 00000000 		.4byte	.LFB3
 295 0117 10000000 		.4byte	.LFE3-.LFB3
 296 011b 01       		.uleb128 0x1
 297 011c 9C       		.byte	0x9c
 298 011d 0A       		.uleb128 0xa
 299 011e 00000000 		.4byte	.LASF20
 300 0122 01       		.byte	0x1
 301 0123 88       		.byte	0x88
 302 0124 6B000000 		.4byte	0x6b
 303 0128 00000000 		.4byte	.LFB4
 304 012c 10000000 		.4byte	.LFE4-.LFB4
 305 0130 01       		.uleb128 0x1
 306 0131 9C       		.byte	0x9c
 307 0132 00       		.byte	0
 308              		.section	.debug_abbrev,"",%progbits
 309              	.Ldebug_abbrev0:
 310 0000 01       		.uleb128 0x1
 311 0001 11       		.uleb128 0x11
 312 0002 01       		.byte	0x1
 313 0003 25       		.uleb128 0x25
 314 0004 0E       		.uleb128 0xe
 315 0005 13       		.uleb128 0x13
 316 0006 0B       		.uleb128 0xb
 317 0007 03       		.uleb128 0x3
ARM GAS  C:\Users\Robert\AppData\Local\Temp\ccUycZTK.s 			page 9


 318 0008 0E       		.uleb128 0xe
 319 0009 1B       		.uleb128 0x1b
 320 000a 0E       		.uleb128 0xe
 321 000b 55       		.uleb128 0x55
 322 000c 17       		.uleb128 0x17
 323 000d 11       		.uleb128 0x11
 324 000e 01       		.uleb128 0x1
 325 000f 10       		.uleb128 0x10
 326 0010 17       		.uleb128 0x17
 327 0011 00       		.byte	0
 328 0012 00       		.byte	0
 329 0013 02       		.uleb128 0x2
 330 0014 24       		.uleb128 0x24
 331 0015 00       		.byte	0
 332 0016 0B       		.uleb128 0xb
 333 0017 0B       		.uleb128 0xb
 334 0018 3E       		.uleb128 0x3e
 335 0019 0B       		.uleb128 0xb
 336 001a 03       		.uleb128 0x3
 337 001b 0E       		.uleb128 0xe
 338 001c 00       		.byte	0
 339 001d 00       		.byte	0
 340 001e 03       		.uleb128 0x3
 341 001f 24       		.uleb128 0x24
 342 0020 00       		.byte	0
 343 0021 0B       		.uleb128 0xb
 344 0022 0B       		.uleb128 0xb
 345 0023 3E       		.uleb128 0x3e
 346 0024 0B       		.uleb128 0xb
 347 0025 03       		.uleb128 0x3
 348 0026 08       		.uleb128 0x8
 349 0027 00       		.byte	0
 350 0028 00       		.byte	0
 351 0029 04       		.uleb128 0x4
 352 002a 16       		.uleb128 0x16
 353 002b 00       		.byte	0
 354 002c 03       		.uleb128 0x3
 355 002d 0E       		.uleb128 0xe
 356 002e 3A       		.uleb128 0x3a
 357 002f 0B       		.uleb128 0xb
 358 0030 3B       		.uleb128 0x3b
 359 0031 0B       		.uleb128 0xb
 360 0032 49       		.uleb128 0x49
 361 0033 13       		.uleb128 0x13
 362 0034 00       		.byte	0
 363 0035 00       		.byte	0
 364 0036 05       		.uleb128 0x5
 365 0037 16       		.uleb128 0x16
 366 0038 00       		.byte	0
 367 0039 03       		.uleb128 0x3
 368 003a 0E       		.uleb128 0xe
 369 003b 3A       		.uleb128 0x3a
 370 003c 0B       		.uleb128 0xb
 371 003d 3B       		.uleb128 0x3b
 372 003e 05       		.uleb128 0x5
 373 003f 49       		.uleb128 0x49
 374 0040 13       		.uleb128 0x13
ARM GAS  C:\Users\Robert\AppData\Local\Temp\ccUycZTK.s 			page 10


 375 0041 00       		.byte	0
 376 0042 00       		.byte	0
 377 0043 06       		.uleb128 0x6
 378 0044 35       		.uleb128 0x35
 379 0045 00       		.byte	0
 380 0046 49       		.uleb128 0x49
 381 0047 13       		.uleb128 0x13
 382 0048 00       		.byte	0
 383 0049 00       		.byte	0
 384 004a 07       		.uleb128 0x7
 385 004b 2E       		.uleb128 0x2e
 386 004c 01       		.byte	0x1
 387 004d 3F       		.uleb128 0x3f
 388 004e 19       		.uleb128 0x19
 389 004f 03       		.uleb128 0x3
 390 0050 0E       		.uleb128 0xe
 391 0051 3A       		.uleb128 0x3a
 392 0052 0B       		.uleb128 0xb
 393 0053 3B       		.uleb128 0x3b
 394 0054 0B       		.uleb128 0xb
 395 0055 27       		.uleb128 0x27
 396 0056 19       		.uleb128 0x19
 397 0057 11       		.uleb128 0x11
 398 0058 01       		.uleb128 0x1
 399 0059 12       		.uleb128 0x12
 400 005a 06       		.uleb128 0x6
 401 005b 40       		.uleb128 0x40
 402 005c 18       		.uleb128 0x18
 403 005d 9742     		.uleb128 0x2117
 404 005f 19       		.uleb128 0x19
 405 0060 01       		.uleb128 0x1
 406 0061 13       		.uleb128 0x13
 407 0062 00       		.byte	0
 408 0063 00       		.byte	0
 409 0064 08       		.uleb128 0x8
 410 0065 05       		.uleb128 0x5
 411 0066 00       		.byte	0
 412 0067 03       		.uleb128 0x3
 413 0068 0E       		.uleb128 0xe
 414 0069 3A       		.uleb128 0x3a
 415 006a 0B       		.uleb128 0xb
 416 006b 3B       		.uleb128 0x3b
 417 006c 0B       		.uleb128 0xb
 418 006d 49       		.uleb128 0x49
 419 006e 13       		.uleb128 0x13
 420 006f 02       		.uleb128 0x2
 421 0070 17       		.uleb128 0x17
 422 0071 00       		.byte	0
 423 0072 00       		.byte	0
 424 0073 09       		.uleb128 0x9
 425 0074 34       		.uleb128 0x34
 426 0075 00       		.byte	0
 427 0076 03       		.uleb128 0x3
 428 0077 0E       		.uleb128 0xe
 429 0078 3A       		.uleb128 0x3a
 430 0079 0B       		.uleb128 0xb
 431 007a 3B       		.uleb128 0x3b
ARM GAS  C:\Users\Robert\AppData\Local\Temp\ccUycZTK.s 			page 11


 432 007b 0B       		.uleb128 0xb
 433 007c 49       		.uleb128 0x49
 434 007d 13       		.uleb128 0x13
 435 007e 02       		.uleb128 0x2
 436 007f 18       		.uleb128 0x18
 437 0080 00       		.byte	0
 438 0081 00       		.byte	0
 439 0082 0A       		.uleb128 0xa
 440 0083 2E       		.uleb128 0x2e
 441 0084 00       		.byte	0
 442 0085 3F       		.uleb128 0x3f
 443 0086 19       		.uleb128 0x19
 444 0087 03       		.uleb128 0x3
 445 0088 0E       		.uleb128 0xe
 446 0089 3A       		.uleb128 0x3a
 447 008a 0B       		.uleb128 0xb
 448 008b 3B       		.uleb128 0x3b
 449 008c 0B       		.uleb128 0xb
 450 008d 27       		.uleb128 0x27
 451 008e 19       		.uleb128 0x19
 452 008f 49       		.uleb128 0x49
 453 0090 13       		.uleb128 0x13
 454 0091 11       		.uleb128 0x11
 455 0092 01       		.uleb128 0x1
 456 0093 12       		.uleb128 0x12
 457 0094 06       		.uleb128 0x6
 458 0095 40       		.uleb128 0x40
 459 0096 18       		.uleb128 0x18
 460 0097 9742     		.uleb128 0x2117
 461 0099 19       		.uleb128 0x19
 462 009a 00       		.byte	0
 463 009b 00       		.byte	0
 464 009c 00       		.byte	0
 465              		.section	.debug_loc,"",%progbits
 466              	.Ldebug_loc0:
 467              	.LLST0:
 468 0000 00000000 		.4byte	.LVL0
 469 0004 0A000000 		.4byte	.LVL2
 470 0008 0100     		.2byte	0x1
 471 000a 50       		.byte	0x50
 472 000b 0A000000 		.4byte	.LVL2
 473 000f 18000000 		.4byte	.LFE0
 474 0013 0400     		.2byte	0x4
 475 0015 F3       		.byte	0xf3
 476 0016 01       		.uleb128 0x1
 477 0017 50       		.byte	0x50
 478 0018 9F       		.byte	0x9f
 479 0019 00000000 		.4byte	0
 480 001d 00000000 		.4byte	0
 481              	.LLST1:
 482 0021 00000000 		.4byte	.LVL3
 483 0025 0C000000 		.4byte	.LVL4
 484 0029 0100     		.2byte	0x1
 485 002b 50       		.byte	0x50
 486 002c 0C000000 		.4byte	.LVL4
 487 0030 18000000 		.4byte	.LFE1
 488 0034 0400     		.2byte	0x4
ARM GAS  C:\Users\Robert\AppData\Local\Temp\ccUycZTK.s 			page 12


 489 0036 F3       		.byte	0xf3
 490 0037 01       		.uleb128 0x1
 491 0038 50       		.byte	0x50
 492 0039 9F       		.byte	0x9f
 493 003a 00000000 		.4byte	0
 494 003e 00000000 		.4byte	0
 495              		.section	.debug_aranges,"",%progbits
 496 0000 3C000000 		.4byte	0x3c
 497 0004 0200     		.2byte	0x2
 498 0006 00000000 		.4byte	.Ldebug_info0
 499 000a 04       		.byte	0x4
 500 000b 00       		.byte	0
 501 000c 0000     		.2byte	0
 502 000e 0000     		.2byte	0
 503 0010 00000000 		.4byte	.LFB0
 504 0014 18000000 		.4byte	.LFE0-.LFB0
 505 0018 00000000 		.4byte	.LFB1
 506 001c 18000000 		.4byte	.LFE1-.LFB1
 507 0020 00000000 		.4byte	.LFB2
 508 0024 10000000 		.4byte	.LFE2-.LFB2
 509 0028 00000000 		.4byte	.LFB3
 510 002c 10000000 		.4byte	.LFE3-.LFB3
 511 0030 00000000 		.4byte	.LFB4
 512 0034 10000000 		.4byte	.LFE4-.LFB4
 513 0038 00000000 		.4byte	0
 514 003c 00000000 		.4byte	0
 515              		.section	.debug_ranges,"",%progbits
 516              	.Ldebug_ranges0:
 517 0000 00000000 		.4byte	.LFB0
 518 0004 18000000 		.4byte	.LFE0
 519 0008 00000000 		.4byte	.LFB1
 520 000c 18000000 		.4byte	.LFE1
 521 0010 00000000 		.4byte	.LFB2
 522 0014 10000000 		.4byte	.LFE2
 523 0018 00000000 		.4byte	.LFB3
 524 001c 10000000 		.4byte	.LFE3
 525 0020 00000000 		.4byte	.LFB4
 526 0024 10000000 		.4byte	.LFE4
 527 0028 00000000 		.4byte	0
 528 002c 00000000 		.4byte	0
 529              		.section	.debug_line,"",%progbits
 530              	.Ldebug_line0:
 531 0000 AE000000 		.section	.debug_str,"MS",%progbits,1
 531      02005000 
 531      00000201 
 531      FB0E0D00 
 531      01010101 
 532              	.LASF20:
 533 0000 5553425F 		.ascii	"USB_Bootloader_Dp_ClearInterrupt\000"
 533      426F6F74 
 533      6C6F6164 
 533      65725F44 
 533      705F436C 
 534              	.LASF23:
 535 0021 433A5C55 		.ascii	"C:\\Users\\Robert\\Documents\\PSoC Creator\\product"
 535      73657273 
 535      5C526F62 
ARM GAS  C:\Users\Robert\AppData\Local\Temp\ccUycZTK.s 			page 13


 535      6572745C 
 535      446F6375 
 536 004f 696F6E5F 		.ascii	"ion_108\\PSoC Creator\\pisoc_bootloader.cydsn\000"
 536      3130385C 
 536      50536F43 
 536      20437265 
 536      61746F72 
 537              	.LASF19:
 538 007b 5553425F 		.ascii	"USB_Bootloader_Dp_ReadDataReg\000"
 538      426F6F74 
 538      6C6F6164 
 538      65725F44 
 538      705F5265 
 539              	.LASF16:
 540 0099 76616C75 		.ascii	"value\000"
 540      6500
 541              	.LASF24:
 542 009f 73746174 		.ascii	"staticBits\000"
 542      69634269 
 542      747300
 543              	.LASF22:
 544 00aa 2E5C4765 		.ascii	".\\Generated_Source\\PSoC5\\USB_Bootloader_Dp.c\000"
 544      6E657261 
 544      7465645F 
 544      536F7572 
 544      63655C50 
 545              	.LASF9:
 546 00d7 666C6F61 		.ascii	"float\000"
 546      7400
 547              	.LASF1:
 548 00dd 756E7369 		.ascii	"unsigned char\000"
 548      676E6564 
 548      20636861 
 548      7200
 549              	.LASF13:
 550 00eb 72656738 		.ascii	"reg8\000"
 550      00
 551              	.LASF5:
 552 00f0 6C6F6E67 		.ascii	"long unsigned int\000"
 552      20756E73 
 552      69676E65 
 552      6420696E 
 552      7400
 553              	.LASF3:
 554 0102 73686F72 		.ascii	"short unsigned int\000"
 554      7420756E 
 554      7369676E 
 554      65642069 
 554      6E7400
 555              	.LASF18:
 556 0115 5553425F 		.ascii	"USB_Bootloader_Dp_Read\000"
 556      426F6F74 
 556      6C6F6164 
 556      65725F44 
 556      705F5265 
 557              	.LASF10:
 558 012c 646F7562 		.ascii	"double\000"
ARM GAS  C:\Users\Robert\AppData\Local\Temp\ccUycZTK.s 			page 14


 558      6C6500
 559              	.LASF14:
 560 0133 5553425F 		.ascii	"USB_Bootloader_Dp_Write\000"
 560      426F6F74 
 560      6C6F6164 
 560      65725F44 
 560      705F5772 
 561              	.LASF21:
 562 014b 474E5520 		.ascii	"GNU C 4.9.3 20150303 (release) [ARM/embedded-4_9-br"
 562      4320342E 
 562      392E3320 
 562      32303135 
 562      30333033 
 563 017e 616E6368 		.ascii	"anch revision 221220] -mcpu=cortex-m3 -mthumb -g -O"
 563      20726576 
 563      6973696F 
 563      6E203232 
 563      31323230 
 564 01b1 67202D66 		.ascii	"g -ffunction-sections -ffat-lto-objects\000"
 564      66756E63 
 564      74696F6E 
 564      2D736563 
 564      74696F6E 
 565              	.LASF8:
 566 01d9 756E7369 		.ascii	"unsigned int\000"
 566      676E6564 
 566      20696E74 
 566      00
 567              	.LASF7:
 568 01e6 6C6F6E67 		.ascii	"long long unsigned int\000"
 568      206C6F6E 
 568      6720756E 
 568      7369676E 
 568      65642069 
 569              	.LASF17:
 570 01fd 6D6F6465 		.ascii	"mode\000"
 570      00
 571              	.LASF15:
 572 0202 5553425F 		.ascii	"USB_Bootloader_Dp_SetDriveMode\000"
 572      426F6F74 
 572      6C6F6164 
 572      65725F44 
 572      705F5365 
 573              	.LASF6:
 574 0221 6C6F6E67 		.ascii	"long long int\000"
 574      206C6F6E 
 574      6720696E 
 574      7400
 575              	.LASF11:
 576 022f 63686172 		.ascii	"char\000"
 576      00
 577              	.LASF2:
 578 0234 73686F72 		.ascii	"short int\000"
 578      7420696E 
 578      7400
 579              	.LASF12:
 580 023e 75696E74 		.ascii	"uint8\000"
ARM GAS  C:\Users\Robert\AppData\Local\Temp\ccUycZTK.s 			page 15


 580      3800
 581              	.LASF4:
 582 0244 6C6F6E67 		.ascii	"long int\000"
 582      20696E74 
 582      00
 583              	.LASF0:
 584 024d 7369676E 		.ascii	"signed char\000"
 584      65642063 
 584      68617200 
 585              		.ident	"GCC: (GNU Tools for ARM Embedded Processors) 4.9.3 20150303 (release) [ARM/embedded-4_9-br
