ARM GAS  C:\Users\Robert\AppData\Local\Temp\ccTE3mAU.s 			page 1


   1              		.syntax unified
   2              		.cpu cortex-m3
   3              		.fpu softvfp
   4              		.eabi_attribute 20, 1
   5              		.eabi_attribute 21, 1
   6              		.eabi_attribute 23, 3
   7              		.eabi_attribute 24, 1
   8              		.eabi_attribute 25, 1
   9              		.eabi_attribute 26, 1
  10              		.eabi_attribute 30, 1
  11              		.eabi_attribute 34, 1
  12              		.eabi_attribute 18, 4
  13              		.thumb
  14              		.file	"USB_Bootloader_episr.c"
  15              		.text
  16              	.Ltext0:
  17              		.cfi_sections	.debug_frame
  18              		.section	.text.USB_Bootloader_EP_1_ISR,"ax",%progbits
  19              		.align	2
  20              		.global	USB_Bootloader_EP_1_ISR
  21              		.thumb
  22              		.thumb_func
  23              		.type	USB_Bootloader_EP_1_ISR, %function
  24              	USB_Bootloader_EP_1_ISR:
  25              	.LFB0:
  26              		.file 1 ".\\Generated_Source\\PSoC5\\USB_Bootloader_episr.c"
   1:.\Generated_Source\PSoC5/USB_Bootloader_episr.c **** /*******************************************************************************
   2:.\Generated_Source\PSoC5/USB_Bootloader_episr.c **** * File Name: USB_Bootloader_episr.c
   3:.\Generated_Source\PSoC5/USB_Bootloader_episr.c **** * Version 2.80
   4:.\Generated_Source\PSoC5/USB_Bootloader_episr.c **** *
   5:.\Generated_Source\PSoC5/USB_Bootloader_episr.c **** * Description:
   6:.\Generated_Source\PSoC5/USB_Bootloader_episr.c **** *  Data endpoint Interrupt Service Routines
   7:.\Generated_Source\PSoC5/USB_Bootloader_episr.c **** *
   8:.\Generated_Source\PSoC5/USB_Bootloader_episr.c **** * Note:
   9:.\Generated_Source\PSoC5/USB_Bootloader_episr.c **** *
  10:.\Generated_Source\PSoC5/USB_Bootloader_episr.c **** ********************************************************************************
  11:.\Generated_Source\PSoC5/USB_Bootloader_episr.c **** * Copyright 2008-2014, Cypress Semiconductor Corporation.  All rights reserved.
  12:.\Generated_Source\PSoC5/USB_Bootloader_episr.c **** * You may use this file only in accordance with the license, terms, conditions,
  13:.\Generated_Source\PSoC5/USB_Bootloader_episr.c **** * disclaimers, and limitations in the end user license agreement accompanying
  14:.\Generated_Source\PSoC5/USB_Bootloader_episr.c **** * the software package with which this file was provided.
  15:.\Generated_Source\PSoC5/USB_Bootloader_episr.c **** *******************************************************************************/
  16:.\Generated_Source\PSoC5/USB_Bootloader_episr.c **** 
  17:.\Generated_Source\PSoC5/USB_Bootloader_episr.c **** #include "USB_Bootloader.h"
  18:.\Generated_Source\PSoC5/USB_Bootloader_episr.c **** #include "USB_Bootloader_pvt.h"
  19:.\Generated_Source\PSoC5/USB_Bootloader_episr.c **** #include "cyapicallbacks.h"
  20:.\Generated_Source\PSoC5/USB_Bootloader_episr.c **** #if (defined(USB_Bootloader_ENABLE_MIDI_STREAMING) && (USB_Bootloader_ENABLE_MIDI_API != 0u))
  21:.\Generated_Source\PSoC5/USB_Bootloader_episr.c ****     #include "USB_Bootloader_midi.h"
  22:.\Generated_Source\PSoC5/USB_Bootloader_episr.c **** #endif /* (defined(USB_Bootloader_ENABLE_MIDI_STREAMING) && (USB_Bootloader_ENABLE_MIDI_API != 0u))
  23:.\Generated_Source\PSoC5/USB_Bootloader_episr.c **** #if ((USB_Bootloader_EP_MM == USB_Bootloader__EP_DMAAUTO) && (USB_Bootloader_EP_DMA_AUTO_OPT == 0u)
  24:.\Generated_Source\PSoC5/USB_Bootloader_episr.c ****     #include "USB_Bootloader_EP8_DMA_Done_SR.h"
  25:.\Generated_Source\PSoC5/USB_Bootloader_episr.c ****     #include "USB_Bootloader_EP17_DMA_Done_SR.h"
  26:.\Generated_Source\PSoC5/USB_Bootloader_episr.c **** #endif /* (USB_Bootloader_EP_MM == USB_Bootloader__EP_DMAAUTO) && (USB_Bootloader_EP_DMA_AUTO_OPT =
  27:.\Generated_Source\PSoC5/USB_Bootloader_episr.c **** 
  28:.\Generated_Source\PSoC5/USB_Bootloader_episr.c **** 
  29:.\Generated_Source\PSoC5/USB_Bootloader_episr.c **** /***************************************
  30:.\Generated_Source\PSoC5/USB_Bootloader_episr.c **** * Custom Declarations
  31:.\Generated_Source\PSoC5/USB_Bootloader_episr.c **** ***************************************/
ARM GAS  C:\Users\Robert\AppData\Local\Temp\ccTE3mAU.s 			page 2


  32:.\Generated_Source\PSoC5/USB_Bootloader_episr.c **** /* `#START CUSTOM_DECLARATIONS` Place your declaration here */
  33:.\Generated_Source\PSoC5/USB_Bootloader_episr.c **** 
  34:.\Generated_Source\PSoC5/USB_Bootloader_episr.c **** /* `#END` */
  35:.\Generated_Source\PSoC5/USB_Bootloader_episr.c **** 
  36:.\Generated_Source\PSoC5/USB_Bootloader_episr.c **** 
  37:.\Generated_Source\PSoC5/USB_Bootloader_episr.c **** #if(USB_Bootloader_EP1_ISR_REMOVE == 0u)
  38:.\Generated_Source\PSoC5/USB_Bootloader_episr.c **** 
  39:.\Generated_Source\PSoC5/USB_Bootloader_episr.c **** 
  40:.\Generated_Source\PSoC5/USB_Bootloader_episr.c ****     /******************************************************************************
  41:.\Generated_Source\PSoC5/USB_Bootloader_episr.c ****     * Function Name: USB_Bootloader_EP_1_ISR
  42:.\Generated_Source\PSoC5/USB_Bootloader_episr.c ****     *******************************************************************************
  43:.\Generated_Source\PSoC5/USB_Bootloader_episr.c ****     *
  44:.\Generated_Source\PSoC5/USB_Bootloader_episr.c ****     * Summary:
  45:.\Generated_Source\PSoC5/USB_Bootloader_episr.c ****     *  Endpoint 1 Interrupt Service Routine
  46:.\Generated_Source\PSoC5/USB_Bootloader_episr.c ****     *
  47:.\Generated_Source\PSoC5/USB_Bootloader_episr.c ****     * Parameters:
  48:.\Generated_Source\PSoC5/USB_Bootloader_episr.c ****     *  None.
  49:.\Generated_Source\PSoC5/USB_Bootloader_episr.c ****     *
  50:.\Generated_Source\PSoC5/USB_Bootloader_episr.c ****     * Return:
  51:.\Generated_Source\PSoC5/USB_Bootloader_episr.c ****     *  None.
  52:.\Generated_Source\PSoC5/USB_Bootloader_episr.c ****     *
  53:.\Generated_Source\PSoC5/USB_Bootloader_episr.c ****     ******************************************************************************/
  54:.\Generated_Source\PSoC5/USB_Bootloader_episr.c ****     CY_ISR(USB_Bootloader_EP_1_ISR)
  55:.\Generated_Source\PSoC5/USB_Bootloader_episr.c ****     {
  27              		.loc 1 55 0
  28              		.cfi_startproc
  29              		@ args = 0, pretend = 0, frame = 0
  30              		@ frame_needed = 0, uses_anonymous_args = 0
  31              		@ link register save eliminated.
  56:.\Generated_Source\PSoC5/USB_Bootloader_episr.c ****         #if (defined(USB_Bootloader_ENABLE_MIDI_STREAMING) && !defined(USB_Bootloader_MAIN_SERVICE_
  57:.\Generated_Source\PSoC5/USB_Bootloader_episr.c ****                      USB_Bootloader_ISR_SERVICE_MIDI_OUT && CY_PSOC3)
  58:.\Generated_Source\PSoC5/USB_Bootloader_episr.c ****             uint8 int_en;
  59:.\Generated_Source\PSoC5/USB_Bootloader_episr.c ****         #endif /* USB_Bootloader_ISR_SERVICE_MIDI_OUT && CY_PSOC3 */
  60:.\Generated_Source\PSoC5/USB_Bootloader_episr.c **** 
  61:.\Generated_Source\PSoC5/USB_Bootloader_episr.c ****         #ifdef USB_Bootloader_EP_1_ISR_ENTRY_CALLBACK
  62:.\Generated_Source\PSoC5/USB_Bootloader_episr.c ****             USB_Bootloader_EP_1_ISR_EntryCallback();
  63:.\Generated_Source\PSoC5/USB_Bootloader_episr.c ****         #endif /* USB_Bootloader_EP_1_ISR_ENTRY_CALLBACK */
  64:.\Generated_Source\PSoC5/USB_Bootloader_episr.c **** 
  65:.\Generated_Source\PSoC5/USB_Bootloader_episr.c ****         /* `#START EP1_USER_CODE` Place your code here */
  66:.\Generated_Source\PSoC5/USB_Bootloader_episr.c **** 
  67:.\Generated_Source\PSoC5/USB_Bootloader_episr.c ****         /* `#END` */
  68:.\Generated_Source\PSoC5/USB_Bootloader_episr.c **** 
  69:.\Generated_Source\PSoC5/USB_Bootloader_episr.c ****         #if (defined(USB_Bootloader_ENABLE_MIDI_STREAMING) && !defined(USB_Bootloader_MAIN_SERVICE_
  70:.\Generated_Source\PSoC5/USB_Bootloader_episr.c ****                      USB_Bootloader_ISR_SERVICE_MIDI_OUT && CY_PSOC3)
  71:.\Generated_Source\PSoC5/USB_Bootloader_episr.c ****             int_en = EA;
  72:.\Generated_Source\PSoC5/USB_Bootloader_episr.c ****             CyGlobalIntEnable;  /* Make sure nested interrupt is enabled */
  73:.\Generated_Source\PSoC5/USB_Bootloader_episr.c ****         #endif /* USB_Bootloader_ISR_SERVICE_MIDI_OUT && CY_PSOC3 */
  74:.\Generated_Source\PSoC5/USB_Bootloader_episr.c **** 
  75:.\Generated_Source\PSoC5/USB_Bootloader_episr.c ****         CY_GET_REG8(USB_Bootloader_SIE_EP1_CR0_PTR); /* Must read the mode reg */
  32              		.loc 1 75 0
  33 0000 0A4B     		ldr	r3, .L3
  34 0002 1B78     		ldrb	r3, [r3]	@ zero_extendqisi2
  76:.\Generated_Source\PSoC5/USB_Bootloader_episr.c ****         /* Do not toggle ISOC endpoint */
  77:.\Generated_Source\PSoC5/USB_Bootloader_episr.c ****         if((USB_Bootloader_EP[USB_Bootloader_EP1].attrib & USB_Bootloader_EP_TYPE_MASK) !=
  35              		.loc 1 77 0
  36 0004 0A4B     		ldr	r3, .L3+4
  37 0006 1B7B     		ldrb	r3, [r3, #12]	@ zero_extendqisi2
ARM GAS  C:\Users\Robert\AppData\Local\Temp\ccTE3mAU.s 			page 3


  38 0008 03F00303 		and	r3, r3, #3
  39 000c 012B     		cmp	r3, #1
  40 000e 04D0     		beq	.L2
  78:.\Generated_Source\PSoC5/USB_Bootloader_episr.c ****                                                                                     USB_Bootloader_
  79:.\Generated_Source\PSoC5/USB_Bootloader_episr.c ****         {
  80:.\Generated_Source\PSoC5/USB_Bootloader_episr.c ****             USB_Bootloader_EP[USB_Bootloader_EP1].epToggle ^= USB_Bootloader_EPX_CNT_DATA_TOGGLE;
  41              		.loc 1 80 0
  42 0010 074A     		ldr	r2, .L3+4
  43 0012 D37B     		ldrb	r3, [r2, #15]	@ zero_extendqisi2
  44 0014 83F08003 		eor	r3, r3, #128
  45 0018 D373     		strb	r3, [r2, #15]
  46              	.L2:
  81:.\Generated_Source\PSoC5/USB_Bootloader_episr.c ****         }
  82:.\Generated_Source\PSoC5/USB_Bootloader_episr.c ****         USB_Bootloader_EP[USB_Bootloader_EP1].apiEpState = USB_Bootloader_EVENT_PENDING;
  47              		.loc 1 82 0
  48 001a 0122     		movs	r2, #1
  49 001c 044B     		ldr	r3, .L3+4
  50 001e 5A73     		strb	r2, [r3, #13]
  83:.\Generated_Source\PSoC5/USB_Bootloader_episr.c ****         CY_SET_REG8(USB_Bootloader_SIE_EP_INT_SR_PTR, CY_GET_REG8(USB_Bootloader_SIE_EP_INT_SR_PTR)
  51              		.loc 1 83 0
  52 0020 044A     		ldr	r2, .L3+8
  53 0022 1378     		ldrb	r3, [r2]	@ zero_extendqisi2
  54 0024 03F0FE03 		and	r3, r3, #254
  55 0028 1370     		strb	r3, [r2]
  56 002a 7047     		bx	lr
  57              	.L4:
  58              		.align	2
  59              	.L3:
  60 002c 0E600040 		.word	1073766414
  61 0030 00000000 		.word	USB_Bootloader_EP
  62 0034 0B600040 		.word	1073766411
  63              		.cfi_endproc
  64              	.LFE0:
  65              		.size	USB_Bootloader_EP_1_ISR, .-USB_Bootloader_EP_1_ISR
  66              		.section	.text.USB_Bootloader_EP_2_ISR,"ax",%progbits
  67              		.align	2
  68              		.global	USB_Bootloader_EP_2_ISR
  69              		.thumb
  70              		.thumb_func
  71              		.type	USB_Bootloader_EP_2_ISR, %function
  72              	USB_Bootloader_EP_2_ISR:
  73              	.LFB1:
  84:.\Generated_Source\PSoC5/USB_Bootloader_episr.c ****                                                                     (uint8)~USB_Bootloader_SIE_EP_I
  85:.\Generated_Source\PSoC5/USB_Bootloader_episr.c **** 
  86:.\Generated_Source\PSoC5/USB_Bootloader_episr.c ****         #if (defined(USB_Bootloader_ENABLE_MIDI_STREAMING) && !defined(USB_Bootloader_MAIN_SERVICE_
  87:.\Generated_Source\PSoC5/USB_Bootloader_episr.c ****                      USB_Bootloader_ISR_SERVICE_MIDI_OUT)
  88:.\Generated_Source\PSoC5/USB_Bootloader_episr.c ****             if(USB_Bootloader_midi_out_ep == USB_Bootloader_EP1)
  89:.\Generated_Source\PSoC5/USB_Bootloader_episr.c ****             {
  90:.\Generated_Source\PSoC5/USB_Bootloader_episr.c ****                 USB_Bootloader_MIDI_OUT_EP_Service();
  91:.\Generated_Source\PSoC5/USB_Bootloader_episr.c ****             }
  92:.\Generated_Source\PSoC5/USB_Bootloader_episr.c ****         #endif /*  USB_Bootloader_ISR_SERVICE_MIDI_OUT */
  93:.\Generated_Source\PSoC5/USB_Bootloader_episr.c **** 
  94:.\Generated_Source\PSoC5/USB_Bootloader_episr.c ****         /* `#START EP1_END_USER_CODE` Place your code here */
  95:.\Generated_Source\PSoC5/USB_Bootloader_episr.c **** 
  96:.\Generated_Source\PSoC5/USB_Bootloader_episr.c ****         /* `#END` */
  97:.\Generated_Source\PSoC5/USB_Bootloader_episr.c **** 
  98:.\Generated_Source\PSoC5/USB_Bootloader_episr.c ****         #ifdef USB_Bootloader_EP_1_ISR_EXIT_CALLBACK
ARM GAS  C:\Users\Robert\AppData\Local\Temp\ccTE3mAU.s 			page 4


  99:.\Generated_Source\PSoC5/USB_Bootloader_episr.c ****             USB_Bootloader_EP_1_ISR_ExitCallback();
 100:.\Generated_Source\PSoC5/USB_Bootloader_episr.c ****         #endif /* USB_Bootloader_EP_1_ISR_EXIT_CALLBACK */
 101:.\Generated_Source\PSoC5/USB_Bootloader_episr.c **** 
 102:.\Generated_Source\PSoC5/USB_Bootloader_episr.c ****         #if (defined(USB_Bootloader_ENABLE_MIDI_STREAMING) && !defined(USB_Bootloader_MAIN_SERVICE_
 103:.\Generated_Source\PSoC5/USB_Bootloader_episr.c ****                      USB_Bootloader_ISR_SERVICE_MIDI_OUT && CY_PSOC3)
 104:.\Generated_Source\PSoC5/USB_Bootloader_episr.c ****             EA = int_en;
 105:.\Generated_Source\PSoC5/USB_Bootloader_episr.c ****         #endif /* USB_Bootloader_ISR_SERVICE_MIDI_OUT && CY_PSOC3 */
 106:.\Generated_Source\PSoC5/USB_Bootloader_episr.c ****     }
 107:.\Generated_Source\PSoC5/USB_Bootloader_episr.c **** 
 108:.\Generated_Source\PSoC5/USB_Bootloader_episr.c **** #endif   /*  USB_Bootloader_EP1_ISR_REMOVE */
 109:.\Generated_Source\PSoC5/USB_Bootloader_episr.c **** 
 110:.\Generated_Source\PSoC5/USB_Bootloader_episr.c **** 
 111:.\Generated_Source\PSoC5/USB_Bootloader_episr.c **** #if(USB_Bootloader_EP2_ISR_REMOVE == 0u)
 112:.\Generated_Source\PSoC5/USB_Bootloader_episr.c **** 
 113:.\Generated_Source\PSoC5/USB_Bootloader_episr.c ****     /*******************************************************************************
 114:.\Generated_Source\PSoC5/USB_Bootloader_episr.c ****     * Function Name: USB_Bootloader_EP_2_ISR
 115:.\Generated_Source\PSoC5/USB_Bootloader_episr.c ****     ********************************************************************************
 116:.\Generated_Source\PSoC5/USB_Bootloader_episr.c ****     *
 117:.\Generated_Source\PSoC5/USB_Bootloader_episr.c ****     * Summary:
 118:.\Generated_Source\PSoC5/USB_Bootloader_episr.c ****     *  Endpoint 2 Interrupt Service Routine
 119:.\Generated_Source\PSoC5/USB_Bootloader_episr.c ****     *
 120:.\Generated_Source\PSoC5/USB_Bootloader_episr.c ****     * Parameters:
 121:.\Generated_Source\PSoC5/USB_Bootloader_episr.c ****     *  None.
 122:.\Generated_Source\PSoC5/USB_Bootloader_episr.c ****     *
 123:.\Generated_Source\PSoC5/USB_Bootloader_episr.c ****     * Return:
 124:.\Generated_Source\PSoC5/USB_Bootloader_episr.c ****     *  None.
 125:.\Generated_Source\PSoC5/USB_Bootloader_episr.c ****     *
 126:.\Generated_Source\PSoC5/USB_Bootloader_episr.c ****     *******************************************************************************/
 127:.\Generated_Source\PSoC5/USB_Bootloader_episr.c ****     CY_ISR(USB_Bootloader_EP_2_ISR)
 128:.\Generated_Source\PSoC5/USB_Bootloader_episr.c ****     {
  74              		.loc 1 128 0
  75              		.cfi_startproc
  76              		@ args = 0, pretend = 0, frame = 0
  77              		@ frame_needed = 0, uses_anonymous_args = 0
  78              		@ link register save eliminated.
 129:.\Generated_Source\PSoC5/USB_Bootloader_episr.c ****         #if (defined(USB_Bootloader_ENABLE_MIDI_STREAMING) && !defined(USB_Bootloader_MAIN_SERVICE_
 130:.\Generated_Source\PSoC5/USB_Bootloader_episr.c ****                      USB_Bootloader_ISR_SERVICE_MIDI_OUT && CY_PSOC3)
 131:.\Generated_Source\PSoC5/USB_Bootloader_episr.c ****             uint8 int_en;
 132:.\Generated_Source\PSoC5/USB_Bootloader_episr.c ****         #endif /* USB_Bootloader_ISR_SERVICE_MIDI_OUT && CY_PSOC3 */
 133:.\Generated_Source\PSoC5/USB_Bootloader_episr.c **** 
 134:.\Generated_Source\PSoC5/USB_Bootloader_episr.c ****         #ifdef USB_Bootloader_EP_2_ISR_ENTRY_CALLBACK
 135:.\Generated_Source\PSoC5/USB_Bootloader_episr.c ****             USB_Bootloader_EP_2_ISR_EntryCallback();
 136:.\Generated_Source\PSoC5/USB_Bootloader_episr.c ****         #endif /* USB_Bootloader_EP_2_ISR_ENTRY_CALLBACK */
 137:.\Generated_Source\PSoC5/USB_Bootloader_episr.c **** 
 138:.\Generated_Source\PSoC5/USB_Bootloader_episr.c ****         /* `#START EP2_USER_CODE` Place your code here */
 139:.\Generated_Source\PSoC5/USB_Bootloader_episr.c **** 
 140:.\Generated_Source\PSoC5/USB_Bootloader_episr.c ****         /* `#END` */
 141:.\Generated_Source\PSoC5/USB_Bootloader_episr.c **** 
 142:.\Generated_Source\PSoC5/USB_Bootloader_episr.c ****         #if (defined(USB_Bootloader_ENABLE_MIDI_STREAMING) && !defined(USB_Bootloader_MAIN_SERVICE_
 143:.\Generated_Source\PSoC5/USB_Bootloader_episr.c ****                      USB_Bootloader_ISR_SERVICE_MIDI_OUT && CY_PSOC3)
 144:.\Generated_Source\PSoC5/USB_Bootloader_episr.c ****             int_en = EA;
 145:.\Generated_Source\PSoC5/USB_Bootloader_episr.c ****             CyGlobalIntEnable;  /* Make sure nested interrupt is enabled */
 146:.\Generated_Source\PSoC5/USB_Bootloader_episr.c ****         #endif /* USB_Bootloader_ISR_SERVICE_MIDI_OUT && CY_PSOC3 */
 147:.\Generated_Source\PSoC5/USB_Bootloader_episr.c **** 
 148:.\Generated_Source\PSoC5/USB_Bootloader_episr.c ****         CY_GET_REG8(USB_Bootloader_SIE_EP2_CR0_PTR); /* Must read the mode reg */
  79              		.loc 1 148 0
  80 0000 0A4B     		ldr	r3, .L7
ARM GAS  C:\Users\Robert\AppData\Local\Temp\ccTE3mAU.s 			page 5


  81 0002 1B78     		ldrb	r3, [r3]	@ zero_extendqisi2
 149:.\Generated_Source\PSoC5/USB_Bootloader_episr.c ****         /* Do not toggle ISOC endpoint */
 150:.\Generated_Source\PSoC5/USB_Bootloader_episr.c ****         if((USB_Bootloader_EP[USB_Bootloader_EP2].attrib & USB_Bootloader_EP_TYPE_MASK) !=
  82              		.loc 1 150 0
  83 0004 0A4B     		ldr	r3, .L7+4
  84 0006 1B7E     		ldrb	r3, [r3, #24]	@ zero_extendqisi2
  85 0008 03F00303 		and	r3, r3, #3
  86 000c 012B     		cmp	r3, #1
  87 000e 04D0     		beq	.L6
 151:.\Generated_Source\PSoC5/USB_Bootloader_episr.c ****                                                                                     USB_Bootloader_
 152:.\Generated_Source\PSoC5/USB_Bootloader_episr.c ****         {
 153:.\Generated_Source\PSoC5/USB_Bootloader_episr.c ****             USB_Bootloader_EP[USB_Bootloader_EP2].epToggle ^= USB_Bootloader_EPX_CNT_DATA_TOGGLE;
  88              		.loc 1 153 0
  89 0010 074A     		ldr	r2, .L7+4
  90 0012 D37E     		ldrb	r3, [r2, #27]	@ zero_extendqisi2
  91 0014 83F08003 		eor	r3, r3, #128
  92 0018 D376     		strb	r3, [r2, #27]
  93              	.L6:
 154:.\Generated_Source\PSoC5/USB_Bootloader_episr.c ****         }
 155:.\Generated_Source\PSoC5/USB_Bootloader_episr.c ****         USB_Bootloader_EP[USB_Bootloader_EP2].apiEpState = USB_Bootloader_EVENT_PENDING;
  94              		.loc 1 155 0
  95 001a 0122     		movs	r2, #1
  96 001c 044B     		ldr	r3, .L7+4
  97 001e 5A76     		strb	r2, [r3, #25]
 156:.\Generated_Source\PSoC5/USB_Bootloader_episr.c ****         CY_SET_REG8(USB_Bootloader_SIE_EP_INT_SR_PTR, CY_GET_REG8(USB_Bootloader_SIE_EP_INT_SR_PTR)
  98              		.loc 1 156 0
  99 0020 044A     		ldr	r2, .L7+8
 100 0022 1378     		ldrb	r3, [r2]	@ zero_extendqisi2
 101 0024 03F0FD03 		and	r3, r3, #253
 102 0028 1370     		strb	r3, [r2]
 103 002a 7047     		bx	lr
 104              	.L8:
 105              		.align	2
 106              	.L7:
 107 002c 1E600040 		.word	1073766430
 108 0030 00000000 		.word	USB_Bootloader_EP
 109 0034 0B600040 		.word	1073766411
 110              		.cfi_endproc
 111              	.LFE1:
 112              		.size	USB_Bootloader_EP_2_ISR, .-USB_Bootloader_EP_2_ISR
 113              		.section	.text.USB_Bootloader_SOF_ISR,"ax",%progbits
 114              		.align	2
 115              		.global	USB_Bootloader_SOF_ISR
 116              		.thumb
 117              		.thumb_func
 118              		.type	USB_Bootloader_SOF_ISR, %function
 119              	USB_Bootloader_SOF_ISR:
 120              	.LFB2:
 157:.\Generated_Source\PSoC5/USB_Bootloader_episr.c ****                                                                         & (uint8)~USB_Bootloader_SI
 158:.\Generated_Source\PSoC5/USB_Bootloader_episr.c **** 
 159:.\Generated_Source\PSoC5/USB_Bootloader_episr.c ****         #if (defined(USB_Bootloader_ENABLE_MIDI_STREAMING) && !defined(USB_Bootloader_MAIN_SERVICE_
 160:.\Generated_Source\PSoC5/USB_Bootloader_episr.c ****                      USB_Bootloader_ISR_SERVICE_MIDI_OUT)
 161:.\Generated_Source\PSoC5/USB_Bootloader_episr.c ****             if(USB_Bootloader_midi_out_ep == USB_Bootloader_EP2)
 162:.\Generated_Source\PSoC5/USB_Bootloader_episr.c ****             {
 163:.\Generated_Source\PSoC5/USB_Bootloader_episr.c ****                 USB_Bootloader_MIDI_OUT_EP_Service();
 164:.\Generated_Source\PSoC5/USB_Bootloader_episr.c ****             }
 165:.\Generated_Source\PSoC5/USB_Bootloader_episr.c ****         #endif /*  USB_Bootloader_ISR_SERVICE_MIDI_OUT */
ARM GAS  C:\Users\Robert\AppData\Local\Temp\ccTE3mAU.s 			page 6


 166:.\Generated_Source\PSoC5/USB_Bootloader_episr.c **** 
 167:.\Generated_Source\PSoC5/USB_Bootloader_episr.c ****         /* `#START EP2_END_USER_CODE` Place your code here */
 168:.\Generated_Source\PSoC5/USB_Bootloader_episr.c **** 
 169:.\Generated_Source\PSoC5/USB_Bootloader_episr.c ****         /* `#END` */
 170:.\Generated_Source\PSoC5/USB_Bootloader_episr.c **** 
 171:.\Generated_Source\PSoC5/USB_Bootloader_episr.c ****         #ifdef USB_Bootloader_EP_2_ISR_EXIT_CALLBACK
 172:.\Generated_Source\PSoC5/USB_Bootloader_episr.c ****             USB_Bootloader_EP_2_ISR_ExitCallback();
 173:.\Generated_Source\PSoC5/USB_Bootloader_episr.c ****         #endif /* USB_Bootloader_EP_2_ISR_EXIT_CALLBACK */
 174:.\Generated_Source\PSoC5/USB_Bootloader_episr.c ****         
 175:.\Generated_Source\PSoC5/USB_Bootloader_episr.c ****         #if (defined(USB_Bootloader_ENABLE_MIDI_STREAMING) && !defined(USB_Bootloader_MAIN_SERVICE_
 176:.\Generated_Source\PSoC5/USB_Bootloader_episr.c ****                      USB_Bootloader_ISR_SERVICE_MIDI_OUT && CY_PSOC3)
 177:.\Generated_Source\PSoC5/USB_Bootloader_episr.c ****             EA = int_en;
 178:.\Generated_Source\PSoC5/USB_Bootloader_episr.c ****         #endif /* USB_Bootloader_ISR_SERVICE_MIDI_OUT && CY_PSOC3 */
 179:.\Generated_Source\PSoC5/USB_Bootloader_episr.c ****     }
 180:.\Generated_Source\PSoC5/USB_Bootloader_episr.c **** 
 181:.\Generated_Source\PSoC5/USB_Bootloader_episr.c **** #endif   /*  USB_Bootloader_EP2_ISR_REMOVE */
 182:.\Generated_Source\PSoC5/USB_Bootloader_episr.c **** 
 183:.\Generated_Source\PSoC5/USB_Bootloader_episr.c **** 
 184:.\Generated_Source\PSoC5/USB_Bootloader_episr.c **** #if(USB_Bootloader_EP3_ISR_REMOVE == 0u)
 185:.\Generated_Source\PSoC5/USB_Bootloader_episr.c **** 
 186:.\Generated_Source\PSoC5/USB_Bootloader_episr.c ****     /*******************************************************************************
 187:.\Generated_Source\PSoC5/USB_Bootloader_episr.c ****     * Function Name: USB_Bootloader_EP_3_ISR
 188:.\Generated_Source\PSoC5/USB_Bootloader_episr.c ****     ********************************************************************************
 189:.\Generated_Source\PSoC5/USB_Bootloader_episr.c ****     *
 190:.\Generated_Source\PSoC5/USB_Bootloader_episr.c ****     * Summary:
 191:.\Generated_Source\PSoC5/USB_Bootloader_episr.c ****     *  Endpoint 3 Interrupt Service Routine
 192:.\Generated_Source\PSoC5/USB_Bootloader_episr.c ****     *
 193:.\Generated_Source\PSoC5/USB_Bootloader_episr.c ****     * Parameters:
 194:.\Generated_Source\PSoC5/USB_Bootloader_episr.c ****     *  None.
 195:.\Generated_Source\PSoC5/USB_Bootloader_episr.c ****     *
 196:.\Generated_Source\PSoC5/USB_Bootloader_episr.c ****     * Return:
 197:.\Generated_Source\PSoC5/USB_Bootloader_episr.c ****     *  None.
 198:.\Generated_Source\PSoC5/USB_Bootloader_episr.c ****     *
 199:.\Generated_Source\PSoC5/USB_Bootloader_episr.c ****     *******************************************************************************/
 200:.\Generated_Source\PSoC5/USB_Bootloader_episr.c ****     CY_ISR(USB_Bootloader_EP_3_ISR)
 201:.\Generated_Source\PSoC5/USB_Bootloader_episr.c ****     {
 202:.\Generated_Source\PSoC5/USB_Bootloader_episr.c ****         #if (defined(USB_Bootloader_ENABLE_MIDI_STREAMING) && !defined(USB_Bootloader_MAIN_SERVICE_
 203:.\Generated_Source\PSoC5/USB_Bootloader_episr.c ****                      USB_Bootloader_ISR_SERVICE_MIDI_OUT && CY_PSOC3)
 204:.\Generated_Source\PSoC5/USB_Bootloader_episr.c ****             uint8 int_en;
 205:.\Generated_Source\PSoC5/USB_Bootloader_episr.c ****         #endif /* USB_Bootloader_ISR_SERVICE_MIDI_OUT && CY_PSOC3 */
 206:.\Generated_Source\PSoC5/USB_Bootloader_episr.c **** 
 207:.\Generated_Source\PSoC5/USB_Bootloader_episr.c ****         #ifdef USB_Bootloader_EP_3_ISR_ENTRY_CALLBACK
 208:.\Generated_Source\PSoC5/USB_Bootloader_episr.c ****             USB_Bootloader_EP_3_ISR_EntryCallback();
 209:.\Generated_Source\PSoC5/USB_Bootloader_episr.c ****         #endif /* USB_Bootloader_EP_3_ISR_ENTRY_CALLBACK */
 210:.\Generated_Source\PSoC5/USB_Bootloader_episr.c **** 
 211:.\Generated_Source\PSoC5/USB_Bootloader_episr.c ****         /* `#START EP3_USER_CODE` Place your code here */
 212:.\Generated_Source\PSoC5/USB_Bootloader_episr.c **** 
 213:.\Generated_Source\PSoC5/USB_Bootloader_episr.c ****         /* `#END` */
 214:.\Generated_Source\PSoC5/USB_Bootloader_episr.c **** 
 215:.\Generated_Source\PSoC5/USB_Bootloader_episr.c ****         #if (defined(USB_Bootloader_ENABLE_MIDI_STREAMING) && !defined(USB_Bootloader_MAIN_SERVICE_
 216:.\Generated_Source\PSoC5/USB_Bootloader_episr.c ****                      USB_Bootloader_ISR_SERVICE_MIDI_OUT && CY_PSOC3)
 217:.\Generated_Source\PSoC5/USB_Bootloader_episr.c ****             int_en = EA;
 218:.\Generated_Source\PSoC5/USB_Bootloader_episr.c ****             CyGlobalIntEnable;  /* Make sure nested interrupt is enabled */
 219:.\Generated_Source\PSoC5/USB_Bootloader_episr.c ****         #endif /* CY_PSOC3 & USB_Bootloader_ISR_SERVICE_MIDI_OUT  */
 220:.\Generated_Source\PSoC5/USB_Bootloader_episr.c **** 
 221:.\Generated_Source\PSoC5/USB_Bootloader_episr.c ****         CY_GET_REG8(USB_Bootloader_SIE_EP3_CR0_PTR); /* Must read the mode reg */
 222:.\Generated_Source\PSoC5/USB_Bootloader_episr.c ****         /* Do not toggle ISOC endpoint */
ARM GAS  C:\Users\Robert\AppData\Local\Temp\ccTE3mAU.s 			page 7


 223:.\Generated_Source\PSoC5/USB_Bootloader_episr.c ****         if((USB_Bootloader_EP[USB_Bootloader_EP3].attrib & USB_Bootloader_EP_TYPE_MASK) !=
 224:.\Generated_Source\PSoC5/USB_Bootloader_episr.c ****                                                                                     USB_Bootloader_
 225:.\Generated_Source\PSoC5/USB_Bootloader_episr.c ****         {
 226:.\Generated_Source\PSoC5/USB_Bootloader_episr.c ****             USB_Bootloader_EP[USB_Bootloader_EP3].epToggle ^= USB_Bootloader_EPX_CNT_DATA_TOGGLE;
 227:.\Generated_Source\PSoC5/USB_Bootloader_episr.c ****         }
 228:.\Generated_Source\PSoC5/USB_Bootloader_episr.c ****         USB_Bootloader_EP[USB_Bootloader_EP3].apiEpState = USB_Bootloader_EVENT_PENDING;
 229:.\Generated_Source\PSoC5/USB_Bootloader_episr.c ****         CY_SET_REG8(USB_Bootloader_SIE_EP_INT_SR_PTR, CY_GET_REG8(USB_Bootloader_SIE_EP_INT_SR_PTR)
 230:.\Generated_Source\PSoC5/USB_Bootloader_episr.c ****                                                                         & (uint8)~USB_Bootloader_SI
 231:.\Generated_Source\PSoC5/USB_Bootloader_episr.c **** 
 232:.\Generated_Source\PSoC5/USB_Bootloader_episr.c ****         #if (defined(USB_Bootloader_ENABLE_MIDI_STREAMING) && !defined(USB_Bootloader_MAIN_SERVICE_
 233:.\Generated_Source\PSoC5/USB_Bootloader_episr.c ****                      USB_Bootloader_ISR_SERVICE_MIDI_OUT)
 234:.\Generated_Source\PSoC5/USB_Bootloader_episr.c ****             if(USB_Bootloader_midi_out_ep == USB_Bootloader_EP3)
 235:.\Generated_Source\PSoC5/USB_Bootloader_episr.c ****             {
 236:.\Generated_Source\PSoC5/USB_Bootloader_episr.c ****                 USB_Bootloader_MIDI_OUT_EP_Service();
 237:.\Generated_Source\PSoC5/USB_Bootloader_episr.c ****             }
 238:.\Generated_Source\PSoC5/USB_Bootloader_episr.c ****         #endif /*  USB_Bootloader_ISR_SERVICE_MIDI_OUT */
 239:.\Generated_Source\PSoC5/USB_Bootloader_episr.c **** 
 240:.\Generated_Source\PSoC5/USB_Bootloader_episr.c ****         /* `#START EP3_END_USER_CODE` Place your code here */
 241:.\Generated_Source\PSoC5/USB_Bootloader_episr.c **** 
 242:.\Generated_Source\PSoC5/USB_Bootloader_episr.c ****         /* `#END` */
 243:.\Generated_Source\PSoC5/USB_Bootloader_episr.c **** 
 244:.\Generated_Source\PSoC5/USB_Bootloader_episr.c ****         #ifdef USB_Bootloader_EP_3_ISR_EXIT_CALLBACK
 245:.\Generated_Source\PSoC5/USB_Bootloader_episr.c ****             USB_Bootloader_EP_3_ISR_ExitCallback();
 246:.\Generated_Source\PSoC5/USB_Bootloader_episr.c ****         #endif /* USB_Bootloader_EP_3_ISR_EXIT_CALLBACK */
 247:.\Generated_Source\PSoC5/USB_Bootloader_episr.c **** 
 248:.\Generated_Source\PSoC5/USB_Bootloader_episr.c ****         #if (defined(USB_Bootloader_ENABLE_MIDI_STREAMING) && !defined(USB_Bootloader_MAIN_SERVICE_
 249:.\Generated_Source\PSoC5/USB_Bootloader_episr.c ****                      USB_Bootloader_ISR_SERVICE_MIDI_OUT && CY_PSOC3)
 250:.\Generated_Source\PSoC5/USB_Bootloader_episr.c ****             EA = int_en;
 251:.\Generated_Source\PSoC5/USB_Bootloader_episr.c ****         #endif /* CY_PSOC3 & USB_Bootloader_ISR_SERVICE_MIDI_OUT  */
 252:.\Generated_Source\PSoC5/USB_Bootloader_episr.c ****     }
 253:.\Generated_Source\PSoC5/USB_Bootloader_episr.c **** 
 254:.\Generated_Source\PSoC5/USB_Bootloader_episr.c **** #endif   /*  USB_Bootloader_EP3_ISR_REMOVE */
 255:.\Generated_Source\PSoC5/USB_Bootloader_episr.c **** 
 256:.\Generated_Source\PSoC5/USB_Bootloader_episr.c **** 
 257:.\Generated_Source\PSoC5/USB_Bootloader_episr.c **** #if(USB_Bootloader_EP4_ISR_REMOVE == 0u)
 258:.\Generated_Source\PSoC5/USB_Bootloader_episr.c **** 
 259:.\Generated_Source\PSoC5/USB_Bootloader_episr.c ****     /*******************************************************************************
 260:.\Generated_Source\PSoC5/USB_Bootloader_episr.c ****     * Function Name: USB_Bootloader_EP_4_ISR
 261:.\Generated_Source\PSoC5/USB_Bootloader_episr.c ****     ********************************************************************************
 262:.\Generated_Source\PSoC5/USB_Bootloader_episr.c ****     *
 263:.\Generated_Source\PSoC5/USB_Bootloader_episr.c ****     * Summary:
 264:.\Generated_Source\PSoC5/USB_Bootloader_episr.c ****     *  Endpoint 4 Interrupt Service Routine
 265:.\Generated_Source\PSoC5/USB_Bootloader_episr.c ****     *
 266:.\Generated_Source\PSoC5/USB_Bootloader_episr.c ****     * Parameters:
 267:.\Generated_Source\PSoC5/USB_Bootloader_episr.c ****     *  None.
 268:.\Generated_Source\PSoC5/USB_Bootloader_episr.c ****     *
 269:.\Generated_Source\PSoC5/USB_Bootloader_episr.c ****     * Return:
 270:.\Generated_Source\PSoC5/USB_Bootloader_episr.c ****     *  None.
 271:.\Generated_Source\PSoC5/USB_Bootloader_episr.c ****     *
 272:.\Generated_Source\PSoC5/USB_Bootloader_episr.c ****     *******************************************************************************/
 273:.\Generated_Source\PSoC5/USB_Bootloader_episr.c ****     CY_ISR(USB_Bootloader_EP_4_ISR)
 274:.\Generated_Source\PSoC5/USB_Bootloader_episr.c ****     {
 275:.\Generated_Source\PSoC5/USB_Bootloader_episr.c ****         #if (defined(USB_Bootloader_ENABLE_MIDI_STREAMING) && !defined(USB_Bootloader_MAIN_SERVICE_
 276:.\Generated_Source\PSoC5/USB_Bootloader_episr.c ****                      USB_Bootloader_ISR_SERVICE_MIDI_OUT && CY_PSOC3)
 277:.\Generated_Source\PSoC5/USB_Bootloader_episr.c ****             uint8 int_en;
 278:.\Generated_Source\PSoC5/USB_Bootloader_episr.c ****         #endif /* CY_PSOC3 & USB_Bootloader_ISR_SERVICE_MIDI_OUT  */
 279:.\Generated_Source\PSoC5/USB_Bootloader_episr.c **** 
ARM GAS  C:\Users\Robert\AppData\Local\Temp\ccTE3mAU.s 			page 8


 280:.\Generated_Source\PSoC5/USB_Bootloader_episr.c ****         #ifdef USB_Bootloader_EP_4_ISR_ENTRY_CALLBACK
 281:.\Generated_Source\PSoC5/USB_Bootloader_episr.c ****             USB_Bootloader_EP_4_ISR_EntryCallback();
 282:.\Generated_Source\PSoC5/USB_Bootloader_episr.c ****         #endif /* USB_Bootloader_EP_4_ISR_ENTRY_CALLBACK */
 283:.\Generated_Source\PSoC5/USB_Bootloader_episr.c **** 
 284:.\Generated_Source\PSoC5/USB_Bootloader_episr.c ****         /* `#START EP4_USER_CODE` Place your code here */
 285:.\Generated_Source\PSoC5/USB_Bootloader_episr.c **** 
 286:.\Generated_Source\PSoC5/USB_Bootloader_episr.c ****         /* `#END` */
 287:.\Generated_Source\PSoC5/USB_Bootloader_episr.c **** 
 288:.\Generated_Source\PSoC5/USB_Bootloader_episr.c ****         #if (defined(USB_Bootloader_ENABLE_MIDI_STREAMING) && !defined(USB_Bootloader_MAIN_SERVICE_
 289:.\Generated_Source\PSoC5/USB_Bootloader_episr.c ****                      USB_Bootloader_ISR_SERVICE_MIDI_OUT && CY_PSOC3)
 290:.\Generated_Source\PSoC5/USB_Bootloader_episr.c ****             int_en = EA;
 291:.\Generated_Source\PSoC5/USB_Bootloader_episr.c ****             CyGlobalIntEnable;  /* Make sure nested interrupt is enabled */
 292:.\Generated_Source\PSoC5/USB_Bootloader_episr.c ****         #endif /* CY_PSOC3 & USB_Bootloader_ISR_SERVICE_MIDI_OUT  */
 293:.\Generated_Source\PSoC5/USB_Bootloader_episr.c **** 
 294:.\Generated_Source\PSoC5/USB_Bootloader_episr.c ****         CY_GET_REG8(USB_Bootloader_SIE_EP4_CR0_PTR); /* Must read the mode reg */
 295:.\Generated_Source\PSoC5/USB_Bootloader_episr.c ****         /* Do not toggle ISOC endpoint */
 296:.\Generated_Source\PSoC5/USB_Bootloader_episr.c ****         if((USB_Bootloader_EP[USB_Bootloader_EP4].attrib & USB_Bootloader_EP_TYPE_MASK) !=
 297:.\Generated_Source\PSoC5/USB_Bootloader_episr.c ****                                                                                     USB_Bootloader_
 298:.\Generated_Source\PSoC5/USB_Bootloader_episr.c ****         {
 299:.\Generated_Source\PSoC5/USB_Bootloader_episr.c ****             USB_Bootloader_EP[USB_Bootloader_EP4].epToggle ^= USB_Bootloader_EPX_CNT_DATA_TOGGLE;
 300:.\Generated_Source\PSoC5/USB_Bootloader_episr.c ****         }
 301:.\Generated_Source\PSoC5/USB_Bootloader_episr.c ****         USB_Bootloader_EP[USB_Bootloader_EP4].apiEpState = USB_Bootloader_EVENT_PENDING;
 302:.\Generated_Source\PSoC5/USB_Bootloader_episr.c ****         CY_SET_REG8(USB_Bootloader_SIE_EP_INT_SR_PTR, CY_GET_REG8(USB_Bootloader_SIE_EP_INT_SR_PTR)
 303:.\Generated_Source\PSoC5/USB_Bootloader_episr.c ****                                                                         & (uint8)~USB_Bootloader_SI
 304:.\Generated_Source\PSoC5/USB_Bootloader_episr.c **** 
 305:.\Generated_Source\PSoC5/USB_Bootloader_episr.c ****         #if (defined(USB_Bootloader_ENABLE_MIDI_STREAMING) && !defined(USB_Bootloader_MAIN_SERVICE_
 306:.\Generated_Source\PSoC5/USB_Bootloader_episr.c ****                      USB_Bootloader_ISR_SERVICE_MIDI_OUT)
 307:.\Generated_Source\PSoC5/USB_Bootloader_episr.c ****             if(USB_Bootloader_midi_out_ep == USB_Bootloader_EP4)
 308:.\Generated_Source\PSoC5/USB_Bootloader_episr.c ****             {
 309:.\Generated_Source\PSoC5/USB_Bootloader_episr.c ****                 USB_Bootloader_MIDI_OUT_EP_Service();
 310:.\Generated_Source\PSoC5/USB_Bootloader_episr.c ****             }
 311:.\Generated_Source\PSoC5/USB_Bootloader_episr.c ****         #endif /*  USB_Bootloader_ISR_SERVICE_MIDI_OUT */
 312:.\Generated_Source\PSoC5/USB_Bootloader_episr.c **** 
 313:.\Generated_Source\PSoC5/USB_Bootloader_episr.c ****         /* `#START EP4_END_USER_CODE` Place your code here */
 314:.\Generated_Source\PSoC5/USB_Bootloader_episr.c **** 
 315:.\Generated_Source\PSoC5/USB_Bootloader_episr.c ****         /* `#END` */
 316:.\Generated_Source\PSoC5/USB_Bootloader_episr.c **** 
 317:.\Generated_Source\PSoC5/USB_Bootloader_episr.c ****         #ifdef USB_Bootloader_EP_4_ISR_EXIT_CALLBACK
 318:.\Generated_Source\PSoC5/USB_Bootloader_episr.c ****             USB_Bootloader_EP_4_ISR_ExitCallback();
 319:.\Generated_Source\PSoC5/USB_Bootloader_episr.c ****         #endif /* USB_Bootloader_EP_4_ISR_EXIT_CALLBACK */
 320:.\Generated_Source\PSoC5/USB_Bootloader_episr.c **** 
 321:.\Generated_Source\PSoC5/USB_Bootloader_episr.c ****         #if (defined(USB_Bootloader_ENABLE_MIDI_STREAMING) && !defined(USB_Bootloader_MAIN_SERVICE_
 322:.\Generated_Source\PSoC5/USB_Bootloader_episr.c ****                      USB_Bootloader_ISR_SERVICE_MIDI_OUT && CY_PSOC3)
 323:.\Generated_Source\PSoC5/USB_Bootloader_episr.c ****             EA = int_en;
 324:.\Generated_Source\PSoC5/USB_Bootloader_episr.c ****         #endif /* CY_PSOC3 & USB_Bootloader_ISR_SERVICE_MIDI_OUT  */
 325:.\Generated_Source\PSoC5/USB_Bootloader_episr.c ****     }
 326:.\Generated_Source\PSoC5/USB_Bootloader_episr.c **** 
 327:.\Generated_Source\PSoC5/USB_Bootloader_episr.c **** #endif   /*  USB_Bootloader_EP4_ISR_REMOVE */
 328:.\Generated_Source\PSoC5/USB_Bootloader_episr.c **** 
 329:.\Generated_Source\PSoC5/USB_Bootloader_episr.c **** 
 330:.\Generated_Source\PSoC5/USB_Bootloader_episr.c **** #if(USB_Bootloader_EP5_ISR_REMOVE == 0u)
 331:.\Generated_Source\PSoC5/USB_Bootloader_episr.c **** 
 332:.\Generated_Source\PSoC5/USB_Bootloader_episr.c ****     /*******************************************************************************
 333:.\Generated_Source\PSoC5/USB_Bootloader_episr.c ****     * Function Name: USB_Bootloader_EP_5_ISR
 334:.\Generated_Source\PSoC5/USB_Bootloader_episr.c ****     ********************************************************************************
 335:.\Generated_Source\PSoC5/USB_Bootloader_episr.c ****     *
 336:.\Generated_Source\PSoC5/USB_Bootloader_episr.c ****     * Summary:
ARM GAS  C:\Users\Robert\AppData\Local\Temp\ccTE3mAU.s 			page 9


 337:.\Generated_Source\PSoC5/USB_Bootloader_episr.c ****     *  Endpoint 5 Interrupt Service Routine
 338:.\Generated_Source\PSoC5/USB_Bootloader_episr.c ****     *
 339:.\Generated_Source\PSoC5/USB_Bootloader_episr.c ****     * Parameters:
 340:.\Generated_Source\PSoC5/USB_Bootloader_episr.c ****     *  None.
 341:.\Generated_Source\PSoC5/USB_Bootloader_episr.c ****     *
 342:.\Generated_Source\PSoC5/USB_Bootloader_episr.c ****     * Return:
 343:.\Generated_Source\PSoC5/USB_Bootloader_episr.c ****     *  None.
 344:.\Generated_Source\PSoC5/USB_Bootloader_episr.c ****     *
 345:.\Generated_Source\PSoC5/USB_Bootloader_episr.c ****     *******************************************************************************/
 346:.\Generated_Source\PSoC5/USB_Bootloader_episr.c ****     CY_ISR(USB_Bootloader_EP_5_ISR)
 347:.\Generated_Source\PSoC5/USB_Bootloader_episr.c ****     {
 348:.\Generated_Source\PSoC5/USB_Bootloader_episr.c ****         #if (defined(USB_Bootloader_ENABLE_MIDI_STREAMING) && !defined(USB_Bootloader_MAIN_SERVICE_
 349:.\Generated_Source\PSoC5/USB_Bootloader_episr.c ****                      USB_Bootloader_ISR_SERVICE_MIDI_OUT && CY_PSOC3)
 350:.\Generated_Source\PSoC5/USB_Bootloader_episr.c ****             uint8 int_en;
 351:.\Generated_Source\PSoC5/USB_Bootloader_episr.c ****         #endif /* CY_PSOC3 & USB_Bootloader_ISR_SERVICE_MIDI_OUT  */
 352:.\Generated_Source\PSoC5/USB_Bootloader_episr.c **** 
 353:.\Generated_Source\PSoC5/USB_Bootloader_episr.c ****         #ifdef USB_Bootloader_EP_5_ISR_ENTRY_CALLBACK
 354:.\Generated_Source\PSoC5/USB_Bootloader_episr.c ****             USB_Bootloader_EP_5_ISR_EntryCallback();
 355:.\Generated_Source\PSoC5/USB_Bootloader_episr.c ****         #endif /* USB_Bootloader_EP_5_ISR_ENTRY_CALLBACK */
 356:.\Generated_Source\PSoC5/USB_Bootloader_episr.c **** 
 357:.\Generated_Source\PSoC5/USB_Bootloader_episr.c ****         /* `#START EP5_USER_CODE` Place your code here */
 358:.\Generated_Source\PSoC5/USB_Bootloader_episr.c **** 
 359:.\Generated_Source\PSoC5/USB_Bootloader_episr.c ****         /* `#END` */
 360:.\Generated_Source\PSoC5/USB_Bootloader_episr.c **** 
 361:.\Generated_Source\PSoC5/USB_Bootloader_episr.c ****         #if (defined(USB_Bootloader_ENABLE_MIDI_STREAMING) && !defined(USB_Bootloader_MAIN_SERVICE_
 362:.\Generated_Source\PSoC5/USB_Bootloader_episr.c ****                      USB_Bootloader_ISR_SERVICE_MIDI_OUT && CY_PSOC3)
 363:.\Generated_Source\PSoC5/USB_Bootloader_episr.c ****             int_en = EA;
 364:.\Generated_Source\PSoC5/USB_Bootloader_episr.c ****             CyGlobalIntEnable;  /* Make sure nested interrupt is enabled */
 365:.\Generated_Source\PSoC5/USB_Bootloader_episr.c ****         #endif /* CY_PSOC3 & USB_Bootloader_ISR_SERVICE_MIDI_OUT  */
 366:.\Generated_Source\PSoC5/USB_Bootloader_episr.c **** 
 367:.\Generated_Source\PSoC5/USB_Bootloader_episr.c ****         CY_GET_REG8(USB_Bootloader_SIE_EP5_CR0_PTR); /* Must read the mode reg */
 368:.\Generated_Source\PSoC5/USB_Bootloader_episr.c ****         /* Do not toggle ISOC endpoint */
 369:.\Generated_Source\PSoC5/USB_Bootloader_episr.c ****         if((USB_Bootloader_EP[USB_Bootloader_EP5].attrib & USB_Bootloader_EP_TYPE_MASK) !=
 370:.\Generated_Source\PSoC5/USB_Bootloader_episr.c ****                                                                                     USB_Bootloader_
 371:.\Generated_Source\PSoC5/USB_Bootloader_episr.c ****         {
 372:.\Generated_Source\PSoC5/USB_Bootloader_episr.c ****             USB_Bootloader_EP[USB_Bootloader_EP5].epToggle ^= USB_Bootloader_EPX_CNT_DATA_TOGGLE;
 373:.\Generated_Source\PSoC5/USB_Bootloader_episr.c ****         }
 374:.\Generated_Source\PSoC5/USB_Bootloader_episr.c ****         USB_Bootloader_EP[USB_Bootloader_EP5].apiEpState = USB_Bootloader_EVENT_PENDING;
 375:.\Generated_Source\PSoC5/USB_Bootloader_episr.c ****         CY_SET_REG8(USB_Bootloader_SIE_EP_INT_SR_PTR, CY_GET_REG8(USB_Bootloader_SIE_EP_INT_SR_PTR)
 376:.\Generated_Source\PSoC5/USB_Bootloader_episr.c ****                                                                         & (uint8)~USB_Bootloader_SI
 377:.\Generated_Source\PSoC5/USB_Bootloader_episr.c **** 
 378:.\Generated_Source\PSoC5/USB_Bootloader_episr.c ****         #if (defined(USB_Bootloader_ENABLE_MIDI_STREAMING) && !defined(USB_Bootloader_MAIN_SERVICE_
 379:.\Generated_Source\PSoC5/USB_Bootloader_episr.c ****                      USB_Bootloader_ISR_SERVICE_MIDI_OUT)
 380:.\Generated_Source\PSoC5/USB_Bootloader_episr.c ****             if(USB_Bootloader_midi_out_ep == USB_Bootloader_EP5)
 381:.\Generated_Source\PSoC5/USB_Bootloader_episr.c ****             {
 382:.\Generated_Source\PSoC5/USB_Bootloader_episr.c ****                 USB_Bootloader_MIDI_OUT_EP_Service();
 383:.\Generated_Source\PSoC5/USB_Bootloader_episr.c ****             }
 384:.\Generated_Source\PSoC5/USB_Bootloader_episr.c ****         #endif /*  USB_Bootloader_ISR_SERVICE_MIDI_OUT */
 385:.\Generated_Source\PSoC5/USB_Bootloader_episr.c **** 
 386:.\Generated_Source\PSoC5/USB_Bootloader_episr.c ****         /* `#START EP5_END_USER_CODE` Place your code here */
 387:.\Generated_Source\PSoC5/USB_Bootloader_episr.c **** 
 388:.\Generated_Source\PSoC5/USB_Bootloader_episr.c ****         /* `#END` */
 389:.\Generated_Source\PSoC5/USB_Bootloader_episr.c **** 
 390:.\Generated_Source\PSoC5/USB_Bootloader_episr.c ****         #ifdef USB_Bootloader_EP_5_ISR_EXIT_CALLBACK
 391:.\Generated_Source\PSoC5/USB_Bootloader_episr.c ****             USB_Bootloader_EP_5_ISR_ExitCallback();
 392:.\Generated_Source\PSoC5/USB_Bootloader_episr.c ****         #endif /* USB_Bootloader_EP_5_ISR_EXIT_CALLBACK */
 393:.\Generated_Source\PSoC5/USB_Bootloader_episr.c **** 
ARM GAS  C:\Users\Robert\AppData\Local\Temp\ccTE3mAU.s 			page 10


 394:.\Generated_Source\PSoC5/USB_Bootloader_episr.c ****         #if (defined(USB_Bootloader_ENABLE_MIDI_STREAMING) && !defined(USB_Bootloader_MAIN_SERVICE_
 395:.\Generated_Source\PSoC5/USB_Bootloader_episr.c ****                      USB_Bootloader_ISR_SERVICE_MIDI_OUT && CY_PSOC3)
 396:.\Generated_Source\PSoC5/USB_Bootloader_episr.c ****             EA = int_en;
 397:.\Generated_Source\PSoC5/USB_Bootloader_episr.c ****         #endif /* CY_PSOC3 & USB_Bootloader_ISR_SERVICE_MIDI_OUT  */
 398:.\Generated_Source\PSoC5/USB_Bootloader_episr.c ****     }
 399:.\Generated_Source\PSoC5/USB_Bootloader_episr.c **** #endif   /*  USB_Bootloader_EP5_ISR_REMOVE */
 400:.\Generated_Source\PSoC5/USB_Bootloader_episr.c **** 
 401:.\Generated_Source\PSoC5/USB_Bootloader_episr.c **** 
 402:.\Generated_Source\PSoC5/USB_Bootloader_episr.c **** #if(USB_Bootloader_EP6_ISR_REMOVE == 0u)
 403:.\Generated_Source\PSoC5/USB_Bootloader_episr.c **** 
 404:.\Generated_Source\PSoC5/USB_Bootloader_episr.c ****     /*******************************************************************************
 405:.\Generated_Source\PSoC5/USB_Bootloader_episr.c ****     * Function Name: USB_Bootloader_EP_6_ISR
 406:.\Generated_Source\PSoC5/USB_Bootloader_episr.c ****     ********************************************************************************
 407:.\Generated_Source\PSoC5/USB_Bootloader_episr.c ****     *
 408:.\Generated_Source\PSoC5/USB_Bootloader_episr.c ****     * Summary:
 409:.\Generated_Source\PSoC5/USB_Bootloader_episr.c ****     *  Endpoint 6 Interrupt Service Routine
 410:.\Generated_Source\PSoC5/USB_Bootloader_episr.c ****     *
 411:.\Generated_Source\PSoC5/USB_Bootloader_episr.c ****     * Parameters:
 412:.\Generated_Source\PSoC5/USB_Bootloader_episr.c ****     *  None.
 413:.\Generated_Source\PSoC5/USB_Bootloader_episr.c ****     *
 414:.\Generated_Source\PSoC5/USB_Bootloader_episr.c ****     * Return:
 415:.\Generated_Source\PSoC5/USB_Bootloader_episr.c ****     *  None.
 416:.\Generated_Source\PSoC5/USB_Bootloader_episr.c ****     *
 417:.\Generated_Source\PSoC5/USB_Bootloader_episr.c ****     *******************************************************************************/
 418:.\Generated_Source\PSoC5/USB_Bootloader_episr.c ****     CY_ISR(USB_Bootloader_EP_6_ISR)
 419:.\Generated_Source\PSoC5/USB_Bootloader_episr.c ****     {
 420:.\Generated_Source\PSoC5/USB_Bootloader_episr.c ****         #if (defined(USB_Bootloader_ENABLE_MIDI_STREAMING) && !defined(USB_Bootloader_MAIN_SERVICE_
 421:.\Generated_Source\PSoC5/USB_Bootloader_episr.c ****                      USB_Bootloader_ISR_SERVICE_MIDI_OUT && CY_PSOC3)
 422:.\Generated_Source\PSoC5/USB_Bootloader_episr.c ****             uint8 int_en;
 423:.\Generated_Source\PSoC5/USB_Bootloader_episr.c ****         #endif /* CY_PSOC3 & USB_Bootloader_ISR_SERVICE_MIDI_OUT  */
 424:.\Generated_Source\PSoC5/USB_Bootloader_episr.c **** 
 425:.\Generated_Source\PSoC5/USB_Bootloader_episr.c ****         #ifdef USB_Bootloader_EP_6_ISR_ENTRY_CALLBACK
 426:.\Generated_Source\PSoC5/USB_Bootloader_episr.c ****             USB_Bootloader_EP_6_ISR_EntryCallback();
 427:.\Generated_Source\PSoC5/USB_Bootloader_episr.c ****         #endif /* USB_Bootloader_EP_6_ISR_ENTRY_CALLBACK */
 428:.\Generated_Source\PSoC5/USB_Bootloader_episr.c **** 
 429:.\Generated_Source\PSoC5/USB_Bootloader_episr.c ****         /* `#START EP6_USER_CODE` Place your code here */
 430:.\Generated_Source\PSoC5/USB_Bootloader_episr.c **** 
 431:.\Generated_Source\PSoC5/USB_Bootloader_episr.c ****         /* `#END` */
 432:.\Generated_Source\PSoC5/USB_Bootloader_episr.c **** 
 433:.\Generated_Source\PSoC5/USB_Bootloader_episr.c ****         #if (defined(USB_Bootloader_ENABLE_MIDI_STREAMING) && !defined(USB_Bootloader_MAIN_SERVICE_
 434:.\Generated_Source\PSoC5/USB_Bootloader_episr.c ****                      USB_Bootloader_ISR_SERVICE_MIDI_OUT && CY_PSOC3)
 435:.\Generated_Source\PSoC5/USB_Bootloader_episr.c ****             int_en = EA;
 436:.\Generated_Source\PSoC5/USB_Bootloader_episr.c ****             CyGlobalIntEnable;  /* Make sure nested interrupt is enabled */
 437:.\Generated_Source\PSoC5/USB_Bootloader_episr.c ****         #endif /* CY_PSOC3 & USB_Bootloader_ISR_SERVICE_MIDI_OUT  */
 438:.\Generated_Source\PSoC5/USB_Bootloader_episr.c **** 
 439:.\Generated_Source\PSoC5/USB_Bootloader_episr.c ****         CY_GET_REG8(USB_Bootloader_SIE_EP6_CR0_PTR); /* Must read the mode reg */
 440:.\Generated_Source\PSoC5/USB_Bootloader_episr.c ****         /* Do not toggle ISOC endpoint */
 441:.\Generated_Source\PSoC5/USB_Bootloader_episr.c ****         if((USB_Bootloader_EP[USB_Bootloader_EP6].attrib & USB_Bootloader_EP_TYPE_MASK) !=
 442:.\Generated_Source\PSoC5/USB_Bootloader_episr.c ****                                                                                     USB_Bootloader_
 443:.\Generated_Source\PSoC5/USB_Bootloader_episr.c ****         {
 444:.\Generated_Source\PSoC5/USB_Bootloader_episr.c ****             USB_Bootloader_EP[USB_Bootloader_EP6].epToggle ^= USB_Bootloader_EPX_CNT_DATA_TOGGLE;
 445:.\Generated_Source\PSoC5/USB_Bootloader_episr.c ****         }
 446:.\Generated_Source\PSoC5/USB_Bootloader_episr.c ****         USB_Bootloader_EP[USB_Bootloader_EP6].apiEpState = USB_Bootloader_EVENT_PENDING;
 447:.\Generated_Source\PSoC5/USB_Bootloader_episr.c ****         CY_SET_REG8(USB_Bootloader_SIE_EP_INT_SR_PTR, CY_GET_REG8(USB_Bootloader_SIE_EP_INT_SR_PTR)
 448:.\Generated_Source\PSoC5/USB_Bootloader_episr.c ****                                                                         & (uint8)~USB_Bootloader_SI
 449:.\Generated_Source\PSoC5/USB_Bootloader_episr.c **** 
 450:.\Generated_Source\PSoC5/USB_Bootloader_episr.c ****         #if (defined(USB_Bootloader_ENABLE_MIDI_STREAMING) && !defined(USB_Bootloader_MAIN_SERVICE_
ARM GAS  C:\Users\Robert\AppData\Local\Temp\ccTE3mAU.s 			page 11


 451:.\Generated_Source\PSoC5/USB_Bootloader_episr.c ****                      USB_Bootloader_ISR_SERVICE_MIDI_OUT)
 452:.\Generated_Source\PSoC5/USB_Bootloader_episr.c ****             if(USB_Bootloader_midi_out_ep == USB_Bootloader_EP6)
 453:.\Generated_Source\PSoC5/USB_Bootloader_episr.c ****             {
 454:.\Generated_Source\PSoC5/USB_Bootloader_episr.c ****                 USB_Bootloader_MIDI_OUT_EP_Service();
 455:.\Generated_Source\PSoC5/USB_Bootloader_episr.c ****             }
 456:.\Generated_Source\PSoC5/USB_Bootloader_episr.c ****         #endif /*  USB_Bootloader_ISR_SERVICE_MIDI_OUT  */
 457:.\Generated_Source\PSoC5/USB_Bootloader_episr.c **** 
 458:.\Generated_Source\PSoC5/USB_Bootloader_episr.c ****         /* `#START EP6_END_USER_CODE` Place your code here */
 459:.\Generated_Source\PSoC5/USB_Bootloader_episr.c **** 
 460:.\Generated_Source\PSoC5/USB_Bootloader_episr.c ****         /* `#END` */
 461:.\Generated_Source\PSoC5/USB_Bootloader_episr.c **** 
 462:.\Generated_Source\PSoC5/USB_Bootloader_episr.c ****         #ifdef USB_Bootloader_EP_6_ISR_EXIT_CALLBACK
 463:.\Generated_Source\PSoC5/USB_Bootloader_episr.c ****             USB_Bootloader_EP_6_ISR_ExitCallback();
 464:.\Generated_Source\PSoC5/USB_Bootloader_episr.c ****         #endif /* USB_Bootloader_EP_6_ISR_EXIT_CALLBACK */
 465:.\Generated_Source\PSoC5/USB_Bootloader_episr.c **** 
 466:.\Generated_Source\PSoC5/USB_Bootloader_episr.c ****         #if (defined(USB_Bootloader_ENABLE_MIDI_STREAMING) && !defined(USB_Bootloader_MAIN_SERVICE_
 467:.\Generated_Source\PSoC5/USB_Bootloader_episr.c ****                      USB_Bootloader_ISR_SERVICE_MIDI_OUT && CY_PSOC3)
 468:.\Generated_Source\PSoC5/USB_Bootloader_episr.c ****             EA = int_en;
 469:.\Generated_Source\PSoC5/USB_Bootloader_episr.c ****         #endif /* CY_PSOC3 & USB_Bootloader_ISR_SERVICE_MIDI_OUT  */
 470:.\Generated_Source\PSoC5/USB_Bootloader_episr.c ****     }
 471:.\Generated_Source\PSoC5/USB_Bootloader_episr.c **** 
 472:.\Generated_Source\PSoC5/USB_Bootloader_episr.c **** #endif   /*  USB_Bootloader_EP6_ISR_REMOVE */
 473:.\Generated_Source\PSoC5/USB_Bootloader_episr.c **** 
 474:.\Generated_Source\PSoC5/USB_Bootloader_episr.c **** 
 475:.\Generated_Source\PSoC5/USB_Bootloader_episr.c **** #if(USB_Bootloader_EP7_ISR_REMOVE == 0u)
 476:.\Generated_Source\PSoC5/USB_Bootloader_episr.c **** 
 477:.\Generated_Source\PSoC5/USB_Bootloader_episr.c ****     /*******************************************************************************
 478:.\Generated_Source\PSoC5/USB_Bootloader_episr.c ****     * Function Name: USB_Bootloader_EP_7_ISR
 479:.\Generated_Source\PSoC5/USB_Bootloader_episr.c ****     ********************************************************************************
 480:.\Generated_Source\PSoC5/USB_Bootloader_episr.c ****     *
 481:.\Generated_Source\PSoC5/USB_Bootloader_episr.c ****     * Summary:
 482:.\Generated_Source\PSoC5/USB_Bootloader_episr.c ****     *  Endpoint 7 Interrupt Service Routine
 483:.\Generated_Source\PSoC5/USB_Bootloader_episr.c ****     *
 484:.\Generated_Source\PSoC5/USB_Bootloader_episr.c ****     * Parameters:
 485:.\Generated_Source\PSoC5/USB_Bootloader_episr.c ****     *  None.
 486:.\Generated_Source\PSoC5/USB_Bootloader_episr.c ****     *
 487:.\Generated_Source\PSoC5/USB_Bootloader_episr.c ****     * Return:
 488:.\Generated_Source\PSoC5/USB_Bootloader_episr.c ****     *  None.
 489:.\Generated_Source\PSoC5/USB_Bootloader_episr.c ****     *
 490:.\Generated_Source\PSoC5/USB_Bootloader_episr.c ****     *******************************************************************************/
 491:.\Generated_Source\PSoC5/USB_Bootloader_episr.c ****     CY_ISR(USB_Bootloader_EP_7_ISR)
 492:.\Generated_Source\PSoC5/USB_Bootloader_episr.c ****     {
 493:.\Generated_Source\PSoC5/USB_Bootloader_episr.c ****         #if (defined(USB_Bootloader_ENABLE_MIDI_STREAMING) && !defined(USB_Bootloader_MAIN_SERVICE_
 494:.\Generated_Source\PSoC5/USB_Bootloader_episr.c ****                      USB_Bootloader_ISR_SERVICE_MIDI_OUT && CY_PSOC3)
 495:.\Generated_Source\PSoC5/USB_Bootloader_episr.c ****             uint8 int_en;
 496:.\Generated_Source\PSoC5/USB_Bootloader_episr.c ****         #endif /* CY_PSOC3 & USB_Bootloader_ISR_SERVICE_MIDI_OUT  */
 497:.\Generated_Source\PSoC5/USB_Bootloader_episr.c **** 
 498:.\Generated_Source\PSoC5/USB_Bootloader_episr.c ****         #ifdef USB_Bootloader_EP_7_ISR_ENTRY_CALLBACK
 499:.\Generated_Source\PSoC5/USB_Bootloader_episr.c ****             USB_Bootloader_EP_7_ISR_EntryCallback();
 500:.\Generated_Source\PSoC5/USB_Bootloader_episr.c ****         #endif /* USB_Bootloader_EP_7_ISR_ENTRY_CALLBACK */
 501:.\Generated_Source\PSoC5/USB_Bootloader_episr.c **** 
 502:.\Generated_Source\PSoC5/USB_Bootloader_episr.c ****         /* `#START EP7_USER_CODE` Place your code here */
 503:.\Generated_Source\PSoC5/USB_Bootloader_episr.c **** 
 504:.\Generated_Source\PSoC5/USB_Bootloader_episr.c ****         /* `#END` */
 505:.\Generated_Source\PSoC5/USB_Bootloader_episr.c **** 
 506:.\Generated_Source\PSoC5/USB_Bootloader_episr.c ****         #if (defined(USB_Bootloader_ENABLE_MIDI_STREAMING) && !defined(USB_Bootloader_MAIN_SERVICE_
 507:.\Generated_Source\PSoC5/USB_Bootloader_episr.c ****                      USB_Bootloader_ISR_SERVICE_MIDI_OUT && CY_PSOC3)
ARM GAS  C:\Users\Robert\AppData\Local\Temp\ccTE3mAU.s 			page 12


 508:.\Generated_Source\PSoC5/USB_Bootloader_episr.c ****             int_en = EA;
 509:.\Generated_Source\PSoC5/USB_Bootloader_episr.c ****             CyGlobalIntEnable;  /* Make sure nested interrupt is enabled */
 510:.\Generated_Source\PSoC5/USB_Bootloader_episr.c ****         #endif /* CY_PSOC3 & USB_Bootloader_ISR_SERVICE_MIDI_OUT  */
 511:.\Generated_Source\PSoC5/USB_Bootloader_episr.c **** 
 512:.\Generated_Source\PSoC5/USB_Bootloader_episr.c ****         CY_GET_REG8(USB_Bootloader_SIE_EP7_CR0_PTR); /* Must read the mode reg */
 513:.\Generated_Source\PSoC5/USB_Bootloader_episr.c ****         /* Do not toggle ISOC endpoint */
 514:.\Generated_Source\PSoC5/USB_Bootloader_episr.c ****         if((USB_Bootloader_EP[USB_Bootloader_EP7].attrib & USB_Bootloader_EP_TYPE_MASK) !=
 515:.\Generated_Source\PSoC5/USB_Bootloader_episr.c ****                                                                                     USB_Bootloader_
 516:.\Generated_Source\PSoC5/USB_Bootloader_episr.c ****         {
 517:.\Generated_Source\PSoC5/USB_Bootloader_episr.c ****             USB_Bootloader_EP[USB_Bootloader_EP7].epToggle ^= USB_Bootloader_EPX_CNT_DATA_TOGGLE;
 518:.\Generated_Source\PSoC5/USB_Bootloader_episr.c ****         }
 519:.\Generated_Source\PSoC5/USB_Bootloader_episr.c ****         USB_Bootloader_EP[USB_Bootloader_EP7].apiEpState = USB_Bootloader_EVENT_PENDING;
 520:.\Generated_Source\PSoC5/USB_Bootloader_episr.c ****         CY_SET_REG8(USB_Bootloader_SIE_EP_INT_SR_PTR, CY_GET_REG8(USB_Bootloader_SIE_EP_INT_SR_PTR)
 521:.\Generated_Source\PSoC5/USB_Bootloader_episr.c ****                                                                         & (uint8)~USB_Bootloader_SI
 522:.\Generated_Source\PSoC5/USB_Bootloader_episr.c **** 
 523:.\Generated_Source\PSoC5/USB_Bootloader_episr.c ****         #if (defined(USB_Bootloader_ENABLE_MIDI_STREAMING) && !defined(USB_Bootloader_MAIN_SERVICE_
 524:.\Generated_Source\PSoC5/USB_Bootloader_episr.c ****                      USB_Bootloader_ISR_SERVICE_MIDI_OUT)
 525:.\Generated_Source\PSoC5/USB_Bootloader_episr.c ****             if(USB_Bootloader_midi_out_ep == USB_Bootloader_EP7)
 526:.\Generated_Source\PSoC5/USB_Bootloader_episr.c ****             {
 527:.\Generated_Source\PSoC5/USB_Bootloader_episr.c ****                 USB_Bootloader_MIDI_OUT_EP_Service();
 528:.\Generated_Source\PSoC5/USB_Bootloader_episr.c ****             }
 529:.\Generated_Source\PSoC5/USB_Bootloader_episr.c ****         #endif /*  USB_Bootloader_ISR_SERVICE_MIDI_OUT  */
 530:.\Generated_Source\PSoC5/USB_Bootloader_episr.c **** 
 531:.\Generated_Source\PSoC5/USB_Bootloader_episr.c ****         /* `#START EP7_END_USER_CODE` Place your code here */
 532:.\Generated_Source\PSoC5/USB_Bootloader_episr.c **** 
 533:.\Generated_Source\PSoC5/USB_Bootloader_episr.c ****         /* `#END` */
 534:.\Generated_Source\PSoC5/USB_Bootloader_episr.c **** 
 535:.\Generated_Source\PSoC5/USB_Bootloader_episr.c ****         #ifdef USB_Bootloader_EP_7_ISR_EXIT_CALLBACK
 536:.\Generated_Source\PSoC5/USB_Bootloader_episr.c ****             USB_Bootloader_EP_7_ISR_ExitCallback();
 537:.\Generated_Source\PSoC5/USB_Bootloader_episr.c ****         #endif /* USB_Bootloader_EP_7_ISR_EXIT_CALLBACK */
 538:.\Generated_Source\PSoC5/USB_Bootloader_episr.c **** 
 539:.\Generated_Source\PSoC5/USB_Bootloader_episr.c ****         #if (defined(USB_Bootloader_ENABLE_MIDI_STREAMING) && !defined(USB_Bootloader_MAIN_SERVICE_
 540:.\Generated_Source\PSoC5/USB_Bootloader_episr.c ****                      USB_Bootloader_ISR_SERVICE_MIDI_OUT && CY_PSOC3)
 541:.\Generated_Source\PSoC5/USB_Bootloader_episr.c ****             EA = int_en;
 542:.\Generated_Source\PSoC5/USB_Bootloader_episr.c ****         #endif /* CY_PSOC3 & USB_Bootloader_ISR_SERVICE_MIDI_OUT  */
 543:.\Generated_Source\PSoC5/USB_Bootloader_episr.c ****     }
 544:.\Generated_Source\PSoC5/USB_Bootloader_episr.c **** 
 545:.\Generated_Source\PSoC5/USB_Bootloader_episr.c **** #endif   /*  USB_Bootloader_EP7_ISR_REMOVE */
 546:.\Generated_Source\PSoC5/USB_Bootloader_episr.c **** 
 547:.\Generated_Source\PSoC5/USB_Bootloader_episr.c **** 
 548:.\Generated_Source\PSoC5/USB_Bootloader_episr.c **** #if(USB_Bootloader_EP8_ISR_REMOVE == 0u)
 549:.\Generated_Source\PSoC5/USB_Bootloader_episr.c **** 
 550:.\Generated_Source\PSoC5/USB_Bootloader_episr.c ****     /*******************************************************************************
 551:.\Generated_Source\PSoC5/USB_Bootloader_episr.c ****     * Function Name: USB_Bootloader_EP_8_ISR
 552:.\Generated_Source\PSoC5/USB_Bootloader_episr.c ****     ********************************************************************************
 553:.\Generated_Source\PSoC5/USB_Bootloader_episr.c ****     *
 554:.\Generated_Source\PSoC5/USB_Bootloader_episr.c ****     * Summary:
 555:.\Generated_Source\PSoC5/USB_Bootloader_episr.c ****     *  Endpoint 8 Interrupt Service Routine
 556:.\Generated_Source\PSoC5/USB_Bootloader_episr.c ****     *
 557:.\Generated_Source\PSoC5/USB_Bootloader_episr.c ****     * Parameters:
 558:.\Generated_Source\PSoC5/USB_Bootloader_episr.c ****     *  None.
 559:.\Generated_Source\PSoC5/USB_Bootloader_episr.c ****     *
 560:.\Generated_Source\PSoC5/USB_Bootloader_episr.c ****     * Return:
 561:.\Generated_Source\PSoC5/USB_Bootloader_episr.c ****     *  None.
 562:.\Generated_Source\PSoC5/USB_Bootloader_episr.c ****     *
 563:.\Generated_Source\PSoC5/USB_Bootloader_episr.c ****     *******************************************************************************/
 564:.\Generated_Source\PSoC5/USB_Bootloader_episr.c ****     CY_ISR(USB_Bootloader_EP_8_ISR)
ARM GAS  C:\Users\Robert\AppData\Local\Temp\ccTE3mAU.s 			page 13


 565:.\Generated_Source\PSoC5/USB_Bootloader_episr.c ****     {
 566:.\Generated_Source\PSoC5/USB_Bootloader_episr.c ****         #if (defined(USB_Bootloader_ENABLE_MIDI_STREAMING) && !defined(USB_Bootloader_MAIN_SERVICE_
 567:.\Generated_Source\PSoC5/USB_Bootloader_episr.c ****                      USB_Bootloader_ISR_SERVICE_MIDI_OUT && CY_PSOC3)
 568:.\Generated_Source\PSoC5/USB_Bootloader_episr.c ****             uint8 int_en;
 569:.\Generated_Source\PSoC5/USB_Bootloader_episr.c ****         #endif /* CY_PSOC3 & USB_Bootloader_ISR_SERVICE_MIDI_OUT  */
 570:.\Generated_Source\PSoC5/USB_Bootloader_episr.c **** 
 571:.\Generated_Source\PSoC5/USB_Bootloader_episr.c ****         #ifdef USB_Bootloader_EP_8_ISR_ENTRY_CALLBACK
 572:.\Generated_Source\PSoC5/USB_Bootloader_episr.c ****             USB_Bootloader_EP_8_ISR_EntryCallback();
 573:.\Generated_Source\PSoC5/USB_Bootloader_episr.c ****         #endif /* USB_Bootloader_EP_8_ISR_ENTRY_CALLBACK */
 574:.\Generated_Source\PSoC5/USB_Bootloader_episr.c **** 
 575:.\Generated_Source\PSoC5/USB_Bootloader_episr.c ****         /* `#START EP8_USER_CODE` Place your code here */
 576:.\Generated_Source\PSoC5/USB_Bootloader_episr.c **** 
 577:.\Generated_Source\PSoC5/USB_Bootloader_episr.c ****         /* `#END` */
 578:.\Generated_Source\PSoC5/USB_Bootloader_episr.c **** 
 579:.\Generated_Source\PSoC5/USB_Bootloader_episr.c ****         #if (defined(USB_Bootloader_ENABLE_MIDI_STREAMING) && !defined(USB_Bootloader_MAIN_SERVICE_
 580:.\Generated_Source\PSoC5/USB_Bootloader_episr.c ****                      USB_Bootloader_ISR_SERVICE_MIDI_OUT && CY_PSOC3)
 581:.\Generated_Source\PSoC5/USB_Bootloader_episr.c ****             int_en = EA;
 582:.\Generated_Source\PSoC5/USB_Bootloader_episr.c ****             CyGlobalIntEnable;  /* Make sure nested interrupt is enabled */
 583:.\Generated_Source\PSoC5/USB_Bootloader_episr.c ****         #endif /* CY_PSOC3 & USB_Bootloader_ISR_SERVICE_MIDI_OUT  */
 584:.\Generated_Source\PSoC5/USB_Bootloader_episr.c **** 
 585:.\Generated_Source\PSoC5/USB_Bootloader_episr.c ****         CY_GET_REG8(USB_Bootloader_SIE_EP8_CR0_PTR); /* Must read the mode reg */
 586:.\Generated_Source\PSoC5/USB_Bootloader_episr.c ****         /* Do not toggle ISOC endpoint */
 587:.\Generated_Source\PSoC5/USB_Bootloader_episr.c ****         if((USB_Bootloader_EP[USB_Bootloader_EP8].attrib & USB_Bootloader_EP_TYPE_MASK) !=
 588:.\Generated_Source\PSoC5/USB_Bootloader_episr.c ****                                                                                     USB_Bootloader_
 589:.\Generated_Source\PSoC5/USB_Bootloader_episr.c ****         {
 590:.\Generated_Source\PSoC5/USB_Bootloader_episr.c ****             USB_Bootloader_EP[USB_Bootloader_EP8].epToggle ^= USB_Bootloader_EPX_CNT_DATA_TOGGLE;
 591:.\Generated_Source\PSoC5/USB_Bootloader_episr.c ****         }
 592:.\Generated_Source\PSoC5/USB_Bootloader_episr.c ****         USB_Bootloader_EP[USB_Bootloader_EP8].apiEpState = USB_Bootloader_EVENT_PENDING;
 593:.\Generated_Source\PSoC5/USB_Bootloader_episr.c ****         CY_SET_REG8(USB_Bootloader_SIE_EP_INT_SR_PTR, CY_GET_REG8(USB_Bootloader_SIE_EP_INT_SR_PTR)
 594:.\Generated_Source\PSoC5/USB_Bootloader_episr.c ****                                                                         & (uint8)~USB_Bootloader_SI
 595:.\Generated_Source\PSoC5/USB_Bootloader_episr.c **** 
 596:.\Generated_Source\PSoC5/USB_Bootloader_episr.c ****         #if (defined(USB_Bootloader_ENABLE_MIDI_STREAMING) && !defined(USB_Bootloader_MAIN_SERVICE_
 597:.\Generated_Source\PSoC5/USB_Bootloader_episr.c ****                      USB_Bootloader_ISR_SERVICE_MIDI_OUT)
 598:.\Generated_Source\PSoC5/USB_Bootloader_episr.c ****             if(USB_Bootloader_midi_out_ep == USB_Bootloader_EP8)
 599:.\Generated_Source\PSoC5/USB_Bootloader_episr.c ****             {
 600:.\Generated_Source\PSoC5/USB_Bootloader_episr.c ****                 USB_Bootloader_MIDI_OUT_EP_Service();
 601:.\Generated_Source\PSoC5/USB_Bootloader_episr.c ****             }
 602:.\Generated_Source\PSoC5/USB_Bootloader_episr.c ****         #endif /*  USB_Bootloader_ISR_SERVICE_MIDI_OUT */
 603:.\Generated_Source\PSoC5/USB_Bootloader_episr.c **** 
 604:.\Generated_Source\PSoC5/USB_Bootloader_episr.c ****         /* `#START EP8_END_USER_CODE` Place your code here */
 605:.\Generated_Source\PSoC5/USB_Bootloader_episr.c **** 
 606:.\Generated_Source\PSoC5/USB_Bootloader_episr.c ****         /* `#END` */
 607:.\Generated_Source\PSoC5/USB_Bootloader_episr.c **** 
 608:.\Generated_Source\PSoC5/USB_Bootloader_episr.c ****         #ifdef USB_Bootloader_EP_8_ISR_EXIT_CALLBACK
 609:.\Generated_Source\PSoC5/USB_Bootloader_episr.c ****             USB_Bootloader_EP_8_ISR_ExitCallback();
 610:.\Generated_Source\PSoC5/USB_Bootloader_episr.c ****         #endif /* USB_Bootloader_EP_8_ISR_EXIT_CALLBACK */
 611:.\Generated_Source\PSoC5/USB_Bootloader_episr.c **** 
 612:.\Generated_Source\PSoC5/USB_Bootloader_episr.c ****         #if (defined(USB_Bootloader_ENABLE_MIDI_STREAMING) && !defined(USB_Bootloader_MAIN_SERVICE_
 613:.\Generated_Source\PSoC5/USB_Bootloader_episr.c ****                      USB_Bootloader_ISR_SERVICE_MIDI_OUT && CY_PSOC3)
 614:.\Generated_Source\PSoC5/USB_Bootloader_episr.c ****             EA = int_en;
 615:.\Generated_Source\PSoC5/USB_Bootloader_episr.c ****         #endif /* CY_PSOC3 & USB_Bootloader_ISR_SERVICE_MIDI_OUT  */
 616:.\Generated_Source\PSoC5/USB_Bootloader_episr.c ****     }
 617:.\Generated_Source\PSoC5/USB_Bootloader_episr.c **** 
 618:.\Generated_Source\PSoC5/USB_Bootloader_episr.c **** #endif   /*  USB_Bootloader_EP8_ISR_REMOVE */
 619:.\Generated_Source\PSoC5/USB_Bootloader_episr.c **** 
 620:.\Generated_Source\PSoC5/USB_Bootloader_episr.c **** 
 621:.\Generated_Source\PSoC5/USB_Bootloader_episr.c **** /*******************************************************************************
ARM GAS  C:\Users\Robert\AppData\Local\Temp\ccTE3mAU.s 			page 14


 622:.\Generated_Source\PSoC5/USB_Bootloader_episr.c **** * Function Name: USB_Bootloader_SOF_ISR
 623:.\Generated_Source\PSoC5/USB_Bootloader_episr.c **** ********************************************************************************
 624:.\Generated_Source\PSoC5/USB_Bootloader_episr.c **** *
 625:.\Generated_Source\PSoC5/USB_Bootloader_episr.c **** * Summary:
 626:.\Generated_Source\PSoC5/USB_Bootloader_episr.c **** *  Start of Frame Interrupt Service Routine
 627:.\Generated_Source\PSoC5/USB_Bootloader_episr.c **** *
 628:.\Generated_Source\PSoC5/USB_Bootloader_episr.c **** * Parameters:
 629:.\Generated_Source\PSoC5/USB_Bootloader_episr.c **** *  None.
 630:.\Generated_Source\PSoC5/USB_Bootloader_episr.c **** *
 631:.\Generated_Source\PSoC5/USB_Bootloader_episr.c **** * Return:
 632:.\Generated_Source\PSoC5/USB_Bootloader_episr.c **** *  None.
 633:.\Generated_Source\PSoC5/USB_Bootloader_episr.c **** *
 634:.\Generated_Source\PSoC5/USB_Bootloader_episr.c **** *******************************************************************************/
 635:.\Generated_Source\PSoC5/USB_Bootloader_episr.c **** CY_ISR(USB_Bootloader_SOF_ISR)
 636:.\Generated_Source\PSoC5/USB_Bootloader_episr.c **** {
 121              		.loc 1 636 0
 122              		.cfi_startproc
 123              		@ args = 0, pretend = 0, frame = 0
 124              		@ frame_needed = 0, uses_anonymous_args = 0
 125              		@ link register save eliminated.
 126 0000 7047     		bx	lr
 127              		.cfi_endproc
 128              	.LFE2:
 129              		.size	USB_Bootloader_SOF_ISR, .-USB_Bootloader_SOF_ISR
 130 0002 00BF     		.section	.text.USB_Bootloader_BUS_RESET_ISR,"ax",%progbits
 131              		.align	2
 132              		.global	USB_Bootloader_BUS_RESET_ISR
 133              		.thumb
 134              		.thumb_func
 135              		.type	USB_Bootloader_BUS_RESET_ISR, %function
 136              	USB_Bootloader_BUS_RESET_ISR:
 137              	.LFB3:
 637:.\Generated_Source\PSoC5/USB_Bootloader_episr.c ****     #ifdef USB_Bootloader_SOF_ISR_INTERRUPT_CALLBACK
 638:.\Generated_Source\PSoC5/USB_Bootloader_episr.c ****         USB_Bootloader_SOF_ISR_InterruptCallback();
 639:.\Generated_Source\PSoC5/USB_Bootloader_episr.c ****     #endif /* USB_Bootloader_SOF_ISR_INTERRUPT_CALLBACK */
 640:.\Generated_Source\PSoC5/USB_Bootloader_episr.c **** 
 641:.\Generated_Source\PSoC5/USB_Bootloader_episr.c ****     /* `#START SOF_USER_CODE` Place your code here */
 642:.\Generated_Source\PSoC5/USB_Bootloader_episr.c **** 
 643:.\Generated_Source\PSoC5/USB_Bootloader_episr.c ****     /* `#END` */
 644:.\Generated_Source\PSoC5/USB_Bootloader_episr.c **** }
 645:.\Generated_Source\PSoC5/USB_Bootloader_episr.c **** 
 646:.\Generated_Source\PSoC5/USB_Bootloader_episr.c **** 
 647:.\Generated_Source\PSoC5/USB_Bootloader_episr.c **** /*******************************************************************************
 648:.\Generated_Source\PSoC5/USB_Bootloader_episr.c **** * Function Name: USB_Bootloader_BUS_RESET_ISR
 649:.\Generated_Source\PSoC5/USB_Bootloader_episr.c **** ********************************************************************************
 650:.\Generated_Source\PSoC5/USB_Bootloader_episr.c **** *
 651:.\Generated_Source\PSoC5/USB_Bootloader_episr.c **** * Summary:
 652:.\Generated_Source\PSoC5/USB_Bootloader_episr.c **** *  USB Bus Reset Interrupt Service Routine.  Calls _Start with the same
 653:.\Generated_Source\PSoC5/USB_Bootloader_episr.c **** *  parameters as the last USER call to _Start
 654:.\Generated_Source\PSoC5/USB_Bootloader_episr.c **** *
 655:.\Generated_Source\PSoC5/USB_Bootloader_episr.c **** * Parameters:
 656:.\Generated_Source\PSoC5/USB_Bootloader_episr.c **** *  None.
 657:.\Generated_Source\PSoC5/USB_Bootloader_episr.c **** *
 658:.\Generated_Source\PSoC5/USB_Bootloader_episr.c **** * Return:
 659:.\Generated_Source\PSoC5/USB_Bootloader_episr.c **** *  None.
 660:.\Generated_Source\PSoC5/USB_Bootloader_episr.c **** *
 661:.\Generated_Source\PSoC5/USB_Bootloader_episr.c **** *******************************************************************************/
ARM GAS  C:\Users\Robert\AppData\Local\Temp\ccTE3mAU.s 			page 15


 662:.\Generated_Source\PSoC5/USB_Bootloader_episr.c **** CY_ISR(USB_Bootloader_BUS_RESET_ISR)
 663:.\Generated_Source\PSoC5/USB_Bootloader_episr.c **** {
 138              		.loc 1 663 0
 139              		.cfi_startproc
 140              		@ args = 0, pretend = 0, frame = 0
 141              		@ frame_needed = 0, uses_anonymous_args = 0
 142              		.loc 1 663 0
 143 0000 08B5     		push	{r3, lr}
 144              		.cfi_def_cfa_offset 8
 145              		.cfi_offset 3, -8
 146              		.cfi_offset 14, -4
 664:.\Generated_Source\PSoC5/USB_Bootloader_episr.c ****     #ifdef USB_Bootloader_BUS_RESET_ISR_ENTRY_CALLBACK
 665:.\Generated_Source\PSoC5/USB_Bootloader_episr.c ****         USB_Bootloader_BUS_RESET_ISR_EntryCallback();
 666:.\Generated_Source\PSoC5/USB_Bootloader_episr.c ****     #endif /* USB_Bootloader_BUS_RESET_ISR_ENTRY_CALLBACK */
 667:.\Generated_Source\PSoC5/USB_Bootloader_episr.c **** 
 668:.\Generated_Source\PSoC5/USB_Bootloader_episr.c ****     /* `#START BUS_RESET_USER_CODE` Place your code here */
 669:.\Generated_Source\PSoC5/USB_Bootloader_episr.c **** 
 670:.\Generated_Source\PSoC5/USB_Bootloader_episr.c ****     /* `#END` */
 671:.\Generated_Source\PSoC5/USB_Bootloader_episr.c **** 
 672:.\Generated_Source\PSoC5/USB_Bootloader_episr.c ****     USB_Bootloader_ReInitComponent();
 147              		.loc 1 672 0
 148 0002 FFF7FEFF 		bl	USB_Bootloader_ReInitComponent
 149              	.LVL0:
 150 0006 08BD     		pop	{r3, pc}
 151              		.cfi_endproc
 152              	.LFE3:
 153              		.size	USB_Bootloader_BUS_RESET_ISR, .-USB_Bootloader_BUS_RESET_ISR
 154              		.text
 155              	.Letext0:
 156              		.file 2 ".\\Generated_Source\\PSoC5\\cytypes.h"
 157              		.file 3 ".\\Generated_Source\\PSoC5\\USB_Bootloader.h"
 158              		.file 4 ".\\Generated_Source\\PSoC5\\USB_Bootloader_pvt.h"
 159              		.section	.debug_info,"",%progbits
 160              	.Ldebug_info0:
 161 0000 A6010000 		.4byte	0x1a6
 162 0004 0400     		.2byte	0x4
 163 0006 00000000 		.4byte	.Ldebug_abbrev0
 164 000a 04       		.byte	0x4
 165 000b 01       		.uleb128 0x1
 166 000c E8000000 		.4byte	.LASF29
 167 0010 01       		.byte	0x1
 168 0011 9D020000 		.4byte	.LASF30
 169 0015 00000000 		.4byte	.LASF31
 170 0019 00000000 		.4byte	.Ldebug_ranges0+0
 171 001d 00000000 		.4byte	0
 172 0021 00000000 		.4byte	.Ldebug_line0
 173 0025 02       		.uleb128 0x2
 174 0026 01       		.byte	0x1
 175 0027 06       		.byte	0x6
 176 0028 91020000 		.4byte	.LASF0
 177 002c 02       		.uleb128 0x2
 178 002d 01       		.byte	0x1
 179 002e 08       		.byte	0x8
 180 002f 93000000 		.4byte	.LASF1
 181 0033 02       		.uleb128 0x2
 182 0034 02       		.byte	0x2
 183 0035 05       		.byte	0x5
ARM GAS  C:\Users\Robert\AppData\Local\Temp\ccTE3mAU.s 			page 16


 184 0036 6E020000 		.4byte	.LASF2
 185 003a 02       		.uleb128 0x2
 186 003b 02       		.byte	0x2
 187 003c 07       		.byte	0x7
 188 003d 5A000000 		.4byte	.LASF3
 189 0041 02       		.uleb128 0x2
 190 0042 04       		.byte	0x4
 191 0043 05       		.byte	0x5
 192 0044 88020000 		.4byte	.LASF4
 193 0048 02       		.uleb128 0x2
 194 0049 04       		.byte	0x4
 195 004a 07       		.byte	0x7
 196 004b A6000000 		.4byte	.LASF5
 197 004f 02       		.uleb128 0x2
 198 0050 08       		.byte	0x8
 199 0051 05       		.byte	0x5
 200 0052 19020000 		.4byte	.LASF6
 201 0056 02       		.uleb128 0x2
 202 0057 08       		.byte	0x8
 203 0058 07       		.byte	0x7
 204 0059 A0010000 		.4byte	.LASF7
 205 005d 03       		.uleb128 0x3
 206 005e 04       		.byte	0x4
 207 005f 05       		.byte	0x5
 208 0060 696E7400 		.ascii	"int\000"
 209 0064 02       		.uleb128 0x2
 210 0065 04       		.byte	0x4
 211 0066 07       		.byte	0x7
 212 0067 76010000 		.4byte	.LASF8
 213 006b 04       		.uleb128 0x4
 214 006c 78020000 		.4byte	.LASF9
 215 0070 02       		.byte	0x2
 216 0071 C2       		.byte	0xc2
 217 0072 2C000000 		.4byte	0x2c
 218 0076 04       		.uleb128 0x4
 219 0077 D6000000 		.4byte	.LASF10
 220 007b 02       		.byte	0x2
 221 007c C3       		.byte	0xc3
 222 007d 3A000000 		.4byte	0x3a
 223 0081 02       		.uleb128 0x2
 224 0082 04       		.byte	0x4
 225 0083 04       		.byte	0x4
 226 0084 84000000 		.4byte	.LASF11
 227 0088 02       		.uleb128 0x2
 228 0089 08       		.byte	0x8
 229 008a 04       		.byte	0x4
 230 008b BD000000 		.4byte	.LASF12
 231 008f 02       		.uleb128 0x2
 232 0090 01       		.byte	0x1
 233 0091 08       		.byte	0x8
 234 0092 27020000 		.4byte	.LASF13
 235 0096 05       		.uleb128 0x5
 236 0097 A1000000 		.4byte	.LASF14
 237 009b 02       		.byte	0x2
 238 009c 6C01     		.2byte	0x16c
 239 009e A2000000 		.4byte	0xa2
 240 00a2 06       		.uleb128 0x6
ARM GAS  C:\Users\Robert\AppData\Local\Temp\ccTE3mAU.s 			page 17


 241 00a3 6B000000 		.4byte	0x6b
 242 00a7 02       		.uleb128 0x2
 243 00a8 04       		.byte	0x4
 244 00a9 07       		.byte	0x7
 245 00aa 09020000 		.4byte	.LASF15
 246 00ae 07       		.uleb128 0x7
 247 00af 0C       		.byte	0xc
 248 00b0 03       		.byte	0x3
 249 00b1 80       		.byte	0x80
 250 00b2 23010000 		.4byte	0x123
 251 00b6 08       		.uleb128 0x8
 252 00b7 C4000000 		.4byte	.LASF16
 253 00bb 03       		.byte	0x3
 254 00bc 82       		.byte	0x82
 255 00bd 6B000000 		.4byte	0x6b
 256 00c1 00       		.byte	0
 257 00c2 08       		.uleb128 0x8
 258 00c3 DD000000 		.4byte	.LASF17
 259 00c7 03       		.byte	0x3
 260 00c8 83       		.byte	0x83
 261 00c9 6B000000 		.4byte	0x6b
 262 00cd 01       		.byte	0x1
 263 00ce 08       		.uleb128 0x8
 264 00cf CF010000 		.4byte	.LASF18
 265 00d3 03       		.byte	0x3
 266 00d4 84       		.byte	0x84
 267 00d5 6B000000 		.4byte	0x6b
 268 00d9 02       		.byte	0x2
 269 00da 08       		.uleb128 0x8
 270 00db 8A000000 		.4byte	.LASF19
 271 00df 03       		.byte	0x3
 272 00e0 85       		.byte	0x85
 273 00e1 6B000000 		.4byte	0x6b
 274 00e5 03       		.byte	0x3
 275 00e6 08       		.uleb128 0x8
 276 00e7 B8000000 		.4byte	.LASF20
 277 00eb 03       		.byte	0x3
 278 00ec 86       		.byte	0x86
 279 00ed 6B000000 		.4byte	0x6b
 280 00f1 04       		.byte	0x4
 281 00f2 08       		.uleb128 0x8
 282 00f3 12020000 		.4byte	.LASF21
 283 00f7 03       		.byte	0x3
 284 00f8 87       		.byte	0x87
 285 00f9 6B000000 		.4byte	0x6b
 286 00fd 05       		.byte	0x5
 287 00fe 08       		.uleb128 0x8
 288 00ff CB000000 		.4byte	.LASF22
 289 0103 03       		.byte	0x3
 290 0104 88       		.byte	0x88
 291 0105 76000000 		.4byte	0x76
 292 0109 06       		.byte	0x6
 293 010a 08       		.uleb128 0x8
 294 010b 63020000 		.4byte	.LASF23
 295 010f 03       		.byte	0x3
 296 0110 89       		.byte	0x89
 297 0111 76000000 		.4byte	0x76
ARM GAS  C:\Users\Robert\AppData\Local\Temp\ccTE3mAU.s 			page 18


 298 0115 08       		.byte	0x8
 299 0116 08       		.uleb128 0x8
 300 0117 7E020000 		.4byte	.LASF24
 301 011b 03       		.byte	0x3
 302 011c 8A       		.byte	0x8a
 303 011d 6B000000 		.4byte	0x6b
 304 0121 0A       		.byte	0xa
 305 0122 00       		.byte	0
 306 0123 04       		.uleb128 0x4
 307 0124 D9010000 		.4byte	.LASF25
 308 0128 03       		.byte	0x3
 309 0129 8B       		.byte	0x8b
 310 012a AE000000 		.4byte	0xae
 311 012e 09       		.uleb128 0x9
 312 012f B7010000 		.4byte	.LASF26
 313 0133 01       		.byte	0x1
 314 0134 36       		.byte	0x36
 315 0135 00000000 		.4byte	.LFB0
 316 0139 38000000 		.4byte	.LFE0-.LFB0
 317 013d 01       		.uleb128 0x1
 318 013e 9C       		.byte	0x9c
 319 013f 09       		.uleb128 0x9
 320 0140 4B020000 		.4byte	.LASF27
 321 0144 01       		.byte	0x1
 322 0145 7F       		.byte	0x7f
 323 0146 00000000 		.4byte	.LFB1
 324 014a 38000000 		.4byte	.LFE1-.LFB1
 325 014e 01       		.uleb128 0x1
 326 014f 9C       		.byte	0x9c
 327 0150 0A       		.uleb128 0xa
 328 0151 6D000000 		.4byte	.LASF28
 329 0155 01       		.byte	0x1
 330 0156 7B02     		.2byte	0x27b
 331 0158 00000000 		.4byte	.LFB2
 332 015c 02000000 		.4byte	.LFE2-.LFB2
 333 0160 01       		.uleb128 0x1
 334 0161 9C       		.byte	0x9c
 335 0162 0B       		.uleb128 0xb
 336 0163 83010000 		.4byte	.LASF32
 337 0167 01       		.byte	0x1
 338 0168 9602     		.2byte	0x296
 339 016a 00000000 		.4byte	.LFB3
 340 016e 08000000 		.4byte	.LFE3-.LFB3
 341 0172 01       		.uleb128 0x1
 342 0173 9C       		.byte	0x9c
 343 0174 82010000 		.4byte	0x182
 344 0178 0C       		.uleb128 0xc
 345 0179 06000000 		.4byte	.LVL0
 346 017d A2010000 		.4byte	0x1a2
 347 0181 00       		.byte	0
 348 0182 0D       		.uleb128 0xd
 349 0183 23010000 		.4byte	0x123
 350 0187 92010000 		.4byte	0x192
 351 018b 0E       		.uleb128 0xe
 352 018c A7000000 		.4byte	0xa7
 353 0190 08       		.byte	0x8
 354 0191 00       		.byte	0
ARM GAS  C:\Users\Robert\AppData\Local\Temp\ccTE3mAU.s 			page 19


 355 0192 0F       		.uleb128 0xf
 356 0193 F7010000 		.4byte	.LASF33
 357 0197 04       		.byte	0x4
 358 0198 3F       		.byte	0x3f
 359 0199 9D010000 		.4byte	0x19d
 360 019d 06       		.uleb128 0x6
 361 019e 82010000 		.4byte	0x182
 362 01a2 10       		.uleb128 0x10
 363 01a3 2C020000 		.4byte	.LASF34
 364 01a7 04       		.byte	0x4
 365 01a8 58       		.byte	0x58
 366 01a9 00       		.byte	0
 367              		.section	.debug_abbrev,"",%progbits
 368              	.Ldebug_abbrev0:
 369 0000 01       		.uleb128 0x1
 370 0001 11       		.uleb128 0x11
 371 0002 01       		.byte	0x1
 372 0003 25       		.uleb128 0x25
 373 0004 0E       		.uleb128 0xe
 374 0005 13       		.uleb128 0x13
 375 0006 0B       		.uleb128 0xb
 376 0007 03       		.uleb128 0x3
 377 0008 0E       		.uleb128 0xe
 378 0009 1B       		.uleb128 0x1b
 379 000a 0E       		.uleb128 0xe
 380 000b 55       		.uleb128 0x55
 381 000c 17       		.uleb128 0x17
 382 000d 11       		.uleb128 0x11
 383 000e 01       		.uleb128 0x1
 384 000f 10       		.uleb128 0x10
 385 0010 17       		.uleb128 0x17
 386 0011 00       		.byte	0
 387 0012 00       		.byte	0
 388 0013 02       		.uleb128 0x2
 389 0014 24       		.uleb128 0x24
 390 0015 00       		.byte	0
 391 0016 0B       		.uleb128 0xb
 392 0017 0B       		.uleb128 0xb
 393 0018 3E       		.uleb128 0x3e
 394 0019 0B       		.uleb128 0xb
 395 001a 03       		.uleb128 0x3
 396 001b 0E       		.uleb128 0xe
 397 001c 00       		.byte	0
 398 001d 00       		.byte	0
 399 001e 03       		.uleb128 0x3
 400 001f 24       		.uleb128 0x24
 401 0020 00       		.byte	0
 402 0021 0B       		.uleb128 0xb
 403 0022 0B       		.uleb128 0xb
 404 0023 3E       		.uleb128 0x3e
 405 0024 0B       		.uleb128 0xb
 406 0025 03       		.uleb128 0x3
 407 0026 08       		.uleb128 0x8
 408 0027 00       		.byte	0
 409 0028 00       		.byte	0
 410 0029 04       		.uleb128 0x4
 411 002a 16       		.uleb128 0x16
ARM GAS  C:\Users\Robert\AppData\Local\Temp\ccTE3mAU.s 			page 20


 412 002b 00       		.byte	0
 413 002c 03       		.uleb128 0x3
 414 002d 0E       		.uleb128 0xe
 415 002e 3A       		.uleb128 0x3a
 416 002f 0B       		.uleb128 0xb
 417 0030 3B       		.uleb128 0x3b
 418 0031 0B       		.uleb128 0xb
 419 0032 49       		.uleb128 0x49
 420 0033 13       		.uleb128 0x13
 421 0034 00       		.byte	0
 422 0035 00       		.byte	0
 423 0036 05       		.uleb128 0x5
 424 0037 16       		.uleb128 0x16
 425 0038 00       		.byte	0
 426 0039 03       		.uleb128 0x3
 427 003a 0E       		.uleb128 0xe
 428 003b 3A       		.uleb128 0x3a
 429 003c 0B       		.uleb128 0xb
 430 003d 3B       		.uleb128 0x3b
 431 003e 05       		.uleb128 0x5
 432 003f 49       		.uleb128 0x49
 433 0040 13       		.uleb128 0x13
 434 0041 00       		.byte	0
 435 0042 00       		.byte	0
 436 0043 06       		.uleb128 0x6
 437 0044 35       		.uleb128 0x35
 438 0045 00       		.byte	0
 439 0046 49       		.uleb128 0x49
 440 0047 13       		.uleb128 0x13
 441 0048 00       		.byte	0
 442 0049 00       		.byte	0
 443 004a 07       		.uleb128 0x7
 444 004b 13       		.uleb128 0x13
 445 004c 01       		.byte	0x1
 446 004d 0B       		.uleb128 0xb
 447 004e 0B       		.uleb128 0xb
 448 004f 3A       		.uleb128 0x3a
 449 0050 0B       		.uleb128 0xb
 450 0051 3B       		.uleb128 0x3b
 451 0052 0B       		.uleb128 0xb
 452 0053 01       		.uleb128 0x1
 453 0054 13       		.uleb128 0x13
 454 0055 00       		.byte	0
 455 0056 00       		.byte	0
 456 0057 08       		.uleb128 0x8
 457 0058 0D       		.uleb128 0xd
 458 0059 00       		.byte	0
 459 005a 03       		.uleb128 0x3
 460 005b 0E       		.uleb128 0xe
 461 005c 3A       		.uleb128 0x3a
 462 005d 0B       		.uleb128 0xb
 463 005e 3B       		.uleb128 0x3b
 464 005f 0B       		.uleb128 0xb
 465 0060 49       		.uleb128 0x49
 466 0061 13       		.uleb128 0x13
 467 0062 38       		.uleb128 0x38
 468 0063 0B       		.uleb128 0xb
ARM GAS  C:\Users\Robert\AppData\Local\Temp\ccTE3mAU.s 			page 21


 469 0064 00       		.byte	0
 470 0065 00       		.byte	0
 471 0066 09       		.uleb128 0x9
 472 0067 2E       		.uleb128 0x2e
 473 0068 00       		.byte	0
 474 0069 3F       		.uleb128 0x3f
 475 006a 19       		.uleb128 0x19
 476 006b 03       		.uleb128 0x3
 477 006c 0E       		.uleb128 0xe
 478 006d 3A       		.uleb128 0x3a
 479 006e 0B       		.uleb128 0xb
 480 006f 3B       		.uleb128 0x3b
 481 0070 0B       		.uleb128 0xb
 482 0071 27       		.uleb128 0x27
 483 0072 19       		.uleb128 0x19
 484 0073 11       		.uleb128 0x11
 485 0074 01       		.uleb128 0x1
 486 0075 12       		.uleb128 0x12
 487 0076 06       		.uleb128 0x6
 488 0077 40       		.uleb128 0x40
 489 0078 18       		.uleb128 0x18
 490 0079 9742     		.uleb128 0x2117
 491 007b 19       		.uleb128 0x19
 492 007c 00       		.byte	0
 493 007d 00       		.byte	0
 494 007e 0A       		.uleb128 0xa
 495 007f 2E       		.uleb128 0x2e
 496 0080 00       		.byte	0
 497 0081 3F       		.uleb128 0x3f
 498 0082 19       		.uleb128 0x19
 499 0083 03       		.uleb128 0x3
 500 0084 0E       		.uleb128 0xe
 501 0085 3A       		.uleb128 0x3a
 502 0086 0B       		.uleb128 0xb
 503 0087 3B       		.uleb128 0x3b
 504 0088 05       		.uleb128 0x5
 505 0089 27       		.uleb128 0x27
 506 008a 19       		.uleb128 0x19
 507 008b 11       		.uleb128 0x11
 508 008c 01       		.uleb128 0x1
 509 008d 12       		.uleb128 0x12
 510 008e 06       		.uleb128 0x6
 511 008f 40       		.uleb128 0x40
 512 0090 18       		.uleb128 0x18
 513 0091 9742     		.uleb128 0x2117
 514 0093 19       		.uleb128 0x19
 515 0094 00       		.byte	0
 516 0095 00       		.byte	0
 517 0096 0B       		.uleb128 0xb
 518 0097 2E       		.uleb128 0x2e
 519 0098 01       		.byte	0x1
 520 0099 3F       		.uleb128 0x3f
 521 009a 19       		.uleb128 0x19
 522 009b 03       		.uleb128 0x3
 523 009c 0E       		.uleb128 0xe
 524 009d 3A       		.uleb128 0x3a
 525 009e 0B       		.uleb128 0xb
ARM GAS  C:\Users\Robert\AppData\Local\Temp\ccTE3mAU.s 			page 22


 526 009f 3B       		.uleb128 0x3b
 527 00a0 05       		.uleb128 0x5
 528 00a1 27       		.uleb128 0x27
 529 00a2 19       		.uleb128 0x19
 530 00a3 11       		.uleb128 0x11
 531 00a4 01       		.uleb128 0x1
 532 00a5 12       		.uleb128 0x12
 533 00a6 06       		.uleb128 0x6
 534 00a7 40       		.uleb128 0x40
 535 00a8 18       		.uleb128 0x18
 536 00a9 9742     		.uleb128 0x2117
 537 00ab 19       		.uleb128 0x19
 538 00ac 01       		.uleb128 0x1
 539 00ad 13       		.uleb128 0x13
 540 00ae 00       		.byte	0
 541 00af 00       		.byte	0
 542 00b0 0C       		.uleb128 0xc
 543 00b1 898201   		.uleb128 0x4109
 544 00b4 00       		.byte	0
 545 00b5 11       		.uleb128 0x11
 546 00b6 01       		.uleb128 0x1
 547 00b7 31       		.uleb128 0x31
 548 00b8 13       		.uleb128 0x13
 549 00b9 00       		.byte	0
 550 00ba 00       		.byte	0
 551 00bb 0D       		.uleb128 0xd
 552 00bc 01       		.uleb128 0x1
 553 00bd 01       		.byte	0x1
 554 00be 49       		.uleb128 0x49
 555 00bf 13       		.uleb128 0x13
 556 00c0 01       		.uleb128 0x1
 557 00c1 13       		.uleb128 0x13
 558 00c2 00       		.byte	0
 559 00c3 00       		.byte	0
 560 00c4 0E       		.uleb128 0xe
 561 00c5 21       		.uleb128 0x21
 562 00c6 00       		.byte	0
 563 00c7 49       		.uleb128 0x49
 564 00c8 13       		.uleb128 0x13
 565 00c9 2F       		.uleb128 0x2f
 566 00ca 0B       		.uleb128 0xb
 567 00cb 00       		.byte	0
 568 00cc 00       		.byte	0
 569 00cd 0F       		.uleb128 0xf
 570 00ce 34       		.uleb128 0x34
 571 00cf 00       		.byte	0
 572 00d0 03       		.uleb128 0x3
 573 00d1 0E       		.uleb128 0xe
 574 00d2 3A       		.uleb128 0x3a
 575 00d3 0B       		.uleb128 0xb
 576 00d4 3B       		.uleb128 0x3b
 577 00d5 0B       		.uleb128 0xb
 578 00d6 49       		.uleb128 0x49
 579 00d7 13       		.uleb128 0x13
 580 00d8 3F       		.uleb128 0x3f
 581 00d9 19       		.uleb128 0x19
 582 00da 3C       		.uleb128 0x3c
ARM GAS  C:\Users\Robert\AppData\Local\Temp\ccTE3mAU.s 			page 23


 583 00db 19       		.uleb128 0x19
 584 00dc 00       		.byte	0
 585 00dd 00       		.byte	0
 586 00de 10       		.uleb128 0x10
 587 00df 2E       		.uleb128 0x2e
 588 00e0 00       		.byte	0
 589 00e1 3F       		.uleb128 0x3f
 590 00e2 19       		.uleb128 0x19
 591 00e3 03       		.uleb128 0x3
 592 00e4 0E       		.uleb128 0xe
 593 00e5 3A       		.uleb128 0x3a
 594 00e6 0B       		.uleb128 0xb
 595 00e7 3B       		.uleb128 0x3b
 596 00e8 0B       		.uleb128 0xb
 597 00e9 27       		.uleb128 0x27
 598 00ea 19       		.uleb128 0x19
 599 00eb 3C       		.uleb128 0x3c
 600 00ec 19       		.uleb128 0x19
 601 00ed 00       		.byte	0
 602 00ee 00       		.byte	0
 603 00ef 00       		.byte	0
 604              		.section	.debug_aranges,"",%progbits
 605 0000 34000000 		.4byte	0x34
 606 0004 0200     		.2byte	0x2
 607 0006 00000000 		.4byte	.Ldebug_info0
 608 000a 04       		.byte	0x4
 609 000b 00       		.byte	0
 610 000c 0000     		.2byte	0
 611 000e 0000     		.2byte	0
 612 0010 00000000 		.4byte	.LFB0
 613 0014 38000000 		.4byte	.LFE0-.LFB0
 614 0018 00000000 		.4byte	.LFB1
 615 001c 38000000 		.4byte	.LFE1-.LFB1
 616 0020 00000000 		.4byte	.LFB2
 617 0024 02000000 		.4byte	.LFE2-.LFB2
 618 0028 00000000 		.4byte	.LFB3
 619 002c 08000000 		.4byte	.LFE3-.LFB3
 620 0030 00000000 		.4byte	0
 621 0034 00000000 		.4byte	0
 622              		.section	.debug_ranges,"",%progbits
 623              	.Ldebug_ranges0:
 624 0000 00000000 		.4byte	.LFB0
 625 0004 38000000 		.4byte	.LFE0
 626 0008 00000000 		.4byte	.LFB1
 627 000c 38000000 		.4byte	.LFE1
 628 0010 00000000 		.4byte	.LFB2
 629 0014 02000000 		.4byte	.LFE2
 630 0018 00000000 		.4byte	.LFB3
 631 001c 08000000 		.4byte	.LFE3
 632 0020 00000000 		.4byte	0
 633 0024 00000000 		.4byte	0
 634              		.section	.debug_line,"",%progbits
 635              	.Ldebug_line0:
 636 0000 D6000000 		.section	.debug_str,"MS",%progbits,1
 636      02007F00 
 636      00000201 
 636      FB0E0D00 
ARM GAS  C:\Users\Robert\AppData\Local\Temp\ccTE3mAU.s 			page 24


 636      01010101 
 637              	.LASF31:
 638 0000 433A5C55 		.ascii	"C:\\Users\\Robert\\Documents\\PSoC Creator\\product"
 638      73657273 
 638      5C526F62 
 638      6572745C 
 638      446F6375 
 639 002e 696F6E5F 		.ascii	"ion_108\\PSoC Creator\\pisoc_bootloader.cydsn\000"
 639      3130385C 
 639      50536F43 
 639      20437265 
 639      61746F72 
 640              	.LASF3:
 641 005a 73686F72 		.ascii	"short unsigned int\000"
 641      7420756E 
 641      7369676E 
 641      65642069 
 641      6E7400
 642              	.LASF28:
 643 006d 5553425F 		.ascii	"USB_Bootloader_SOF_ISR\000"
 643      426F6F74 
 643      6C6F6164 
 643      65725F53 
 643      4F465F49 
 644              	.LASF11:
 645 0084 666C6F61 		.ascii	"float\000"
 645      7400
 646              	.LASF19:
 647 008a 6570546F 		.ascii	"epToggle\000"
 647      67676C65 
 647      00
 648              	.LASF1:
 649 0093 756E7369 		.ascii	"unsigned char\000"
 649      676E6564 
 649      20636861 
 649      7200
 650              	.LASF14:
 651 00a1 72656738 		.ascii	"reg8\000"
 651      00
 652              	.LASF5:
 653 00a6 6C6F6E67 		.ascii	"long unsigned int\000"
 653      20756E73 
 653      69676E65 
 653      6420696E 
 653      7400
 654              	.LASF20:
 655 00b8 61646472 		.ascii	"addr\000"
 655      00
 656              	.LASF12:
 657 00bd 646F7562 		.ascii	"double\000"
 657      6C6500
 658              	.LASF16:
 659 00c4 61747472 		.ascii	"attrib\000"
 659      696200
 660              	.LASF22:
 661 00cb 62756666 		.ascii	"buffOffset\000"
 661      4F666673 
ARM GAS  C:\Users\Robert\AppData\Local\Temp\ccTE3mAU.s 			page 25


 661      657400
 662              	.LASF10:
 663 00d6 75696E74 		.ascii	"uint16\000"
 663      313600
 664              	.LASF17:
 665 00dd 61706945 		.ascii	"apiEpState\000"
 665      70537461 
 665      746500
 666              	.LASF29:
 667 00e8 474E5520 		.ascii	"GNU C 4.9.3 20150303 (release) [ARM/embedded-4_9-br"
 667      4320342E 
 667      392E3320 
 667      32303135 
 667      30333033 
 668 011b 616E6368 		.ascii	"anch revision 221220] -mcpu=cortex-m3 -mthumb -g -O"
 668      20726576 
 668      6973696F 
 668      6E203232 
 668      31323230 
 669 014e 67202D66 		.ascii	"g -ffunction-sections -ffat-lto-objects\000"
 669      66756E63 
 669      74696F6E 
 669      2D736563 
 669      74696F6E 
 670              	.LASF8:
 671 0176 756E7369 		.ascii	"unsigned int\000"
 671      676E6564 
 671      20696E74 
 671      00
 672              	.LASF32:
 673 0183 5553425F 		.ascii	"USB_Bootloader_BUS_RESET_ISR\000"
 673      426F6F74 
 673      6C6F6164 
 673      65725F42 
 673      55535F52 
 674              	.LASF7:
 675 01a0 6C6F6E67 		.ascii	"long long unsigned int\000"
 675      206C6F6E 
 675      6720756E 
 675      7369676E 
 675      65642069 
 676              	.LASF26:
 677 01b7 5553425F 		.ascii	"USB_Bootloader_EP_1_ISR\000"
 677      426F6F74 
 677      6C6F6164 
 677      65725F45 
 677      505F315F 
 678              	.LASF18:
 679 01cf 68774570 		.ascii	"hwEpState\000"
 679      53746174 
 679      6500
 680              	.LASF25:
 681 01d9 545F5553 		.ascii	"T_USB_Bootloader_EP_CTL_BLOCK\000"
 681      425F426F 
 681      6F746C6F 
 681      61646572 
 681      5F45505F 
ARM GAS  C:\Users\Robert\AppData\Local\Temp\ccTE3mAU.s 			page 26


 682              	.LASF33:
 683 01f7 5553425F 		.ascii	"USB_Bootloader_EP\000"
 683      426F6F74 
 683      6C6F6164 
 683      65725F45 
 683      5000
 684              	.LASF15:
 685 0209 73697A65 		.ascii	"sizetype\000"
 685      74797065 
 685      00
 686              	.LASF21:
 687 0212 65704D6F 		.ascii	"epMode\000"
 687      646500
 688              	.LASF6:
 689 0219 6C6F6E67 		.ascii	"long long int\000"
 689      206C6F6E 
 689      6720696E 
 689      7400
 690              	.LASF13:
 691 0227 63686172 		.ascii	"char\000"
 691      00
 692              	.LASF34:
 693 022c 5553425F 		.ascii	"USB_Bootloader_ReInitComponent\000"
 693      426F6F74 
 693      6C6F6164 
 693      65725F52 
 693      65496E69 
 694              	.LASF27:
 695 024b 5553425F 		.ascii	"USB_Bootloader_EP_2_ISR\000"
 695      426F6F74 
 695      6C6F6164 
 695      65725F45 
 695      505F325F 
 696              	.LASF23:
 697 0263 62756666 		.ascii	"bufferSize\000"
 697      65725369 
 697      7A6500
 698              	.LASF2:
 699 026e 73686F72 		.ascii	"short int\000"
 699      7420696E 
 699      7400
 700              	.LASF9:
 701 0278 75696E74 		.ascii	"uint8\000"
 701      3800
 702              	.LASF24:
 703 027e 696E7465 		.ascii	"interface\000"
 703      72666163 
 703      6500
 704              	.LASF4:
 705 0288 6C6F6E67 		.ascii	"long int\000"
 705      20696E74 
 705      00
 706              	.LASF0:
 707 0291 7369676E 		.ascii	"signed char\000"
 707      65642063 
 707      68617200 
 708              	.LASF30:
ARM GAS  C:\Users\Robert\AppData\Local\Temp\ccTE3mAU.s 			page 27


 709 029d 2E5C4765 		.ascii	".\\Generated_Source\\PSoC5\\USB_Bootloader_episr.c\000"
 709      6E657261 
 709      7465645F 
 709      536F7572 
 709      63655C50 
 710              		.ident	"GCC: (GNU Tools for ARM Embedded Processors) 4.9.3 20150303 (release) [ARM/embedded-4_9-br
