--------------- Build Started: 07/17/2014 13:43:08 Project: Bootloader_RPiSoC, Configuration: ARM GCC 4.7.3 Debug ---------------
cydsfit.exe "-.appdatapath" "C:\Users\Robert\AppData\Local\Cypress Semiconductor\PSoC Creator\3.0" "-.fdsnotice" "-.fdswarpdepfile=warp_dependencies.txt" "-.fdselabdepfile=elab_dependencies.txt" "-.fdsbldfile=generated_files.txt" "-p" "C:\Users\Robert\Dropbox\RPiSoC\Projects\Bootloader_RPiSoC\Bootloader_RPiSoC.cydsn\Bootloader_RPiSoC.cyprj" "-d" "CY8C5868AXI-LP035" "-s" "C:\Users\Robert\Dropbox\RPiSoC\Projects\Bootloader_RPiSoC\Bootloader_RPiSoC.cydsn\Generated_Source\PSoC5" "--" "-yv2" "-v3" "-ygs" "-q10" "-o2" "-.fftcfgtype=LE"
Elaborating Design...
ADD: pft.M0028: warning: Clock Warning: (Clock_1's accuracy range '50.000  Hz -55.000% +100.000%, (22.500  Hz - 100.000  Hz)' is not within the specified tolerance range '50.000  Hz ñ 5.000%, (47.500  Hz - 52.500  Hz)'.).
 * C:\Users\Robert\Dropbox\RPiSoC\Projects\Bootloader_RPiSoC\Bootloader_RPiSoC.cydsn\Bootloader_RPiSoC.cydwr (Clock_1)
 * C:\Users\Robert\Dropbox\RPiSoC\Projects\Bootloader_RPiSoC\Bootloader_RPiSoC.cydsn\TopDesign\TopDesign.cysch (Instance: Clock_1)
ADD: pft.M0055: warning: Flash Security Warning:  One or more rows of flash have been configured to be read protected; however, debugging has been enabled in the System DWR Editor. This means that the read protected flash rows can still be read via SWD or JTAG. To protect these rows of flash, disable debugging in the System DWR Editor.
 * C:\Users\Robert\Dropbox\RPiSoC\Projects\Bootloader_RPiSoC\Bootloader_RPiSoC.cydsn\Bootloader_RPiSoC.cydwr (Enable Device Protection)
HDL Generation ...
Synthesis ...
Place and Route ...
Tech mapping ...
ADD: pft.M0040: information: The following 2 pin(s) will be assigned a location by the fitter: \USBFS:Dm(0)\, \USBFS:Dp(0)\
Info: mpr.M0037: Unused pieces of the design have been optimized out. See the Tech mapping section of the report file for details. (App=cydsfit)
Analog Placement ...
Analog Routing ...
Analog Code Generation ...
Digital Placement ...
Digital Routing ...
Bitstream Generation ...
Static timing analysis ...
API Generation ...
Dependency Generation ...
Clean Temporary Files ...
arm-none-eabi-gcc.exe -I. -I./Generated_Source/PSoC5 -Wno-main -mcpu=cortex-m3 -mthumb -Wall -g -D DEBUG -Wa,-alh=.\CortexM3\ARM_GCC_473\Debug\cymetadata.lst -ffunction-sections -c .\Generated_Source\PSoC5\cymetadata.c -o .\CortexM3\ARM_GCC_473\Debug\cymetadata.o
arm-none-eabi-ar.exe -rs .\CortexM3\ARM_GCC_473\Debug\Bootloader_RPiSoC.a .\CortexM3\ARM_GCC_473\Debug\cyfitter_cfg.o .\CortexM3\ARM_GCC_473\Debug\USBFS.o .\CortexM3\ARM_GCC_473\Debug\USBFS_audio.o .\CortexM3\ARM_GCC_473\Debug\USBFS_boot.o .\CortexM3\ARM_GCC_473\Debug\USBFS_cdc.o .\CortexM3\ARM_GCC_473\Debug\USBFS_cls.o .\CortexM3\ARM_GCC_473\Debug\USBFS_descr.o .\CortexM3\ARM_GCC_473\Debug\USBFS_drv.o .\CortexM3\ARM_GCC_473\Debug\USBFS_episr.o .\CortexM3\ARM_GCC_473\Debug\USBFS_hid.o .\CortexM3\ARM_GCC_473\Debug\USBFS_pm.o .\CortexM3\ARM_GCC_473\Debug\USBFS_std.o .\CortexM3\ARM_GCC_473\Debug\USBFS_vnd.o .\CortexM3\ARM_GCC_473\Debug\USBFS_midi.o .\CortexM3\ARM_GCC_473\Debug\Bootloader_1.o .\CortexM3\ARM_GCC_473\Debug\PWM_1.o .\CortexM3\ARM_GCC_473\Debug\PWM_1_PM.o .\CortexM3\ARM_GCC_473\Debug\Clock_1.o .\CortexM3\ARM_GCC_473\Debug\LED.o .\CortexM3\ARM_GCC_473\Debug\USBFS_Dm.o .\CortexM3\ARM_GCC_473\Debug\USBFS_Dp.o .\CortexM3\ARM_GCC_473\Debug\CyBootAsmGnu.o .\CortexM3\ARM_GCC_473\Debug\CyDmac.o .\CortexM3\ARM_GCC_473\Debug\CyFlash.o .\CortexM3\ARM_GCC_473\Debug\CyLib.o .\CortexM3\ARM_GCC_473\Debug\cyPm.o .\CortexM3\ARM_GCC_473\Debug\CySpc.o .\CortexM3\ARM_GCC_473\Debug\cyutils.o .\CortexM3\ARM_GCC_473\Debug\BL_wait.o
arm-none-eabi-ar.exe: creating .\CortexM3\ARM_GCC_473\Debug\Bootloader_RPiSoC.a
arm-none-eabi-gcc.exe -mthumb -march=armv7-m -mfix-cortex-m3-ldrd -T .\Generated_Source\PSoC5\cm3gcc.ld -g -Wl,-Map,.\CortexM3\ARM_GCC_473\Debug\Bootloader_RPiSoC.map -specs=nano.specs -Wl,--gc-sections -Wl,--start-group -o .\CortexM3\ARM_GCC_473\Debug\Bootloader_RPiSoC.elf .\CortexM3\ARM_GCC_473\Debug\main.o .\CortexM3\ARM_GCC_473\Debug\cymetadata.o .\CortexM3\ARM_GCC_473\Debug\Cm3Start.o .\CortexM3\ARM_GCC_473\Debug\Bootloader_RPiSoC.a "C:\Program Files (x86)\Cypress\PSoC Creator\3.0\PSoC Creator\psoc\content\cycomponentlibrary\CyComponentLibrary.cylib\CortexM3\ARM_GCC_473\Debug\CyComponentLibrary.a" -Wl,--end-group
cyelftool.exe -P C:\Users\Robert\Dropbox\RPiSoC\Projects\Bootloader_RPiSoC\Bootloader_RPiSoC.cydsn\CortexM3\ARM_GCC_473\Debug\Bootloader_RPiSoC.elf --flash_row_size 256 --flash_size 262144 --size_var_name Bootloader_1_SizeBytes --checksum_var_name Bootloader_1_Checksum
cyelftool.exe -S C:\Users\Robert\Dropbox\RPiSoC\Projects\Bootloader_RPiSoC\Bootloader_RPiSoC.cydsn\CortexM3\ARM_GCC_473\Debug\Bootloader_RPiSoC.elf
Flash used: 19136 of 262144 bytes (7.3 %).
SRAM used: 21141 of 65536 bytes (32.3 %).
--------------- Build Succeeded: 07/17/2014 13:43:23 ---------------
