ARM GAS  C:\Users\Robert\AppData\Local\Temp\ccr7LMpc.s 			page 1


   1              		.syntax unified
   2              		.cpu cortex-m3
   3              		.fpu softvfp
   4              		.eabi_attribute 20, 1
   5              		.eabi_attribute 21, 1
   6              		.eabi_attribute 23, 3
   7              		.eabi_attribute 24, 1
   8              		.eabi_attribute 25, 1
   9              		.eabi_attribute 26, 1
  10              		.eabi_attribute 30, 6
  11              		.eabi_attribute 34, 1
  12              		.eabi_attribute 18, 4
  13              		.thumb
  14              		.file	"USBFS_episr.c"
  15              		.text
  16              	.Ltext0:
  17              		.cfi_sections	.debug_frame
  18              		.section	.text.USBFS_EP_1_ISR,"ax",%progbits
  19              		.align	2
  20              		.global	USBFS_EP_1_ISR
  21              		.thumb
  22              		.thumb_func
  23              		.type	USBFS_EP_1_ISR, %function
  24              	USBFS_EP_1_ISR:
  25              	.LFB0:
  26              		.file 1 ".\\Generated_Source\\PSoC5\\USBFS_episr.c"
   1:.\Generated_Source\PSoC5/USBFS_episr.c **** /*******************************************************************************
   2:.\Generated_Source\PSoC5/USBFS_episr.c **** * File Name: USBFS_episr.c
   3:.\Generated_Source\PSoC5/USBFS_episr.c **** * Version 2.60
   4:.\Generated_Source\PSoC5/USBFS_episr.c **** *
   5:.\Generated_Source\PSoC5/USBFS_episr.c **** * Description:
   6:.\Generated_Source\PSoC5/USBFS_episr.c **** *  Data endpoint Interrupt Service Routines
   7:.\Generated_Source\PSoC5/USBFS_episr.c **** *
   8:.\Generated_Source\PSoC5/USBFS_episr.c **** * Note:
   9:.\Generated_Source\PSoC5/USBFS_episr.c **** *
  10:.\Generated_Source\PSoC5/USBFS_episr.c **** ********************************************************************************
  11:.\Generated_Source\PSoC5/USBFS_episr.c **** * Copyright 2008-2013, Cypress Semiconductor Corporation.  All rights reserved.
  12:.\Generated_Source\PSoC5/USBFS_episr.c **** * You may use this file only in accordance with the license, terms, conditions,
  13:.\Generated_Source\PSoC5/USBFS_episr.c **** * disclaimers, and limitations in the end user license agreement accompanying
  14:.\Generated_Source\PSoC5/USBFS_episr.c **** * the software package with which this file was provided.
  15:.\Generated_Source\PSoC5/USBFS_episr.c **** *******************************************************************************/
  16:.\Generated_Source\PSoC5/USBFS_episr.c **** 
  17:.\Generated_Source\PSoC5/USBFS_episr.c **** #include "USBFS.h"
  18:.\Generated_Source\PSoC5/USBFS_episr.c **** #include "USBFS_pvt.h"
  19:.\Generated_Source\PSoC5/USBFS_episr.c **** #if defined(USBFS_ENABLE_MIDI_STREAMING) && (USBFS_ENABLE_MIDI_API != 0u)
  20:.\Generated_Source\PSoC5/USBFS_episr.c ****     #include "USBFS_midi.h"
  21:.\Generated_Source\PSoC5/USBFS_episr.c **** #endif /* End USBFS_ENABLE_MIDI_STREAMING*/
  22:.\Generated_Source\PSoC5/USBFS_episr.c **** 
  23:.\Generated_Source\PSoC5/USBFS_episr.c **** 
  24:.\Generated_Source\PSoC5/USBFS_episr.c **** /***************************************
  25:.\Generated_Source\PSoC5/USBFS_episr.c **** * Custom Declarations
  26:.\Generated_Source\PSoC5/USBFS_episr.c **** ***************************************/
  27:.\Generated_Source\PSoC5/USBFS_episr.c **** /* `#START CUSTOM_DECLARATIONS` Place your declaration here */
  28:.\Generated_Source\PSoC5/USBFS_episr.c **** 
  29:.\Generated_Source\PSoC5/USBFS_episr.c **** /* `#END` */
  30:.\Generated_Source\PSoC5/USBFS_episr.c **** 
  31:.\Generated_Source\PSoC5/USBFS_episr.c **** 
ARM GAS  C:\Users\Robert\AppData\Local\Temp\ccr7LMpc.s 			page 2


  32:.\Generated_Source\PSoC5/USBFS_episr.c **** #if(USBFS_EP1_ISR_REMOVE == 0u)
  33:.\Generated_Source\PSoC5/USBFS_episr.c **** 
  34:.\Generated_Source\PSoC5/USBFS_episr.c **** 
  35:.\Generated_Source\PSoC5/USBFS_episr.c ****     /******************************************************************************
  36:.\Generated_Source\PSoC5/USBFS_episr.c ****     * Function Name: USBFS_EP_1_ISR
  37:.\Generated_Source\PSoC5/USBFS_episr.c ****     *******************************************************************************
  38:.\Generated_Source\PSoC5/USBFS_episr.c ****     *
  39:.\Generated_Source\PSoC5/USBFS_episr.c ****     * Summary:
  40:.\Generated_Source\PSoC5/USBFS_episr.c ****     *  Endpoint 1 Interrupt Service Routine
  41:.\Generated_Source\PSoC5/USBFS_episr.c ****     *
  42:.\Generated_Source\PSoC5/USBFS_episr.c ****     * Parameters:
  43:.\Generated_Source\PSoC5/USBFS_episr.c ****     *  None.
  44:.\Generated_Source\PSoC5/USBFS_episr.c ****     *
  45:.\Generated_Source\PSoC5/USBFS_episr.c ****     * Return:
  46:.\Generated_Source\PSoC5/USBFS_episr.c ****     *  None.
  47:.\Generated_Source\PSoC5/USBFS_episr.c ****     *
  48:.\Generated_Source\PSoC5/USBFS_episr.c ****     ******************************************************************************/
  49:.\Generated_Source\PSoC5/USBFS_episr.c ****     CY_ISR(USBFS_EP_1_ISR)
  50:.\Generated_Source\PSoC5/USBFS_episr.c ****     {
  27              		.loc 1 50 0
  28              		.cfi_startproc
  29              		@ args = 0, pretend = 0, frame = 0
  30              		@ frame_needed = 1, uses_anonymous_args = 0
  31              		@ link register save eliminated.
  32 0000 80B4     		push	{r7}
  33              	.LCFI0:
  34              		.cfi_def_cfa_offset 4
  35              		.cfi_offset 7, -4
  36 0002 00AF     		add	r7, sp, #0
  37              	.LCFI1:
  38              		.cfi_def_cfa_register 7
  51:.\Generated_Source\PSoC5/USBFS_episr.c ****         #if (defined(USBFS_ENABLE_MIDI_STREAMING) && USBFS_ISR_SERVICE_MIDI_OUT && CY_PSOC3)
  52:.\Generated_Source\PSoC5/USBFS_episr.c ****             uint8 int_en;
  53:.\Generated_Source\PSoC5/USBFS_episr.c ****         #endif /* USBFS_ISR_SERVICE_MIDI_OUT && CY_PSOC3 */
  54:.\Generated_Source\PSoC5/USBFS_episr.c **** 
  55:.\Generated_Source\PSoC5/USBFS_episr.c ****         /* `#START EP1_USER_CODE` Place your code here */
  56:.\Generated_Source\PSoC5/USBFS_episr.c **** 
  57:.\Generated_Source\PSoC5/USBFS_episr.c ****         /* `#END` */
  58:.\Generated_Source\PSoC5/USBFS_episr.c **** 
  59:.\Generated_Source\PSoC5/USBFS_episr.c ****         #if (defined(USBFS_ENABLE_MIDI_STREAMING) && USBFS_ISR_SERVICE_MIDI_OUT && CY_PSOC3)
  60:.\Generated_Source\PSoC5/USBFS_episr.c ****             int_en = EA;
  61:.\Generated_Source\PSoC5/USBFS_episr.c ****             CyGlobalIntEnable;  /* Make sure nested interrupt is enabled */
  62:.\Generated_Source\PSoC5/USBFS_episr.c ****         #endif /* USBFS_ISR_SERVICE_MIDI_OUT && CY_PSOC3 */
  63:.\Generated_Source\PSoC5/USBFS_episr.c **** 
  64:.\Generated_Source\PSoC5/USBFS_episr.c ****         CY_GET_REG8(USBFS_SIE_EP1_CR0_PTR); /* Must read the mode reg */
  39              		.loc 1 64 0
  40 0004 46F20E03 		movw	r3, #24590
  41 0008 C4F20003 		movt	r3, 16384
  42 000c 1B78     		ldrb	r3, [r3, #0]
  65:.\Generated_Source\PSoC5/USBFS_episr.c ****         /* Do not toggle ISOC endpoint */
  66:.\Generated_Source\PSoC5/USBFS_episr.c ****         if((USBFS_EP[USBFS_EP1].attrib & USBFS_EP_TYPE_MASK) !=
  43              		.loc 1 66 0
  44 000e 40F20003 		movw	r3, #:lower16:USBFS_EP
  45 0012 C0F20003 		movt	r3, #:upper16:USBFS_EP
  46 0016 1B7B     		ldrb	r3, [r3, #12]
  47 0018 DBB2     		uxtb	r3, r3
  48 001a 03F00303 		and	r3, r3, #3
ARM GAS  C:\Users\Robert\AppData\Local\Temp\ccr7LMpc.s 			page 3


  49 001e 012B     		cmp	r3, #1
  50 0020 0FD0     		beq	.L2
  67:.\Generated_Source\PSoC5/USBFS_episr.c ****                                                                                     USBFS_EP_TYPE_I
  68:.\Generated_Source\PSoC5/USBFS_episr.c ****         {
  69:.\Generated_Source\PSoC5/USBFS_episr.c ****             USBFS_EP[USBFS_EP1].epToggle ^= USBFS_EPX_CNT_DATA_TOGGLE;
  51              		.loc 1 69 0
  52 0022 40F20003 		movw	r3, #:lower16:USBFS_EP
  53 0026 C0F20003 		movt	r3, #:upper16:USBFS_EP
  54 002a DB7B     		ldrb	r3, [r3, #15]
  55 002c DBB2     		uxtb	r3, r3
  56 002e 83F07F03 		eor	r3, r3, #127
  57 0032 6FEA0303 		mvn	r3, r3
  58 0036 DAB2     		uxtb	r2, r3
  59 0038 40F20003 		movw	r3, #:lower16:USBFS_EP
  60 003c C0F20003 		movt	r3, #:upper16:USBFS_EP
  61 0040 DA73     		strb	r2, [r3, #15]
  62              	.L2:
  70:.\Generated_Source\PSoC5/USBFS_episr.c ****         }
  71:.\Generated_Source\PSoC5/USBFS_episr.c ****         USBFS_EP[USBFS_EP1].apiEpState = USBFS_EVENT_PENDING;
  63              		.loc 1 71 0
  64 0042 40F20003 		movw	r3, #:lower16:USBFS_EP
  65 0046 C0F20003 		movt	r3, #:upper16:USBFS_EP
  66 004a 4FF00102 		mov	r2, #1
  67 004e 5A73     		strb	r2, [r3, #13]
  72:.\Generated_Source\PSoC5/USBFS_episr.c ****         CY_SET_REG8(USBFS_SIE_EP_INT_SR_PTR, CY_GET_REG8(USBFS_SIE_EP_INT_SR_PTR) &
  68              		.loc 1 72 0
  69 0050 46F20B03 		movw	r3, #24587
  70 0054 C4F20003 		movt	r3, 16384
  71 0058 46F20B02 		movw	r2, #24587
  72 005c C4F20002 		movt	r2, 16384
  73 0060 1278     		ldrb	r2, [r2, #0]
  74 0062 D2B2     		uxtb	r2, r2
  75 0064 22F00102 		bic	r2, r2, #1
  76 0068 D2B2     		uxtb	r2, r2
  77 006a 1A70     		strb	r2, [r3, #0]
  73:.\Generated_Source\PSoC5/USBFS_episr.c ****                                                                     (uint8)~USBFS_SIE_EP_INT_EP1_MA
  74:.\Generated_Source\PSoC5/USBFS_episr.c **** 
  75:.\Generated_Source\PSoC5/USBFS_episr.c ****         #if( defined(USBFS_ENABLE_MIDI_STREAMING) && USBFS_ISR_SERVICE_MIDI_OUT )
  76:.\Generated_Source\PSoC5/USBFS_episr.c ****             if(USBFS_midi_out_ep == USBFS_EP1)
  77:.\Generated_Source\PSoC5/USBFS_episr.c ****             {
  78:.\Generated_Source\PSoC5/USBFS_episr.c ****                 USBFS_MIDI_OUT_EP_Service();
  79:.\Generated_Source\PSoC5/USBFS_episr.c ****             }
  80:.\Generated_Source\PSoC5/USBFS_episr.c ****         #endif /* End USBFS_ISR_SERVICE_MIDI_OUT */
  81:.\Generated_Source\PSoC5/USBFS_episr.c **** 
  82:.\Generated_Source\PSoC5/USBFS_episr.c ****         /* `#START EP1_END_USER_CODE` Place your code here */
  83:.\Generated_Source\PSoC5/USBFS_episr.c **** 
  84:.\Generated_Source\PSoC5/USBFS_episr.c ****         /* `#END` */
  85:.\Generated_Source\PSoC5/USBFS_episr.c **** 
  86:.\Generated_Source\PSoC5/USBFS_episr.c ****         #if ( defined(USBFS_ENABLE_MIDI_STREAMING) && USBFS_ISR_SERVICE_MIDI_OUT && CY_PSOC3 )
  87:.\Generated_Source\PSoC5/USBFS_episr.c ****             EA = int_en;
  88:.\Generated_Source\PSoC5/USBFS_episr.c ****         #endif /* USBFS_ISR_SERVICE_MIDI_OUT && CY_PSOC3 */
  89:.\Generated_Source\PSoC5/USBFS_episr.c ****     }
  78              		.loc 1 89 0
  79 006c BD46     		mov	sp, r7
  80 006e 80BC     		pop	{r7}
  81 0070 7047     		bx	lr
  82              		.cfi_endproc
ARM GAS  C:\Users\Robert\AppData\Local\Temp\ccr7LMpc.s 			page 4


  83              	.LFE0:
  84              		.size	USBFS_EP_1_ISR, .-USBFS_EP_1_ISR
  85 0072 00BF     		.section	.text.USBFS_EP_2_ISR,"ax",%progbits
  86              		.align	2
  87              		.global	USBFS_EP_2_ISR
  88              		.thumb
  89              		.thumb_func
  90              		.type	USBFS_EP_2_ISR, %function
  91              	USBFS_EP_2_ISR:
  92              	.LFB1:
  90:.\Generated_Source\PSoC5/USBFS_episr.c **** 
  91:.\Generated_Source\PSoC5/USBFS_episr.c **** #endif   /* End USBFS_EP1_ISR_REMOVE */
  92:.\Generated_Source\PSoC5/USBFS_episr.c **** 
  93:.\Generated_Source\PSoC5/USBFS_episr.c **** 
  94:.\Generated_Source\PSoC5/USBFS_episr.c **** #if(USBFS_EP2_ISR_REMOVE == 0u)
  95:.\Generated_Source\PSoC5/USBFS_episr.c **** 
  96:.\Generated_Source\PSoC5/USBFS_episr.c ****     /*******************************************************************************
  97:.\Generated_Source\PSoC5/USBFS_episr.c ****     * Function Name: USBFS_EP_2_ISR
  98:.\Generated_Source\PSoC5/USBFS_episr.c ****     ********************************************************************************
  99:.\Generated_Source\PSoC5/USBFS_episr.c ****     *
 100:.\Generated_Source\PSoC5/USBFS_episr.c ****     * Summary:
 101:.\Generated_Source\PSoC5/USBFS_episr.c ****     *  Endpoint 2 Interrupt Service Routine
 102:.\Generated_Source\PSoC5/USBFS_episr.c ****     *
 103:.\Generated_Source\PSoC5/USBFS_episr.c ****     * Parameters:
 104:.\Generated_Source\PSoC5/USBFS_episr.c ****     *  None.
 105:.\Generated_Source\PSoC5/USBFS_episr.c ****     *
 106:.\Generated_Source\PSoC5/USBFS_episr.c ****     * Return:
 107:.\Generated_Source\PSoC5/USBFS_episr.c ****     *  None.
 108:.\Generated_Source\PSoC5/USBFS_episr.c ****     *
 109:.\Generated_Source\PSoC5/USBFS_episr.c ****     *******************************************************************************/
 110:.\Generated_Source\PSoC5/USBFS_episr.c ****     CY_ISR(USBFS_EP_2_ISR)
 111:.\Generated_Source\PSoC5/USBFS_episr.c ****     {
  93              		.loc 1 111 0
  94              		.cfi_startproc
  95              		@ args = 0, pretend = 0, frame = 0
  96              		@ frame_needed = 1, uses_anonymous_args = 0
  97              		@ link register save eliminated.
  98 0000 80B4     		push	{r7}
  99              	.LCFI2:
 100              		.cfi_def_cfa_offset 4
 101              		.cfi_offset 7, -4
 102 0002 00AF     		add	r7, sp, #0
 103              	.LCFI3:
 104              		.cfi_def_cfa_register 7
 112:.\Generated_Source\PSoC5/USBFS_episr.c ****         #if (defined(USBFS_ENABLE_MIDI_STREAMING) && USBFS_ISR_SERVICE_MIDI_OUT && CY_PSOC3)
 113:.\Generated_Source\PSoC5/USBFS_episr.c ****             uint8 int_en;
 114:.\Generated_Source\PSoC5/USBFS_episr.c ****         #endif /* USBFS_ISR_SERVICE_MIDI_OUT && CY_PSOC3 */
 115:.\Generated_Source\PSoC5/USBFS_episr.c **** 
 116:.\Generated_Source\PSoC5/USBFS_episr.c ****         /* `#START EP2_USER_CODE` Place your code here */
 117:.\Generated_Source\PSoC5/USBFS_episr.c **** 
 118:.\Generated_Source\PSoC5/USBFS_episr.c ****         /* `#END` */
 119:.\Generated_Source\PSoC5/USBFS_episr.c **** 
 120:.\Generated_Source\PSoC5/USBFS_episr.c ****         #if (defined(USBFS_ENABLE_MIDI_STREAMING) && USBFS_ISR_SERVICE_MIDI_OUT && CY_PSOC3 )
 121:.\Generated_Source\PSoC5/USBFS_episr.c ****             int_en = EA;
 122:.\Generated_Source\PSoC5/USBFS_episr.c ****             CyGlobalIntEnable;  /* Make sure nested interrupt is enabled */
 123:.\Generated_Source\PSoC5/USBFS_episr.c ****         #endif /* USBFS_ISR_SERVICE_MIDI_OUT && CY_PSOC3 */
 124:.\Generated_Source\PSoC5/USBFS_episr.c **** 
ARM GAS  C:\Users\Robert\AppData\Local\Temp\ccr7LMpc.s 			page 5


 125:.\Generated_Source\PSoC5/USBFS_episr.c ****         CY_GET_REG8(USBFS_SIE_EP2_CR0_PTR); /* Must read the mode reg */
 105              		.loc 1 125 0
 106 0004 46F21E03 		movw	r3, #24606
 107 0008 C4F20003 		movt	r3, 16384
 108 000c 1B78     		ldrb	r3, [r3, #0]
 126:.\Generated_Source\PSoC5/USBFS_episr.c ****         /* Do not toggle ISOC endpoint */
 127:.\Generated_Source\PSoC5/USBFS_episr.c ****         if((USBFS_EP[USBFS_EP2].attrib & USBFS_EP_TYPE_MASK) !=
 109              		.loc 1 127 0
 110 000e 40F20003 		movw	r3, #:lower16:USBFS_EP
 111 0012 C0F20003 		movt	r3, #:upper16:USBFS_EP
 112 0016 1B7E     		ldrb	r3, [r3, #24]
 113 0018 DBB2     		uxtb	r3, r3
 114 001a 03F00303 		and	r3, r3, #3
 115 001e 012B     		cmp	r3, #1
 116 0020 0FD0     		beq	.L4
 128:.\Generated_Source\PSoC5/USBFS_episr.c ****                                                                                     USBFS_EP_TYPE_I
 129:.\Generated_Source\PSoC5/USBFS_episr.c ****         {
 130:.\Generated_Source\PSoC5/USBFS_episr.c ****             USBFS_EP[USBFS_EP2].epToggle ^= USBFS_EPX_CNT_DATA_TOGGLE;
 117              		.loc 1 130 0
 118 0022 40F20003 		movw	r3, #:lower16:USBFS_EP
 119 0026 C0F20003 		movt	r3, #:upper16:USBFS_EP
 120 002a DB7E     		ldrb	r3, [r3, #27]
 121 002c DBB2     		uxtb	r3, r3
 122 002e 83F07F03 		eor	r3, r3, #127
 123 0032 6FEA0303 		mvn	r3, r3
 124 0036 DAB2     		uxtb	r2, r3
 125 0038 40F20003 		movw	r3, #:lower16:USBFS_EP
 126 003c C0F20003 		movt	r3, #:upper16:USBFS_EP
 127 0040 DA76     		strb	r2, [r3, #27]
 128              	.L4:
 131:.\Generated_Source\PSoC5/USBFS_episr.c ****         }
 132:.\Generated_Source\PSoC5/USBFS_episr.c ****         USBFS_EP[USBFS_EP2].apiEpState = USBFS_EVENT_PENDING;
 129              		.loc 1 132 0
 130 0042 40F20003 		movw	r3, #:lower16:USBFS_EP
 131 0046 C0F20003 		movt	r3, #:upper16:USBFS_EP
 132 004a 4FF00102 		mov	r2, #1
 133 004e 5A76     		strb	r2, [r3, #25]
 133:.\Generated_Source\PSoC5/USBFS_episr.c ****         CY_SET_REG8(USBFS_SIE_EP_INT_SR_PTR, CY_GET_REG8(USBFS_SIE_EP_INT_SR_PTR)
 134              		.loc 1 133 0
 135 0050 46F20B03 		movw	r3, #24587
 136 0054 C4F20003 		movt	r3, 16384
 137 0058 46F20B02 		movw	r2, #24587
 138 005c C4F20002 		movt	r2, 16384
 139 0060 1278     		ldrb	r2, [r2, #0]
 140 0062 D2B2     		uxtb	r2, r2
 141 0064 22F00202 		bic	r2, r2, #2
 142 0068 D2B2     		uxtb	r2, r2
 143 006a 1A70     		strb	r2, [r3, #0]
 134:.\Generated_Source\PSoC5/USBFS_episr.c ****                                                                         & (uint8)~USBFS_SIE_EP_INT_
 135:.\Generated_Source\PSoC5/USBFS_episr.c **** 
 136:.\Generated_Source\PSoC5/USBFS_episr.c ****         #if( defined(USBFS_ENABLE_MIDI_STREAMING) && USBFS_ISR_SERVICE_MIDI_OUT )
 137:.\Generated_Source\PSoC5/USBFS_episr.c ****             if(USBFS_midi_out_ep == USBFS_EP2)
 138:.\Generated_Source\PSoC5/USBFS_episr.c ****             {
 139:.\Generated_Source\PSoC5/USBFS_episr.c ****                 USBFS_MIDI_OUT_EP_Service();
 140:.\Generated_Source\PSoC5/USBFS_episr.c ****             }
 141:.\Generated_Source\PSoC5/USBFS_episr.c ****         #endif /* End USBFS_ISR_SERVICE_MIDI_OUT */
 142:.\Generated_Source\PSoC5/USBFS_episr.c **** 
ARM GAS  C:\Users\Robert\AppData\Local\Temp\ccr7LMpc.s 			page 6


 143:.\Generated_Source\PSoC5/USBFS_episr.c ****         /* `#START EP2_END_USER_CODE` Place your code here */
 144:.\Generated_Source\PSoC5/USBFS_episr.c **** 
 145:.\Generated_Source\PSoC5/USBFS_episr.c ****         /* `#END` */
 146:.\Generated_Source\PSoC5/USBFS_episr.c **** 
 147:.\Generated_Source\PSoC5/USBFS_episr.c ****         #if (defined(USBFS_ENABLE_MIDI_STREAMING) && USBFS_ISR_SERVICE_MIDI_OUT && CY_PSOC3)
 148:.\Generated_Source\PSoC5/USBFS_episr.c ****             EA = int_en;
 149:.\Generated_Source\PSoC5/USBFS_episr.c ****         #endif /* USBFS_ISR_SERVICE_MIDI_OUT && CY_PSOC3 */
 150:.\Generated_Source\PSoC5/USBFS_episr.c ****     }
 144              		.loc 1 150 0
 145 006c BD46     		mov	sp, r7
 146 006e 80BC     		pop	{r7}
 147 0070 7047     		bx	lr
 148              		.cfi_endproc
 149              	.LFE1:
 150              		.size	USBFS_EP_2_ISR, .-USBFS_EP_2_ISR
 151 0072 00BF     		.section	.text.USBFS_SOF_ISR,"ax",%progbits
 152              		.align	2
 153              		.global	USBFS_SOF_ISR
 154              		.thumb
 155              		.thumb_func
 156              		.type	USBFS_SOF_ISR, %function
 157              	USBFS_SOF_ISR:
 158              	.LFB2:
 151:.\Generated_Source\PSoC5/USBFS_episr.c **** 
 152:.\Generated_Source\PSoC5/USBFS_episr.c **** #endif   /* End USBFS_EP2_ISR_REMOVE */
 153:.\Generated_Source\PSoC5/USBFS_episr.c **** 
 154:.\Generated_Source\PSoC5/USBFS_episr.c **** 
 155:.\Generated_Source\PSoC5/USBFS_episr.c **** #if(USBFS_EP3_ISR_REMOVE == 0u)
 156:.\Generated_Source\PSoC5/USBFS_episr.c **** 
 157:.\Generated_Source\PSoC5/USBFS_episr.c ****     /*******************************************************************************
 158:.\Generated_Source\PSoC5/USBFS_episr.c ****     * Function Name: USBFS_EP_3_ISR
 159:.\Generated_Source\PSoC5/USBFS_episr.c ****     ********************************************************************************
 160:.\Generated_Source\PSoC5/USBFS_episr.c ****     *
 161:.\Generated_Source\PSoC5/USBFS_episr.c ****     * Summary:
 162:.\Generated_Source\PSoC5/USBFS_episr.c ****     *  Endpoint 3 Interrupt Service Routine
 163:.\Generated_Source\PSoC5/USBFS_episr.c ****     *
 164:.\Generated_Source\PSoC5/USBFS_episr.c ****     * Parameters:
 165:.\Generated_Source\PSoC5/USBFS_episr.c ****     *  None.
 166:.\Generated_Source\PSoC5/USBFS_episr.c ****     *
 167:.\Generated_Source\PSoC5/USBFS_episr.c ****     * Return:
 168:.\Generated_Source\PSoC5/USBFS_episr.c ****     *  None.
 169:.\Generated_Source\PSoC5/USBFS_episr.c ****     *
 170:.\Generated_Source\PSoC5/USBFS_episr.c ****     *******************************************************************************/
 171:.\Generated_Source\PSoC5/USBFS_episr.c ****     CY_ISR(USBFS_EP_3_ISR)
 172:.\Generated_Source\PSoC5/USBFS_episr.c ****     {
 173:.\Generated_Source\PSoC5/USBFS_episr.c ****         #if (defined(USBFS_ENABLE_MIDI_STREAMING) && USBFS_ISR_SERVICE_MIDI_OUT && CY_PSOC3)
 174:.\Generated_Source\PSoC5/USBFS_episr.c ****             uint8 int_en;
 175:.\Generated_Source\PSoC5/USBFS_episr.c ****         #endif /* USBFS_ISR_SERVICE_MIDI_OUT && CY_PSOC3 */
 176:.\Generated_Source\PSoC5/USBFS_episr.c **** 
 177:.\Generated_Source\PSoC5/USBFS_episr.c ****         /* `#START EP3_USER_CODE` Place your code here */
 178:.\Generated_Source\PSoC5/USBFS_episr.c **** 
 179:.\Generated_Source\PSoC5/USBFS_episr.c ****         /* `#END` */
 180:.\Generated_Source\PSoC5/USBFS_episr.c **** 
 181:.\Generated_Source\PSoC5/USBFS_episr.c ****         #if (defined(USBFS_ENABLE_MIDI_STREAMING) && USBFS_ISR_SERVICE_MIDI_OUT && CY_PSOC3)
 182:.\Generated_Source\PSoC5/USBFS_episr.c ****             int_en = EA;
 183:.\Generated_Source\PSoC5/USBFS_episr.c ****             CyGlobalIntEnable;  /* Make sure nested interrupt is enabled */
 184:.\Generated_Source\PSoC5/USBFS_episr.c ****         #endif /* CY_PSOC3 & USBFS_ISR_SERVICE_MIDI_OUT  */
ARM GAS  C:\Users\Robert\AppData\Local\Temp\ccr7LMpc.s 			page 7


 185:.\Generated_Source\PSoC5/USBFS_episr.c **** 
 186:.\Generated_Source\PSoC5/USBFS_episr.c ****         CY_GET_REG8(USBFS_SIE_EP3_CR0_PTR); /* Must read the mode reg */
 187:.\Generated_Source\PSoC5/USBFS_episr.c ****         /* Do not toggle ISOC endpoint */
 188:.\Generated_Source\PSoC5/USBFS_episr.c ****         if((USBFS_EP[USBFS_EP3].attrib & USBFS_EP_TYPE_MASK) !=
 189:.\Generated_Source\PSoC5/USBFS_episr.c ****                                                                                     USBFS_EP_TYPE_I
 190:.\Generated_Source\PSoC5/USBFS_episr.c ****         {
 191:.\Generated_Source\PSoC5/USBFS_episr.c ****             USBFS_EP[USBFS_EP3].epToggle ^= USBFS_EPX_CNT_DATA_TOGGLE;
 192:.\Generated_Source\PSoC5/USBFS_episr.c ****         }
 193:.\Generated_Source\PSoC5/USBFS_episr.c ****         USBFS_EP[USBFS_EP3].apiEpState = USBFS_EVENT_PENDING;
 194:.\Generated_Source\PSoC5/USBFS_episr.c ****         CY_SET_REG8(USBFS_SIE_EP_INT_SR_PTR, CY_GET_REG8(USBFS_SIE_EP_INT_SR_PTR)
 195:.\Generated_Source\PSoC5/USBFS_episr.c ****                                                                         & (uint8)~USBFS_SIE_EP_INT_
 196:.\Generated_Source\PSoC5/USBFS_episr.c **** 
 197:.\Generated_Source\PSoC5/USBFS_episr.c ****         #if (defined(USBFS_ENABLE_MIDI_STREAMING) && USBFS_ISR_SERVICE_MIDI_OUT)
 198:.\Generated_Source\PSoC5/USBFS_episr.c ****             if(USBFS_midi_out_ep == USBFS_EP3)
 199:.\Generated_Source\PSoC5/USBFS_episr.c ****             {
 200:.\Generated_Source\PSoC5/USBFS_episr.c ****                 USBFS_MIDI_OUT_EP_Service();
 201:.\Generated_Source\PSoC5/USBFS_episr.c ****             }
 202:.\Generated_Source\PSoC5/USBFS_episr.c ****         #endif /* End USBFS_ISR_SERVICE_MIDI_OUT */
 203:.\Generated_Source\PSoC5/USBFS_episr.c **** 
 204:.\Generated_Source\PSoC5/USBFS_episr.c ****         /* `#START EP3_END_USER_CODE` Place your code here */
 205:.\Generated_Source\PSoC5/USBFS_episr.c **** 
 206:.\Generated_Source\PSoC5/USBFS_episr.c ****         /* `#END` */
 207:.\Generated_Source\PSoC5/USBFS_episr.c **** 
 208:.\Generated_Source\PSoC5/USBFS_episr.c ****         #if (defined(USBFS_ENABLE_MIDI_STREAMING) && USBFS_ISR_SERVICE_MIDI_OUT && CY_PSOC3)
 209:.\Generated_Source\PSoC5/USBFS_episr.c ****             EA = int_en;
 210:.\Generated_Source\PSoC5/USBFS_episr.c ****         #endif /* CY_PSOC3 & USBFS_ISR_SERVICE_MIDI_OUT  */
 211:.\Generated_Source\PSoC5/USBFS_episr.c ****     }
 212:.\Generated_Source\PSoC5/USBFS_episr.c **** 
 213:.\Generated_Source\PSoC5/USBFS_episr.c **** #endif   /* End USBFS_EP3_ISR_REMOVE */
 214:.\Generated_Source\PSoC5/USBFS_episr.c **** 
 215:.\Generated_Source\PSoC5/USBFS_episr.c **** 
 216:.\Generated_Source\PSoC5/USBFS_episr.c **** #if(USBFS_EP4_ISR_REMOVE == 0u)
 217:.\Generated_Source\PSoC5/USBFS_episr.c **** 
 218:.\Generated_Source\PSoC5/USBFS_episr.c ****     /*******************************************************************************
 219:.\Generated_Source\PSoC5/USBFS_episr.c ****     * Function Name: USBFS_EP_4_ISR
 220:.\Generated_Source\PSoC5/USBFS_episr.c ****     ********************************************************************************
 221:.\Generated_Source\PSoC5/USBFS_episr.c ****     *
 222:.\Generated_Source\PSoC5/USBFS_episr.c ****     * Summary:
 223:.\Generated_Source\PSoC5/USBFS_episr.c ****     *  Endpoint 4 Interrupt Service Routine
 224:.\Generated_Source\PSoC5/USBFS_episr.c ****     *
 225:.\Generated_Source\PSoC5/USBFS_episr.c ****     * Parameters:
 226:.\Generated_Source\PSoC5/USBFS_episr.c ****     *  None.
 227:.\Generated_Source\PSoC5/USBFS_episr.c ****     *
 228:.\Generated_Source\PSoC5/USBFS_episr.c ****     * Return:
 229:.\Generated_Source\PSoC5/USBFS_episr.c ****     *  None.
 230:.\Generated_Source\PSoC5/USBFS_episr.c ****     *
 231:.\Generated_Source\PSoC5/USBFS_episr.c ****     *******************************************************************************/
 232:.\Generated_Source\PSoC5/USBFS_episr.c ****     CY_ISR(USBFS_EP_4_ISR)
 233:.\Generated_Source\PSoC5/USBFS_episr.c ****     {
 234:.\Generated_Source\PSoC5/USBFS_episr.c ****         #if (defined(USBFS_ENABLE_MIDI_STREAMING) && USBFS_ISR_SERVICE_MIDI_OUT && CY_PSOC3)
 235:.\Generated_Source\PSoC5/USBFS_episr.c ****             uint8 int_en;
 236:.\Generated_Source\PSoC5/USBFS_episr.c ****         #endif /* CY_PSOC3 & USBFS_ISR_SERVICE_MIDI_OUT  */
 237:.\Generated_Source\PSoC5/USBFS_episr.c **** 
 238:.\Generated_Source\PSoC5/USBFS_episr.c ****         /* `#START EP4_USER_CODE` Place your code here */
 239:.\Generated_Source\PSoC5/USBFS_episr.c **** 
 240:.\Generated_Source\PSoC5/USBFS_episr.c ****         /* `#END` */
 241:.\Generated_Source\PSoC5/USBFS_episr.c **** 
ARM GAS  C:\Users\Robert\AppData\Local\Temp\ccr7LMpc.s 			page 8


 242:.\Generated_Source\PSoC5/USBFS_episr.c ****         #if (defined(USBFS_ENABLE_MIDI_STREAMING) && USBFS_ISR_SERVICE_MIDI_OUT && CY_PSOC3)
 243:.\Generated_Source\PSoC5/USBFS_episr.c ****             int_en = EA;
 244:.\Generated_Source\PSoC5/USBFS_episr.c ****             CyGlobalIntEnable;  /* Make sure nested interrupt is enabled */
 245:.\Generated_Source\PSoC5/USBFS_episr.c ****         #endif /* CY_PSOC3 & USBFS_ISR_SERVICE_MIDI_OUT  */
 246:.\Generated_Source\PSoC5/USBFS_episr.c **** 
 247:.\Generated_Source\PSoC5/USBFS_episr.c ****         CY_GET_REG8(USBFS_SIE_EP4_CR0_PTR); /* Must read the mode reg */
 248:.\Generated_Source\PSoC5/USBFS_episr.c ****         /* Do not toggle ISOC endpoint */
 249:.\Generated_Source\PSoC5/USBFS_episr.c ****         if((USBFS_EP[USBFS_EP4].attrib & USBFS_EP_TYPE_MASK) !=
 250:.\Generated_Source\PSoC5/USBFS_episr.c ****                                                                                     USBFS_EP_TYPE_I
 251:.\Generated_Source\PSoC5/USBFS_episr.c ****         {
 252:.\Generated_Source\PSoC5/USBFS_episr.c ****             USBFS_EP[USBFS_EP4].epToggle ^= USBFS_EPX_CNT_DATA_TOGGLE;
 253:.\Generated_Source\PSoC5/USBFS_episr.c ****         }
 254:.\Generated_Source\PSoC5/USBFS_episr.c ****         USBFS_EP[USBFS_EP4].apiEpState = USBFS_EVENT_PENDING;
 255:.\Generated_Source\PSoC5/USBFS_episr.c ****         CY_SET_REG8(USBFS_SIE_EP_INT_SR_PTR, CY_GET_REG8(USBFS_SIE_EP_INT_SR_PTR)
 256:.\Generated_Source\PSoC5/USBFS_episr.c ****                                                                         & (uint8)~USBFS_SIE_EP_INT_
 257:.\Generated_Source\PSoC5/USBFS_episr.c **** 
 258:.\Generated_Source\PSoC5/USBFS_episr.c ****         #if (defined(USBFS_ENABLE_MIDI_STREAMING) && USBFS_ISR_SERVICE_MIDI_OUT)
 259:.\Generated_Source\PSoC5/USBFS_episr.c ****             if(USBFS_midi_out_ep == USBFS_EP4)
 260:.\Generated_Source\PSoC5/USBFS_episr.c ****             {
 261:.\Generated_Source\PSoC5/USBFS_episr.c ****                 USBFS_MIDI_OUT_EP_Service();
 262:.\Generated_Source\PSoC5/USBFS_episr.c ****             }
 263:.\Generated_Source\PSoC5/USBFS_episr.c ****         #endif /* End USBFS_ISR_SERVICE_MIDI_OUT */
 264:.\Generated_Source\PSoC5/USBFS_episr.c **** 
 265:.\Generated_Source\PSoC5/USBFS_episr.c ****         /* `#START EP4_END_USER_CODE` Place your code here */
 266:.\Generated_Source\PSoC5/USBFS_episr.c **** 
 267:.\Generated_Source\PSoC5/USBFS_episr.c ****         /* `#END` */
 268:.\Generated_Source\PSoC5/USBFS_episr.c **** 
 269:.\Generated_Source\PSoC5/USBFS_episr.c ****         #if (defined(USBFS_ENABLE_MIDI_STREAMING) && USBFS_ISR_SERVICE_MIDI_OUT && CY_PSOC3)
 270:.\Generated_Source\PSoC5/USBFS_episr.c ****             EA = int_en;
 271:.\Generated_Source\PSoC5/USBFS_episr.c ****         #endif /* CY_PSOC3 & USBFS_ISR_SERVICE_MIDI_OUT  */
 272:.\Generated_Source\PSoC5/USBFS_episr.c ****     }
 273:.\Generated_Source\PSoC5/USBFS_episr.c **** 
 274:.\Generated_Source\PSoC5/USBFS_episr.c **** #endif   /* End USBFS_EP4_ISR_REMOVE */
 275:.\Generated_Source\PSoC5/USBFS_episr.c **** 
 276:.\Generated_Source\PSoC5/USBFS_episr.c **** 
 277:.\Generated_Source\PSoC5/USBFS_episr.c **** #if(USBFS_EP5_ISR_REMOVE == 0u)
 278:.\Generated_Source\PSoC5/USBFS_episr.c **** 
 279:.\Generated_Source\PSoC5/USBFS_episr.c ****     /*******************************************************************************
 280:.\Generated_Source\PSoC5/USBFS_episr.c ****     * Function Name: USBFS_EP_5_ISR
 281:.\Generated_Source\PSoC5/USBFS_episr.c ****     ********************************************************************************
 282:.\Generated_Source\PSoC5/USBFS_episr.c ****     *
 283:.\Generated_Source\PSoC5/USBFS_episr.c ****     * Summary:
 284:.\Generated_Source\PSoC5/USBFS_episr.c ****     *  Endpoint 5 Interrupt Service Routine
 285:.\Generated_Source\PSoC5/USBFS_episr.c ****     *
 286:.\Generated_Source\PSoC5/USBFS_episr.c ****     * Parameters:
 287:.\Generated_Source\PSoC5/USBFS_episr.c ****     *  None.
 288:.\Generated_Source\PSoC5/USBFS_episr.c ****     *
 289:.\Generated_Source\PSoC5/USBFS_episr.c ****     * Return:
 290:.\Generated_Source\PSoC5/USBFS_episr.c ****     *  None.
 291:.\Generated_Source\PSoC5/USBFS_episr.c ****     *
 292:.\Generated_Source\PSoC5/USBFS_episr.c ****     *******************************************************************************/
 293:.\Generated_Source\PSoC5/USBFS_episr.c ****     CY_ISR(USBFS_EP_5_ISR)
 294:.\Generated_Source\PSoC5/USBFS_episr.c ****     {
 295:.\Generated_Source\PSoC5/USBFS_episr.c ****         #if (defined(USBFS_ENABLE_MIDI_STREAMING) && USBFS_ISR_SERVICE_MIDI_OUT && CY_PSOC3)
 296:.\Generated_Source\PSoC5/USBFS_episr.c ****             uint8 int_en;
 297:.\Generated_Source\PSoC5/USBFS_episr.c ****         #endif /* CY_PSOC3 & USBFS_ISR_SERVICE_MIDI_OUT  */
 298:.\Generated_Source\PSoC5/USBFS_episr.c **** 
ARM GAS  C:\Users\Robert\AppData\Local\Temp\ccr7LMpc.s 			page 9


 299:.\Generated_Source\PSoC5/USBFS_episr.c ****         /* `#START EP5_USER_CODE` Place your code here */
 300:.\Generated_Source\PSoC5/USBFS_episr.c **** 
 301:.\Generated_Source\PSoC5/USBFS_episr.c ****         /* `#END` */
 302:.\Generated_Source\PSoC5/USBFS_episr.c **** 
 303:.\Generated_Source\PSoC5/USBFS_episr.c ****         #if (defined(USBFS_ENABLE_MIDI_STREAMING) && USBFS_ISR_SERVICE_MIDI_OUT && CY_PSOC3)
 304:.\Generated_Source\PSoC5/USBFS_episr.c ****             int_en = EA;
 305:.\Generated_Source\PSoC5/USBFS_episr.c ****             CyGlobalIntEnable;  /* Make sure nested interrupt is enabled */
 306:.\Generated_Source\PSoC5/USBFS_episr.c ****         #endif /* CY_PSOC3 & USBFS_ISR_SERVICE_MIDI_OUT  */
 307:.\Generated_Source\PSoC5/USBFS_episr.c **** 
 308:.\Generated_Source\PSoC5/USBFS_episr.c ****         CY_GET_REG8(USBFS_SIE_EP5_CR0_PTR); /* Must read the mode reg */
 309:.\Generated_Source\PSoC5/USBFS_episr.c ****         /* Do not toggle ISOC endpoint */
 310:.\Generated_Source\PSoC5/USBFS_episr.c ****         if((USBFS_EP[USBFS_EP5].attrib & USBFS_EP_TYPE_MASK) !=
 311:.\Generated_Source\PSoC5/USBFS_episr.c ****                                                                                     USBFS_EP_TYPE_I
 312:.\Generated_Source\PSoC5/USBFS_episr.c ****         {
 313:.\Generated_Source\PSoC5/USBFS_episr.c ****             USBFS_EP[USBFS_EP5].epToggle ^= USBFS_EPX_CNT_DATA_TOGGLE;
 314:.\Generated_Source\PSoC5/USBFS_episr.c ****         }
 315:.\Generated_Source\PSoC5/USBFS_episr.c ****         USBFS_EP[USBFS_EP5].apiEpState = USBFS_EVENT_PENDING;
 316:.\Generated_Source\PSoC5/USBFS_episr.c ****         CY_SET_REG8(USBFS_SIE_EP_INT_SR_PTR, CY_GET_REG8(USBFS_SIE_EP_INT_SR_PTR)
 317:.\Generated_Source\PSoC5/USBFS_episr.c ****                                                                         & (uint8)~USBFS_SIE_EP_INT_
 318:.\Generated_Source\PSoC5/USBFS_episr.c **** 
 319:.\Generated_Source\PSoC5/USBFS_episr.c ****         #if (defined(USBFS_ENABLE_MIDI_STREAMING) && USBFS_ISR_SERVICE_MIDI_OUT)
 320:.\Generated_Source\PSoC5/USBFS_episr.c ****             if(USBFS_midi_out_ep == USBFS_EP5)
 321:.\Generated_Source\PSoC5/USBFS_episr.c ****             {
 322:.\Generated_Source\PSoC5/USBFS_episr.c ****                 USBFS_MIDI_OUT_EP_Service();
 323:.\Generated_Source\PSoC5/USBFS_episr.c ****             }
 324:.\Generated_Source\PSoC5/USBFS_episr.c ****         #endif /* End USBFS_ISR_SERVICE_MIDI_OUT */
 325:.\Generated_Source\PSoC5/USBFS_episr.c **** 
 326:.\Generated_Source\PSoC5/USBFS_episr.c ****         /* `#START EP5_END_USER_CODE` Place your code here */
 327:.\Generated_Source\PSoC5/USBFS_episr.c **** 
 328:.\Generated_Source\PSoC5/USBFS_episr.c ****         /* `#END` */
 329:.\Generated_Source\PSoC5/USBFS_episr.c **** 
 330:.\Generated_Source\PSoC5/USBFS_episr.c ****         #if (defined(USBFS_ENABLE_MIDI_STREAMING) && USBFS_ISR_SERVICE_MIDI_OUT && CY_PSOC3)
 331:.\Generated_Source\PSoC5/USBFS_episr.c ****             EA = int_en;
 332:.\Generated_Source\PSoC5/USBFS_episr.c ****         #endif /* CY_PSOC3 & USBFS_ISR_SERVICE_MIDI_OUT  */
 333:.\Generated_Source\PSoC5/USBFS_episr.c ****     }
 334:.\Generated_Source\PSoC5/USBFS_episr.c **** #endif   /* End USBFS_EP5_ISR_REMOVE */
 335:.\Generated_Source\PSoC5/USBFS_episr.c **** 
 336:.\Generated_Source\PSoC5/USBFS_episr.c **** 
 337:.\Generated_Source\PSoC5/USBFS_episr.c **** #if(USBFS_EP6_ISR_REMOVE == 0u)
 338:.\Generated_Source\PSoC5/USBFS_episr.c **** 
 339:.\Generated_Source\PSoC5/USBFS_episr.c ****     /*******************************************************************************
 340:.\Generated_Source\PSoC5/USBFS_episr.c ****     * Function Name: USBFS_EP_6_ISR
 341:.\Generated_Source\PSoC5/USBFS_episr.c ****     ********************************************************************************
 342:.\Generated_Source\PSoC5/USBFS_episr.c ****     *
 343:.\Generated_Source\PSoC5/USBFS_episr.c ****     * Summary:
 344:.\Generated_Source\PSoC5/USBFS_episr.c ****     *  Endpoint 6 Interrupt Service Routine
 345:.\Generated_Source\PSoC5/USBFS_episr.c ****     *
 346:.\Generated_Source\PSoC5/USBFS_episr.c ****     * Parameters:
 347:.\Generated_Source\PSoC5/USBFS_episr.c ****     *  None.
 348:.\Generated_Source\PSoC5/USBFS_episr.c ****     *
 349:.\Generated_Source\PSoC5/USBFS_episr.c ****     * Return:
 350:.\Generated_Source\PSoC5/USBFS_episr.c ****     *  None.
 351:.\Generated_Source\PSoC5/USBFS_episr.c ****     *
 352:.\Generated_Source\PSoC5/USBFS_episr.c ****     *******************************************************************************/
 353:.\Generated_Source\PSoC5/USBFS_episr.c ****     CY_ISR(USBFS_EP_6_ISR)
 354:.\Generated_Source\PSoC5/USBFS_episr.c ****     {
 355:.\Generated_Source\PSoC5/USBFS_episr.c ****         #if (defined(USBFS_ENABLE_MIDI_STREAMING) && USBFS_ISR_SERVICE_MIDI_OUT && CY_PSOC3)
ARM GAS  C:\Users\Robert\AppData\Local\Temp\ccr7LMpc.s 			page 10


 356:.\Generated_Source\PSoC5/USBFS_episr.c ****             uint8 int_en;
 357:.\Generated_Source\PSoC5/USBFS_episr.c ****         #endif /* CY_PSOC3 & USBFS_ISR_SERVICE_MIDI_OUT  */
 358:.\Generated_Source\PSoC5/USBFS_episr.c **** 
 359:.\Generated_Source\PSoC5/USBFS_episr.c ****         /* `#START EP6_USER_CODE` Place your code here */
 360:.\Generated_Source\PSoC5/USBFS_episr.c **** 
 361:.\Generated_Source\PSoC5/USBFS_episr.c ****         /* `#END` */
 362:.\Generated_Source\PSoC5/USBFS_episr.c **** 
 363:.\Generated_Source\PSoC5/USBFS_episr.c ****         #if (defined(USBFS_ENABLE_MIDI_STREAMING) && USBFS_ISR_SERVICE_MIDI_OUT && CY_PSOC3)
 364:.\Generated_Source\PSoC5/USBFS_episr.c ****             int_en = EA;
 365:.\Generated_Source\PSoC5/USBFS_episr.c ****             CyGlobalIntEnable;  /* Make sure nested interrupt is enabled */
 366:.\Generated_Source\PSoC5/USBFS_episr.c ****         #endif /* CY_PSOC3 & USBFS_ISR_SERVICE_MIDI_OUT  */
 367:.\Generated_Source\PSoC5/USBFS_episr.c **** 
 368:.\Generated_Source\PSoC5/USBFS_episr.c ****         CY_GET_REG8(USBFS_SIE_EP6_CR0_PTR); /* Must read the mode reg */
 369:.\Generated_Source\PSoC5/USBFS_episr.c ****         /* Do not toggle ISOC endpoint */
 370:.\Generated_Source\PSoC5/USBFS_episr.c ****         if((USBFS_EP[USBFS_EP6].attrib & USBFS_EP_TYPE_MASK) !=
 371:.\Generated_Source\PSoC5/USBFS_episr.c ****                                                                                     USBFS_EP_TYPE_I
 372:.\Generated_Source\PSoC5/USBFS_episr.c ****         {
 373:.\Generated_Source\PSoC5/USBFS_episr.c ****             USBFS_EP[USBFS_EP6].epToggle ^= USBFS_EPX_CNT_DATA_TOGGLE;
 374:.\Generated_Source\PSoC5/USBFS_episr.c ****         }
 375:.\Generated_Source\PSoC5/USBFS_episr.c ****         USBFS_EP[USBFS_EP6].apiEpState = USBFS_EVENT_PENDING;
 376:.\Generated_Source\PSoC5/USBFS_episr.c ****         CY_SET_REG8(USBFS_SIE_EP_INT_SR_PTR, CY_GET_REG8(USBFS_SIE_EP_INT_SR_PTR)
 377:.\Generated_Source\PSoC5/USBFS_episr.c ****                                                                         & (uint8)~USBFS_SIE_EP_INT_
 378:.\Generated_Source\PSoC5/USBFS_episr.c **** 
 379:.\Generated_Source\PSoC5/USBFS_episr.c ****         #if (defined(USBFS_ENABLE_MIDI_STREAMING) && USBFS_ISR_SERVICE_MIDI_OUT)
 380:.\Generated_Source\PSoC5/USBFS_episr.c ****             if(USBFS_midi_out_ep == USBFS_EP6)
 381:.\Generated_Source\PSoC5/USBFS_episr.c ****             {
 382:.\Generated_Source\PSoC5/USBFS_episr.c ****                 USBFS_MIDI_OUT_EP_Service();
 383:.\Generated_Source\PSoC5/USBFS_episr.c ****             }
 384:.\Generated_Source\PSoC5/USBFS_episr.c ****         #endif /* End USBFS_ISR_SERVICE_MIDI_OUT  */
 385:.\Generated_Source\PSoC5/USBFS_episr.c **** 
 386:.\Generated_Source\PSoC5/USBFS_episr.c ****         /* `#START EP6_END_USER_CODE` Place your code here */
 387:.\Generated_Source\PSoC5/USBFS_episr.c **** 
 388:.\Generated_Source\PSoC5/USBFS_episr.c ****         /* `#END` */
 389:.\Generated_Source\PSoC5/USBFS_episr.c **** 
 390:.\Generated_Source\PSoC5/USBFS_episr.c ****         #if (defined(USBFS_ENABLE_MIDI_STREAMING) && USBFS_ISR_SERVICE_MIDI_OUT && CY_PSOC3)
 391:.\Generated_Source\PSoC5/USBFS_episr.c ****             EA = int_en;
 392:.\Generated_Source\PSoC5/USBFS_episr.c ****         #endif /* CY_PSOC3 & USBFS_ISR_SERVICE_MIDI_OUT  */
 393:.\Generated_Source\PSoC5/USBFS_episr.c ****     }
 394:.\Generated_Source\PSoC5/USBFS_episr.c **** 
 395:.\Generated_Source\PSoC5/USBFS_episr.c **** #endif   /* End USBFS_EP6_ISR_REMOVE */
 396:.\Generated_Source\PSoC5/USBFS_episr.c **** 
 397:.\Generated_Source\PSoC5/USBFS_episr.c **** 
 398:.\Generated_Source\PSoC5/USBFS_episr.c **** #if(USBFS_EP7_ISR_REMOVE == 0u)
 399:.\Generated_Source\PSoC5/USBFS_episr.c **** 
 400:.\Generated_Source\PSoC5/USBFS_episr.c ****     /*******************************************************************************
 401:.\Generated_Source\PSoC5/USBFS_episr.c ****     * Function Name: USBFS_EP_7_ISR
 402:.\Generated_Source\PSoC5/USBFS_episr.c ****     ********************************************************************************
 403:.\Generated_Source\PSoC5/USBFS_episr.c ****     *
 404:.\Generated_Source\PSoC5/USBFS_episr.c ****     * Summary:
 405:.\Generated_Source\PSoC5/USBFS_episr.c ****     *  Endpoint 7 Interrupt Service Routine
 406:.\Generated_Source\PSoC5/USBFS_episr.c ****     *
 407:.\Generated_Source\PSoC5/USBFS_episr.c ****     * Parameters:
 408:.\Generated_Source\PSoC5/USBFS_episr.c ****     *  None.
 409:.\Generated_Source\PSoC5/USBFS_episr.c ****     *
 410:.\Generated_Source\PSoC5/USBFS_episr.c ****     * Return:
 411:.\Generated_Source\PSoC5/USBFS_episr.c ****     *  None.
 412:.\Generated_Source\PSoC5/USBFS_episr.c ****     *
ARM GAS  C:\Users\Robert\AppData\Local\Temp\ccr7LMpc.s 			page 11


 413:.\Generated_Source\PSoC5/USBFS_episr.c ****     *******************************************************************************/
 414:.\Generated_Source\PSoC5/USBFS_episr.c ****     CY_ISR(USBFS_EP_7_ISR)
 415:.\Generated_Source\PSoC5/USBFS_episr.c ****     {
 416:.\Generated_Source\PSoC5/USBFS_episr.c ****         #if (defined(USBFS_ENABLE_MIDI_STREAMING) && USBFS_ISR_SERVICE_MIDI_OUT && CY_PSOC3)
 417:.\Generated_Source\PSoC5/USBFS_episr.c ****             uint8 int_en;
 418:.\Generated_Source\PSoC5/USBFS_episr.c ****         #endif /* CY_PSOC3 & USBFS_ISR_SERVICE_MIDI_OUT  */
 419:.\Generated_Source\PSoC5/USBFS_episr.c **** 
 420:.\Generated_Source\PSoC5/USBFS_episr.c ****         /* `#START EP7_USER_CODE` Place your code here */
 421:.\Generated_Source\PSoC5/USBFS_episr.c **** 
 422:.\Generated_Source\PSoC5/USBFS_episr.c ****         /* `#END` */
 423:.\Generated_Source\PSoC5/USBFS_episr.c **** 
 424:.\Generated_Source\PSoC5/USBFS_episr.c ****         #if (defined(USBFS_ENABLE_MIDI_STREAMING) && USBFS_ISR_SERVICE_MIDI_OUT && CY_PSOC3)
 425:.\Generated_Source\PSoC5/USBFS_episr.c ****             int_en = EA;
 426:.\Generated_Source\PSoC5/USBFS_episr.c ****             CyGlobalIntEnable;  /* Make sure nested interrupt is enabled */
 427:.\Generated_Source\PSoC5/USBFS_episr.c ****         #endif /* CY_PSOC3 & USBFS_ISR_SERVICE_MIDI_OUT  */
 428:.\Generated_Source\PSoC5/USBFS_episr.c **** 
 429:.\Generated_Source\PSoC5/USBFS_episr.c ****         CY_GET_REG8(USBFS_SIE_EP7_CR0_PTR); /* Must read the mode reg */
 430:.\Generated_Source\PSoC5/USBFS_episr.c ****         /* Do not toggle ISOC endpoint */
 431:.\Generated_Source\PSoC5/USBFS_episr.c ****         if((USBFS_EP[USBFS_EP7].attrib & USBFS_EP_TYPE_MASK) !=
 432:.\Generated_Source\PSoC5/USBFS_episr.c ****                                                                                     USBFS_EP_TYPE_I
 433:.\Generated_Source\PSoC5/USBFS_episr.c ****         {
 434:.\Generated_Source\PSoC5/USBFS_episr.c ****             USBFS_EP[USBFS_EP7].epToggle ^= USBFS_EPX_CNT_DATA_TOGGLE;
 435:.\Generated_Source\PSoC5/USBFS_episr.c ****         }
 436:.\Generated_Source\PSoC5/USBFS_episr.c ****         USBFS_EP[USBFS_EP7].apiEpState = USBFS_EVENT_PENDING;
 437:.\Generated_Source\PSoC5/USBFS_episr.c ****         CY_SET_REG8(USBFS_SIE_EP_INT_SR_PTR, CY_GET_REG8(USBFS_SIE_EP_INT_SR_PTR)
 438:.\Generated_Source\PSoC5/USBFS_episr.c ****                                                                         & (uint8)~USBFS_SIE_EP_INT_
 439:.\Generated_Source\PSoC5/USBFS_episr.c **** 
 440:.\Generated_Source\PSoC5/USBFS_episr.c ****         #if (defined(USBFS_ENABLE_MIDI_STREAMING) && USBFS_ISR_SERVICE_MIDI_OUT)
 441:.\Generated_Source\PSoC5/USBFS_episr.c ****             if(USBFS_midi_out_ep == USBFS_EP7)
 442:.\Generated_Source\PSoC5/USBFS_episr.c ****             {
 443:.\Generated_Source\PSoC5/USBFS_episr.c ****                 USBFS_MIDI_OUT_EP_Service();
 444:.\Generated_Source\PSoC5/USBFS_episr.c ****             }
 445:.\Generated_Source\PSoC5/USBFS_episr.c ****         #endif /* End USBFS_ISR_SERVICE_MIDI_OUT  */
 446:.\Generated_Source\PSoC5/USBFS_episr.c **** 
 447:.\Generated_Source\PSoC5/USBFS_episr.c ****         /* `#START EP7_END_USER_CODE` Place your code here */
 448:.\Generated_Source\PSoC5/USBFS_episr.c **** 
 449:.\Generated_Source\PSoC5/USBFS_episr.c ****         /* `#END` */
 450:.\Generated_Source\PSoC5/USBFS_episr.c **** 
 451:.\Generated_Source\PSoC5/USBFS_episr.c ****         #if (defined(USBFS_ENABLE_MIDI_STREAMING) && USBFS_ISR_SERVICE_MIDI_OUT && CY_PSOC3)
 452:.\Generated_Source\PSoC5/USBFS_episr.c ****             EA = int_en;
 453:.\Generated_Source\PSoC5/USBFS_episr.c ****         #endif /* CY_PSOC3 & USBFS_ISR_SERVICE_MIDI_OUT  */
 454:.\Generated_Source\PSoC5/USBFS_episr.c ****     }
 455:.\Generated_Source\PSoC5/USBFS_episr.c **** 
 456:.\Generated_Source\PSoC5/USBFS_episr.c **** #endif   /* End USBFS_EP7_ISR_REMOVE */
 457:.\Generated_Source\PSoC5/USBFS_episr.c **** 
 458:.\Generated_Source\PSoC5/USBFS_episr.c **** 
 459:.\Generated_Source\PSoC5/USBFS_episr.c **** #if(USBFS_EP8_ISR_REMOVE == 0u)
 460:.\Generated_Source\PSoC5/USBFS_episr.c **** 
 461:.\Generated_Source\PSoC5/USBFS_episr.c ****     /*******************************************************************************
 462:.\Generated_Source\PSoC5/USBFS_episr.c ****     * Function Name: USBFS_EP_8_ISR
 463:.\Generated_Source\PSoC5/USBFS_episr.c ****     ********************************************************************************
 464:.\Generated_Source\PSoC5/USBFS_episr.c ****     *
 465:.\Generated_Source\PSoC5/USBFS_episr.c ****     * Summary:
 466:.\Generated_Source\PSoC5/USBFS_episr.c ****     *  Endpoint 8 Interrupt Service Routine
 467:.\Generated_Source\PSoC5/USBFS_episr.c ****     *
 468:.\Generated_Source\PSoC5/USBFS_episr.c ****     * Parameters:
 469:.\Generated_Source\PSoC5/USBFS_episr.c ****     *  None.
ARM GAS  C:\Users\Robert\AppData\Local\Temp\ccr7LMpc.s 			page 12


 470:.\Generated_Source\PSoC5/USBFS_episr.c ****     *
 471:.\Generated_Source\PSoC5/USBFS_episr.c ****     * Return:
 472:.\Generated_Source\PSoC5/USBFS_episr.c ****     *  None.
 473:.\Generated_Source\PSoC5/USBFS_episr.c ****     *
 474:.\Generated_Source\PSoC5/USBFS_episr.c ****     *******************************************************************************/
 475:.\Generated_Source\PSoC5/USBFS_episr.c ****     CY_ISR(USBFS_EP_8_ISR)
 476:.\Generated_Source\PSoC5/USBFS_episr.c ****     {
 477:.\Generated_Source\PSoC5/USBFS_episr.c ****         #if (defined(USBFS_ENABLE_MIDI_STREAMING) && USBFS_ISR_SERVICE_MIDI_OUT && CY_PSOC3)
 478:.\Generated_Source\PSoC5/USBFS_episr.c ****             uint8 int_en;
 479:.\Generated_Source\PSoC5/USBFS_episr.c ****         #endif /* CY_PSOC3 & USBFS_ISR_SERVICE_MIDI_OUT  */
 480:.\Generated_Source\PSoC5/USBFS_episr.c **** 
 481:.\Generated_Source\PSoC5/USBFS_episr.c ****         /* `#START EP8_USER_CODE` Place your code here */
 482:.\Generated_Source\PSoC5/USBFS_episr.c **** 
 483:.\Generated_Source\PSoC5/USBFS_episr.c ****         /* `#END` */
 484:.\Generated_Source\PSoC5/USBFS_episr.c **** 
 485:.\Generated_Source\PSoC5/USBFS_episr.c ****         #if (defined(USBFS_ENABLE_MIDI_STREAMING) && USBFS_ISR_SERVICE_MIDI_OUT && CY_PSOC3)
 486:.\Generated_Source\PSoC5/USBFS_episr.c ****             int_en = EA;
 487:.\Generated_Source\PSoC5/USBFS_episr.c ****             CyGlobalIntEnable;  /* Make sure nested interrupt is enabled */
 488:.\Generated_Source\PSoC5/USBFS_episr.c ****         #endif /* CY_PSOC3 & USBFS_ISR_SERVICE_MIDI_OUT  */
 489:.\Generated_Source\PSoC5/USBFS_episr.c **** 
 490:.\Generated_Source\PSoC5/USBFS_episr.c ****         CY_GET_REG8(USBFS_SIE_EP8_CR0_PTR); /* Must read the mode reg */
 491:.\Generated_Source\PSoC5/USBFS_episr.c ****         /* Do not toggle ISOC endpoint */
 492:.\Generated_Source\PSoC5/USBFS_episr.c ****         if((USBFS_EP[USBFS_EP8].attrib & USBFS_EP_TYPE_MASK) !=
 493:.\Generated_Source\PSoC5/USBFS_episr.c ****                                                                                     USBFS_EP_TYPE_I
 494:.\Generated_Source\PSoC5/USBFS_episr.c ****         {
 495:.\Generated_Source\PSoC5/USBFS_episr.c ****             USBFS_EP[USBFS_EP8].epToggle ^= USBFS_EPX_CNT_DATA_TOGGLE;
 496:.\Generated_Source\PSoC5/USBFS_episr.c ****         }
 497:.\Generated_Source\PSoC5/USBFS_episr.c ****         USBFS_EP[USBFS_EP8].apiEpState = USBFS_EVENT_PENDING;
 498:.\Generated_Source\PSoC5/USBFS_episr.c ****         CY_SET_REG8(USBFS_SIE_EP_INT_SR_PTR, CY_GET_REG8(USBFS_SIE_EP_INT_SR_PTR)
 499:.\Generated_Source\PSoC5/USBFS_episr.c ****                                                                         & (uint8)~USBFS_SIE_EP_INT_
 500:.\Generated_Source\PSoC5/USBFS_episr.c **** 
 501:.\Generated_Source\PSoC5/USBFS_episr.c ****         #if (defined(USBFS_ENABLE_MIDI_STREAMING) && USBFS_ISR_SERVICE_MIDI_OUT)
 502:.\Generated_Source\PSoC5/USBFS_episr.c ****             if(USBFS_midi_out_ep == USBFS_EP8)
 503:.\Generated_Source\PSoC5/USBFS_episr.c ****             {
 504:.\Generated_Source\PSoC5/USBFS_episr.c ****                 USBFS_MIDI_OUT_EP_Service();
 505:.\Generated_Source\PSoC5/USBFS_episr.c ****             }
 506:.\Generated_Source\PSoC5/USBFS_episr.c ****         #endif /* End USBFS_ISR_SERVICE_MIDI_OUT */
 507:.\Generated_Source\PSoC5/USBFS_episr.c **** 
 508:.\Generated_Source\PSoC5/USBFS_episr.c ****         /* `#START EP8_END_USER_CODE` Place your code here */
 509:.\Generated_Source\PSoC5/USBFS_episr.c **** 
 510:.\Generated_Source\PSoC5/USBFS_episr.c ****         /* `#END` */
 511:.\Generated_Source\PSoC5/USBFS_episr.c **** 
 512:.\Generated_Source\PSoC5/USBFS_episr.c ****         #if (defined(USBFS_ENABLE_MIDI_STREAMING) && USBFS_ISR_SERVICE_MIDI_OUT && CY_PSOC3)
 513:.\Generated_Source\PSoC5/USBFS_episr.c ****             EA = int_en;
 514:.\Generated_Source\PSoC5/USBFS_episr.c ****         #endif /* CY_PSOC3 & USBFS_ISR_SERVICE_MIDI_OUT  */
 515:.\Generated_Source\PSoC5/USBFS_episr.c ****     }
 516:.\Generated_Source\PSoC5/USBFS_episr.c **** 
 517:.\Generated_Source\PSoC5/USBFS_episr.c **** #endif   /* End USBFS_EP8_ISR_REMOVE */
 518:.\Generated_Source\PSoC5/USBFS_episr.c **** 
 519:.\Generated_Source\PSoC5/USBFS_episr.c **** 
 520:.\Generated_Source\PSoC5/USBFS_episr.c **** /*******************************************************************************
 521:.\Generated_Source\PSoC5/USBFS_episr.c **** * Function Name: USBFS_SOF_ISR
 522:.\Generated_Source\PSoC5/USBFS_episr.c **** ********************************************************************************
 523:.\Generated_Source\PSoC5/USBFS_episr.c **** *
 524:.\Generated_Source\PSoC5/USBFS_episr.c **** * Summary:
 525:.\Generated_Source\PSoC5/USBFS_episr.c **** *  Start of Frame Interrupt Service Routine
 526:.\Generated_Source\PSoC5/USBFS_episr.c **** *
ARM GAS  C:\Users\Robert\AppData\Local\Temp\ccr7LMpc.s 			page 13


 527:.\Generated_Source\PSoC5/USBFS_episr.c **** * Parameters:
 528:.\Generated_Source\PSoC5/USBFS_episr.c **** *  None.
 529:.\Generated_Source\PSoC5/USBFS_episr.c **** *
 530:.\Generated_Source\PSoC5/USBFS_episr.c **** * Return:
 531:.\Generated_Source\PSoC5/USBFS_episr.c **** *  None.
 532:.\Generated_Source\PSoC5/USBFS_episr.c **** *
 533:.\Generated_Source\PSoC5/USBFS_episr.c **** *******************************************************************************/
 534:.\Generated_Source\PSoC5/USBFS_episr.c **** CY_ISR(USBFS_SOF_ISR)
 535:.\Generated_Source\PSoC5/USBFS_episr.c **** {
 159              		.loc 1 535 0
 160              		.cfi_startproc
 161              		@ args = 0, pretend = 0, frame = 0
 162              		@ frame_needed = 1, uses_anonymous_args = 0
 163              		@ link register save eliminated.
 164 0000 80B4     		push	{r7}
 165              	.LCFI4:
 166              		.cfi_def_cfa_offset 4
 167              		.cfi_offset 7, -4
 168 0002 00AF     		add	r7, sp, #0
 169              	.LCFI5:
 170              		.cfi_def_cfa_register 7
 536:.\Generated_Source\PSoC5/USBFS_episr.c ****     /* `#START SOF_USER_CODE` Place your code here */
 537:.\Generated_Source\PSoC5/USBFS_episr.c **** 
 538:.\Generated_Source\PSoC5/USBFS_episr.c ****     /* `#END` */
 539:.\Generated_Source\PSoC5/USBFS_episr.c **** }
 171              		.loc 1 539 0
 172 0004 BD46     		mov	sp, r7
 173 0006 80BC     		pop	{r7}
 174 0008 7047     		bx	lr
 175              		.cfi_endproc
 176              	.LFE2:
 177              		.size	USBFS_SOF_ISR, .-USBFS_SOF_ISR
 178 000a 00BF     		.section	.text.USBFS_BUS_RESET_ISR,"ax",%progbits
 179              		.align	2
 180              		.global	USBFS_BUS_RESET_ISR
 181              		.thumb
 182              		.thumb_func
 183              		.type	USBFS_BUS_RESET_ISR, %function
 184              	USBFS_BUS_RESET_ISR:
 185              	.LFB3:
 540:.\Generated_Source\PSoC5/USBFS_episr.c **** 
 541:.\Generated_Source\PSoC5/USBFS_episr.c **** 
 542:.\Generated_Source\PSoC5/USBFS_episr.c **** /*******************************************************************************
 543:.\Generated_Source\PSoC5/USBFS_episr.c **** * Function Name: USBFS_BUS_RESET_ISR
 544:.\Generated_Source\PSoC5/USBFS_episr.c **** ********************************************************************************
 545:.\Generated_Source\PSoC5/USBFS_episr.c **** *
 546:.\Generated_Source\PSoC5/USBFS_episr.c **** * Summary:
 547:.\Generated_Source\PSoC5/USBFS_episr.c **** *  USB Bus Reset Interrupt Service Routine.  Calls _Start with the same
 548:.\Generated_Source\PSoC5/USBFS_episr.c **** *  parameters as the last USER call to _Start
 549:.\Generated_Source\PSoC5/USBFS_episr.c **** *
 550:.\Generated_Source\PSoC5/USBFS_episr.c **** * Parameters:
 551:.\Generated_Source\PSoC5/USBFS_episr.c **** *  None.
 552:.\Generated_Source\PSoC5/USBFS_episr.c **** *
 553:.\Generated_Source\PSoC5/USBFS_episr.c **** * Return:
 554:.\Generated_Source\PSoC5/USBFS_episr.c **** *  None.
 555:.\Generated_Source\PSoC5/USBFS_episr.c **** *
 556:.\Generated_Source\PSoC5/USBFS_episr.c **** *******************************************************************************/
ARM GAS  C:\Users\Robert\AppData\Local\Temp\ccr7LMpc.s 			page 14


 557:.\Generated_Source\PSoC5/USBFS_episr.c **** CY_ISR(USBFS_BUS_RESET_ISR)
 558:.\Generated_Source\PSoC5/USBFS_episr.c **** {
 186              		.loc 1 558 0
 187              		.cfi_startproc
 188              		@ args = 0, pretend = 0, frame = 0
 189              		@ frame_needed = 1, uses_anonymous_args = 0
 190 0000 80B5     		push	{r7, lr}
 191              	.LCFI6:
 192              		.cfi_def_cfa_offset 8
 193              		.cfi_offset 7, -8
 194              		.cfi_offset 14, -4
 195 0002 00AF     		add	r7, sp, #0
 196              	.LCFI7:
 197              		.cfi_def_cfa_register 7
 559:.\Generated_Source\PSoC5/USBFS_episr.c ****     /* `#START BUS_RESET_USER_CODE` Place your code here */
 560:.\Generated_Source\PSoC5/USBFS_episr.c **** 
 561:.\Generated_Source\PSoC5/USBFS_episr.c ****     /* `#END` */
 562:.\Generated_Source\PSoC5/USBFS_episr.c **** 
 563:.\Generated_Source\PSoC5/USBFS_episr.c ****     USBFS_ReInitComponent();
 198              		.loc 1 563 0
 199 0004 FFF7FEFF 		bl	USBFS_ReInitComponent
 564:.\Generated_Source\PSoC5/USBFS_episr.c **** }
 200              		.loc 1 564 0
 201 0008 80BD     		pop	{r7, pc}
 202              		.cfi_endproc
 203              	.LFE3:
 204              		.size	USBFS_BUS_RESET_ISR, .-USBFS_BUS_RESET_ISR
 205 000a 00BF     		.text
 206              	.Letext0:
 207              		.file 2 ".\\Generated_Source\\PSoC5\\cytypes.h"
 208              		.file 3 ".\\Generated_Source\\PSoC5\\USBFS.h"
 209              		.file 4 ".\\Generated_Source\\PSoC5\\USBFS_pvt.h"
 210              		.section	.debug_info,"",%progbits
 211              	.Ldebug_info0:
 212 0000 BC010000 		.4byte	0x1bc
 213 0004 0200     		.2byte	0x2
 214 0006 00000000 		.4byte	.Ldebug_abbrev0
 215 000a 04       		.byte	0x4
 216 000b 01       		.uleb128 0x1
 217 000c B2010000 		.4byte	.LASF30
 218 0010 01       		.byte	0x1
 219 0011 59000000 		.4byte	.LASF31
 220 0015 1B010000 		.4byte	.LASF32
 221 0019 00000000 		.4byte	.Ldebug_ranges0+0
 222 001d 00000000 		.4byte	0
 223 0021 00000000 		.4byte	0
 224 0025 00000000 		.4byte	.Ldebug_line0
 225 0029 02       		.uleb128 0x2
 226 002a 01       		.byte	0x1
 227 002b 06       		.byte	0x6
 228 002c 1D020000 		.4byte	.LASF0
 229 0030 02       		.uleb128 0x2
 230 0031 01       		.byte	0x1
 231 0032 08       		.byte	0x8
 232 0033 4B000000 		.4byte	.LASF1
 233 0037 02       		.uleb128 0x2
 234 0038 02       		.byte	0x2
ARM GAS  C:\Users\Robert\AppData\Local\Temp\ccr7LMpc.s 			page 15


 235 0039 05       		.byte	0x5
 236 003a A2010000 		.4byte	.LASF2
 237 003e 02       		.uleb128 0x2
 238 003f 02       		.byte	0x2
 239 0040 07       		.byte	0x7
 240 0041 00000000 		.4byte	.LASF3
 241 0045 02       		.uleb128 0x2
 242 0046 04       		.byte	0x4
 243 0047 05       		.byte	0x5
 244 0048 05020000 		.4byte	.LASF4
 245 004c 02       		.uleb128 0x2
 246 004d 04       		.byte	0x4
 247 004e 07       		.byte	0x7
 248 004f 85000000 		.4byte	.LASF5
 249 0053 02       		.uleb128 0x2
 250 0054 08       		.byte	0x8
 251 0055 05       		.byte	0x5
 252 0056 84010000 		.4byte	.LASF6
 253 005a 02       		.uleb128 0x2
 254 005b 08       		.byte	0x8
 255 005c 07       		.byte	0x7
 256 005d EB000000 		.4byte	.LASF7
 257 0061 03       		.uleb128 0x3
 258 0062 04       		.byte	0x4
 259 0063 05       		.byte	0x5
 260 0064 696E7400 		.ascii	"int\000"
 261 0068 02       		.uleb128 0x2
 262 0069 04       		.byte	0x4
 263 006a 07       		.byte	0x7
 264 006b DE000000 		.4byte	.LASF8
 265 006f 04       		.uleb128 0x4
 266 0070 AC010000 		.4byte	.LASF9
 267 0074 02       		.byte	0x2
 268 0075 5B       		.byte	0x5b
 269 0076 30000000 		.4byte	0x30
 270 007a 04       		.uleb128 0x4
 271 007b CC000000 		.4byte	.LASF10
 272 007f 02       		.byte	0x2
 273 0080 5C       		.byte	0x5c
 274 0081 3E000000 		.4byte	0x3e
 275 0085 02       		.uleb128 0x2
 276 0086 04       		.byte	0x4
 277 0087 04       		.byte	0x4
 278 0088 3C000000 		.4byte	.LASF11
 279 008c 02       		.uleb128 0x2
 280 008d 08       		.byte	0x8
 281 008e 04       		.byte	0x4
 282 008f B3000000 		.4byte	.LASF12
 283 0093 02       		.uleb128 0x2
 284 0094 01       		.byte	0x1
 285 0095 08       		.byte	0x8
 286 0096 92010000 		.4byte	.LASF13
 287 009a 04       		.uleb128 0x4
 288 009b 80000000 		.4byte	.LASF14
 289 009f 02       		.byte	0x2
 290 00a0 F0       		.byte	0xf0
 291 00a1 A5000000 		.4byte	0xa5
ARM GAS  C:\Users\Robert\AppData\Local\Temp\ccr7LMpc.s 			page 16


 292 00a5 05       		.uleb128 0x5
 293 00a6 6F000000 		.4byte	0x6f
 294 00aa 02       		.uleb128 0x2
 295 00ab 04       		.byte	0x4
 296 00ac 07       		.byte	0x7
 297 00ad 74010000 		.4byte	.LASF15
 298 00b1 06       		.uleb128 0x6
 299 00b2 0C       		.byte	0xc
 300 00b3 03       		.byte	0x3
 301 00b4 79       		.byte	0x79
 302 00b5 38010000 		.4byte	0x138
 303 00b9 07       		.uleb128 0x7
 304 00ba BA000000 		.4byte	.LASF16
 305 00be 03       		.byte	0x3
 306 00bf 7B       		.byte	0x7b
 307 00c0 6F000000 		.4byte	0x6f
 308 00c4 02       		.byte	0x2
 309 00c5 23       		.byte	0x23
 310 00c6 00       		.uleb128 0
 311 00c7 07       		.uleb128 0x7
 312 00c8 D3000000 		.4byte	.LASF17
 313 00cc 03       		.byte	0x3
 314 00cd 7C       		.byte	0x7c
 315 00ce 6F000000 		.4byte	0x6f
 316 00d2 02       		.byte	0x2
 317 00d3 23       		.byte	0x23
 318 00d4 01       		.uleb128 0x1
 319 00d5 07       		.uleb128 0x7
 320 00d6 02010000 		.4byte	.LASF18
 321 00da 03       		.byte	0x3
 322 00db 7D       		.byte	0x7d
 323 00dc 6F000000 		.4byte	0x6f
 324 00e0 02       		.byte	0x2
 325 00e1 23       		.byte	0x23
 326 00e2 02       		.uleb128 0x2
 327 00e3 07       		.uleb128 0x7
 328 00e4 42000000 		.4byte	.LASF19
 329 00e8 03       		.byte	0x3
 330 00e9 7E       		.byte	0x7e
 331 00ea 6F000000 		.4byte	0x6f
 332 00ee 02       		.byte	0x2
 333 00ef 23       		.byte	0x23
 334 00f0 03       		.uleb128 0x3
 335 00f1 07       		.uleb128 0x7
 336 00f2 97000000 		.4byte	.LASF20
 337 00f6 03       		.byte	0x3
 338 00f7 7F       		.byte	0x7f
 339 00f8 6F000000 		.4byte	0x6f
 340 00fc 02       		.byte	0x2
 341 00fd 23       		.byte	0x23
 342 00fe 04       		.uleb128 0x4
 343 00ff 07       		.uleb128 0x7
 344 0100 7D010000 		.4byte	.LASF21
 345 0104 03       		.byte	0x3
 346 0105 80       		.byte	0x80
 347 0106 6F000000 		.4byte	0x6f
 348 010a 02       		.byte	0x2
ARM GAS  C:\Users\Robert\AppData\Local\Temp\ccr7LMpc.s 			page 17


 349 010b 23       		.byte	0x23
 350 010c 05       		.uleb128 0x5
 351 010d 07       		.uleb128 0x7
 352 010e C1000000 		.4byte	.LASF22
 353 0112 03       		.byte	0x3
 354 0113 81       		.byte	0x81
 355 0114 7A000000 		.4byte	0x7a
 356 0118 02       		.byte	0x2
 357 0119 23       		.byte	0x23
 358 011a 06       		.uleb128 0x6
 359 011b 07       		.uleb128 0x7
 360 011c 97010000 		.4byte	.LASF23
 361 0120 03       		.byte	0x3
 362 0121 82       		.byte	0x82
 363 0122 7A000000 		.4byte	0x7a
 364 0126 02       		.byte	0x2
 365 0127 23       		.byte	0x23
 366 0128 08       		.uleb128 0x8
 367 0129 07       		.uleb128 0x7
 368 012a FB010000 		.4byte	.LASF24
 369 012e 03       		.byte	0x3
 370 012f 83       		.byte	0x83
 371 0130 6F000000 		.4byte	0x6f
 372 0134 02       		.byte	0x2
 373 0135 23       		.byte	0x23
 374 0136 0A       		.uleb128 0xa
 375 0137 00       		.byte	0
 376 0138 04       		.uleb128 0x4
 377 0139 13000000 		.4byte	.LASF25
 378 013d 03       		.byte	0x3
 379 013e 84       		.byte	0x84
 380 013f B1000000 		.4byte	0xb1
 381 0143 08       		.uleb128 0x8
 382 0144 01       		.byte	0x1
 383 0145 0C010000 		.4byte	.LASF26
 384 0149 01       		.byte	0x1
 385 014a 31       		.byte	0x31
 386 014b 01       		.byte	0x1
 387 014c 00000000 		.4byte	.LFB0
 388 0150 72000000 		.4byte	.LFE0
 389 0154 00000000 		.4byte	.LLST0
 390 0158 01       		.byte	0x1
 391 0159 08       		.uleb128 0x8
 392 015a 01       		.byte	0x1
 393 015b 0E020000 		.4byte	.LASF27
 394 015f 01       		.byte	0x1
 395 0160 6E       		.byte	0x6e
 396 0161 01       		.byte	0x1
 397 0162 00000000 		.4byte	.LFB1
 398 0166 72000000 		.4byte	.LFE1
 399 016a 2C000000 		.4byte	.LLST1
 400 016e 01       		.byte	0x1
 401 016f 09       		.uleb128 0x9
 402 0170 01       		.byte	0x1
 403 0171 9C000000 		.4byte	.LASF28
 404 0175 01       		.byte	0x1
 405 0176 1602     		.2byte	0x216
ARM GAS  C:\Users\Robert\AppData\Local\Temp\ccr7LMpc.s 			page 18


 406 0178 01       		.byte	0x1
 407 0179 00000000 		.4byte	.LFB2
 408 017d 0A000000 		.4byte	.LFE2
 409 0181 58000000 		.4byte	.LLST2
 410 0185 01       		.byte	0x1
 411 0186 0A       		.uleb128 0xa
 412 0187 01       		.byte	0x1
 413 0188 28000000 		.4byte	.LASF29
 414 018c 01       		.byte	0x1
 415 018d 2D02     		.2byte	0x22d
 416 018f 01       		.byte	0x1
 417 0190 00000000 		.4byte	.LFB3
 418 0194 0A000000 		.4byte	.LFE3
 419 0198 84000000 		.4byte	.LLST3
 420 019c 01       		.byte	0x1
 421 019d 0B       		.uleb128 0xb
 422 019e 38010000 		.4byte	0x138
 423 01a2 AD010000 		.4byte	0x1ad
 424 01a6 0C       		.uleb128 0xc
 425 01a7 AA000000 		.4byte	0xaa
 426 01ab 08       		.byte	0x8
 427 01ac 00       		.byte	0
 428 01ad 0D       		.uleb128 0xd
 429 01ae AA000000 		.4byte	.LASF33
 430 01b2 04       		.byte	0x4
 431 01b3 3F       		.byte	0x3f
 432 01b4 BA010000 		.4byte	0x1ba
 433 01b8 01       		.byte	0x1
 434 01b9 01       		.byte	0x1
 435 01ba 05       		.uleb128 0x5
 436 01bb 9D010000 		.4byte	0x19d
 437 01bf 00       		.byte	0
 438              		.section	.debug_abbrev,"",%progbits
 439              	.Ldebug_abbrev0:
 440 0000 01       		.uleb128 0x1
 441 0001 11       		.uleb128 0x11
 442 0002 01       		.byte	0x1
 443 0003 25       		.uleb128 0x25
 444 0004 0E       		.uleb128 0xe
 445 0005 13       		.uleb128 0x13
 446 0006 0B       		.uleb128 0xb
 447 0007 03       		.uleb128 0x3
 448 0008 0E       		.uleb128 0xe
 449 0009 1B       		.uleb128 0x1b
 450 000a 0E       		.uleb128 0xe
 451 000b 55       		.uleb128 0x55
 452 000c 06       		.uleb128 0x6
 453 000d 11       		.uleb128 0x11
 454 000e 01       		.uleb128 0x1
 455 000f 52       		.uleb128 0x52
 456 0010 01       		.uleb128 0x1
 457 0011 10       		.uleb128 0x10
 458 0012 06       		.uleb128 0x6
 459 0013 00       		.byte	0
 460 0014 00       		.byte	0
 461 0015 02       		.uleb128 0x2
 462 0016 24       		.uleb128 0x24
ARM GAS  C:\Users\Robert\AppData\Local\Temp\ccr7LMpc.s 			page 19


 463 0017 00       		.byte	0
 464 0018 0B       		.uleb128 0xb
 465 0019 0B       		.uleb128 0xb
 466 001a 3E       		.uleb128 0x3e
 467 001b 0B       		.uleb128 0xb
 468 001c 03       		.uleb128 0x3
 469 001d 0E       		.uleb128 0xe
 470 001e 00       		.byte	0
 471 001f 00       		.byte	0
 472 0020 03       		.uleb128 0x3
 473 0021 24       		.uleb128 0x24
 474 0022 00       		.byte	0
 475 0023 0B       		.uleb128 0xb
 476 0024 0B       		.uleb128 0xb
 477 0025 3E       		.uleb128 0x3e
 478 0026 0B       		.uleb128 0xb
 479 0027 03       		.uleb128 0x3
 480 0028 08       		.uleb128 0x8
 481 0029 00       		.byte	0
 482 002a 00       		.byte	0
 483 002b 04       		.uleb128 0x4
 484 002c 16       		.uleb128 0x16
 485 002d 00       		.byte	0
 486 002e 03       		.uleb128 0x3
 487 002f 0E       		.uleb128 0xe
 488 0030 3A       		.uleb128 0x3a
 489 0031 0B       		.uleb128 0xb
 490 0032 3B       		.uleb128 0x3b
 491 0033 0B       		.uleb128 0xb
 492 0034 49       		.uleb128 0x49
 493 0035 13       		.uleb128 0x13
 494 0036 00       		.byte	0
 495 0037 00       		.byte	0
 496 0038 05       		.uleb128 0x5
 497 0039 35       		.uleb128 0x35
 498 003a 00       		.byte	0
 499 003b 49       		.uleb128 0x49
 500 003c 13       		.uleb128 0x13
 501 003d 00       		.byte	0
 502 003e 00       		.byte	0
 503 003f 06       		.uleb128 0x6
 504 0040 13       		.uleb128 0x13
 505 0041 01       		.byte	0x1
 506 0042 0B       		.uleb128 0xb
 507 0043 0B       		.uleb128 0xb
 508 0044 3A       		.uleb128 0x3a
 509 0045 0B       		.uleb128 0xb
 510 0046 3B       		.uleb128 0x3b
 511 0047 0B       		.uleb128 0xb
 512 0048 01       		.uleb128 0x1
 513 0049 13       		.uleb128 0x13
 514 004a 00       		.byte	0
 515 004b 00       		.byte	0
 516 004c 07       		.uleb128 0x7
 517 004d 0D       		.uleb128 0xd
 518 004e 00       		.byte	0
 519 004f 03       		.uleb128 0x3
ARM GAS  C:\Users\Robert\AppData\Local\Temp\ccr7LMpc.s 			page 20


 520 0050 0E       		.uleb128 0xe
 521 0051 3A       		.uleb128 0x3a
 522 0052 0B       		.uleb128 0xb
 523 0053 3B       		.uleb128 0x3b
 524 0054 0B       		.uleb128 0xb
 525 0055 49       		.uleb128 0x49
 526 0056 13       		.uleb128 0x13
 527 0057 38       		.uleb128 0x38
 528 0058 0A       		.uleb128 0xa
 529 0059 00       		.byte	0
 530 005a 00       		.byte	0
 531 005b 08       		.uleb128 0x8
 532 005c 2E       		.uleb128 0x2e
 533 005d 00       		.byte	0
 534 005e 3F       		.uleb128 0x3f
 535 005f 0C       		.uleb128 0xc
 536 0060 03       		.uleb128 0x3
 537 0061 0E       		.uleb128 0xe
 538 0062 3A       		.uleb128 0x3a
 539 0063 0B       		.uleb128 0xb
 540 0064 3B       		.uleb128 0x3b
 541 0065 0B       		.uleb128 0xb
 542 0066 27       		.uleb128 0x27
 543 0067 0C       		.uleb128 0xc
 544 0068 11       		.uleb128 0x11
 545 0069 01       		.uleb128 0x1
 546 006a 12       		.uleb128 0x12
 547 006b 01       		.uleb128 0x1
 548 006c 40       		.uleb128 0x40
 549 006d 06       		.uleb128 0x6
 550 006e 9742     		.uleb128 0x2117
 551 0070 0C       		.uleb128 0xc
 552 0071 00       		.byte	0
 553 0072 00       		.byte	0
 554 0073 09       		.uleb128 0x9
 555 0074 2E       		.uleb128 0x2e
 556 0075 00       		.byte	0
 557 0076 3F       		.uleb128 0x3f
 558 0077 0C       		.uleb128 0xc
 559 0078 03       		.uleb128 0x3
 560 0079 0E       		.uleb128 0xe
 561 007a 3A       		.uleb128 0x3a
 562 007b 0B       		.uleb128 0xb
 563 007c 3B       		.uleb128 0x3b
 564 007d 05       		.uleb128 0x5
 565 007e 27       		.uleb128 0x27
 566 007f 0C       		.uleb128 0xc
 567 0080 11       		.uleb128 0x11
 568 0081 01       		.uleb128 0x1
 569 0082 12       		.uleb128 0x12
 570 0083 01       		.uleb128 0x1
 571 0084 40       		.uleb128 0x40
 572 0085 06       		.uleb128 0x6
 573 0086 9742     		.uleb128 0x2117
 574 0088 0C       		.uleb128 0xc
 575 0089 00       		.byte	0
 576 008a 00       		.byte	0
ARM GAS  C:\Users\Robert\AppData\Local\Temp\ccr7LMpc.s 			page 21


 577 008b 0A       		.uleb128 0xa
 578 008c 2E       		.uleb128 0x2e
 579 008d 00       		.byte	0
 580 008e 3F       		.uleb128 0x3f
 581 008f 0C       		.uleb128 0xc
 582 0090 03       		.uleb128 0x3
 583 0091 0E       		.uleb128 0xe
 584 0092 3A       		.uleb128 0x3a
 585 0093 0B       		.uleb128 0xb
 586 0094 3B       		.uleb128 0x3b
 587 0095 05       		.uleb128 0x5
 588 0096 27       		.uleb128 0x27
 589 0097 0C       		.uleb128 0xc
 590 0098 11       		.uleb128 0x11
 591 0099 01       		.uleb128 0x1
 592 009a 12       		.uleb128 0x12
 593 009b 01       		.uleb128 0x1
 594 009c 40       		.uleb128 0x40
 595 009d 06       		.uleb128 0x6
 596 009e 9642     		.uleb128 0x2116
 597 00a0 0C       		.uleb128 0xc
 598 00a1 00       		.byte	0
 599 00a2 00       		.byte	0
 600 00a3 0B       		.uleb128 0xb
 601 00a4 01       		.uleb128 0x1
 602 00a5 01       		.byte	0x1
 603 00a6 49       		.uleb128 0x49
 604 00a7 13       		.uleb128 0x13
 605 00a8 01       		.uleb128 0x1
 606 00a9 13       		.uleb128 0x13
 607 00aa 00       		.byte	0
 608 00ab 00       		.byte	0
 609 00ac 0C       		.uleb128 0xc
 610 00ad 21       		.uleb128 0x21
 611 00ae 00       		.byte	0
 612 00af 49       		.uleb128 0x49
 613 00b0 13       		.uleb128 0x13
 614 00b1 2F       		.uleb128 0x2f
 615 00b2 0B       		.uleb128 0xb
 616 00b3 00       		.byte	0
 617 00b4 00       		.byte	0
 618 00b5 0D       		.uleb128 0xd
 619 00b6 34       		.uleb128 0x34
 620 00b7 00       		.byte	0
 621 00b8 03       		.uleb128 0x3
 622 00b9 0E       		.uleb128 0xe
 623 00ba 3A       		.uleb128 0x3a
 624 00bb 0B       		.uleb128 0xb
 625 00bc 3B       		.uleb128 0x3b
 626 00bd 0B       		.uleb128 0xb
 627 00be 49       		.uleb128 0x49
 628 00bf 13       		.uleb128 0x13
 629 00c0 3F       		.uleb128 0x3f
 630 00c1 0C       		.uleb128 0xc
 631 00c2 3C       		.uleb128 0x3c
 632 00c3 0C       		.uleb128 0xc
 633 00c4 00       		.byte	0
ARM GAS  C:\Users\Robert\AppData\Local\Temp\ccr7LMpc.s 			page 22


 634 00c5 00       		.byte	0
 635 00c6 00       		.byte	0
 636              		.section	.debug_loc,"",%progbits
 637              	.Ldebug_loc0:
 638              	.LLST0:
 639 0000 00000000 		.4byte	.LFB0
 640 0004 02000000 		.4byte	.LCFI0
 641 0008 0200     		.2byte	0x2
 642 000a 7D       		.byte	0x7d
 643 000b 00       		.sleb128 0
 644 000c 02000000 		.4byte	.LCFI0
 645 0010 04000000 		.4byte	.LCFI1
 646 0014 0200     		.2byte	0x2
 647 0016 7D       		.byte	0x7d
 648 0017 04       		.sleb128 4
 649 0018 04000000 		.4byte	.LCFI1
 650 001c 72000000 		.4byte	.LFE0
 651 0020 0200     		.2byte	0x2
 652 0022 77       		.byte	0x77
 653 0023 04       		.sleb128 4
 654 0024 00000000 		.4byte	0
 655 0028 00000000 		.4byte	0
 656              	.LLST1:
 657 002c 00000000 		.4byte	.LFB1
 658 0030 02000000 		.4byte	.LCFI2
 659 0034 0200     		.2byte	0x2
 660 0036 7D       		.byte	0x7d
 661 0037 00       		.sleb128 0
 662 0038 02000000 		.4byte	.LCFI2
 663 003c 04000000 		.4byte	.LCFI3
 664 0040 0200     		.2byte	0x2
 665 0042 7D       		.byte	0x7d
 666 0043 04       		.sleb128 4
 667 0044 04000000 		.4byte	.LCFI3
 668 0048 72000000 		.4byte	.LFE1
 669 004c 0200     		.2byte	0x2
 670 004e 77       		.byte	0x77
 671 004f 04       		.sleb128 4
 672 0050 00000000 		.4byte	0
 673 0054 00000000 		.4byte	0
 674              	.LLST2:
 675 0058 00000000 		.4byte	.LFB2
 676 005c 02000000 		.4byte	.LCFI4
 677 0060 0200     		.2byte	0x2
 678 0062 7D       		.byte	0x7d
 679 0063 00       		.sleb128 0
 680 0064 02000000 		.4byte	.LCFI4
 681 0068 04000000 		.4byte	.LCFI5
 682 006c 0200     		.2byte	0x2
 683 006e 7D       		.byte	0x7d
 684 006f 04       		.sleb128 4
 685 0070 04000000 		.4byte	.LCFI5
 686 0074 0A000000 		.4byte	.LFE2
 687 0078 0200     		.2byte	0x2
 688 007a 77       		.byte	0x77
 689 007b 04       		.sleb128 4
 690 007c 00000000 		.4byte	0
ARM GAS  C:\Users\Robert\AppData\Local\Temp\ccr7LMpc.s 			page 23


 691 0080 00000000 		.4byte	0
 692              	.LLST3:
 693 0084 00000000 		.4byte	.LFB3
 694 0088 02000000 		.4byte	.LCFI6
 695 008c 0200     		.2byte	0x2
 696 008e 7D       		.byte	0x7d
 697 008f 00       		.sleb128 0
 698 0090 02000000 		.4byte	.LCFI6
 699 0094 04000000 		.4byte	.LCFI7
 700 0098 0200     		.2byte	0x2
 701 009a 7D       		.byte	0x7d
 702 009b 08       		.sleb128 8
 703 009c 04000000 		.4byte	.LCFI7
 704 00a0 0A000000 		.4byte	.LFE3
 705 00a4 0200     		.2byte	0x2
 706 00a6 77       		.byte	0x77
 707 00a7 08       		.sleb128 8
 708 00a8 00000000 		.4byte	0
 709 00ac 00000000 		.4byte	0
 710              		.section	.debug_aranges,"",%progbits
 711 0000 34000000 		.4byte	0x34
 712 0004 0200     		.2byte	0x2
 713 0006 00000000 		.4byte	.Ldebug_info0
 714 000a 04       		.byte	0x4
 715 000b 00       		.byte	0
 716 000c 0000     		.2byte	0
 717 000e 0000     		.2byte	0
 718 0010 00000000 		.4byte	.LFB0
 719 0014 72000000 		.4byte	.LFE0-.LFB0
 720 0018 00000000 		.4byte	.LFB1
 721 001c 72000000 		.4byte	.LFE1-.LFB1
 722 0020 00000000 		.4byte	.LFB2
 723 0024 0A000000 		.4byte	.LFE2-.LFB2
 724 0028 00000000 		.4byte	.LFB3
 725 002c 0A000000 		.4byte	.LFE3-.LFB3
 726 0030 00000000 		.4byte	0
 727 0034 00000000 		.4byte	0
 728              		.section	.debug_ranges,"",%progbits
 729              	.Ldebug_ranges0:
 730 0000 00000000 		.4byte	.LFB0
 731 0004 72000000 		.4byte	.LFE0
 732 0008 00000000 		.4byte	.LFB1
 733 000c 72000000 		.4byte	.LFE1
 734 0010 00000000 		.4byte	.LFB2
 735 0014 0A000000 		.4byte	.LFE2
 736 0018 00000000 		.4byte	.LFB3
 737 001c 0A000000 		.4byte	.LFE3
 738 0020 00000000 		.4byte	0
 739 0024 00000000 		.4byte	0
 740              		.section	.debug_line,"",%progbits
 741              	.Ldebug_line0:
 742 0000 C0000000 		.section	.debug_str,"MS",%progbits,1
 742      02006400 
 742      00000201 
 742      FB0E0D00 
 742      01010101 
 743              	.LASF3:
ARM GAS  C:\Users\Robert\AppData\Local\Temp\ccr7LMpc.s 			page 24


 744 0000 73686F72 		.ascii	"short unsigned int\000"
 744      7420756E 
 744      7369676E 
 744      65642069 
 744      6E7400
 745              	.LASF25:
 746 0013 545F5553 		.ascii	"T_USBFS_EP_CTL_BLOCK\000"
 746      4246535F 
 746      45505F43 
 746      544C5F42 
 746      4C4F434B 
 747              	.LASF29:
 748 0028 55534246 		.ascii	"USBFS_BUS_RESET_ISR\000"
 748      535F4255 
 748      535F5245 
 748      5345545F 
 748      49535200 
 749              	.LASF11:
 750 003c 666C6F61 		.ascii	"float\000"
 750      7400
 751              	.LASF19:
 752 0042 6570546F 		.ascii	"epToggle\000"
 752      67676C65 
 752      00
 753              	.LASF1:
 754 004b 756E7369 		.ascii	"unsigned char\000"
 754      676E6564 
 754      20636861 
 754      7200
 755              	.LASF31:
 756 0059 2E5C4765 		.ascii	".\\Generated_Source\\PSoC5\\USBFS_episr.c\000"
 756      6E657261 
 756      7465645F 
 756      536F7572 
 756      63655C50 
 757              	.LASF14:
 758 0080 72656738 		.ascii	"reg8\000"
 758      00
 759              	.LASF5:
 760 0085 6C6F6E67 		.ascii	"long unsigned int\000"
 760      20756E73 
 760      69676E65 
 760      6420696E 
 760      7400
 761              	.LASF20:
 762 0097 61646472 		.ascii	"addr\000"
 762      00
 763              	.LASF28:
 764 009c 55534246 		.ascii	"USBFS_SOF_ISR\000"
 764      535F534F 
 764      465F4953 
 764      5200
 765              	.LASF33:
 766 00aa 55534246 		.ascii	"USBFS_EP\000"
 766      535F4550 
 766      00
 767              	.LASF12:
ARM GAS  C:\Users\Robert\AppData\Local\Temp\ccr7LMpc.s 			page 25


 768 00b3 646F7562 		.ascii	"double\000"
 768      6C6500
 769              	.LASF16:
 770 00ba 61747472 		.ascii	"attrib\000"
 770      696200
 771              	.LASF22:
 772 00c1 62756666 		.ascii	"buffOffset\000"
 772      4F666673 
 772      657400
 773              	.LASF10:
 774 00cc 75696E74 		.ascii	"uint16\000"
 774      313600
 775              	.LASF17:
 776 00d3 61706945 		.ascii	"apiEpState\000"
 776      70537461 
 776      746500
 777              	.LASF8:
 778 00de 756E7369 		.ascii	"unsigned int\000"
 778      676E6564 
 778      20696E74 
 778      00
 779              	.LASF7:
 780 00eb 6C6F6E67 		.ascii	"long long unsigned int\000"
 780      206C6F6E 
 780      6720756E 
 780      7369676E 
 780      65642069 
 781              	.LASF18:
 782 0102 68774570 		.ascii	"hwEpState\000"
 782      53746174 
 782      6500
 783              	.LASF26:
 784 010c 55534246 		.ascii	"USBFS_EP_1_ISR\000"
 784      535F4550 
 784      5F315F49 
 784      535200
 785              	.LASF32:
 786 011b 433A5C55 		.ascii	"C:\\Users\\Robert\\workspace\\Embedit_git_projects\\"
 786      73657273 
 786      5C526F62 
 786      6572745C 
 786      776F726B 
 787 014a 426F6F74 		.ascii	"Bootloader_RPiSoC\\Bootloader_RPiSoC.cydsn\000"
 787      6C6F6164 
 787      65725F52 
 787      5069536F 
 787      435C426F 
 788              	.LASF15:
 789 0174 73697A65 		.ascii	"sizetype\000"
 789      74797065 
 789      00
 790              	.LASF21:
 791 017d 65704D6F 		.ascii	"epMode\000"
 791      646500
 792              	.LASF6:
 793 0184 6C6F6E67 		.ascii	"long long int\000"
 793      206C6F6E 
ARM GAS  C:\Users\Robert\AppData\Local\Temp\ccr7LMpc.s 			page 26


 793      6720696E 
 793      7400
 794              	.LASF13:
 795 0192 63686172 		.ascii	"char\000"
 795      00
 796              	.LASF23:
 797 0197 62756666 		.ascii	"bufferSize\000"
 797      65725369 
 797      7A6500
 798              	.LASF2:
 799 01a2 73686F72 		.ascii	"short int\000"
 799      7420696E 
 799      7400
 800              	.LASF9:
 801 01ac 75696E74 		.ascii	"uint8\000"
 801      3800
 802              	.LASF30:
 803 01b2 474E5520 		.ascii	"GNU C 4.7.3 20130312 (release) [ARM/embedded-4_7-br"
 803      4320342E 
 803      372E3320 
 803      32303133 
 803      30333132 
 804 01e5 616E6368 		.ascii	"anch revision 196615]\000"
 804      20726576 
 804      6973696F 
 804      6E203139 
 804      36363135 
 805              	.LASF24:
 806 01fb 696E7465 		.ascii	"interface\000"
 806      72666163 
 806      6500
 807              	.LASF4:
 808 0205 6C6F6E67 		.ascii	"long int\000"
 808      20696E74 
 808      00
 809              	.LASF27:
 810 020e 55534246 		.ascii	"USBFS_EP_2_ISR\000"
 810      535F4550 
 810      5F325F49 
 810      535200
 811              	.LASF0:
 812 021d 7369676E 		.ascii	"signed char\000"
 812      65642063 
 812      68617200 
 813              		.ident	"GCC: (GNU Tools for ARM Embedded Processors) 4.7.3 20130312 (release) [ARM/embedded-4_7-br
