ARM GAS  C:\Users\Robert\AppData\Local\Temp\cc5mNRRH.s 			page 1


   1              		.syntax unified
   2              		.cpu cortex-m3
   3              		.fpu softvfp
   4              		.eabi_attribute 20, 1
   5              		.eabi_attribute 21, 1
   6              		.eabi_attribute 23, 3
   7              		.eabi_attribute 24, 1
   8              		.eabi_attribute 25, 1
   9              		.eabi_attribute 26, 1
  10              		.eabi_attribute 30, 6
  11              		.eabi_attribute 34, 1
  12              		.eabi_attribute 18, 4
  13              		.thumb
  14              		.file	"USBFS_Dp.c"
  15              		.text
  16              	.Ltext0:
  17              		.cfi_sections	.debug_frame
  18              		.section	.text.USBFS_Dp_Write,"ax",%progbits
  19              		.align	2
  20              		.global	USBFS_Dp_Write
  21              		.thumb
  22              		.thumb_func
  23              		.type	USBFS_Dp_Write, %function
  24              	USBFS_Dp_Write:
  25              	.LFB0:
  26              		.file 1 ".\\Generated_Source\\PSoC5\\USBFS_Dp.c"
   1:.\Generated_Source\PSoC5/USBFS_Dp.c **** /*******************************************************************************
   2:.\Generated_Source\PSoC5/USBFS_Dp.c **** * File Name: USBFS_Dp.c  
   3:.\Generated_Source\PSoC5/USBFS_Dp.c **** * Version 1.90
   4:.\Generated_Source\PSoC5/USBFS_Dp.c **** *
   5:.\Generated_Source\PSoC5/USBFS_Dp.c **** * Description:
   6:.\Generated_Source\PSoC5/USBFS_Dp.c **** *  This file contains API to enable firmware control of a Pins component.
   7:.\Generated_Source\PSoC5/USBFS_Dp.c **** *
   8:.\Generated_Source\PSoC5/USBFS_Dp.c **** * Note:
   9:.\Generated_Source\PSoC5/USBFS_Dp.c **** *
  10:.\Generated_Source\PSoC5/USBFS_Dp.c **** ********************************************************************************
  11:.\Generated_Source\PSoC5/USBFS_Dp.c **** * Copyright 2008-2012, Cypress Semiconductor Corporation.  All rights reserved.
  12:.\Generated_Source\PSoC5/USBFS_Dp.c **** * You may use this file only in accordance with the license, terms, conditions, 
  13:.\Generated_Source\PSoC5/USBFS_Dp.c **** * disclaimers, and limitations in the end user license agreement accompanying 
  14:.\Generated_Source\PSoC5/USBFS_Dp.c **** * the software package with which this file was provided.
  15:.\Generated_Source\PSoC5/USBFS_Dp.c **** *******************************************************************************/
  16:.\Generated_Source\PSoC5/USBFS_Dp.c **** 
  17:.\Generated_Source\PSoC5/USBFS_Dp.c **** #include "cytypes.h"
  18:.\Generated_Source\PSoC5/USBFS_Dp.c **** #include "USBFS_Dp.h"
  19:.\Generated_Source\PSoC5/USBFS_Dp.c **** 
  20:.\Generated_Source\PSoC5/USBFS_Dp.c **** /* APIs are not generated for P15[7:6] on PSoC 5 */
  21:.\Generated_Source\PSoC5/USBFS_Dp.c **** #if !(CY_PSOC5A &&\
  22:.\Generated_Source\PSoC5/USBFS_Dp.c **** 	 USBFS_Dp__PORT == 15 && ((USBFS_Dp__MASK & 0xC0) != 0))
  23:.\Generated_Source\PSoC5/USBFS_Dp.c **** 
  24:.\Generated_Source\PSoC5/USBFS_Dp.c **** 
  25:.\Generated_Source\PSoC5/USBFS_Dp.c **** /*******************************************************************************
  26:.\Generated_Source\PSoC5/USBFS_Dp.c **** * Function Name: USBFS_Dp_Write
  27:.\Generated_Source\PSoC5/USBFS_Dp.c **** ********************************************************************************
  28:.\Generated_Source\PSoC5/USBFS_Dp.c **** *
  29:.\Generated_Source\PSoC5/USBFS_Dp.c **** * Summary:
  30:.\Generated_Source\PSoC5/USBFS_Dp.c **** *  Assign a new value to the digital port's data output register.  
  31:.\Generated_Source\PSoC5/USBFS_Dp.c **** *
ARM GAS  C:\Users\Robert\AppData\Local\Temp\cc5mNRRH.s 			page 2


  32:.\Generated_Source\PSoC5/USBFS_Dp.c **** * Parameters:  
  33:.\Generated_Source\PSoC5/USBFS_Dp.c **** *  prtValue:  The value to be assigned to the Digital Port. 
  34:.\Generated_Source\PSoC5/USBFS_Dp.c **** *
  35:.\Generated_Source\PSoC5/USBFS_Dp.c **** * Return: 
  36:.\Generated_Source\PSoC5/USBFS_Dp.c **** *  None
  37:.\Generated_Source\PSoC5/USBFS_Dp.c **** *  
  38:.\Generated_Source\PSoC5/USBFS_Dp.c **** *******************************************************************************/
  39:.\Generated_Source\PSoC5/USBFS_Dp.c **** void USBFS_Dp_Write(uint8 value) 
  40:.\Generated_Source\PSoC5/USBFS_Dp.c **** {
  27              		.loc 1 40 0
  28              		.cfi_startproc
  29              		@ args = 0, pretend = 0, frame = 16
  30              		@ frame_needed = 1, uses_anonymous_args = 0
  31              		@ link register save eliminated.
  32 0000 80B4     		push	{r7}
  33              	.LCFI0:
  34              		.cfi_def_cfa_offset 4
  35              		.cfi_offset 7, -4
  36 0002 85B0     		sub	sp, sp, #20
  37              	.LCFI1:
  38              		.cfi_def_cfa_offset 24
  39 0004 00AF     		add	r7, sp, #0
  40              	.LCFI2:
  41              		.cfi_def_cfa_register 7
  42 0006 0346     		mov	r3, r0
  43 0008 FB71     		strb	r3, [r7, #7]
  41:.\Generated_Source\PSoC5/USBFS_Dp.c ****     uint8 staticBits = (USBFS_Dp_DR & (uint8)(~USBFS_Dp_MASK));
  44              		.loc 1 41 0
  45 000a 45F2F013 		movw	r3, #20976
  46 000e C4F20003 		movt	r3, 16384
  47 0012 1B78     		ldrb	r3, [r3, #0]
  48 0014 DBB2     		uxtb	r3, r3
  49 0016 23F04003 		bic	r3, r3, #64
  50 001a FB73     		strb	r3, [r7, #15]
  42:.\Generated_Source\PSoC5/USBFS_Dp.c ****     USBFS_Dp_DR = staticBits | ((uint8)(value << USBFS_Dp_SHIFT) & USBFS_Dp_MASK);
  51              		.loc 1 42 0
  52 001c 45F2F013 		movw	r3, #20976
  53 0020 C4F20003 		movt	r3, 16384
  54 0024 FA79     		ldrb	r2, [r7, #7]
  55 0026 4FEA8212 		lsl	r2, r2, #6
  56 002a D2B2     		uxtb	r2, r2
  57 002c 02F04002 		and	r2, r2, #64
  58 0030 D1B2     		uxtb	r1, r2
  59 0032 FA7B     		ldrb	r2, [r7, #15]
  60 0034 0A43     		orrs	r2, r2, r1
  61 0036 D2B2     		uxtb	r2, r2
  62 0038 1A70     		strb	r2, [r3, #0]
  43:.\Generated_Source\PSoC5/USBFS_Dp.c **** }
  63              		.loc 1 43 0
  64 003a 07F11407 		add	r7, r7, #20
  65 003e BD46     		mov	sp, r7
  66 0040 80BC     		pop	{r7}
  67 0042 7047     		bx	lr
  68              		.cfi_endproc
  69              	.LFE0:
  70              		.size	USBFS_Dp_Write, .-USBFS_Dp_Write
  71              		.section	.text.USBFS_Dp_SetDriveMode,"ax",%progbits
ARM GAS  C:\Users\Robert\AppData\Local\Temp\cc5mNRRH.s 			page 3


  72              		.align	2
  73              		.global	USBFS_Dp_SetDriveMode
  74              		.thumb
  75              		.thumb_func
  76              		.type	USBFS_Dp_SetDriveMode, %function
  77              	USBFS_Dp_SetDriveMode:
  78              	.LFB1:
  44:.\Generated_Source\PSoC5/USBFS_Dp.c **** 
  45:.\Generated_Source\PSoC5/USBFS_Dp.c **** 
  46:.\Generated_Source\PSoC5/USBFS_Dp.c **** /*******************************************************************************
  47:.\Generated_Source\PSoC5/USBFS_Dp.c **** * Function Name: USBFS_Dp_SetDriveMode
  48:.\Generated_Source\PSoC5/USBFS_Dp.c **** ********************************************************************************
  49:.\Generated_Source\PSoC5/USBFS_Dp.c **** *
  50:.\Generated_Source\PSoC5/USBFS_Dp.c **** * Summary:
  51:.\Generated_Source\PSoC5/USBFS_Dp.c **** *  Change the drive mode on the pins of the port.
  52:.\Generated_Source\PSoC5/USBFS_Dp.c **** * 
  53:.\Generated_Source\PSoC5/USBFS_Dp.c **** * Parameters:  
  54:.\Generated_Source\PSoC5/USBFS_Dp.c **** *  mode:  Change the pins to this drive mode.
  55:.\Generated_Source\PSoC5/USBFS_Dp.c **** *
  56:.\Generated_Source\PSoC5/USBFS_Dp.c **** * Return: 
  57:.\Generated_Source\PSoC5/USBFS_Dp.c **** *  None
  58:.\Generated_Source\PSoC5/USBFS_Dp.c **** *
  59:.\Generated_Source\PSoC5/USBFS_Dp.c **** *******************************************************************************/
  60:.\Generated_Source\PSoC5/USBFS_Dp.c **** void USBFS_Dp_SetDriveMode(uint8 mode) 
  61:.\Generated_Source\PSoC5/USBFS_Dp.c **** {
  79              		.loc 1 61 0
  80              		.cfi_startproc
  81              		@ args = 0, pretend = 0, frame = 8
  82              		@ frame_needed = 1, uses_anonymous_args = 0
  83              		@ link register save eliminated.
  84 0000 80B4     		push	{r7}
  85              	.LCFI3:
  86              		.cfi_def_cfa_offset 4
  87              		.cfi_offset 7, -4
  88 0002 83B0     		sub	sp, sp, #12
  89              	.LCFI4:
  90              		.cfi_def_cfa_offset 16
  91 0004 00AF     		add	r7, sp, #0
  92              	.LCFI5:
  93              		.cfi_def_cfa_register 7
  94 0006 0346     		mov	r3, r0
  95 0008 FB71     		strb	r3, [r7, #7]
  62:.\Generated_Source\PSoC5/USBFS_Dp.c **** 	CyPins_SetPinDriveMode(USBFS_Dp_0, mode);
  96              		.loc 1 62 0
  97 000a 45F27E03 		movw	r3, #20606
  98 000e C4F20003 		movt	r3, 16384
  99 0012 45F27E02 		movw	r2, #20606
 100 0016 C4F20002 		movt	r2, 16384
 101 001a 1278     		ldrb	r2, [r2, #0]
 102 001c D2B2     		uxtb	r2, r2
 103 001e D2B2     		uxtb	r2, r2
 104 0020 22F00E02 		bic	r2, r2, #14
 105 0024 D1B2     		uxtb	r1, r2
 106 0026 FA79     		ldrb	r2, [r7, #7]	@ zero_extendqisi2
 107 0028 02F00E02 		and	r2, r2, #14
 108 002c D2B2     		uxtb	r2, r2
 109 002e 0A43     		orrs	r2, r2, r1
ARM GAS  C:\Users\Robert\AppData\Local\Temp\cc5mNRRH.s 			page 4


 110 0030 D2B2     		uxtb	r2, r2
 111 0032 D2B2     		uxtb	r2, r2
 112 0034 1A70     		strb	r2, [r3, #0]
  63:.\Generated_Source\PSoC5/USBFS_Dp.c **** }
 113              		.loc 1 63 0
 114 0036 07F10C07 		add	r7, r7, #12
 115 003a BD46     		mov	sp, r7
 116 003c 80BC     		pop	{r7}
 117 003e 7047     		bx	lr
 118              		.cfi_endproc
 119              	.LFE1:
 120              		.size	USBFS_Dp_SetDriveMode, .-USBFS_Dp_SetDriveMode
 121              		.section	.text.USBFS_Dp_Read,"ax",%progbits
 122              		.align	2
 123              		.global	USBFS_Dp_Read
 124              		.thumb
 125              		.thumb_func
 126              		.type	USBFS_Dp_Read, %function
 127              	USBFS_Dp_Read:
 128              	.LFB2:
  64:.\Generated_Source\PSoC5/USBFS_Dp.c **** 
  65:.\Generated_Source\PSoC5/USBFS_Dp.c **** 
  66:.\Generated_Source\PSoC5/USBFS_Dp.c **** /*******************************************************************************
  67:.\Generated_Source\PSoC5/USBFS_Dp.c **** * Function Name: USBFS_Dp_Read
  68:.\Generated_Source\PSoC5/USBFS_Dp.c **** ********************************************************************************
  69:.\Generated_Source\PSoC5/USBFS_Dp.c **** *
  70:.\Generated_Source\PSoC5/USBFS_Dp.c **** * Summary:
  71:.\Generated_Source\PSoC5/USBFS_Dp.c **** *  Read the current value on the pins of the Digital Port in right justified 
  72:.\Generated_Source\PSoC5/USBFS_Dp.c **** *  form.
  73:.\Generated_Source\PSoC5/USBFS_Dp.c **** *
  74:.\Generated_Source\PSoC5/USBFS_Dp.c **** * Parameters:  
  75:.\Generated_Source\PSoC5/USBFS_Dp.c **** *  None
  76:.\Generated_Source\PSoC5/USBFS_Dp.c **** *
  77:.\Generated_Source\PSoC5/USBFS_Dp.c **** * Return: 
  78:.\Generated_Source\PSoC5/USBFS_Dp.c **** *  Returns the current value of the Digital Port as a right justified number
  79:.\Generated_Source\PSoC5/USBFS_Dp.c **** *  
  80:.\Generated_Source\PSoC5/USBFS_Dp.c **** * Note:
  81:.\Generated_Source\PSoC5/USBFS_Dp.c **** *  Macro USBFS_Dp_ReadPS calls this function. 
  82:.\Generated_Source\PSoC5/USBFS_Dp.c **** *  
  83:.\Generated_Source\PSoC5/USBFS_Dp.c **** *******************************************************************************/
  84:.\Generated_Source\PSoC5/USBFS_Dp.c **** uint8 USBFS_Dp_Read(void) 
  85:.\Generated_Source\PSoC5/USBFS_Dp.c **** {
 129              		.loc 1 85 0
 130              		.cfi_startproc
 131              		@ args = 0, pretend = 0, frame = 0
 132              		@ frame_needed = 1, uses_anonymous_args = 0
 133              		@ link register save eliminated.
 134 0000 80B4     		push	{r7}
 135              	.LCFI6:
 136              		.cfi_def_cfa_offset 4
 137              		.cfi_offset 7, -4
 138 0002 00AF     		add	r7, sp, #0
 139              	.LCFI7:
 140              		.cfi_def_cfa_register 7
  86:.\Generated_Source\PSoC5/USBFS_Dp.c ****     return (USBFS_Dp_PS & USBFS_Dp_MASK) >> USBFS_Dp_SHIFT;
 141              		.loc 1 86 0
 142 0004 45F2F113 		movw	r3, #20977
ARM GAS  C:\Users\Robert\AppData\Local\Temp\cc5mNRRH.s 			page 5


 143 0008 C4F20003 		movt	r3, 16384
 144 000c 1B78     		ldrb	r3, [r3, #0]
 145 000e DBB2     		uxtb	r3, r3
 146 0010 03F04003 		and	r3, r3, #64
 147 0014 4FEA9313 		lsr	r3, r3, #6
 148 0018 DBB2     		uxtb	r3, r3
  87:.\Generated_Source\PSoC5/USBFS_Dp.c **** }
 149              		.loc 1 87 0
 150 001a 1846     		mov	r0, r3
 151 001c BD46     		mov	sp, r7
 152 001e 80BC     		pop	{r7}
 153 0020 7047     		bx	lr
 154              		.cfi_endproc
 155              	.LFE2:
 156              		.size	USBFS_Dp_Read, .-USBFS_Dp_Read
 157 0022 00BF     		.section	.text.USBFS_Dp_ReadDataReg,"ax",%progbits
 158              		.align	2
 159              		.global	USBFS_Dp_ReadDataReg
 160              		.thumb
 161              		.thumb_func
 162              		.type	USBFS_Dp_ReadDataReg, %function
 163              	USBFS_Dp_ReadDataReg:
 164              	.LFB3:
  88:.\Generated_Source\PSoC5/USBFS_Dp.c **** 
  89:.\Generated_Source\PSoC5/USBFS_Dp.c **** 
  90:.\Generated_Source\PSoC5/USBFS_Dp.c **** /*******************************************************************************
  91:.\Generated_Source\PSoC5/USBFS_Dp.c **** * Function Name: USBFS_Dp_ReadDataReg
  92:.\Generated_Source\PSoC5/USBFS_Dp.c **** ********************************************************************************
  93:.\Generated_Source\PSoC5/USBFS_Dp.c **** *
  94:.\Generated_Source\PSoC5/USBFS_Dp.c **** * Summary:
  95:.\Generated_Source\PSoC5/USBFS_Dp.c **** *  Read the current value assigned to a Digital Port's data output register
  96:.\Generated_Source\PSoC5/USBFS_Dp.c **** *
  97:.\Generated_Source\PSoC5/USBFS_Dp.c **** * Parameters:  
  98:.\Generated_Source\PSoC5/USBFS_Dp.c **** *  None 
  99:.\Generated_Source\PSoC5/USBFS_Dp.c **** *
 100:.\Generated_Source\PSoC5/USBFS_Dp.c **** * Return: 
 101:.\Generated_Source\PSoC5/USBFS_Dp.c **** *  Returns the current value assigned to the Digital Port's data output register
 102:.\Generated_Source\PSoC5/USBFS_Dp.c **** *  
 103:.\Generated_Source\PSoC5/USBFS_Dp.c **** *******************************************************************************/
 104:.\Generated_Source\PSoC5/USBFS_Dp.c **** uint8 USBFS_Dp_ReadDataReg(void) 
 105:.\Generated_Source\PSoC5/USBFS_Dp.c **** {
 165              		.loc 1 105 0
 166              		.cfi_startproc
 167              		@ args = 0, pretend = 0, frame = 0
 168              		@ frame_needed = 1, uses_anonymous_args = 0
 169              		@ link register save eliminated.
 170 0000 80B4     		push	{r7}
 171              	.LCFI8:
 172              		.cfi_def_cfa_offset 4
 173              		.cfi_offset 7, -4
 174 0002 00AF     		add	r7, sp, #0
 175              	.LCFI9:
 176              		.cfi_def_cfa_register 7
 106:.\Generated_Source\PSoC5/USBFS_Dp.c ****     return (USBFS_Dp_DR & USBFS_Dp_MASK) >> USBFS_Dp_SHIFT;
 177              		.loc 1 106 0
 178 0004 45F2F013 		movw	r3, #20976
 179 0008 C4F20003 		movt	r3, 16384
ARM GAS  C:\Users\Robert\AppData\Local\Temp\cc5mNRRH.s 			page 6


 180 000c 1B78     		ldrb	r3, [r3, #0]
 181 000e DBB2     		uxtb	r3, r3
 182 0010 03F04003 		and	r3, r3, #64
 183 0014 4FEA9313 		lsr	r3, r3, #6
 184 0018 DBB2     		uxtb	r3, r3
 107:.\Generated_Source\PSoC5/USBFS_Dp.c **** }
 185              		.loc 1 107 0
 186 001a 1846     		mov	r0, r3
 187 001c BD46     		mov	sp, r7
 188 001e 80BC     		pop	{r7}
 189 0020 7047     		bx	lr
 190              		.cfi_endproc
 191              	.LFE3:
 192              		.size	USBFS_Dp_ReadDataReg, .-USBFS_Dp_ReadDataReg
 193 0022 00BF     		.section	.text.USBFS_Dp_ClearInterrupt,"ax",%progbits
 194              		.align	2
 195              		.global	USBFS_Dp_ClearInterrupt
 196              		.thumb
 197              		.thumb_func
 198              		.type	USBFS_Dp_ClearInterrupt, %function
 199              	USBFS_Dp_ClearInterrupt:
 200              	.LFB4:
 108:.\Generated_Source\PSoC5/USBFS_Dp.c **** 
 109:.\Generated_Source\PSoC5/USBFS_Dp.c **** 
 110:.\Generated_Source\PSoC5/USBFS_Dp.c **** /* If Interrupts Are Enabled for this Pins component */ 
 111:.\Generated_Source\PSoC5/USBFS_Dp.c **** #if defined(USBFS_Dp_INTSTAT) 
 112:.\Generated_Source\PSoC5/USBFS_Dp.c **** 
 113:.\Generated_Source\PSoC5/USBFS_Dp.c ****     /*******************************************************************************
 114:.\Generated_Source\PSoC5/USBFS_Dp.c ****     * Function Name: USBFS_Dp_ClearInterrupt
 115:.\Generated_Source\PSoC5/USBFS_Dp.c ****     ********************************************************************************
 116:.\Generated_Source\PSoC5/USBFS_Dp.c ****     * Summary:
 117:.\Generated_Source\PSoC5/USBFS_Dp.c ****     *  Clears any active interrupts attached to port and returns the value of the 
 118:.\Generated_Source\PSoC5/USBFS_Dp.c ****     *  interrupt status register.
 119:.\Generated_Source\PSoC5/USBFS_Dp.c ****     *
 120:.\Generated_Source\PSoC5/USBFS_Dp.c ****     * Parameters:  
 121:.\Generated_Source\PSoC5/USBFS_Dp.c ****     *  None 
 122:.\Generated_Source\PSoC5/USBFS_Dp.c ****     *
 123:.\Generated_Source\PSoC5/USBFS_Dp.c ****     * Return: 
 124:.\Generated_Source\PSoC5/USBFS_Dp.c ****     *  Returns the value of the interrupt status register
 125:.\Generated_Source\PSoC5/USBFS_Dp.c ****     *  
 126:.\Generated_Source\PSoC5/USBFS_Dp.c ****     *******************************************************************************/
 127:.\Generated_Source\PSoC5/USBFS_Dp.c ****     uint8 USBFS_Dp_ClearInterrupt(void) 
 128:.\Generated_Source\PSoC5/USBFS_Dp.c ****     {
 201              		.loc 1 128 0
 202              		.cfi_startproc
 203              		@ args = 0, pretend = 0, frame = 0
 204              		@ frame_needed = 1, uses_anonymous_args = 0
 205              		@ link register save eliminated.
 206 0000 80B4     		push	{r7}
 207              	.LCFI10:
 208              		.cfi_def_cfa_offset 4
 209              		.cfi_offset 7, -4
 210 0002 00AF     		add	r7, sp, #0
 211              	.LCFI11:
 212              		.cfi_def_cfa_register 7
 129:.\Generated_Source\PSoC5/USBFS_Dp.c ****         return (USBFS_Dp_INTSTAT & USBFS_Dp_MASK) >> USBFS_Dp_SHIFT;
 213              		.loc 1 129 0
ARM GAS  C:\Users\Robert\AppData\Local\Temp\cc5mNRRH.s 			page 7


 214 0004 44F28F53 		movw	r3, #17807
 215 0008 C4F20003 		movt	r3, 16384
 216 000c 1B78     		ldrb	r3, [r3, #0]
 217 000e DBB2     		uxtb	r3, r3
 218 0010 03F04003 		and	r3, r3, #64
 219 0014 4FEA9313 		lsr	r3, r3, #6
 220 0018 DBB2     		uxtb	r3, r3
 130:.\Generated_Source\PSoC5/USBFS_Dp.c ****     }
 221              		.loc 1 130 0
 222 001a 1846     		mov	r0, r3
 223 001c BD46     		mov	sp, r7
 224 001e 80BC     		pop	{r7}
 225 0020 7047     		bx	lr
 226              		.cfi_endproc
 227              	.LFE4:
 228              		.size	USBFS_Dp_ClearInterrupt, .-USBFS_Dp_ClearInterrupt
 229 0022 00BF     		.text
 230              	.Letext0:
 231              		.file 2 ".\\Generated_Source\\PSoC5\\cytypes.h"
 232              		.section	.debug_info,"",%progbits
 233              	.Ldebug_info0:
 234 0000 4A010000 		.4byte	0x14a
 235 0004 0200     		.2byte	0x2
 236 0006 00000000 		.4byte	.Ldebug_abbrev0
 237 000a 04       		.byte	0x4
 238 000b 01       		.uleb128 0x1
 239 000c 69010000 		.4byte	.LASF21
 240 0010 01       		.byte	0x1
 241 0011 7C000000 		.4byte	.LASF22
 242 0015 ED000000 		.4byte	.LASF23
 243 0019 00000000 		.4byte	.Ldebug_ranges0+0
 244 001d 00000000 		.4byte	0
 245 0021 00000000 		.4byte	0
 246 0025 00000000 		.4byte	.Ldebug_line0
 247 0029 02       		.uleb128 0x2
 248 002a 01       		.byte	0x1
 249 002b 06       		.byte	0x6
 250 002c D1010000 		.4byte	.LASF0
 251 0030 02       		.uleb128 0x2
 252 0031 01       		.byte	0x1
 253 0032 08       		.byte	0x8
 254 0033 3D000000 		.4byte	.LASF1
 255 0037 02       		.uleb128 0x2
 256 0038 02       		.byte	0x2
 257 0039 05       		.byte	0x5
 258 003a 59010000 		.4byte	.LASF2
 259 003e 02       		.uleb128 0x2
 260 003f 02       		.byte	0x2
 261 0040 07       		.byte	0x7
 262 0041 62000000 		.4byte	.LASF3
 263 0045 02       		.uleb128 0x2
 264 0046 04       		.byte	0x4
 265 0047 05       		.byte	0x5
 266 0048 B2010000 		.4byte	.LASF4
 267 004c 02       		.uleb128 0x2
 268 004d 04       		.byte	0x4
 269 004e 07       		.byte	0x7
ARM GAS  C:\Users\Robert\AppData\Local\Temp\cc5mNRRH.s 			page 8


 270 004f 50000000 		.4byte	.LASF5
 271 0053 02       		.uleb128 0x2
 272 0054 08       		.byte	0x8
 273 0055 05       		.byte	0x5
 274 0056 46010000 		.4byte	.LASF6
 275 005a 02       		.uleb128 0x2
 276 005b 08       		.byte	0x8
 277 005c 07       		.byte	0x7
 278 005d BC000000 		.4byte	.LASF7
 279 0061 03       		.uleb128 0x3
 280 0062 04       		.byte	0x4
 281 0063 05       		.byte	0x5
 282 0064 696E7400 		.ascii	"int\000"
 283 0068 02       		.uleb128 0x2
 284 0069 04       		.byte	0x4
 285 006a 07       		.byte	0x7
 286 006b AF000000 		.4byte	.LASF8
 287 006f 04       		.uleb128 0x4
 288 0070 63010000 		.4byte	.LASF12
 289 0074 02       		.byte	0x2
 290 0075 5B       		.byte	0x5b
 291 0076 30000000 		.4byte	0x30
 292 007a 02       		.uleb128 0x2
 293 007b 04       		.byte	0x4
 294 007c 04       		.byte	0x4
 295 007d 1F000000 		.4byte	.LASF9
 296 0081 02       		.uleb128 0x2
 297 0082 08       		.byte	0x8
 298 0083 04       		.byte	0x4
 299 0084 75000000 		.4byte	.LASF10
 300 0088 02       		.uleb128 0x2
 301 0089 01       		.byte	0x1
 302 008a 08       		.byte	0x8
 303 008b 54010000 		.4byte	.LASF11
 304 008f 04       		.uleb128 0x4
 305 0090 4B000000 		.4byte	.LASF13
 306 0094 02       		.byte	0x2
 307 0095 F0       		.byte	0xf0
 308 0096 9A000000 		.4byte	0x9a
 309 009a 05       		.uleb128 0x5
 310 009b 6F000000 		.4byte	0x6f
 311 009f 06       		.uleb128 0x6
 312 00a0 01       		.byte	0x1
 313 00a1 A0000000 		.4byte	.LASF14
 314 00a5 01       		.byte	0x1
 315 00a6 27       		.byte	0x27
 316 00a7 01       		.byte	0x1
 317 00a8 00000000 		.4byte	.LFB0
 318 00ac 44000000 		.4byte	.LFE0
 319 00b0 00000000 		.4byte	.LLST0
 320 00b4 01       		.byte	0x1
 321 00b5 D6000000 		.4byte	0xd6
 322 00b9 07       		.uleb128 0x7
 323 00ba 00000000 		.4byte	.LASF16
 324 00be 01       		.byte	0x1
 325 00bf 27       		.byte	0x27
 326 00c0 6F000000 		.4byte	0x6f
ARM GAS  C:\Users\Robert\AppData\Local\Temp\cc5mNRRH.s 			page 9


 327 00c4 02       		.byte	0x2
 328 00c5 91       		.byte	0x91
 329 00c6 6F       		.sleb128 -17
 330 00c7 08       		.uleb128 0x8
 331 00c8 14000000 		.4byte	.LASF24
 332 00cc 01       		.byte	0x1
 333 00cd 29       		.byte	0x29
 334 00ce 6F000000 		.4byte	0x6f
 335 00d2 02       		.byte	0x2
 336 00d3 91       		.byte	0x91
 337 00d4 77       		.sleb128 -9
 338 00d5 00       		.byte	0
 339 00d6 06       		.uleb128 0x6
 340 00d7 01       		.byte	0x1
 341 00d8 BB010000 		.4byte	.LASF15
 342 00dc 01       		.byte	0x1
 343 00dd 3C       		.byte	0x3c
 344 00de 01       		.byte	0x1
 345 00df 00000000 		.4byte	.LFB1
 346 00e3 40000000 		.4byte	.LFE1
 347 00e7 38000000 		.4byte	.LLST1
 348 00eb 01       		.byte	0x1
 349 00ec FF000000 		.4byte	0xff
 350 00f0 07       		.uleb128 0x7
 351 00f1 E8000000 		.4byte	.LASF17
 352 00f5 01       		.byte	0x1
 353 00f6 3C       		.byte	0x3c
 354 00f7 6F000000 		.4byte	0x6f
 355 00fb 02       		.byte	0x2
 356 00fc 91       		.byte	0x91
 357 00fd 77       		.sleb128 -9
 358 00fe 00       		.byte	0
 359 00ff 09       		.uleb128 0x9
 360 0100 01       		.byte	0x1
 361 0101 06000000 		.4byte	.LASF18
 362 0105 01       		.byte	0x1
 363 0106 54       		.byte	0x54
 364 0107 01       		.byte	0x1
 365 0108 6F000000 		.4byte	0x6f
 366 010c 00000000 		.4byte	.LFB2
 367 0110 22000000 		.4byte	.LFE2
 368 0114 70000000 		.4byte	.LLST2
 369 0118 01       		.byte	0x1
 370 0119 09       		.uleb128 0x9
 371 011a 01       		.byte	0x1
 372 011b D3000000 		.4byte	.LASF19
 373 011f 01       		.byte	0x1
 374 0120 68       		.byte	0x68
 375 0121 01       		.byte	0x1
 376 0122 6F000000 		.4byte	0x6f
 377 0126 00000000 		.4byte	.LFB3
 378 012a 22000000 		.4byte	.LFE3
 379 012e 9C000000 		.4byte	.LLST3
 380 0132 01       		.byte	0x1
 381 0133 09       		.uleb128 0x9
 382 0134 01       		.byte	0x1
 383 0135 25000000 		.4byte	.LASF20
ARM GAS  C:\Users\Robert\AppData\Local\Temp\cc5mNRRH.s 			page 10


 384 0139 01       		.byte	0x1
 385 013a 7F       		.byte	0x7f
 386 013b 01       		.byte	0x1
 387 013c 6F000000 		.4byte	0x6f
 388 0140 00000000 		.4byte	.LFB4
 389 0144 22000000 		.4byte	.LFE4
 390 0148 C8000000 		.4byte	.LLST4
 391 014c 01       		.byte	0x1
 392 014d 00       		.byte	0
 393              		.section	.debug_abbrev,"",%progbits
 394              	.Ldebug_abbrev0:
 395 0000 01       		.uleb128 0x1
 396 0001 11       		.uleb128 0x11
 397 0002 01       		.byte	0x1
 398 0003 25       		.uleb128 0x25
 399 0004 0E       		.uleb128 0xe
 400 0005 13       		.uleb128 0x13
 401 0006 0B       		.uleb128 0xb
 402 0007 03       		.uleb128 0x3
 403 0008 0E       		.uleb128 0xe
 404 0009 1B       		.uleb128 0x1b
 405 000a 0E       		.uleb128 0xe
 406 000b 55       		.uleb128 0x55
 407 000c 06       		.uleb128 0x6
 408 000d 11       		.uleb128 0x11
 409 000e 01       		.uleb128 0x1
 410 000f 52       		.uleb128 0x52
 411 0010 01       		.uleb128 0x1
 412 0011 10       		.uleb128 0x10
 413 0012 06       		.uleb128 0x6
 414 0013 00       		.byte	0
 415 0014 00       		.byte	0
 416 0015 02       		.uleb128 0x2
 417 0016 24       		.uleb128 0x24
 418 0017 00       		.byte	0
 419 0018 0B       		.uleb128 0xb
 420 0019 0B       		.uleb128 0xb
 421 001a 3E       		.uleb128 0x3e
 422 001b 0B       		.uleb128 0xb
 423 001c 03       		.uleb128 0x3
 424 001d 0E       		.uleb128 0xe
 425 001e 00       		.byte	0
 426 001f 00       		.byte	0
 427 0020 03       		.uleb128 0x3
 428 0021 24       		.uleb128 0x24
 429 0022 00       		.byte	0
 430 0023 0B       		.uleb128 0xb
 431 0024 0B       		.uleb128 0xb
 432 0025 3E       		.uleb128 0x3e
 433 0026 0B       		.uleb128 0xb
 434 0027 03       		.uleb128 0x3
 435 0028 08       		.uleb128 0x8
 436 0029 00       		.byte	0
 437 002a 00       		.byte	0
 438 002b 04       		.uleb128 0x4
 439 002c 16       		.uleb128 0x16
 440 002d 00       		.byte	0
ARM GAS  C:\Users\Robert\AppData\Local\Temp\cc5mNRRH.s 			page 11


 441 002e 03       		.uleb128 0x3
 442 002f 0E       		.uleb128 0xe
 443 0030 3A       		.uleb128 0x3a
 444 0031 0B       		.uleb128 0xb
 445 0032 3B       		.uleb128 0x3b
 446 0033 0B       		.uleb128 0xb
 447 0034 49       		.uleb128 0x49
 448 0035 13       		.uleb128 0x13
 449 0036 00       		.byte	0
 450 0037 00       		.byte	0
 451 0038 05       		.uleb128 0x5
 452 0039 35       		.uleb128 0x35
 453 003a 00       		.byte	0
 454 003b 49       		.uleb128 0x49
 455 003c 13       		.uleb128 0x13
 456 003d 00       		.byte	0
 457 003e 00       		.byte	0
 458 003f 06       		.uleb128 0x6
 459 0040 2E       		.uleb128 0x2e
 460 0041 01       		.byte	0x1
 461 0042 3F       		.uleb128 0x3f
 462 0043 0C       		.uleb128 0xc
 463 0044 03       		.uleb128 0x3
 464 0045 0E       		.uleb128 0xe
 465 0046 3A       		.uleb128 0x3a
 466 0047 0B       		.uleb128 0xb
 467 0048 3B       		.uleb128 0x3b
 468 0049 0B       		.uleb128 0xb
 469 004a 27       		.uleb128 0x27
 470 004b 0C       		.uleb128 0xc
 471 004c 11       		.uleb128 0x11
 472 004d 01       		.uleb128 0x1
 473 004e 12       		.uleb128 0x12
 474 004f 01       		.uleb128 0x1
 475 0050 40       		.uleb128 0x40
 476 0051 06       		.uleb128 0x6
 477 0052 9742     		.uleb128 0x2117
 478 0054 0C       		.uleb128 0xc
 479 0055 01       		.uleb128 0x1
 480 0056 13       		.uleb128 0x13
 481 0057 00       		.byte	0
 482 0058 00       		.byte	0
 483 0059 07       		.uleb128 0x7
 484 005a 05       		.uleb128 0x5
 485 005b 00       		.byte	0
 486 005c 03       		.uleb128 0x3
 487 005d 0E       		.uleb128 0xe
 488 005e 3A       		.uleb128 0x3a
 489 005f 0B       		.uleb128 0xb
 490 0060 3B       		.uleb128 0x3b
 491 0061 0B       		.uleb128 0xb
 492 0062 49       		.uleb128 0x49
 493 0063 13       		.uleb128 0x13
 494 0064 02       		.uleb128 0x2
 495 0065 0A       		.uleb128 0xa
 496 0066 00       		.byte	0
 497 0067 00       		.byte	0
ARM GAS  C:\Users\Robert\AppData\Local\Temp\cc5mNRRH.s 			page 12


 498 0068 08       		.uleb128 0x8
 499 0069 34       		.uleb128 0x34
 500 006a 00       		.byte	0
 501 006b 03       		.uleb128 0x3
 502 006c 0E       		.uleb128 0xe
 503 006d 3A       		.uleb128 0x3a
 504 006e 0B       		.uleb128 0xb
 505 006f 3B       		.uleb128 0x3b
 506 0070 0B       		.uleb128 0xb
 507 0071 49       		.uleb128 0x49
 508 0072 13       		.uleb128 0x13
 509 0073 02       		.uleb128 0x2
 510 0074 0A       		.uleb128 0xa
 511 0075 00       		.byte	0
 512 0076 00       		.byte	0
 513 0077 09       		.uleb128 0x9
 514 0078 2E       		.uleb128 0x2e
 515 0079 00       		.byte	0
 516 007a 3F       		.uleb128 0x3f
 517 007b 0C       		.uleb128 0xc
 518 007c 03       		.uleb128 0x3
 519 007d 0E       		.uleb128 0xe
 520 007e 3A       		.uleb128 0x3a
 521 007f 0B       		.uleb128 0xb
 522 0080 3B       		.uleb128 0x3b
 523 0081 0B       		.uleb128 0xb
 524 0082 27       		.uleb128 0x27
 525 0083 0C       		.uleb128 0xc
 526 0084 49       		.uleb128 0x49
 527 0085 13       		.uleb128 0x13
 528 0086 11       		.uleb128 0x11
 529 0087 01       		.uleb128 0x1
 530 0088 12       		.uleb128 0x12
 531 0089 01       		.uleb128 0x1
 532 008a 40       		.uleb128 0x40
 533 008b 06       		.uleb128 0x6
 534 008c 9742     		.uleb128 0x2117
 535 008e 0C       		.uleb128 0xc
 536 008f 00       		.byte	0
 537 0090 00       		.byte	0
 538 0091 00       		.byte	0
 539              		.section	.debug_loc,"",%progbits
 540              	.Ldebug_loc0:
 541              	.LLST0:
 542 0000 00000000 		.4byte	.LFB0
 543 0004 02000000 		.4byte	.LCFI0
 544 0008 0200     		.2byte	0x2
 545 000a 7D       		.byte	0x7d
 546 000b 00       		.sleb128 0
 547 000c 02000000 		.4byte	.LCFI0
 548 0010 04000000 		.4byte	.LCFI1
 549 0014 0200     		.2byte	0x2
 550 0016 7D       		.byte	0x7d
 551 0017 04       		.sleb128 4
 552 0018 04000000 		.4byte	.LCFI1
 553 001c 06000000 		.4byte	.LCFI2
 554 0020 0200     		.2byte	0x2
ARM GAS  C:\Users\Robert\AppData\Local\Temp\cc5mNRRH.s 			page 13


 555 0022 7D       		.byte	0x7d
 556 0023 18       		.sleb128 24
 557 0024 06000000 		.4byte	.LCFI2
 558 0028 44000000 		.4byte	.LFE0
 559 002c 0200     		.2byte	0x2
 560 002e 77       		.byte	0x77
 561 002f 18       		.sleb128 24
 562 0030 00000000 		.4byte	0
 563 0034 00000000 		.4byte	0
 564              	.LLST1:
 565 0038 00000000 		.4byte	.LFB1
 566 003c 02000000 		.4byte	.LCFI3
 567 0040 0200     		.2byte	0x2
 568 0042 7D       		.byte	0x7d
 569 0043 00       		.sleb128 0
 570 0044 02000000 		.4byte	.LCFI3
 571 0048 04000000 		.4byte	.LCFI4
 572 004c 0200     		.2byte	0x2
 573 004e 7D       		.byte	0x7d
 574 004f 04       		.sleb128 4
 575 0050 04000000 		.4byte	.LCFI4
 576 0054 06000000 		.4byte	.LCFI5
 577 0058 0200     		.2byte	0x2
 578 005a 7D       		.byte	0x7d
 579 005b 10       		.sleb128 16
 580 005c 06000000 		.4byte	.LCFI5
 581 0060 40000000 		.4byte	.LFE1
 582 0064 0200     		.2byte	0x2
 583 0066 77       		.byte	0x77
 584 0067 10       		.sleb128 16
 585 0068 00000000 		.4byte	0
 586 006c 00000000 		.4byte	0
 587              	.LLST2:
 588 0070 00000000 		.4byte	.LFB2
 589 0074 02000000 		.4byte	.LCFI6
 590 0078 0200     		.2byte	0x2
 591 007a 7D       		.byte	0x7d
 592 007b 00       		.sleb128 0
 593 007c 02000000 		.4byte	.LCFI6
 594 0080 04000000 		.4byte	.LCFI7
 595 0084 0200     		.2byte	0x2
 596 0086 7D       		.byte	0x7d
 597 0087 04       		.sleb128 4
 598 0088 04000000 		.4byte	.LCFI7
 599 008c 22000000 		.4byte	.LFE2
 600 0090 0200     		.2byte	0x2
 601 0092 77       		.byte	0x77
 602 0093 04       		.sleb128 4
 603 0094 00000000 		.4byte	0
 604 0098 00000000 		.4byte	0
 605              	.LLST3:
 606 009c 00000000 		.4byte	.LFB3
 607 00a0 02000000 		.4byte	.LCFI8
 608 00a4 0200     		.2byte	0x2
 609 00a6 7D       		.byte	0x7d
 610 00a7 00       		.sleb128 0
 611 00a8 02000000 		.4byte	.LCFI8
ARM GAS  C:\Users\Robert\AppData\Local\Temp\cc5mNRRH.s 			page 14


 612 00ac 04000000 		.4byte	.LCFI9
 613 00b0 0200     		.2byte	0x2
 614 00b2 7D       		.byte	0x7d
 615 00b3 04       		.sleb128 4
 616 00b4 04000000 		.4byte	.LCFI9
 617 00b8 22000000 		.4byte	.LFE3
 618 00bc 0200     		.2byte	0x2
 619 00be 77       		.byte	0x77
 620 00bf 04       		.sleb128 4
 621 00c0 00000000 		.4byte	0
 622 00c4 00000000 		.4byte	0
 623              	.LLST4:
 624 00c8 00000000 		.4byte	.LFB4
 625 00cc 02000000 		.4byte	.LCFI10
 626 00d0 0200     		.2byte	0x2
 627 00d2 7D       		.byte	0x7d
 628 00d3 00       		.sleb128 0
 629 00d4 02000000 		.4byte	.LCFI10
 630 00d8 04000000 		.4byte	.LCFI11
 631 00dc 0200     		.2byte	0x2
 632 00de 7D       		.byte	0x7d
 633 00df 04       		.sleb128 4
 634 00e0 04000000 		.4byte	.LCFI11
 635 00e4 22000000 		.4byte	.LFE4
 636 00e8 0200     		.2byte	0x2
 637 00ea 77       		.byte	0x77
 638 00eb 04       		.sleb128 4
 639 00ec 00000000 		.4byte	0
 640 00f0 00000000 		.4byte	0
 641              		.section	.debug_aranges,"",%progbits
 642 0000 3C000000 		.4byte	0x3c
 643 0004 0200     		.2byte	0x2
 644 0006 00000000 		.4byte	.Ldebug_info0
 645 000a 04       		.byte	0x4
 646 000b 00       		.byte	0
 647 000c 0000     		.2byte	0
 648 000e 0000     		.2byte	0
 649 0010 00000000 		.4byte	.LFB0
 650 0014 44000000 		.4byte	.LFE0-.LFB0
 651 0018 00000000 		.4byte	.LFB1
 652 001c 40000000 		.4byte	.LFE1-.LFB1
 653 0020 00000000 		.4byte	.LFB2
 654 0024 22000000 		.4byte	.LFE2-.LFB2
 655 0028 00000000 		.4byte	.LFB3
 656 002c 22000000 		.4byte	.LFE3-.LFB3
 657 0030 00000000 		.4byte	.LFB4
 658 0034 22000000 		.4byte	.LFE4-.LFB4
 659 0038 00000000 		.4byte	0
 660 003c 00000000 		.4byte	0
 661              		.section	.debug_ranges,"",%progbits
 662              	.Ldebug_ranges0:
 663 0000 00000000 		.4byte	.LFB0
 664 0004 44000000 		.4byte	.LFE0
 665 0008 00000000 		.4byte	.LFB1
 666 000c 40000000 		.4byte	.LFE1
 667 0010 00000000 		.4byte	.LFB2
 668 0014 22000000 		.4byte	.LFE2
ARM GAS  C:\Users\Robert\AppData\Local\Temp\cc5mNRRH.s 			page 15


 669 0018 00000000 		.4byte	.LFB3
 670 001c 22000000 		.4byte	.LFE3
 671 0020 00000000 		.4byte	.LFB4
 672 0024 22000000 		.4byte	.LFE4
 673 0028 00000000 		.4byte	0
 674 002c 00000000 		.4byte	0
 675              		.section	.debug_line,"",%progbits
 676              	.Ldebug_line0:
 677 0000 A7000000 		.section	.debug_str,"MS",%progbits,1
 677      02004700 
 677      00000201 
 677      FB0E0D00 
 677      01010101 
 678              	.LASF16:
 679 0000 76616C75 		.ascii	"value\000"
 679      6500
 680              	.LASF18:
 681 0006 55534246 		.ascii	"USBFS_Dp_Read\000"
 681      535F4470 
 681      5F526561 
 681      6400
 682              	.LASF24:
 683 0014 73746174 		.ascii	"staticBits\000"
 683      69634269 
 683      747300
 684              	.LASF9:
 685 001f 666C6F61 		.ascii	"float\000"
 685      7400
 686              	.LASF20:
 687 0025 55534246 		.ascii	"USBFS_Dp_ClearInterrupt\000"
 687      535F4470 
 687      5F436C65 
 687      6172496E 
 687      74657272 
 688              	.LASF1:
 689 003d 756E7369 		.ascii	"unsigned char\000"
 689      676E6564 
 689      20636861 
 689      7200
 690              	.LASF13:
 691 004b 72656738 		.ascii	"reg8\000"
 691      00
 692              	.LASF5:
 693 0050 6C6F6E67 		.ascii	"long unsigned int\000"
 693      20756E73 
 693      69676E65 
 693      6420696E 
 693      7400
 694              	.LASF3:
 695 0062 73686F72 		.ascii	"short unsigned int\000"
 695      7420756E 
 695      7369676E 
 695      65642069 
 695      6E7400
 696              	.LASF10:
 697 0075 646F7562 		.ascii	"double\000"
 697      6C6500
ARM GAS  C:\Users\Robert\AppData\Local\Temp\cc5mNRRH.s 			page 16


 698              	.LASF22:
 699 007c 2E5C4765 		.ascii	".\\Generated_Source\\PSoC5\\USBFS_Dp.c\000"
 699      6E657261 
 699      7465645F 
 699      536F7572 
 699      63655C50 
 700              	.LASF14:
 701 00a0 55534246 		.ascii	"USBFS_Dp_Write\000"
 701      535F4470 
 701      5F577269 
 701      746500
 702              	.LASF8:
 703 00af 756E7369 		.ascii	"unsigned int\000"
 703      676E6564 
 703      20696E74 
 703      00
 704              	.LASF7:
 705 00bc 6C6F6E67 		.ascii	"long long unsigned int\000"
 705      206C6F6E 
 705      6720756E 
 705      7369676E 
 705      65642069 
 706              	.LASF19:
 707 00d3 55534246 		.ascii	"USBFS_Dp_ReadDataReg\000"
 707      535F4470 
 707      5F526561 
 707      64446174 
 707      61526567 
 708              	.LASF17:
 709 00e8 6D6F6465 		.ascii	"mode\000"
 709      00
 710              	.LASF23:
 711 00ed 433A5C55 		.ascii	"C:\\Users\\Robert\\workspace\\Embedit_git_projects\\"
 711      73657273 
 711      5C526F62 
 711      6572745C 
 711      776F726B 
 712 011c 426F6F74 		.ascii	"Bootloader_RPiSoC\\Bootloader_RPiSoC.cydsn\000"
 712      6C6F6164 
 712      65725F52 
 712      5069536F 
 712      435C426F 
 713              	.LASF6:
 714 0146 6C6F6E67 		.ascii	"long long int\000"
 714      206C6F6E 
 714      6720696E 
 714      7400
 715              	.LASF11:
 716 0154 63686172 		.ascii	"char\000"
 716      00
 717              	.LASF2:
 718 0159 73686F72 		.ascii	"short int\000"
 718      7420696E 
 718      7400
 719              	.LASF12:
 720 0163 75696E74 		.ascii	"uint8\000"
 720      3800
ARM GAS  C:\Users\Robert\AppData\Local\Temp\cc5mNRRH.s 			page 17


 721              	.LASF21:
 722 0169 474E5520 		.ascii	"GNU C 4.7.3 20130312 (release) [ARM/embedded-4_7-br"
 722      4320342E 
 722      372E3320 
 722      32303133 
 722      30333132 
 723 019c 616E6368 		.ascii	"anch revision 196615]\000"
 723      20726576 
 723      6973696F 
 723      6E203139 
 723      36363135 
 724              	.LASF4:
 725 01b2 6C6F6E67 		.ascii	"long int\000"
 725      20696E74 
 725      00
 726              	.LASF15:
 727 01bb 55534246 		.ascii	"USBFS_Dp_SetDriveMode\000"
 727      535F4470 
 727      5F536574 
 727      44726976 
 727      654D6F64 
 728              	.LASF0:
 729 01d1 7369676E 		.ascii	"signed char\000"
 729      65642063 
 729      68617200 
 730              		.ident	"GCC: (GNU Tools for ARM Embedded Processors) 4.7.3 20130312 (release) [ARM/embedded-4_7-br
