ARM GAS  C:\Users\Robert\AppData\Local\Temp\ccPVNfHF.s 			page 1


   1              		.syntax unified
   2              		.cpu cortex-m3
   3              		.fpu softvfp
   4              		.eabi_attribute 20, 1
   5              		.eabi_attribute 21, 1
   6              		.eabi_attribute 23, 3
   7              		.eabi_attribute 24, 1
   8              		.eabi_attribute 25, 1
   9              		.eabi_attribute 26, 1
  10              		.eabi_attribute 30, 6
  11              		.eabi_attribute 34, 1
  12              		.eabi_attribute 18, 4
  13              		.thumb
  14              		.file	"USBFS_cls.c"
  15              		.text
  16              	.Ltext0:
  17              		.cfi_sections	.debug_frame
  18              		.section	.text.USBFS_DispatchClassRqst,"ax",%progbits
  19              		.align	2
  20              		.global	USBFS_DispatchClassRqst
  21              		.thumb
  22              		.thumb_func
  23              		.type	USBFS_DispatchClassRqst, %function
  24              	USBFS_DispatchClassRqst:
  25              	.LFB0:
  26              		.file 1 ".\\Generated_Source\\PSoC5\\USBFS_cls.c"
   1:.\Generated_Source\PSoC5/USBFS_cls.c **** /*******************************************************************************
   2:.\Generated_Source\PSoC5/USBFS_cls.c **** * File Name: USBFS_cls.c
   3:.\Generated_Source\PSoC5/USBFS_cls.c **** * Version 2.60
   4:.\Generated_Source\PSoC5/USBFS_cls.c **** *
   5:.\Generated_Source\PSoC5/USBFS_cls.c **** * Description:
   6:.\Generated_Source\PSoC5/USBFS_cls.c **** *  USB Class request handler.
   7:.\Generated_Source\PSoC5/USBFS_cls.c **** *
   8:.\Generated_Source\PSoC5/USBFS_cls.c **** * Note:
   9:.\Generated_Source\PSoC5/USBFS_cls.c **** *
  10:.\Generated_Source\PSoC5/USBFS_cls.c **** ********************************************************************************
  11:.\Generated_Source\PSoC5/USBFS_cls.c **** * Copyright 2008-2013, Cypress Semiconductor Corporation.  All rights reserved.
  12:.\Generated_Source\PSoC5/USBFS_cls.c **** * You may use this file only in accordance with the license, terms, conditions,
  13:.\Generated_Source\PSoC5/USBFS_cls.c **** * disclaimers, and limitations in the end user license agreement accompanying
  14:.\Generated_Source\PSoC5/USBFS_cls.c **** * the software package with which this file was provided.
  15:.\Generated_Source\PSoC5/USBFS_cls.c **** *******************************************************************************/
  16:.\Generated_Source\PSoC5/USBFS_cls.c **** 
  17:.\Generated_Source\PSoC5/USBFS_cls.c **** #include "USBFS.h"
  18:.\Generated_Source\PSoC5/USBFS_cls.c **** 
  19:.\Generated_Source\PSoC5/USBFS_cls.c **** #if(USBFS_EXTERN_CLS == USBFS_FALSE)
  20:.\Generated_Source\PSoC5/USBFS_cls.c **** 
  21:.\Generated_Source\PSoC5/USBFS_cls.c **** #include "USBFS_pvt.h"
  22:.\Generated_Source\PSoC5/USBFS_cls.c **** 
  23:.\Generated_Source\PSoC5/USBFS_cls.c **** 
  24:.\Generated_Source\PSoC5/USBFS_cls.c **** /***************************************
  25:.\Generated_Source\PSoC5/USBFS_cls.c **** * User Implemented Class Driver Declarations.
  26:.\Generated_Source\PSoC5/USBFS_cls.c **** ***************************************/
  27:.\Generated_Source\PSoC5/USBFS_cls.c **** /* `#START USER_DEFINED_CLASS_DECLARATIONS` Place your declaration here */
  28:.\Generated_Source\PSoC5/USBFS_cls.c **** 
  29:.\Generated_Source\PSoC5/USBFS_cls.c **** /* `#END` */
  30:.\Generated_Source\PSoC5/USBFS_cls.c **** 
  31:.\Generated_Source\PSoC5/USBFS_cls.c **** 
ARM GAS  C:\Users\Robert\AppData\Local\Temp\ccPVNfHF.s 			page 2


  32:.\Generated_Source\PSoC5/USBFS_cls.c **** /*******************************************************************************
  33:.\Generated_Source\PSoC5/USBFS_cls.c **** * Function Name: USBFS_DispatchClassRqst
  34:.\Generated_Source\PSoC5/USBFS_cls.c **** ********************************************************************************
  35:.\Generated_Source\PSoC5/USBFS_cls.c **** * Summary:
  36:.\Generated_Source\PSoC5/USBFS_cls.c **** *  This routine dispatches class specific requests depend on interface class.
  37:.\Generated_Source\PSoC5/USBFS_cls.c **** *
  38:.\Generated_Source\PSoC5/USBFS_cls.c **** * Parameters:
  39:.\Generated_Source\PSoC5/USBFS_cls.c **** *  None.
  40:.\Generated_Source\PSoC5/USBFS_cls.c **** *
  41:.\Generated_Source\PSoC5/USBFS_cls.c **** * Return:
  42:.\Generated_Source\PSoC5/USBFS_cls.c **** *  requestHandled.
  43:.\Generated_Source\PSoC5/USBFS_cls.c **** *
  44:.\Generated_Source\PSoC5/USBFS_cls.c **** * Reentrant:
  45:.\Generated_Source\PSoC5/USBFS_cls.c **** *  No.
  46:.\Generated_Source\PSoC5/USBFS_cls.c **** *
  47:.\Generated_Source\PSoC5/USBFS_cls.c **** *******************************************************************************/
  48:.\Generated_Source\PSoC5/USBFS_cls.c **** uint8 USBFS_DispatchClassRqst(void) 
  49:.\Generated_Source\PSoC5/USBFS_cls.c **** {
  27              		.loc 1 49 0
  28              		.cfi_startproc
  29              		@ args = 0, pretend = 0, frame = 8
  30              		@ frame_needed = 1, uses_anonymous_args = 0
  31 0000 80B5     		push	{r7, lr}
  32              	.LCFI0:
  33              		.cfi_def_cfa_offset 8
  34              		.cfi_offset 7, -8
  35              		.cfi_offset 14, -4
  36 0002 82B0     		sub	sp, sp, #8
  37              	.LCFI1:
  38              		.cfi_def_cfa_offset 16
  39 0004 00AF     		add	r7, sp, #0
  40              	.LCFI2:
  41              		.cfi_def_cfa_register 7
  50:.\Generated_Source\PSoC5/USBFS_cls.c ****     uint8 requestHandled = USBFS_FALSE;
  42              		.loc 1 50 0
  43 0006 4FF00003 		mov	r3, #0
  44 000a FB71     		strb	r3, [r7, #7]
  51:.\Generated_Source\PSoC5/USBFS_cls.c ****     uint8 interfaceNumber = 0u;
  45              		.loc 1 51 0
  46 000c 4FF00003 		mov	r3, #0
  47 0010 BB71     		strb	r3, [r7, #6]
  52:.\Generated_Source\PSoC5/USBFS_cls.c **** 
  53:.\Generated_Source\PSoC5/USBFS_cls.c ****     switch(CY_GET_REG8(USBFS_bmRequestType) & USBFS_RQST_RCPT_MASK)
  48              		.loc 1 53 0
  49 0012 4FF4C043 		mov	r3, #24576
  50 0016 C4F20003 		movt	r3, 16384
  51 001a 1B78     		ldrb	r3, [r3, #0]
  52 001c DBB2     		uxtb	r3, r3
  53 001e 03F00303 		and	r3, r3, #3
  54 0022 012B     		cmp	r3, #1
  55 0024 02D0     		beq	.L3
  56 0026 022B     		cmp	r3, #2
  57 0028 07D0     		beq	.L4
  58 002a 1EE0     		b	.L12
  59              	.L3:
  54:.\Generated_Source\PSoC5/USBFS_cls.c ****     {
  55:.\Generated_Source\PSoC5/USBFS_cls.c ****         case USBFS_RQST_RCPT_IFC:        /* Class-specific request directed to an interface */
ARM GAS  C:\Users\Robert\AppData\Local\Temp\ccPVNfHF.s 			page 3


  56:.\Generated_Source\PSoC5/USBFS_cls.c ****             interfaceNumber = CY_GET_REG8(USBFS_wIndexLo); /* wIndexLo contain Interface number */
  60              		.loc 1 56 0
  61 002c 46F20403 		movw	r3, #24580
  62 0030 C4F20003 		movt	r3, 16384
  63 0034 1B78     		ldrb	r3, [r3, #0]
  64 0036 BB71     		strb	r3, [r7, #6]
  57:.\Generated_Source\PSoC5/USBFS_cls.c ****             break;
  65              		.loc 1 57 0
  66 0038 18E0     		b	.L5
  67              	.L4:
  58:.\Generated_Source\PSoC5/USBFS_cls.c ****         case USBFS_RQST_RCPT_EP:         /* Class-specific request directed to the endpoint */
  59:.\Generated_Source\PSoC5/USBFS_cls.c ****             /* Find related interface to the endpoint, wIndexLo contain EP number */
  60:.\Generated_Source\PSoC5/USBFS_cls.c ****             interfaceNumber =
  61:.\Generated_Source\PSoC5/USBFS_cls.c ****                 USBFS_EP[CY_GET_REG8(USBFS_wIndexLo) & USBFS_DIR_UNUSED].interface;
  68              		.loc 1 61 0
  69 003a 46F20403 		movw	r3, #24580
  70 003e C4F20003 		movt	r3, 16384
  71 0042 1B78     		ldrb	r3, [r3, #0]
  72 0044 DBB2     		uxtb	r3, r3
  73 0046 03F07F01 		and	r1, r3, #127
  60:.\Generated_Source\PSoC5/USBFS_cls.c ****             interfaceNumber =
  74              		.loc 1 60 0
  75 004a 40F20002 		movw	r2, #:lower16:USBFS_EP
  76 004e C0F20002 		movt	r2, #:upper16:USBFS_EP
  77 0052 0B46     		mov	r3, r1
  78 0054 4FEA4303 		lsl	r3, r3, #1
  79 0058 5B18     		adds	r3, r3, r1
  80 005a 4FEA8303 		lsl	r3, r3, #2
  81 005e D318     		adds	r3, r2, r3
  82 0060 03F10803 		add	r3, r3, #8
  83 0064 9B78     		ldrb	r3, [r3, #2]
  84 0066 BB71     		strb	r3, [r7, #6]
  62:.\Generated_Source\PSoC5/USBFS_cls.c ****             break;
  85              		.loc 1 62 0
  86 0068 00E0     		b	.L5
  87              	.L12:
  63:.\Generated_Source\PSoC5/USBFS_cls.c ****         default:    /* RequestHandled is initialized as FALSE by default */
  64:.\Generated_Source\PSoC5/USBFS_cls.c ****             break;
  88              		.loc 1 64 0
  89 006a 00BF     		nop
  90              	.L5:
  65:.\Generated_Source\PSoC5/USBFS_cls.c ****     }
  66:.\Generated_Source\PSoC5/USBFS_cls.c ****     /* Handle Class request depend on interface type */
  67:.\Generated_Source\PSoC5/USBFS_cls.c ****     switch(USBFS_interfaceClass[interfaceNumber])
  91              		.loc 1 67 0
  92 006c 40F20003 		movw	r3, #:lower16:USBFS_interfaceClass
  93 0070 C0F20003 		movt	r3, #:upper16:USBFS_interfaceClass
  94 0074 1A68     		ldr	r2, [r3, #0]
  95 0076 BB79     		ldrb	r3, [r7, #6]	@ zero_extendqisi2
  96 0078 D318     		adds	r3, r2, r3
  97 007a 1B78     		ldrb	r3, [r3, #0]	@ zero_extendqisi2
  98 007c 022B     		cmp	r3, #2
  99 007e 0AD0     		beq	.L14
 100 0080 032B     		cmp	r3, #3
 101 0082 02D0     		beq	.L9
 102 0084 012B     		cmp	r3, #1
 103 0086 08D0     		beq	.L15
ARM GAS  C:\Users\Robert\AppData\Local\Temp\ccPVNfHF.s 			page 4


 104 0088 04E0     		b	.L13
 105              	.L9:
  68:.\Generated_Source\PSoC5/USBFS_cls.c ****     {
  69:.\Generated_Source\PSoC5/USBFS_cls.c ****         case USBFS_CLASS_HID:
  70:.\Generated_Source\PSoC5/USBFS_cls.c ****             #if defined(USBFS_ENABLE_HID_CLASS)
  71:.\Generated_Source\PSoC5/USBFS_cls.c ****                 requestHandled = USBFS_DispatchHIDClassRqst();
 106              		.loc 1 71 0
 107 008a FFF7FEFF 		bl	USBFS_DispatchHIDClassRqst
 108 008e 0346     		mov	r3, r0
 109 0090 FB71     		strb	r3, [r7, #7]
  72:.\Generated_Source\PSoC5/USBFS_cls.c ****             #endif /* USBFS_ENABLE_HID_CLASS */
  73:.\Generated_Source\PSoC5/USBFS_cls.c ****             break;
 110              		.loc 1 73 0
 111 0092 03E0     		b	.L10
 112              	.L13:
  74:.\Generated_Source\PSoC5/USBFS_cls.c ****         case USBFS_CLASS_AUDIO:
  75:.\Generated_Source\PSoC5/USBFS_cls.c ****             #if defined(USBFS_ENABLE_AUDIO_CLASS)
  76:.\Generated_Source\PSoC5/USBFS_cls.c ****                 requestHandled = USBFS_DispatchAUDIOClassRqst();
  77:.\Generated_Source\PSoC5/USBFS_cls.c ****             #endif /* USBFS_ENABLE_HID_CLASS */
  78:.\Generated_Source\PSoC5/USBFS_cls.c ****             break;
  79:.\Generated_Source\PSoC5/USBFS_cls.c ****         case USBFS_CLASS_CDC:
  80:.\Generated_Source\PSoC5/USBFS_cls.c ****             #if defined(USBFS_ENABLE_CDC_CLASS)
  81:.\Generated_Source\PSoC5/USBFS_cls.c ****                 requestHandled = USBFS_DispatchCDCClassRqst();
  82:.\Generated_Source\PSoC5/USBFS_cls.c ****             #endif /* USBFS_ENABLE_CDC_CLASS */
  83:.\Generated_Source\PSoC5/USBFS_cls.c ****             break;
  84:.\Generated_Source\PSoC5/USBFS_cls.c ****         default:    /* requestHandled is initialized as FALSE by default */
  85:.\Generated_Source\PSoC5/USBFS_cls.c ****             break;
 113              		.loc 1 85 0
 114 0094 02E0     		b	.L10
 115              	.L14:
  83:.\Generated_Source\PSoC5/USBFS_cls.c ****             break;
 116              		.loc 1 83 0
 117 0096 00BF     		nop
 118 0098 00E0     		b	.L10
 119              	.L15:
  78:.\Generated_Source\PSoC5/USBFS_cls.c ****             break;
 120              		.loc 1 78 0
 121 009a 00BF     		nop
 122              	.L10:
  86:.\Generated_Source\PSoC5/USBFS_cls.c ****     }
  87:.\Generated_Source\PSoC5/USBFS_cls.c **** 
  88:.\Generated_Source\PSoC5/USBFS_cls.c ****     /* `#START USER_DEFINED_CLASS_CODE` Place your Class request here */
  89:.\Generated_Source\PSoC5/USBFS_cls.c **** 
  90:.\Generated_Source\PSoC5/USBFS_cls.c ****     /* `#END` */
  91:.\Generated_Source\PSoC5/USBFS_cls.c **** 
  92:.\Generated_Source\PSoC5/USBFS_cls.c ****     return(requestHandled);
 123              		.loc 1 92 0
 124 009c FB79     		ldrb	r3, [r7, #7]	@ zero_extendqisi2
  93:.\Generated_Source\PSoC5/USBFS_cls.c **** }
 125              		.loc 1 93 0
 126 009e 1846     		mov	r0, r3
 127 00a0 07F10807 		add	r7, r7, #8
 128 00a4 BD46     		mov	sp, r7
 129 00a6 80BD     		pop	{r7, pc}
 130              		.cfi_endproc
 131              	.LFE0:
 132              		.size	USBFS_DispatchClassRqst, .-USBFS_DispatchClassRqst
ARM GAS  C:\Users\Robert\AppData\Local\Temp\ccPVNfHF.s 			page 5


 133              		.text
 134              	.Letext0:
 135              		.file 2 ".\\Generated_Source\\PSoC5\\cytypes.h"
 136              		.file 3 ".\\Generated_Source\\PSoC5\\USBFS.h"
 137              		.file 4 ".\\Generated_Source\\PSoC5\\USBFS_pvt.h"
 138              		.section	.debug_info,"",%progbits
 139              	.Ldebug_info0:
 140 0000 B5010000 		.4byte	0x1b5
 141 0004 0200     		.2byte	0x2
 142 0006 00000000 		.4byte	.Ldebug_abbrev0
 143 000a 04       		.byte	0x4
 144 000b 01       		.uleb128 0x1
 145 000c A6010000 		.4byte	.LASF30
 146 0010 01       		.byte	0x1
 147 0011 0E020000 		.4byte	.LASF31
 148 0015 0F010000 		.4byte	.LASF32
 149 0019 00000000 		.4byte	.Ldebug_ranges0+0
 150 001d 00000000 		.4byte	0
 151 0021 00000000 		.4byte	0
 152 0025 00000000 		.4byte	.Ldebug_line0
 153 0029 02       		.uleb128 0x2
 154 002a 01       		.byte	0x1
 155 002b 06       		.byte	0x6
 156 002c 02020000 		.4byte	.LASF0
 157 0030 02       		.uleb128 0x2
 158 0031 01       		.byte	0x1
 159 0032 08       		.byte	0x8
 160 0033 A8000000 		.4byte	.LASF1
 161 0037 02       		.uleb128 0x2
 162 0038 02       		.byte	0x2
 163 0039 05       		.byte	0x5
 164 003a 96010000 		.4byte	.LASF2
 165 003e 02       		.uleb128 0x2
 166 003f 02       		.byte	0x2
 167 0040 07       		.byte	0x7
 168 0041 00000000 		.4byte	.LASF3
 169 0045 02       		.uleb128 0x2
 170 0046 04       		.byte	0x4
 171 0047 05       		.byte	0x5
 172 0048 F9010000 		.4byte	.LASF4
 173 004c 02       		.uleb128 0x2
 174 004d 04       		.byte	0x4
 175 004e 07       		.byte	0x7
 176 004f 78000000 		.4byte	.LASF5
 177 0053 02       		.uleb128 0x2
 178 0054 08       		.byte	0x8
 179 0055 05       		.byte	0x5
 180 0056 78010000 		.4byte	.LASF6
 181 005a 02       		.uleb128 0x2
 182 005b 08       		.byte	0x8
 183 005c 07       		.byte	0x7
 184 005d EE000000 		.4byte	.LASF7
 185 0061 03       		.uleb128 0x3
 186 0062 04       		.byte	0x4
 187 0063 05       		.byte	0x5
 188 0064 696E7400 		.ascii	"int\000"
 189 0068 02       		.uleb128 0x2
ARM GAS  C:\Users\Robert\AppData\Local\Temp\ccPVNfHF.s 			page 6


 190 0069 04       		.byte	0x4
 191 006a 07       		.byte	0x7
 192 006b E1000000 		.4byte	.LASF8
 193 006f 04       		.uleb128 0x4
 194 0070 A0010000 		.4byte	.LASF9
 195 0074 02       		.byte	0x2
 196 0075 5B       		.byte	0x5b
 197 0076 30000000 		.4byte	0x30
 198 007a 04       		.uleb128 0x4
 199 007b CF000000 		.4byte	.LASF10
 200 007f 02       		.byte	0x2
 201 0080 5C       		.byte	0x5c
 202 0081 3E000000 		.4byte	0x3e
 203 0085 02       		.uleb128 0x2
 204 0086 04       		.byte	0x4
 205 0087 04       		.byte	0x4
 206 0088 37000000 		.4byte	.LASF11
 207 008c 02       		.uleb128 0x2
 208 008d 08       		.byte	0x8
 209 008e 04       		.byte	0x4
 210 008f B6000000 		.4byte	.LASF12
 211 0093 02       		.uleb128 0x2
 212 0094 01       		.byte	0x1
 213 0095 08       		.byte	0x8
 214 0096 86010000 		.4byte	.LASF13
 215 009a 04       		.uleb128 0x4
 216 009b 5B000000 		.4byte	.LASF14
 217 009f 02       		.byte	0x2
 218 00a0 F0       		.byte	0xf0
 219 00a1 A5000000 		.4byte	0xa5
 220 00a5 05       		.uleb128 0x5
 221 00a6 6F000000 		.4byte	0x6f
 222 00aa 02       		.uleb128 0x2
 223 00ab 04       		.byte	0x4
 224 00ac 07       		.byte	0x7
 225 00ad 68010000 		.4byte	.LASF15
 226 00b1 06       		.uleb128 0x6
 227 00b2 0C       		.byte	0xc
 228 00b3 03       		.byte	0x3
 229 00b4 79       		.byte	0x79
 230 00b5 38010000 		.4byte	0x138
 231 00b9 07       		.uleb128 0x7
 232 00ba BD000000 		.4byte	.LASF16
 233 00be 03       		.byte	0x3
 234 00bf 7B       		.byte	0x7b
 235 00c0 6F000000 		.4byte	0x6f
 236 00c4 02       		.byte	0x2
 237 00c5 23       		.byte	0x23
 238 00c6 00       		.uleb128 0
 239 00c7 07       		.uleb128 0x7
 240 00c8 D6000000 		.4byte	.LASF17
 241 00cc 03       		.byte	0x3
 242 00cd 7C       		.byte	0x7c
 243 00ce 6F000000 		.4byte	0x6f
 244 00d2 02       		.byte	0x2
 245 00d3 23       		.byte	0x23
 246 00d4 01       		.uleb128 0x1
ARM GAS  C:\Users\Robert\AppData\Local\Temp\ccPVNfHF.s 			page 7


 247 00d5 07       		.uleb128 0x7
 248 00d6 05010000 		.4byte	.LASF18
 249 00da 03       		.byte	0x3
 250 00db 7D       		.byte	0x7d
 251 00dc 6F000000 		.4byte	0x6f
 252 00e0 02       		.byte	0x2
 253 00e1 23       		.byte	0x23
 254 00e2 02       		.uleb128 0x2
 255 00e3 07       		.uleb128 0x7
 256 00e4 3D000000 		.4byte	.LASF19
 257 00e8 03       		.byte	0x3
 258 00e9 7E       		.byte	0x7e
 259 00ea 6F000000 		.4byte	0x6f
 260 00ee 02       		.byte	0x2
 261 00ef 23       		.byte	0x23
 262 00f0 03       		.uleb128 0x3
 263 00f1 07       		.uleb128 0x7
 264 00f2 8A000000 		.4byte	.LASF20
 265 00f6 03       		.byte	0x3
 266 00f7 7F       		.byte	0x7f
 267 00f8 6F000000 		.4byte	0x6f
 268 00fc 02       		.byte	0x2
 269 00fd 23       		.byte	0x23
 270 00fe 04       		.uleb128 0x4
 271 00ff 07       		.uleb128 0x7
 272 0100 71010000 		.4byte	.LASF21
 273 0104 03       		.byte	0x3
 274 0105 80       		.byte	0x80
 275 0106 6F000000 		.4byte	0x6f
 276 010a 02       		.byte	0x2
 277 010b 23       		.byte	0x23
 278 010c 05       		.uleb128 0x5
 279 010d 07       		.uleb128 0x7
 280 010e C4000000 		.4byte	.LASF22
 281 0112 03       		.byte	0x3
 282 0113 81       		.byte	0x81
 283 0114 7A000000 		.4byte	0x7a
 284 0118 02       		.byte	0x2
 285 0119 23       		.byte	0x23
 286 011a 06       		.uleb128 0x6
 287 011b 07       		.uleb128 0x7
 288 011c 8B010000 		.4byte	.LASF23
 289 0120 03       		.byte	0x3
 290 0121 82       		.byte	0x82
 291 0122 7A000000 		.4byte	0x7a
 292 0126 02       		.byte	0x2
 293 0127 23       		.byte	0x23
 294 0128 08       		.uleb128 0x8
 295 0129 07       		.uleb128 0x7
 296 012a EF010000 		.4byte	.LASF24
 297 012e 03       		.byte	0x3
 298 012f 83       		.byte	0x83
 299 0130 6F000000 		.4byte	0x6f
 300 0134 02       		.byte	0x2
 301 0135 23       		.byte	0x23
 302 0136 0A       		.uleb128 0xa
 303 0137 00       		.byte	0
ARM GAS  C:\Users\Robert\AppData\Local\Temp\ccPVNfHF.s 			page 8


 304 0138 04       		.uleb128 0x4
 305 0139 13000000 		.4byte	.LASF25
 306 013d 03       		.byte	0x3
 307 013e 84       		.byte	0x84
 308 013f B1000000 		.4byte	0xb1
 309 0143 08       		.uleb128 0x8
 310 0144 01       		.byte	0x1
 311 0145 60000000 		.4byte	.LASF33
 312 0149 01       		.byte	0x1
 313 014a 30       		.byte	0x30
 314 014b 01       		.byte	0x1
 315 014c 6F000000 		.4byte	0x6f
 316 0150 00000000 		.4byte	.LFB0
 317 0154 A8000000 		.4byte	.LFE0
 318 0158 00000000 		.4byte	.LLST0
 319 015c 01       		.byte	0x1
 320 015d 7E010000 		.4byte	0x17e
 321 0161 09       		.uleb128 0x9
 322 0162 28000000 		.4byte	.LASF26
 323 0166 01       		.byte	0x1
 324 0167 32       		.byte	0x32
 325 0168 6F000000 		.4byte	0x6f
 326 016c 02       		.byte	0x2
 327 016d 91       		.byte	0x91
 328 016e 77       		.sleb128 -9
 329 016f 09       		.uleb128 0x9
 330 0170 8F000000 		.4byte	.LASF27
 331 0174 01       		.byte	0x1
 332 0175 33       		.byte	0x33
 333 0176 6F000000 		.4byte	0x6f
 334 017a 02       		.byte	0x2
 335 017b 91       		.byte	0x91
 336 017c 76       		.sleb128 -10
 337 017d 00       		.byte	0
 338 017e 0A       		.uleb128 0xa
 339 017f 46000000 		.4byte	.LASF28
 340 0183 04       		.byte	0x4
 341 0184 3D       		.byte	0x3d
 342 0185 8B010000 		.4byte	0x18b
 343 0189 01       		.byte	0x1
 344 018a 01       		.byte	0x1
 345 018b 0B       		.uleb128 0xb
 346 018c 04       		.byte	0x4
 347 018d 91010000 		.4byte	0x191
 348 0191 0C       		.uleb128 0xc
 349 0192 6F000000 		.4byte	0x6f
 350 0196 0D       		.uleb128 0xd
 351 0197 38010000 		.4byte	0x138
 352 019b A6010000 		.4byte	0x1a6
 353 019f 0E       		.uleb128 0xe
 354 01a0 AA000000 		.4byte	0xaa
 355 01a4 08       		.byte	0x8
 356 01a5 00       		.byte	0
 357 01a6 0A       		.uleb128 0xa
 358 01a7 9F000000 		.4byte	.LASF29
 359 01ab 04       		.byte	0x4
 360 01ac 3F       		.byte	0x3f
ARM GAS  C:\Users\Robert\AppData\Local\Temp\ccPVNfHF.s 			page 9


 361 01ad B3010000 		.4byte	0x1b3
 362 01b1 01       		.byte	0x1
 363 01b2 01       		.byte	0x1
 364 01b3 05       		.uleb128 0x5
 365 01b4 96010000 		.4byte	0x196
 366 01b8 00       		.byte	0
 367              		.section	.debug_abbrev,"",%progbits
 368              	.Ldebug_abbrev0:
 369 0000 01       		.uleb128 0x1
 370 0001 11       		.uleb128 0x11
 371 0002 01       		.byte	0x1
 372 0003 25       		.uleb128 0x25
 373 0004 0E       		.uleb128 0xe
 374 0005 13       		.uleb128 0x13
 375 0006 0B       		.uleb128 0xb
 376 0007 03       		.uleb128 0x3
 377 0008 0E       		.uleb128 0xe
 378 0009 1B       		.uleb128 0x1b
 379 000a 0E       		.uleb128 0xe
 380 000b 55       		.uleb128 0x55
 381 000c 06       		.uleb128 0x6
 382 000d 11       		.uleb128 0x11
 383 000e 01       		.uleb128 0x1
 384 000f 52       		.uleb128 0x52
 385 0010 01       		.uleb128 0x1
 386 0011 10       		.uleb128 0x10
 387 0012 06       		.uleb128 0x6
 388 0013 00       		.byte	0
 389 0014 00       		.byte	0
 390 0015 02       		.uleb128 0x2
 391 0016 24       		.uleb128 0x24
 392 0017 00       		.byte	0
 393 0018 0B       		.uleb128 0xb
 394 0019 0B       		.uleb128 0xb
 395 001a 3E       		.uleb128 0x3e
 396 001b 0B       		.uleb128 0xb
 397 001c 03       		.uleb128 0x3
 398 001d 0E       		.uleb128 0xe
 399 001e 00       		.byte	0
 400 001f 00       		.byte	0
 401 0020 03       		.uleb128 0x3
 402 0021 24       		.uleb128 0x24
 403 0022 00       		.byte	0
 404 0023 0B       		.uleb128 0xb
 405 0024 0B       		.uleb128 0xb
 406 0025 3E       		.uleb128 0x3e
 407 0026 0B       		.uleb128 0xb
 408 0027 03       		.uleb128 0x3
 409 0028 08       		.uleb128 0x8
 410 0029 00       		.byte	0
 411 002a 00       		.byte	0
 412 002b 04       		.uleb128 0x4
 413 002c 16       		.uleb128 0x16
 414 002d 00       		.byte	0
 415 002e 03       		.uleb128 0x3
 416 002f 0E       		.uleb128 0xe
 417 0030 3A       		.uleb128 0x3a
ARM GAS  C:\Users\Robert\AppData\Local\Temp\ccPVNfHF.s 			page 10


 418 0031 0B       		.uleb128 0xb
 419 0032 3B       		.uleb128 0x3b
 420 0033 0B       		.uleb128 0xb
 421 0034 49       		.uleb128 0x49
 422 0035 13       		.uleb128 0x13
 423 0036 00       		.byte	0
 424 0037 00       		.byte	0
 425 0038 05       		.uleb128 0x5
 426 0039 35       		.uleb128 0x35
 427 003a 00       		.byte	0
 428 003b 49       		.uleb128 0x49
 429 003c 13       		.uleb128 0x13
 430 003d 00       		.byte	0
 431 003e 00       		.byte	0
 432 003f 06       		.uleb128 0x6
 433 0040 13       		.uleb128 0x13
 434 0041 01       		.byte	0x1
 435 0042 0B       		.uleb128 0xb
 436 0043 0B       		.uleb128 0xb
 437 0044 3A       		.uleb128 0x3a
 438 0045 0B       		.uleb128 0xb
 439 0046 3B       		.uleb128 0x3b
 440 0047 0B       		.uleb128 0xb
 441 0048 01       		.uleb128 0x1
 442 0049 13       		.uleb128 0x13
 443 004a 00       		.byte	0
 444 004b 00       		.byte	0
 445 004c 07       		.uleb128 0x7
 446 004d 0D       		.uleb128 0xd
 447 004e 00       		.byte	0
 448 004f 03       		.uleb128 0x3
 449 0050 0E       		.uleb128 0xe
 450 0051 3A       		.uleb128 0x3a
 451 0052 0B       		.uleb128 0xb
 452 0053 3B       		.uleb128 0x3b
 453 0054 0B       		.uleb128 0xb
 454 0055 49       		.uleb128 0x49
 455 0056 13       		.uleb128 0x13
 456 0057 38       		.uleb128 0x38
 457 0058 0A       		.uleb128 0xa
 458 0059 00       		.byte	0
 459 005a 00       		.byte	0
 460 005b 08       		.uleb128 0x8
 461 005c 2E       		.uleb128 0x2e
 462 005d 01       		.byte	0x1
 463 005e 3F       		.uleb128 0x3f
 464 005f 0C       		.uleb128 0xc
 465 0060 03       		.uleb128 0x3
 466 0061 0E       		.uleb128 0xe
 467 0062 3A       		.uleb128 0x3a
 468 0063 0B       		.uleb128 0xb
 469 0064 3B       		.uleb128 0x3b
 470 0065 0B       		.uleb128 0xb
 471 0066 27       		.uleb128 0x27
 472 0067 0C       		.uleb128 0xc
 473 0068 49       		.uleb128 0x49
 474 0069 13       		.uleb128 0x13
ARM GAS  C:\Users\Robert\AppData\Local\Temp\ccPVNfHF.s 			page 11


 475 006a 11       		.uleb128 0x11
 476 006b 01       		.uleb128 0x1
 477 006c 12       		.uleb128 0x12
 478 006d 01       		.uleb128 0x1
 479 006e 40       		.uleb128 0x40
 480 006f 06       		.uleb128 0x6
 481 0070 9642     		.uleb128 0x2116
 482 0072 0C       		.uleb128 0xc
 483 0073 01       		.uleb128 0x1
 484 0074 13       		.uleb128 0x13
 485 0075 00       		.byte	0
 486 0076 00       		.byte	0
 487 0077 09       		.uleb128 0x9
 488 0078 34       		.uleb128 0x34
 489 0079 00       		.byte	0
 490 007a 03       		.uleb128 0x3
 491 007b 0E       		.uleb128 0xe
 492 007c 3A       		.uleb128 0x3a
 493 007d 0B       		.uleb128 0xb
 494 007e 3B       		.uleb128 0x3b
 495 007f 0B       		.uleb128 0xb
 496 0080 49       		.uleb128 0x49
 497 0081 13       		.uleb128 0x13
 498 0082 02       		.uleb128 0x2
 499 0083 0A       		.uleb128 0xa
 500 0084 00       		.byte	0
 501 0085 00       		.byte	0
 502 0086 0A       		.uleb128 0xa
 503 0087 34       		.uleb128 0x34
 504 0088 00       		.byte	0
 505 0089 03       		.uleb128 0x3
 506 008a 0E       		.uleb128 0xe
 507 008b 3A       		.uleb128 0x3a
 508 008c 0B       		.uleb128 0xb
 509 008d 3B       		.uleb128 0x3b
 510 008e 0B       		.uleb128 0xb
 511 008f 49       		.uleb128 0x49
 512 0090 13       		.uleb128 0x13
 513 0091 3F       		.uleb128 0x3f
 514 0092 0C       		.uleb128 0xc
 515 0093 3C       		.uleb128 0x3c
 516 0094 0C       		.uleb128 0xc
 517 0095 00       		.byte	0
 518 0096 00       		.byte	0
 519 0097 0B       		.uleb128 0xb
 520 0098 0F       		.uleb128 0xf
 521 0099 00       		.byte	0
 522 009a 0B       		.uleb128 0xb
 523 009b 0B       		.uleb128 0xb
 524 009c 49       		.uleb128 0x49
 525 009d 13       		.uleb128 0x13
 526 009e 00       		.byte	0
 527 009f 00       		.byte	0
 528 00a0 0C       		.uleb128 0xc
 529 00a1 26       		.uleb128 0x26
 530 00a2 00       		.byte	0
 531 00a3 49       		.uleb128 0x49
ARM GAS  C:\Users\Robert\AppData\Local\Temp\ccPVNfHF.s 			page 12


 532 00a4 13       		.uleb128 0x13
 533 00a5 00       		.byte	0
 534 00a6 00       		.byte	0
 535 00a7 0D       		.uleb128 0xd
 536 00a8 01       		.uleb128 0x1
 537 00a9 01       		.byte	0x1
 538 00aa 49       		.uleb128 0x49
 539 00ab 13       		.uleb128 0x13
 540 00ac 01       		.uleb128 0x1
 541 00ad 13       		.uleb128 0x13
 542 00ae 00       		.byte	0
 543 00af 00       		.byte	0
 544 00b0 0E       		.uleb128 0xe
 545 00b1 21       		.uleb128 0x21
 546 00b2 00       		.byte	0
 547 00b3 49       		.uleb128 0x49
 548 00b4 13       		.uleb128 0x13
 549 00b5 2F       		.uleb128 0x2f
 550 00b6 0B       		.uleb128 0xb
 551 00b7 00       		.byte	0
 552 00b8 00       		.byte	0
 553 00b9 00       		.byte	0
 554              		.section	.debug_loc,"",%progbits
 555              	.Ldebug_loc0:
 556              	.LLST0:
 557 0000 00000000 		.4byte	.LFB0
 558 0004 02000000 		.4byte	.LCFI0
 559 0008 0200     		.2byte	0x2
 560 000a 7D       		.byte	0x7d
 561 000b 00       		.sleb128 0
 562 000c 02000000 		.4byte	.LCFI0
 563 0010 04000000 		.4byte	.LCFI1
 564 0014 0200     		.2byte	0x2
 565 0016 7D       		.byte	0x7d
 566 0017 08       		.sleb128 8
 567 0018 04000000 		.4byte	.LCFI1
 568 001c 06000000 		.4byte	.LCFI2
 569 0020 0200     		.2byte	0x2
 570 0022 7D       		.byte	0x7d
 571 0023 10       		.sleb128 16
 572 0024 06000000 		.4byte	.LCFI2
 573 0028 A8000000 		.4byte	.LFE0
 574 002c 0200     		.2byte	0x2
 575 002e 77       		.byte	0x77
 576 002f 10       		.sleb128 16
 577 0030 00000000 		.4byte	0
 578 0034 00000000 		.4byte	0
 579              		.section	.debug_aranges,"",%progbits
 580 0000 1C000000 		.4byte	0x1c
 581 0004 0200     		.2byte	0x2
 582 0006 00000000 		.4byte	.Ldebug_info0
 583 000a 04       		.byte	0x4
 584 000b 00       		.byte	0
 585 000c 0000     		.2byte	0
 586 000e 0000     		.2byte	0
 587 0010 00000000 		.4byte	.LFB0
 588 0014 A8000000 		.4byte	.LFE0-.LFB0
ARM GAS  C:\Users\Robert\AppData\Local\Temp\ccPVNfHF.s 			page 13


 589 0018 00000000 		.4byte	0
 590 001c 00000000 		.4byte	0
 591              		.section	.debug_ranges,"",%progbits
 592              	.Ldebug_ranges0:
 593 0000 00000000 		.4byte	.LFB0
 594 0004 A8000000 		.4byte	.LFE0
 595 0008 00000000 		.4byte	0
 596 000c 00000000 		.4byte	0
 597              		.section	.debug_line,"",%progbits
 598              	.Ldebug_line0:
 599 0000 8C000000 		.section	.debug_str,"MS",%progbits,1
 599      02006200 
 599      00000201 
 599      FB0E0D00 
 599      01010101 
 600              	.LASF3:
 601 0000 73686F72 		.ascii	"short unsigned int\000"
 601      7420756E 
 601      7369676E 
 601      65642069 
 601      6E7400
 602              	.LASF25:
 603 0013 545F5553 		.ascii	"T_USBFS_EP_CTL_BLOCK\000"
 603      4246535F 
 603      45505F43 
 603      544C5F42 
 603      4C4F434B 
 604              	.LASF26:
 605 0028 72657175 		.ascii	"requestHandled\000"
 605      65737448 
 605      616E646C 
 605      656400
 606              	.LASF11:
 607 0037 666C6F61 		.ascii	"float\000"
 607      7400
 608              	.LASF19:
 609 003d 6570546F 		.ascii	"epToggle\000"
 609      67676C65 
 609      00
 610              	.LASF28:
 611 0046 55534246 		.ascii	"USBFS_interfaceClass\000"
 611      535F696E 
 611      74657266 
 611      61636543 
 611      6C617373 
 612              	.LASF14:
 613 005b 72656738 		.ascii	"reg8\000"
 613      00
 614              	.LASF33:
 615 0060 55534246 		.ascii	"USBFS_DispatchClassRqst\000"
 615      535F4469 
 615      73706174 
 615      6368436C 
 615      61737352 
 616              	.LASF5:
 617 0078 6C6F6E67 		.ascii	"long unsigned int\000"
 617      20756E73 
ARM GAS  C:\Users\Robert\AppData\Local\Temp\ccPVNfHF.s 			page 14


 617      69676E65 
 617      6420696E 
 617      7400
 618              	.LASF20:
 619 008a 61646472 		.ascii	"addr\000"
 619      00
 620              	.LASF27:
 621 008f 696E7465 		.ascii	"interfaceNumber\000"
 621      72666163 
 621      654E756D 
 621      62657200 
 622              	.LASF29:
 623 009f 55534246 		.ascii	"USBFS_EP\000"
 623      535F4550 
 623      00
 624              	.LASF1:
 625 00a8 756E7369 		.ascii	"unsigned char\000"
 625      676E6564 
 625      20636861 
 625      7200
 626              	.LASF12:
 627 00b6 646F7562 		.ascii	"double\000"
 627      6C6500
 628              	.LASF16:
 629 00bd 61747472 		.ascii	"attrib\000"
 629      696200
 630              	.LASF22:
 631 00c4 62756666 		.ascii	"buffOffset\000"
 631      4F666673 
 631      657400
 632              	.LASF10:
 633 00cf 75696E74 		.ascii	"uint16\000"
 633      313600
 634              	.LASF17:
 635 00d6 61706945 		.ascii	"apiEpState\000"
 635      70537461 
 635      746500
 636              	.LASF8:
 637 00e1 756E7369 		.ascii	"unsigned int\000"
 637      676E6564 
 637      20696E74 
 637      00
 638              	.LASF7:
 639 00ee 6C6F6E67 		.ascii	"long long unsigned int\000"
 639      206C6F6E 
 639      6720756E 
 639      7369676E 
 639      65642069 
 640              	.LASF18:
 641 0105 68774570 		.ascii	"hwEpState\000"
 641      53746174 
 641      6500
 642              	.LASF32:
 643 010f 433A5C55 		.ascii	"C:\\Users\\Robert\\workspace\\Embedit_git_projects\\"
 643      73657273 
 643      5C526F62 
 643      6572745C 
ARM GAS  C:\Users\Robert\AppData\Local\Temp\ccPVNfHF.s 			page 15


 643      776F726B 
 644 013e 426F6F74 		.ascii	"Bootloader_RPiSoC\\Bootloader_RPiSoC.cydsn\000"
 644      6C6F6164 
 644      65725F52 
 644      5069536F 
 644      435C426F 
 645              	.LASF15:
 646 0168 73697A65 		.ascii	"sizetype\000"
 646      74797065 
 646      00
 647              	.LASF21:
 648 0171 65704D6F 		.ascii	"epMode\000"
 648      646500
 649              	.LASF6:
 650 0178 6C6F6E67 		.ascii	"long long int\000"
 650      206C6F6E 
 650      6720696E 
 650      7400
 651              	.LASF13:
 652 0186 63686172 		.ascii	"char\000"
 652      00
 653              	.LASF23:
 654 018b 62756666 		.ascii	"bufferSize\000"
 654      65725369 
 654      7A6500
 655              	.LASF2:
 656 0196 73686F72 		.ascii	"short int\000"
 656      7420696E 
 656      7400
 657              	.LASF9:
 658 01a0 75696E74 		.ascii	"uint8\000"
 658      3800
 659              	.LASF30:
 660 01a6 474E5520 		.ascii	"GNU C 4.7.3 20130312 (release) [ARM/embedded-4_7-br"
 660      4320342E 
 660      372E3320 
 660      32303133 
 660      30333132 
 661 01d9 616E6368 		.ascii	"anch revision 196615]\000"
 661      20726576 
 661      6973696F 
 661      6E203139 
 661      36363135 
 662              	.LASF24:
 663 01ef 696E7465 		.ascii	"interface\000"
 663      72666163 
 663      6500
 664              	.LASF4:
 665 01f9 6C6F6E67 		.ascii	"long int\000"
 665      20696E74 
 665      00
 666              	.LASF0:
 667 0202 7369676E 		.ascii	"signed char\000"
 667      65642063 
 667      68617200 
 668              	.LASF31:
 669 020e 2E5C4765 		.ascii	".\\Generated_Source\\PSoC5\\USBFS_cls.c\000"
ARM GAS  C:\Users\Robert\AppData\Local\Temp\ccPVNfHF.s 			page 16


 669      6E657261 
 669      7465645F 
 669      536F7572 
 669      63655C50 
 670              		.ident	"GCC: (GNU Tools for ARM Embedded Processors) 4.7.3 20130312 (release) [ARM/embedded-4_7-br
